Machine 0 has clock cycle 4
----------------------- Machine 0 is starting its 1th run of 60 seconds -----------------------
INTERNAL EVENT - GLOBAL TIME: 1677987997.3179128 - LOGICAL CLOCK TIME: 1
INTERNAL EVENT - GLOBAL TIME: 1677987997.3191803 - LOGICAL CLOCK TIME: 2
INTERNAL EVENT - GLOBAL TIME: 1677987997.3191803 - LOGICAL CLOCK TIME: 3
INTERNAL EVENT - GLOBAL TIME: 1677987997.3191803 - LOGICAL CLOCK TIME: 4
----------------------- Machine 0 is starting its 2th run of 60 seconds -----------------------
INTERNAL EVENT - GLOBAL TIME: 1677987997.3201861 - LOGICAL CLOCK TIME: 5
INTERNAL EVENT - GLOBAL TIME: 1677987997.3201861 - LOGICAL CLOCK TIME: 6
----------------------- Machine 0 is starting its 3th run of 60 seconds -----------------------
----------------------- Machine 0 is starting its 4th run of 60 seconds -----------------------
SENT: Machine 0 has logical clock time 7 TO MACHINE #1 - GLOBAL TIME: 1677987997.3247957 - LOGICAL CLOCK TIME: 8
INTERNAL EVENT - GLOBAL TIME: 1677987997.3247957 - LOGICAL CLOCK TIME: 9
SENT: Machine 0 has logical clock time 8 TO MACHINE #2 - GLOBAL TIME: 1677987997.3258042 - LOGICAL CLOCK TIME: 9
SENT: Machine 0 has logical clock time 7 TO MACHINE #2 - GLOBAL TIME: 1677987997.3258042 - LOGICAL CLOCK TIME: 9
----------------------- Machine 0 is starting its 5th run of 60 seconds -----------------------
SENT: Machine 0 has logical clock time 10 TO MACHINE #1 - GLOBAL TIME: 1677987997.331182 - LOGICAL CLOCK TIME: 12
INTERNAL EVENT - GLOBAL TIME: 1677987997.3331816 - LOGICAL CLOCK TIME: 14
INTERNAL EVENT - GLOBAL TIME: 1677987997.3331816 - LOGICAL CLOCK TIME: 15
SENT: Machine 0 has logical clock time 11 TO MACHINE #1 - GLOBAL TIME: 1677987997.3331816 - LOGICAL CLOCK TIME: 15
SENT: Machine 0 has logical clock time 11 TO MACHINE #2 - GLOBAL TIME: 1677987997.3341818 - LOGICAL CLOCK TIME: 15
INTERNAL EVENT - GLOBAL TIME: 1677987997.3341818 - LOGICAL CLOCK TIME: 16
INTERNAL EVENT - GLOBAL TIME: 1677987997.3341818 - LOGICAL CLOCK TIME: 17
SENT: Machine 0 has logical clock time 13 TO MACHINE #2 - GLOBAL TIME: 1677987997.335385 - LOGICAL CLOCK TIME: 17
INTERNAL EVENT - GLOBAL TIME: 1677987997.336395 - LOGICAL CLOCK TIME: 18
INTERNAL EVENT - GLOBAL TIME: 1677987997.336395 - LOGICAL CLOCK TIME: 19
INTERNAL EVENT - GLOBAL TIME: 1677987997.336395 - LOGICAL CLOCK TIME: 20
SENT: Machine 0 has logical clock time 12 TO MACHINE #1 - GLOBAL TIME: 1677987997.3374884 - LOGICAL CLOCK TIME: 20
SENT: Machine 0 has logical clock time 12 TO MACHINE #2 - GLOBAL TIME: 1677987997.339818 - LOGICAL CLOCK TIME: 20
RECEIVED: Machine 1 has logical clock time 2 - GLOBAL TIME: 1677987998.3341458 - LOGICAL CLOCK TIME: 21 - MESSAGE QUEUE LEN: 5
RECEIVED: Machine 2 has logical clock time 6 - GLOBAL TIME: 1677987998.3341458 - LOGICAL CLOCK TIME: 22 - MESSAGE QUEUE LEN: 4
RECEIVED: Machine 1 has logical clock time 5 - GLOBAL TIME: 1677987998.3341458 - LOGICAL CLOCK TIME: 23 - MESSAGE QUEUE LEN: 3
RECEIVED: Machine 2 has logical clock time 10 - GLOBAL TIME: 1677987998.3341458 - LOGICAL CLOCK TIME: 24 - MESSAGE QUEUE LEN: 2
RECEIVED: Machine 2 has logical clock time 11 - GLOBAL TIME: 1677987998.3351457 - LOGICAL CLOCK TIME: 25 - MESSAGE QUEUE LEN: 1
RECEIVED: Machine 2 has logical clock time 13 - GLOBAL TIME: 1677987998.3351457 - LOGICAL CLOCK TIME: 26 - MESSAGE QUEUE LEN: 0
INTERNAL EVENT - GLOBAL TIME: 1677987998.3361454 - LOGICAL CLOCK TIME: 27
INTERNAL EVENT - GLOBAL TIME: 1677987998.338156 - LOGICAL CLOCK TIME: 29
SENT: Machine 0 has logical clock time 28 TO MACHINE #1 - GLOBAL TIME: 1677987998.340166 - LOGICAL CLOCK TIME: 30
INTERNAL EVENT - GLOBAL TIME: 1677987998.3414392 - LOGICAL CLOCK TIME: 32
RECEIVED: Machine 2 has logical clock time 27 - GLOBAL TIME: 1677987998.3424466 - LOGICAL CLOCK TIME: 34 - MESSAGE QUEUE LEN: 0
SENT: Machine 0 has logical clock time 31 TO MACHINE #2 - GLOBAL TIME: 1677987998.3424466 - LOGICAL CLOCK TIME: 34
SENT: Machine 0 has logical clock time 30 TO MACHINE #1 - GLOBAL TIME: 1677987998.3434453 - LOGICAL CLOCK TIME: 34
INTERNAL EVENT - GLOBAL TIME: 1677987998.3434453 - LOGICAL CLOCK TIME: 35
SENT: Machine 0 has logical clock time 33 TO MACHINE #1 - GLOBAL TIME: 1677987998.3434453 - LOGICAL CLOCK TIME: 35
INTERNAL EVENT - GLOBAL TIME: 1677987998.344447 - LOGICAL CLOCK TIME: 36
INTERNAL EVENT - GLOBAL TIME: 1677987998.344447 - LOGICAL CLOCK TIME: 37
SENT: Machine 0 has logical clock time 30 TO MACHINE #2 - GLOBAL TIME: 1677987998.3454456 - LOGICAL CLOCK TIME: 37
INTERNAL EVENT - GLOBAL TIME: 1677987998.347445 - LOGICAL CLOCK TIME: 38
RECEIVED: Machine 2 has logical clock time 28 - GLOBAL TIME: 1677987998.3484457 - LOGICAL CLOCK TIME: 39 - MESSAGE QUEUE LEN: 0
SENT: Machine 0 has logical clock time 40 TO MACHINE #1 - GLOBAL TIME: 1677987998.352447 - LOGICAL CLOCK TIME: 40
RECEIVED: Machine 1 has logical clock time 24 - GLOBAL TIME: 1677987999.3498523 - LOGICAL CLOCK TIME: 41 - MESSAGE QUEUE LEN: 3
RECEIVED: Machine 2 has logical clock time 29 - GLOBAL TIME: 1677987999.3498523 - LOGICAL CLOCK TIME: 42 - MESSAGE QUEUE LEN: 2
RECEIVED: Machine 2 has logical clock time 33 - GLOBAL TIME: 1677987999.3498523 - LOGICAL CLOCK TIME: 43 - MESSAGE QUEUE LEN: 1
RECEIVED: Machine 1 has logical clock time 30 - GLOBAL TIME: 1677987999.3508556 - LOGICAL CLOCK TIME: 44 - MESSAGE QUEUE LEN: 0
INTERNAL EVENT - GLOBAL TIME: 1677987999.3508556 - LOGICAL CLOCK TIME: 45
INTERNAL EVENT - GLOBAL TIME: 1677987999.352857 - LOGICAL CLOCK TIME: 47
INTERNAL EVENT - GLOBAL TIME: 1677987999.352857 - LOGICAL CLOCK TIME: 48
RECEIVED: Machine 2 has logical clock time 42 - GLOBAL TIME: 1677987999.352857 - LOGICAL CLOCK TIME: 49 - MESSAGE QUEUE LEN: 0
SENT: Machine 0 has logical clock time 46 TO MACHINE #1 - GLOBAL TIME: 1677987999.3542645 - LOGICAL CLOCK TIME: 49
INTERNAL EVENT - GLOBAL TIME: 1677987999.3553858 - LOGICAL CLOCK TIME: 50
INTERNAL EVENT - GLOBAL TIME: 1677987999.3565376 - LOGICAL CLOCK TIME: 51
INTERNAL EVENT - GLOBAL TIME: 1677987999.3588023 - LOGICAL CLOCK TIME: 53
RECEIVED: Machine 2 has logical clock time 45 - GLOBAL TIME: 1677987999.3601558 - LOGICAL CLOCK TIME: 54 - MESSAGE QUEUE LEN: 0
INTERNAL EVENT - GLOBAL TIME: 1677987999.3639395 - LOGICAL CLOCK TIME: 55
SENT: Machine 0 has logical clock time 52 TO MACHINE #1 - GLOBAL TIME: 1677987999.3662093 - LOGICAL CLOCK TIME: 55
INTERNAL EVENT - GLOBAL TIME: 1677987999.3672168 - LOGICAL CLOCK TIME: 56
RECEIVED: Machine 2 has logical clock time 48 - GLOBAL TIME: 1677987999.3697014 - LOGICAL CLOCK TIME: 58 - MESSAGE QUEUE LEN: 0
SENT: Machine 0 has logical clock time 57 TO MACHINE #2 - GLOBAL TIME: 1677987999.3697014 - LOGICAL CLOCK TIME: 58
SENT: Machine 0 has logical clock time 52 TO MACHINE #2 - GLOBAL TIME: 1677987999.3721268 - LOGICAL CLOCK TIME: 59
SENT: Machine 0 has logical clock time 59 TO MACHINE #2 - GLOBAL TIME: 1677987999.3733919 - LOGICAL CLOCK TIME: 59
RECEIVED: Machine 1 has logical clock time 37 - GLOBAL TIME: 1677987999.3778048 - LOGICAL CLOCK TIME: 60 - MESSAGE QUEUE LEN: 0
RECEIVED: Machine 2 has logical clock time 58 - GLOBAL TIME: 1677988000.3561013 - LOGICAL CLOCK TIME: 61 - MESSAGE QUEUE LEN: 0
INTERNAL EVENT - GLOBAL TIME: 1677988000.3571017 - LOGICAL CLOCK TIME: 64
INTERNAL EVENT - GLOBAL TIME: 1677988000.3571017 - LOGICAL CLOCK TIME: 65
INTERNAL EVENT - GLOBAL TIME: 1677988000.3571017 - LOGICAL CLOCK TIME: 66
INTERNAL EVENT - GLOBAL TIME: 1677988000.3581023 - LOGICAL CLOCK TIME: 67
SENT: Machine 0 has logical clock time 63 TO MACHINE #2 - GLOBAL TIME: 1677988000.3591018 - LOGICAL CLOCK TIME: 69
INTERNAL EVENT - GLOBAL TIME: 1677988000.3601017 - LOGICAL CLOCK TIME: 70
INTERNAL EVENT - GLOBAL TIME: 1677988000.3601017 - LOGICAL CLOCK TIME: 71
SENT: Machine 0 has logical clock time 62 TO MACHINE #1 - GLOBAL TIME: 1677988000.3611023 - LOGICAL CLOCK TIME: 72
SENT: Machine 0 has logical clock time 68 TO MACHINE #1 - GLOBAL TIME: 1677988000.3621027 - LOGICAL CLOCK TIME: 73
SENT: Machine 0 has logical clock time 73 TO MACHINE #1 - GLOBAL TIME: 1677988000.3641064 - LOGICAL CLOCK TIME: 74
INTERNAL EVENT - GLOBAL TIME: 1677988000.3641064 - LOGICAL CLOCK TIME: 75
INTERNAL EVENT - GLOBAL TIME: 1677988000.3661044 - LOGICAL CLOCK TIME: 76
SENT: Machine 0 has logical clock time 74 TO MACHINE #1 - GLOBAL TIME: 1677988000.3661044 - LOGICAL CLOCK TIME: 76
INTERNAL EVENT - GLOBAL TIME: 1677988000.3671043 - LOGICAL CLOCK TIME: 77
SENT: Machine 0 has logical clock time 72 TO MACHINE #1 - GLOBAL TIME: 1677988000.3681018 - LOGICAL CLOCK TIME: 78
SENT: Machine 0 has logical clock time 72 TO MACHINE #2 - GLOBAL TIME: 1677988000.3691018 - LOGICAL CLOCK TIME: 78
SENT: Machine 0 has logical clock time 78 TO MACHINE #2 - GLOBAL TIME: 1677988000.3701007 - LOGICAL CLOCK TIME: 78
SENT: Machine 0 has logical clock time 69 TO MACHINE #1 - GLOBAL TIME: 1677988000.3701007 - LOGICAL CLOCK TIME: 78
SENT: Machine 0 has logical clock time 69 TO MACHINE #2 - GLOBAL TIME: 1677988000.371101 - LOGICAL CLOCK TIME: 78
RECEIVED: Machine 2 has logical clock time 65 - GLOBAL TIME: 1677988000.371101 - LOGICAL CLOCK TIME: 79 - MESSAGE QUEUE LEN: 0
INTERNAL EVENT - GLOBAL TIME: 1677988000.371101 - LOGICAL CLOCK TIME: 80
RECEIVED: Machine 2 has logical clock time 68 - GLOBAL TIME: 1677988001.3657806 - LOGICAL CLOCK TIME: 81 - MESSAGE QUEUE LEN: 5
RECEIVED: Machine 1 has logical clock time 50 - GLOBAL TIME: 1677988001.3657806 - LOGICAL CLOCK TIME: 82 - MESSAGE QUEUE LEN: 4
RECEIVED: Machine 2 has logical clock time 66 - GLOBAL TIME: 1677988001.3657806 - LOGICAL CLOCK TIME: 83 - MESSAGE QUEUE LEN: 3
RECEIVED: Machine 2 has logical clock time 69 - GLOBAL TIME: 1677988001.3657806 - LOGICAL CLOCK TIME: 84 - MESSAGE QUEUE LEN: 2
RECEIVED: Machine 1 has logical clock time 57 - GLOBAL TIME: 1677988001.3657806 - LOGICAL CLOCK TIME: 85 - MESSAGE QUEUE LEN: 1
RECEIVED: Machine 1 has logical clock time 59 - GLOBAL TIME: 1677988001.366779 - LOGICAL CLOCK TIME: 86 - MESSAGE QUEUE LEN: 0
INTERNAL EVENT - GLOBAL TIME: 1677988001.3677785 - LOGICAL CLOCK TIME: 87
INTERNAL EVENT - GLOBAL TIME: 1677988001.3707776 - LOGICAL CLOCK TIME: 89
INTERNAL EVENT - GLOBAL TIME: 1677988001.371779 - LOGICAL CLOCK TIME: 90
INTERNAL EVENT - GLOBAL TIME: 1677988001.3727808 - LOGICAL CLOCK TIME: 91
SENT: Machine 0 has logical clock time 88 TO MACHINE #1 - GLOBAL TIME: 1677988001.3727808 - LOGICAL CLOCK TIME: 91
INTERNAL EVENT - GLOBAL TIME: 1677988001.3747811 - LOGICAL CLOCK TIME: 92
INTERNAL EVENT - GLOBAL TIME: 1677988001.3769975 - LOGICAL CLOCK TIME: 93
RECEIVED: Machine 2 has logical clock time 89 - GLOBAL TIME: 1677988001.3790016 - LOGICAL CLOCK TIME: 94 - MESSAGE QUEUE LEN: 0
INTERNAL EVENT - GLOBAL TIME: 1677988001.3809984 - LOGICAL CLOCK TIME: 95
SENT: Machine 0 has logical clock time 88 TO MACHINE #2 - GLOBAL TIME: 1677988001.3829966 - LOGICAL CLOCK TIME: 95
INTERNAL EVENT - GLOBAL TIME: 1677988001.3849971 - LOGICAL CLOCK TIME: 97
RECEIVED: Machine 2 has logical clock time 93 - GLOBAL TIME: 1677988001.3869963 - LOGICAL CLOCK TIME: 98 - MESSAGE QUEUE LEN: 0
INTERNAL EVENT - GLOBAL TIME: 1677988001.3891318 - LOGICAL CLOCK TIME: 99
SENT: Machine 0 has logical clock time 96 TO MACHINE #1 - GLOBAL TIME: 1677988001.3923075 - LOGICAL CLOCK TIME: 99
INTERNAL EVENT - GLOBAL TIME: 1677988001.3923075 - LOGICAL CLOCK TIME: 100
SENT: Machine 0 has logical clock time 96 TO MACHINE #2 - GLOBAL TIME: 1677988001.3943079 - LOGICAL CLOCK TIME: 100
RECEIVED: Machine 1 has logical clock time 70 - GLOBAL TIME: 1677988002.3730135 - LOGICAL CLOCK TIME: 101 - MESSAGE QUEUE LEN: 1
RECEIVED: Machine 1 has logical clock time 73 - GLOBAL TIME: 1677988002.3730135 - LOGICAL CLOCK TIME: 102 - MESSAGE QUEUE LEN: 0
INTERNAL EVENT - GLOBAL TIME: 1677988002.3741293 - LOGICAL CLOCK TIME: 103
INTERNAL EVENT - GLOBAL TIME: 1677988002.3741293 - LOGICAL CLOCK TIME: 104
INTERNAL EVENT - GLOBAL TIME: 1677988002.3751357 - LOGICAL CLOCK TIME: 105
RECEIVED: Machine 2 has logical clock time 101 - GLOBAL TIME: 1677988002.3781347 - LOGICAL CLOCK TIME: 107 - MESSAGE QUEUE LEN: 0
RECEIVED: Machine 2 has logical clock time 102 - GLOBAL TIME: 1677988002.3791351 - LOGICAL CLOCK TIME: 108 - MESSAGE QUEUE LEN: 0
INTERNAL EVENT - GLOBAL TIME: 1677988002.3811357 - LOGICAL CLOCK TIME: 109
SENT: Machine 0 has logical clock time 106 TO MACHINE #1 - GLOBAL TIME: 1677988002.3841357 - LOGICAL CLOCK TIME: 110
INTERNAL EVENT - GLOBAL TIME: 1677988002.3851342 - LOGICAL CLOCK TIME: 111
SENT: Machine 0 has logical clock time 110 TO MACHINE #1 - GLOBAL TIME: 1677988002.3871343 - LOGICAL CLOCK TIME: 112
INTERNAL EVENT - GLOBAL TIME: 1677988002.3904974 - LOGICAL CLOCK TIME: 113
SENT: Machine 0 has logical clock time 106 TO MACHINE #2 - GLOBAL TIME: 1677988002.3915079 - LOGICAL CLOCK TIME: 113
INTERNAL EVENT - GLOBAL TIME: 1677988002.3945065 - LOGICAL CLOCK TIME: 114
SENT: Machine 0 has logical clock time 112 TO MACHINE #1 - GLOBAL TIME: 1677988002.3955085 - LOGICAL CLOCK TIME: 114
SENT: Machine 0 has logical clock time 110 TO MACHINE #2 - GLOBAL TIME: 1677988002.396856 - LOGICAL CLOCK TIME: 114
RECEIVED: Machine 1 has logical clock time 81 - GLOBAL TIME: 1677988002.399869 - LOGICAL CLOCK TIME: 115 - MESSAGE QUEUE LEN: 0
SENT: Machine 0 has logical clock time 112 TO MACHINE #2 - GLOBAL TIME: 1677988002.4018679 - LOGICAL CLOCK TIME: 115
INTERNAL EVENT - GLOBAL TIME: 1677988002.4038682 - LOGICAL CLOCK TIME: 116
RECEIVED: Machine 2 has logical clock time 109 - GLOBAL TIME: 1677988002.4128146 - LOGICAL CLOCK TIME: 117 - MESSAGE QUEUE LEN: 0
INTERNAL EVENT - GLOBAL TIME: 1677988002.4138067 - LOGICAL CLOCK TIME: 118
INTERNAL EVENT - GLOBAL TIME: 1677988002.4178047 - LOGICAL CLOCK TIME: 119
INTERNAL EVENT - GLOBAL TIME: 1677988002.419807 - LOGICAL CLOCK TIME: 120
INTERNAL EVENT - GLOBAL TIME: 1677988003.3881667 - LOGICAL CLOCK TIME: 121
INTERNAL EVENT - GLOBAL TIME: 1677988003.3881667 - LOGICAL CLOCK TIME: 122
INTERNAL EVENT - GLOBAL TIME: 1677988003.3891685 - LOGICAL CLOCK TIME: 123
INTERNAL EVENT - GLOBAL TIME: 1677988003.3891685 - LOGICAL CLOCK TIME: 124
INTERNAL EVENT - GLOBAL TIME: 1677988003.3891685 - LOGICAL CLOCK TIME: 125
INTERNAL EVENT - GLOBAL TIME: 1677988003.3891685 - LOGICAL CLOCK TIME: 126
INTERNAL EVENT - GLOBAL TIME: 1677988003.3911674 - LOGICAL CLOCK TIME: 127
INTERNAL EVENT - GLOBAL TIME: 1677988003.3921683 - LOGICAL CLOCK TIME: 128
INTERNAL EVENT - GLOBAL TIME: 1677988003.3941677 - LOGICAL CLOCK TIME: 130
INTERNAL EVENT - GLOBAL TIME: 1677988003.3941677 - LOGICAL CLOCK TIME: 131
INTERNAL EVENT - GLOBAL TIME: 1677988003.396169 - LOGICAL CLOCK TIME: 133
SENT: Machine 0 has logical clock time 129 TO MACHINE #2 - GLOBAL TIME: 1677988003.3971682 - LOGICAL CLOCK TIME: 134
INTERNAL EVENT - GLOBAL TIME: 1677988003.3971682 - LOGICAL CLOCK TIME: 135
RECEIVED: Machine 2 has logical clock time 122 - GLOBAL TIME: 1677988003.3995445 - LOGICAL CLOCK TIME: 136 - MESSAGE QUEUE LEN: 0
SENT: Machine 0 has logical clock time 132 TO MACHINE #1 - GLOBAL TIME: 1677988003.4015489 - LOGICAL CLOCK TIME: 136
SENT: Machine 0 has logical clock time 137 TO MACHINE #2 - GLOBAL TIME: 1677988003.4067333 - LOGICAL CLOCK TIME: 137
SENT: Machine 0 has logical clock time 134 TO MACHINE #1 - GLOBAL TIME: 1677988003.4081962 - LOGICAL CLOCK TIME: 137
SENT: Machine 0 has logical clock time 132 TO MACHINE #2 - GLOBAL TIME: 1677988003.4160345 - LOGICAL CLOCK TIME: 137
RECEIVED: Machine 1 has logical clock time 100 - GLOBAL TIME: 1677988003.4195938 - LOGICAL CLOCK TIME: 138 - MESSAGE QUEUE LEN: 0
SENT: Machine 0 has logical clock time 134 TO MACHINE #2 - GLOBAL TIME: 1677988003.421602 - LOGICAL CLOCK TIME: 138
INTERNAL EVENT - GLOBAL TIME: 1677988003.4235985 - LOGICAL CLOCK TIME: 139
RECEIVED: Machine 2 has logical clock time 129 - GLOBAL TIME: 1677988003.4276004 - LOGICAL CLOCK TIME: 140 - MESSAGE QUEUE LEN: 0
RECEIVED: Machine 1 has logical clock time 101 - GLOBAL TIME: 1677988004.4038866 - LOGICAL CLOCK TIME: 141 - MESSAGE QUEUE LEN: 2
RECEIVED: Machine 2 has logical clock time 133 - GLOBAL TIME: 1677988004.4038866 - LOGICAL CLOCK TIME: 142 - MESSAGE QUEUE LEN: 1
RECEIVED: Machine 2 has logical clock time 135 - GLOBAL TIME: 1677988004.4038866 - LOGICAL CLOCK TIME: 143 - MESSAGE QUEUE LEN: 0
INTERNAL EVENT - GLOBAL TIME: 1677988004.4038866 - LOGICAL CLOCK TIME: 144
INTERNAL EVENT - GLOBAL TIME: 1677988004.4038866 - LOGICAL CLOCK TIME: 145
INTERNAL EVENT - GLOBAL TIME: 1677988004.4048865 - LOGICAL CLOCK TIME: 146
RECEIVED: Machine 2 has logical clock time 146 - GLOBAL TIME: 1677988004.409936 - LOGICAL CLOCK TIME: 148 - MESSAGE QUEUE LEN: 0
INTERNAL EVENT - GLOBAL TIME: 1677988004.4119415 - LOGICAL CLOCK TIME: 149
INTERNAL EVENT - GLOBAL TIME: 1677988004.412942 - LOGICAL CLOCK TIME: 150
SENT: Machine 0 has logical clock time 147 TO MACHINE #2 - GLOBAL TIME: 1677988004.412942 - LOGICAL CLOCK TIME: 150
INTERNAL EVENT - GLOBAL TIME: 1677988004.415445 - LOGICAL CLOCK TIME: 151
INTERNAL EVENT - GLOBAL TIME: 1677988004.4234405 - LOGICAL CLOCK TIME: 153
INTERNAL EVENT - GLOBAL TIME: 1677988004.4254413 - LOGICAL CLOCK TIME: 154
INTERNAL EVENT - GLOBAL TIME: 1677988004.4264436 - LOGICAL CLOCK TIME: 155
SENT: Machine 0 has logical clock time 152 TO MACHINE #1 - GLOBAL TIME: 1677988004.4274442 - LOGICAL CLOCK TIME: 155
INTERNAL EVENT - GLOBAL TIME: 1677988004.4274442 - LOGICAL CLOCK TIME: 156
INTERNAL EVENT - GLOBAL TIME: 1677988004.4294505 - LOGICAL CLOCK TIME: 157
RECEIVED: Machine 2 has logical clock time 155 - GLOBAL TIME: 1677988004.4368727 - LOGICAL CLOCK TIME: 158 - MESSAGE QUEUE LEN: 0
INTERNAL EVENT - GLOBAL TIME: 1677988004.4388728 - LOGICAL CLOCK TIME: 159
SENT: Machine 0 has logical clock time 152 TO MACHINE #2 - GLOBAL TIME: 1677988004.4408724 - LOGICAL CLOCK TIME: 159
RECEIVED: Machine 2 has logical clock time 159 - GLOBAL TIME: 1677988004.4507082 - LOGICAL CLOCK TIME: 160 - MESSAGE QUEUE LEN: 0
RECEIVED: Machine 1 has logical clock time 120 - GLOBAL TIME: 1677988005.4122324 - LOGICAL CLOCK TIME: 161 - MESSAGE QUEUE LEN: 1
RECEIVED: Machine 2 has logical clock time 150 - GLOBAL TIME: 1677988005.4122324 - LOGICAL CLOCK TIME: 162 - MESSAGE QUEUE LEN: 0
INTERNAL EVENT - GLOBAL TIME: 1677988005.414233 - LOGICAL CLOCK TIME: 164
INTERNAL EVENT - GLOBAL TIME: 1677988005.414233 - LOGICAL CLOCK TIME: 165
INTERNAL EVENT - GLOBAL TIME: 1677988005.4152334 - LOGICAL CLOCK TIME: 167
INTERNAL EVENT - GLOBAL TIME: 1677988005.42171 - LOGICAL CLOCK TIME: 169
SENT: Machine 0 has logical clock time 166 TO MACHINE #1 - GLOBAL TIME: 1677988005.4227095 - LOGICAL CLOCK TIME: 169
SENT: Machine 0 has logical clock time 163 TO MACHINE #1 - GLOBAL TIME: 1677988005.424712 - LOGICAL CLOCK TIME: 169
RECEIVED: Machine 2 has logical clock time 164 - GLOBAL TIME: 1677988005.4267104 - LOGICAL CLOCK TIME: 170 - MESSAGE QUEUE LEN: 0
SENT: Machine 0 has logical clock time 168 TO MACHINE #1 - GLOBAL TIME: 1677988005.4308105 - LOGICAL CLOCK TIME: 170
INTERNAL EVENT - GLOBAL TIME: 1677988005.4318125 - LOGICAL CLOCK TIME: 171
INTERNAL EVENT - GLOBAL TIME: 1677988005.4328082 - LOGICAL CLOCK TIME: 172
SENT: Machine 0 has logical clock time 163 TO MACHINE #2 - GLOBAL TIME: 1677988005.4348087 - LOGICAL CLOCK TIME: 172
INTERNAL EVENT - GLOBAL TIME: 1677988005.436808 - LOGICAL CLOCK TIME: 173
INTERNAL EVENT - GLOBAL TIME: 1677988005.4378078 - LOGICAL CLOCK TIME: 174
INTERNAL EVENT - GLOBAL TIME: 1677988005.440809 - LOGICAL CLOCK TIME: 175
RECEIVED: Machine 1 has logical clock time 126 - GLOBAL TIME: 1677988005.4450126 - LOGICAL CLOCK TIME: 176 - MESSAGE QUEUE LEN: 0
RECEIVED: Machine 1 has logical clock time 125 - GLOBAL TIME: 1677988005.4450126 - LOGICAL CLOCK TIME: 177 - MESSAGE QUEUE LEN: 0
INTERNAL EVENT - GLOBAL TIME: 1677988005.448519 - LOGICAL CLOCK TIME: 178
INTERNAL EVENT - GLOBAL TIME: 1677988005.4525163 - LOGICAL CLOCK TIME: 180
SENT: Machine 0 has logical clock time 179 TO MACHINE #1 - GLOBAL TIME: 1677988005.4545174 - LOGICAL CLOCK TIME: 180
RECEIVED: Machine 2 has logical clock time 167 - GLOBAL TIME: 1677988006.425625 - LOGICAL CLOCK TIME: 181 - MESSAGE QUEUE LEN: 4
RECEIVED: Machine 2 has logical clock time 171 - GLOBAL TIME: 1677988006.426627 - LOGICAL CLOCK TIME: 182 - MESSAGE QUEUE LEN: 3
RECEIVED: Machine 1 has logical clock time 134 - GLOBAL TIME: 1677988006.426627 - LOGICAL CLOCK TIME: 183 - MESSAGE QUEUE LEN: 2
RECEIVED: Machine 2 has logical clock time 174 - GLOBAL TIME: 1677988006.426627 - LOGICAL CLOCK TIME: 184 - MESSAGE QUEUE LEN: 1
RECEIVED: Machine 2 has logical clock time 179 - GLOBAL TIME: 1677988006.426627 - LOGICAL CLOCK TIME: 185 - MESSAGE QUEUE LEN: 0
INTERNAL EVENT - GLOBAL TIME: 1677988006.428625 - LOGICAL CLOCK TIME: 187
INTERNAL EVENT - GLOBAL TIME: 1677988006.4306269 - LOGICAL CLOCK TIME: 188
INTERNAL EVENT - GLOBAL TIME: 1677988006.4346313 - LOGICAL CLOCK TIME: 189
INTERNAL EVENT - GLOBAL TIME: 1677988006.4376276 - LOGICAL CLOCK TIME: 190
SENT: Machine 0 has logical clock time 186 TO MACHINE #1 - GLOBAL TIME: 1677988006.440627 - LOGICAL CLOCK TIME: 190
RECEIVED: Machine 1 has logical clock time 140 - GLOBAL TIME: 1677988006.4438298 - LOGICAL CLOCK TIME: 191 - MESSAGE QUEUE LEN: 0
INTERNAL EVENT - GLOBAL TIME: 1677988006.445835 - LOGICAL CLOCK TIME: 192
INTERNAL EVENT - GLOBAL TIME: 1677988006.450837 - LOGICAL CLOCK TIME: 194
SENT: Machine 0 has logical clock time 186 TO MACHINE #2 - GLOBAL TIME: 1677988006.4518352 - LOGICAL CLOCK TIME: 194
SENT: Machine 0 has logical clock time 193 TO MACHINE #1 - GLOBAL TIME: 1677988006.4528375 - LOGICAL CLOCK TIME: 194
INTERNAL EVENT - GLOBAL TIME: 1677988006.4538379 - LOGICAL CLOCK TIME: 195
INTERNAL EVENT - GLOBAL TIME: 1677988006.4578366 - LOGICAL CLOCK TIME: 196
INTERNAL EVENT - GLOBAL TIME: 1677988006.4602158 - LOGICAL CLOCK TIME: 198
SENT: Machine 0 has logical clock time 197 TO MACHINE #2 - GLOBAL TIME: 1677988006.4602158 - LOGICAL CLOCK TIME: 198
RECEIVED: Machine 2 has logical clock time 184 - GLOBAL TIME: 1677988006.4626203 - LOGICAL CLOCK TIME: 199 - MESSAGE QUEUE LEN: 0
INTERNAL EVENT - GLOBAL TIME: 1677988006.4716263 - LOGICAL CLOCK TIME: 200
RECEIVED: Machine 2 has logical clock time 186 - GLOBAL TIME: 1677988007.435261 - LOGICAL CLOCK TIME: 201 - MESSAGE QUEUE LEN: 3
RECEIVED: Machine 2 has logical clock time 190 - GLOBAL TIME: 1677988007.4362595 - LOGICAL CLOCK TIME: 202 - MESSAGE QUEUE LEN: 2
RECEIVED: Machine 1 has logical clock time 148 - GLOBAL TIME: 1677988007.4362595 - LOGICAL CLOCK TIME: 203 - MESSAGE QUEUE LEN: 1
RECEIVED: Machine 1 has logical clock time 149 - GLOBAL TIME: 1677988007.4362595 - LOGICAL CLOCK TIME: 204 - MESSAGE QUEUE LEN: 0
INTERNAL EVENT - GLOBAL TIME: 1677988007.4372613 - LOGICAL CLOCK TIME: 205
INTERNAL EVENT - GLOBAL TIME: 1677988007.4382596 - LOGICAL CLOCK TIME: 206
INTERNAL EVENT - GLOBAL TIME: 1677988007.4392588 - LOGICAL CLOCK TIME: 207
INTERNAL EVENT - GLOBAL TIME: 1677988007.4416418 - LOGICAL CLOCK TIME: 208
RECEIVED: Machine 2 has logical clock time 204 - GLOBAL TIME: 1677988007.4496412 - LOGICAL CLOCK TIME: 209 - MESSAGE QUEUE LEN: 0
RECEIVED: Machine 1 has logical clock time 158 - GLOBAL TIME: 1677988007.4608326 - LOGICAL CLOCK TIME: 212 - MESSAGE QUEUE LEN: 0
INTERNAL EVENT - GLOBAL TIME: 1677988007.4642456 - LOGICAL CLOCK TIME: 213
INTERNAL EVENT - GLOBAL TIME: 1677988007.4672413 - LOGICAL CLOCK TIME: 214
SENT: Machine 0 has logical clock time 210 TO MACHINE #1 - GLOBAL TIME: 1677988007.4672413 - LOGICAL CLOCK TIME: 214
INTERNAL EVENT - GLOBAL TIME: 1677988007.4682426 - LOGICAL CLOCK TIME: 215
SENT: Machine 0 has logical clock time 211 TO MACHINE #1 - GLOBAL TIME: 1677988007.4702423 - LOGICAL CLOCK TIME: 215
INTERNAL EVENT - GLOBAL TIME: 1677988007.4712424 - LOGICAL CLOCK TIME: 216
SENT: Machine 0 has logical clock time 210 TO MACHINE #2 - GLOBAL TIME: 1677988007.4792714 - LOGICAL CLOCK TIME: 216
RECEIVED: Machine 1 has logical clock time 153 - GLOBAL TIME: 1677988007.4856098 - LOGICAL CLOCK TIME: 217 - MESSAGE QUEUE LEN: 0
SENT: Machine 0 has logical clock time 211 TO MACHINE #2 - GLOBAL TIME: 1677988007.4906096 - LOGICAL CLOCK TIME: 217
INTERNAL EVENT - GLOBAL TIME: 1677988007.493608 - LOGICAL CLOCK TIME: 218
RECEIVED: Machine 2 has logical clock time 211 - GLOBAL TIME: 1677988007.501923 - LOGICAL CLOCK TIME: 219 - MESSAGE QUEUE LEN: 0
SENT: Machine 0 has logical clock time 220 TO MACHINE #1 - GLOBAL TIME: 1677988007.5059235 - LOGICAL CLOCK TIME: 220
RECEIVED: Machine 2 has logical clock time 212 - GLOBAL TIME: 1677988008.4388492 - LOGICAL CLOCK TIME: 221 - MESSAGE QUEUE LEN: 3
RECEIVED: Machine 1 has logical clock time 161 - GLOBAL TIME: 1677988008.4398508 - LOGICAL CLOCK TIME: 222 - MESSAGE QUEUE LEN: 2
RECEIVED: Machine 2 has logical clock time 215 - GLOBAL TIME: 1677988008.4398508 - LOGICAL CLOCK TIME: 223 - MESSAGE QUEUE LEN: 1
RECEIVED: Machine 2 has logical clock time 214 - GLOBAL TIME: 1677988008.4398508 - LOGICAL CLOCK TIME: 224 - MESSAGE QUEUE LEN: 0
INTERNAL EVENT - GLOBAL TIME: 1677988008.4468513 - LOGICAL CLOCK TIME: 227
RECEIVED: Machine 2 has logical clock time 225 - GLOBAL TIME: 1677988008.4488504 - LOGICAL CLOCK TIME: 228 - MESSAGE QUEUE LEN: 0
SENT: Machine 0 has logical clock time 226 TO MACHINE #1 - GLOBAL TIME: 1677988008.44985 - LOGICAL CLOCK TIME: 228
INTERNAL EVENT - GLOBAL TIME: 1677988008.4542665 - LOGICAL CLOCK TIME: 229
INTERNAL EVENT - GLOBAL TIME: 1677988008.4606152 - LOGICAL CLOCK TIME: 230
SENT: Machine 0 has logical clock time 225 TO MACHINE #1 - GLOBAL TIME: 1677988008.4606152 - LOGICAL CLOCK TIME: 230
INTERNAL EVENT - GLOBAL TIME: 1677988008.4616122 - LOGICAL CLOCK TIME: 231
INTERNAL EVENT - GLOBAL TIME: 1677988008.46473 - LOGICAL CLOCK TIME: 232
INTERNAL EVENT - GLOBAL TIME: 1677988008.4717212 - LOGICAL CLOCK TIME: 234
SENT: Machine 0 has logical clock time 225 TO MACHINE #2 - GLOBAL TIME: 1677988008.473719 - LOGICAL CLOCK TIME: 234
SENT: Machine 0 has logical clock time 233 TO MACHINE #1 - GLOBAL TIME: 1677988008.4777193 - LOGICAL CLOCK TIME: 234
RECEIVED: Machine 2 has logical clock time 229 - GLOBAL TIME: 1677988008.4797196 - LOGICAL CLOCK TIME: 235 - MESSAGE QUEUE LEN: 0
INTERNAL EVENT - GLOBAL TIME: 1677988008.4879053 - LOGICAL CLOCK TIME: 237
RECEIVED: Machine 2 has logical clock time 231 - GLOBAL TIME: 1677988008.4967425 - LOGICAL CLOCK TIME: 238 - MESSAGE QUEUE LEN: 0
SENT: Machine 0 has logical clock time 236 TO MACHINE #2 - GLOBAL TIME: 1677988008.4997418 - LOGICAL CLOCK TIME: 238
RECEIVED: Machine 2 has logical clock time 234 - GLOBAL TIME: 1677988008.5007432 - LOGICAL CLOCK TIME: 239 - MESSAGE QUEUE LEN: 0
INTERNAL EVENT - GLOBAL TIME: 1677988008.5007432 - LOGICAL CLOCK TIME: 240
RECEIVED: Machine 1 has logical clock time 176 - GLOBAL TIME: 1677988009.4486332 - LOGICAL CLOCK TIME: 241 - MESSAGE QUEUE LEN: 0
INTERNAL EVENT - GLOBAL TIME: 1677988009.4486332 - LOGICAL CLOCK TIME: 242
INTERNAL EVENT - GLOBAL TIME: 1677988009.4496353 - LOGICAL CLOCK TIME: 243
INTERNAL EVENT - GLOBAL TIME: 1677988009.450634 - LOGICAL CLOCK TIME: 244
INTERNAL EVENT - GLOBAL TIME: 1677988009.4516342 - LOGICAL CLOCK TIME: 245
INTERNAL EVENT - GLOBAL TIME: 1677988009.4536371 - LOGICAL CLOCK TIME: 246
INTERNAL EVENT - GLOBAL TIME: 1677988009.457635 - LOGICAL CLOCK TIME: 247
INTERNAL EVENT - GLOBAL TIME: 1677988009.459636 - LOGICAL CLOCK TIME: 248
RECEIVED: Machine 2 has logical clock time 246 - GLOBAL TIME: 1677988009.4648056 - LOGICAL CLOCK TIME: 249 - MESSAGE QUEUE LEN: 0
INTERNAL EVENT - GLOBAL TIME: 1677988009.4648056 - LOGICAL CLOCK TIME: 250
RECEIVED: Machine 2 has logical clock time 247 - GLOBAL TIME: 1677988009.4708135 - LOGICAL CLOCK TIME: 251 - MESSAGE QUEUE LEN: 0
INTERNAL EVENT - GLOBAL TIME: 1677988009.471813 - LOGICAL CLOCK TIME: 252
INTERNAL EVENT - GLOBAL TIME: 1677988009.4751637 - LOGICAL CLOCK TIME: 253
INTERNAL EVENT - GLOBAL TIME: 1677988009.477171 - LOGICAL CLOCK TIME: 254
INTERNAL EVENT - GLOBAL TIME: 1677988009.4852865 - LOGICAL CLOCK TIME: 256
RECEIVED: Machine 2 has logical clock time 249 - GLOBAL TIME: 1677988009.4948218 - LOGICAL CLOCK TIME: 257 - MESSAGE QUEUE LEN: 1
RECEIVED: Machine 2 has logical clock time 250 - GLOBAL TIME: 1677988009.496964 - LOGICAL CLOCK TIME: 258 - MESSAGE QUEUE LEN: 0
SENT: Machine 0 has logical clock time 255 TO MACHINE #1 - GLOBAL TIME: 1677988009.5046751 - LOGICAL CLOCK TIME: 258
SENT: Machine 0 has logical clock time 255 TO MACHINE #2 - GLOBAL TIME: 1677988009.5066733 - LOGICAL CLOCK TIME: 258
RECEIVED: Machine 1 has logical clock time 190 - GLOBAL TIME: 1677988009.5066733 - LOGICAL CLOCK TIME: 259 - MESSAGE QUEUE LEN: 0
INTERNAL EVENT - GLOBAL TIME: 1677988009.5066733 - LOGICAL CLOCK TIME: 260
RECEIVED: Machine 1 has logical clock time 195 - GLOBAL TIME: 1677988010.4525776 - LOGICAL CLOCK TIME: 261 - MESSAGE QUEUE LEN: 0
INTERNAL EVENT - GLOBAL TIME: 1677988010.4545786 - LOGICAL CLOCK TIME: 263
INTERNAL EVENT - GLOBAL TIME: 1677988010.4555774 - LOGICAL CLOCK TIME: 264
INTERNAL EVENT - GLOBAL TIME: 1677988010.456578 - LOGICAL CLOCK TIME: 266
SENT: Machine 0 has logical clock time 262 TO MACHINE #2 - GLOBAL TIME: 1677988010.4615772 - LOGICAL CLOCK TIME: 267
SENT: Machine 0 has logical clock time 265 TO MACHINE #2 - GLOBAL TIME: 1677988010.4615772 - LOGICAL CLOCK TIME: 267
RECEIVED: Machine 2 has logical clock time 262 - GLOBAL TIME: 1677988010.4625778 - LOGICAL CLOCK TIME: 268 - MESSAGE QUEUE LEN: 0
SENT: Machine 0 has logical clock time 267 TO MACHINE #1 - GLOBAL TIME: 1677988010.4625778 - LOGICAL CLOCK TIME: 268
INTERNAL EVENT - GLOBAL TIME: 1677988010.465578 - LOGICAL CLOCK TIME: 269
INTERNAL EVENT - GLOBAL TIME: 1677988010.467608 - LOGICAL CLOCK TIME: 271
INTERNAL EVENT - GLOBAL TIME: 1677988010.4686158 - LOGICAL CLOCK TIME: 272
SENT: Machine 0 has logical clock time 270 TO MACHINE #1 - GLOBAL TIME: 1677988010.4746132 - LOGICAL CLOCK TIME: 274
INTERNAL EVENT - GLOBAL TIME: 1677988010.476613 - LOGICAL CLOCK TIME: 275
SENT: Machine 0 has logical clock time 273 TO MACHINE #1 - GLOBAL TIME: 1677988010.4836178 - LOGICAL CLOCK TIME: 275
SENT: Machine 0 has logical clock time 270 TO MACHINE #2 - GLOBAL TIME: 1677988010.4856193 - LOGICAL CLOCK TIME: 275
SENT: Machine 0 has logical clock time 274 TO MACHINE #1 - GLOBAL TIME: 1677988010.4866164 - LOGICAL CLOCK TIME: 275
INTERNAL EVENT - GLOBAL TIME: 1677988010.4876168 - LOGICAL CLOCK TIME: 276
INTERNAL EVENT - GLOBAL TIME: 1677988010.4906135 - LOGICAL CLOCK TIME: 277
SENT: Machine 0 has logical clock time 274 TO MACHINE #2 - GLOBAL TIME: 1677988010.4926195 - LOGICAL CLOCK TIME: 277
INTERNAL EVENT - GLOBAL TIME: 1677988010.4956143 - LOGICAL CLOCK TIME: 278
INTERNAL EVENT - GLOBAL TIME: 1677988010.502614 - LOGICAL CLOCK TIME: 279
INTERNAL EVENT - GLOBAL TIME: 1677988010.5130398 - LOGICAL CLOCK TIME: 280
RECEIVED: Machine 1 has logical clock time 205 - GLOBAL TIME: 1677988011.469156 - LOGICAL CLOCK TIME: 281 - MESSAGE QUEUE LEN: 4
RECEIVED: Machine 2 has logical clock time 271 - GLOBAL TIME: 1677988011.469156 - LOGICAL CLOCK TIME: 282 - MESSAGE QUEUE LEN: 3
RECEIVED: Machine 1 has logical clock time 208 - GLOBAL TIME: 1677988011.4731555 - LOGICAL CLOCK TIME: 283 - MESSAGE QUEUE LEN: 2
RECEIVED: Machine 2 has logical clock time 274 - GLOBAL TIME: 1677988011.474159 - LOGICAL CLOCK TIME: 284 - MESSAGE QUEUE LEN: 1
RECEIVED: Machine 2 has logical clock time 280 - GLOBAL TIME: 1677988011.4771543 - LOGICAL CLOCK TIME: 285 - MESSAGE QUEUE LEN: 0
RECEIVED: Machine 2 has logical clock time 286 - GLOBAL TIME: 1677988011.4831557 - LOGICAL CLOCK TIME: 286 - MESSAGE QUEUE LEN: 0
SENT: Machine 0 has logical clock time 289 TO MACHINE #1 - GLOBAL TIME: 1677988011.4934652 - LOGICAL CLOCK TIME: 289
SENT: Machine 0 has logical clock time 287 TO MACHINE #1 - GLOBAL TIME: 1677988011.4934652 - LOGICAL CLOCK TIME: 289
INTERNAL EVENT - GLOBAL TIME: 1677988011.4984674 - LOGICAL CLOCK TIME: 290
SENT: Machine 0 has logical clock time 288 TO MACHINE #1 - GLOBAL TIME: 1677988011.501884 - LOGICAL CLOCK TIME: 290
INTERNAL EVENT - GLOBAL TIME: 1677988011.5028837 - LOGICAL CLOCK TIME: 291
INTERNAL EVENT - GLOBAL TIME: 1677988011.511884 - LOGICAL CLOCK TIME: 293
INTERNAL EVENT - GLOBAL TIME: 1677988011.5128837 - LOGICAL CLOCK TIME: 294
SENT: Machine 0 has logical clock time 288 TO MACHINE #2 - GLOBAL TIME: 1677988011.5158846 - LOGICAL CLOCK TIME: 294
SENT: Machine 0 has logical clock time 292 TO MACHINE #1 - GLOBAL TIME: 1677988011.5178828 - LOGICAL CLOCK TIME: 294
INTERNAL EVENT - GLOBAL TIME: 1677988011.5188842 - LOGICAL CLOCK TIME: 295
RECEIVED: Machine 2 has logical clock time 298 - GLOBAL TIME: 1677988011.525884 - LOGICAL CLOCK TIME: 297 - MESSAGE QUEUE LEN: 0
SENT: Machine 0 has logical clock time 292 TO MACHINE #2 - GLOBAL TIME: 1677988011.5268834 - LOGICAL CLOCK TIME: 297
SENT: Machine 0 has logical clock time 296 TO MACHINE #1 - GLOBAL TIME: 1677988011.5348852 - LOGICAL CLOCK TIME: 297
INTERNAL EVENT - GLOBAL TIME: 1677988011.5378847 - LOGICAL CLOCK TIME: 298
INTERNAL EVENT - GLOBAL TIME: 1677988011.5428858 - LOGICAL CLOCK TIME: 299
INTERNAL EVENT - GLOBAL TIME: 1677988011.547885 - LOGICAL CLOCK TIME: 300
RECEIVED: Machine 2 has logical clock time 295 - GLOBAL TIME: 1677988012.4742424 - LOGICAL CLOCK TIME: 301 - MESSAGE QUEUE LEN: 1
RECEIVED: Machine 2 has logical clock time 300 - GLOBAL TIME: 1677988012.4742424 - LOGICAL CLOCK TIME: 302 - MESSAGE QUEUE LEN: 0
INTERNAL EVENT - GLOBAL TIME: 1677988012.480243 - LOGICAL CLOCK TIME: 303
INTERNAL EVENT - GLOBAL TIME: 1677988012.4886773 - LOGICAL CLOCK TIME: 305
INTERNAL EVENT - GLOBAL TIME: 1677988012.4898207 - LOGICAL CLOCK TIME: 306
INTERNAL EVENT - GLOBAL TIME: 1677988012.4908266 - LOGICAL CLOCK TIME: 307
INTERNAL EVENT - GLOBAL TIME: 1677988012.4908266 - LOGICAL CLOCK TIME: 308
RECEIVED: Machine 1 has logical clock time 231 - GLOBAL TIME: 1677988012.4918268 - LOGICAL CLOCK TIME: 309 - MESSAGE QUEUE LEN: 0
INTERNAL EVENT - GLOBAL TIME: 1677988012.4940336 - LOGICAL CLOCK TIME: 310
INTERNAL EVENT - GLOBAL TIME: 1677988012.500036 - LOGICAL CLOCK TIME: 311
RECEIVED: Machine 2 has logical clock time 308 - GLOBAL TIME: 1677988012.5061376 - LOGICAL CLOCK TIME: 312 - MESSAGE QUEUE LEN: 0
SENT: Machine 0 has logical clock time 304 TO MACHINE #1 - GLOBAL TIME: 1677988012.511137 - LOGICAL CLOCK TIME: 313
INTERNAL EVENT - GLOBAL TIME: 1677988012.5184414 - LOGICAL CLOCK TIME: 315
SENT: Machine 0 has logical clock time 304 TO MACHINE #2 - GLOBAL TIME: 1677988012.519441 - LOGICAL CLOCK TIME: 315
SENT: Machine 0 has logical clock time 314 TO MACHINE #1 - GLOBAL TIME: 1677988012.520832 - LOGICAL CLOCK TIME: 315
RECEIVED: Machine 2 has logical clock time 313 - GLOBAL TIME: 1677988012.5218396 - LOGICAL CLOCK TIME: 316 - MESSAGE QUEUE LEN: 0
INTERNAL EVENT - GLOBAL TIME: 1677988012.5238404 - LOGICAL CLOCK TIME: 317
INTERNAL EVENT - GLOBAL TIME: 1677988012.5248394 - LOGICAL CLOCK TIME: 318
INTERNAL EVENT - GLOBAL TIME: 1677988012.528843 - LOGICAL CLOCK TIME: 319
SENT: Machine 0 has logical clock time 313 TO MACHINE #1 - GLOBAL TIME: 1677988012.535256 - LOGICAL CLOCK TIME: 319
SENT: Machine 0 has logical clock time 313 TO MACHINE #2 - GLOBAL TIME: 1677988012.5392487 - LOGICAL CLOCK TIME: 319
RECEIVED: Machine 1 has logical clock time 236 - GLOBAL TIME: 1677988012.5392487 - LOGICAL CLOCK TIME: 320 - MESSAGE QUEUE LEN: 0
RECEIVED: Machine 1 has logical clock time 240 - GLOBAL TIME: 1677988013.4761775 - LOGICAL CLOCK TIME: 321 - MESSAGE QUEUE LEN: 0
SENT: Machine 0 has logical clock time 322 TO MACHINE #2 - GLOBAL TIME: 1677988013.4841778 - LOGICAL CLOCK TIME: 322
INTERNAL EVENT - GLOBAL TIME: 1677988013.4841778 - LOGICAL CLOCK TIME: 323
INTERNAL EVENT - GLOBAL TIME: 1677988013.4841778 - LOGICAL CLOCK TIME: 324
INTERNAL EVENT - GLOBAL TIME: 1677988013.4921782 - LOGICAL CLOCK TIME: 325
INTERNAL EVENT - GLOBAL TIME: 1677988013.4921782 - LOGICAL CLOCK TIME: 326
INTERNAL EVENT - GLOBAL TIME: 1677988013.4921782 - LOGICAL CLOCK TIME: 327
INTERNAL EVENT - GLOBAL TIME: 1677988013.4953098 - LOGICAL CLOCK TIME: 328
INTERNAL EVENT - GLOBAL TIME: 1677988013.506308 - LOGICAL CLOCK TIME: 331
SENT: Machine 0 has logical clock time 329 TO MACHINE #1 - GLOBAL TIME: 1677988013.506308 - LOGICAL CLOCK TIME: 331
INTERNAL EVENT - GLOBAL TIME: 1677988013.508308 - LOGICAL CLOCK TIME: 332
INTERNAL EVENT - GLOBAL TIME: 1677988013.5143104 - LOGICAL CLOCK TIME: 333
SENT: Machine 0 has logical clock time 330 TO MACHINE #2 - GLOBAL TIME: 1677988013.5203085 - LOGICAL CLOCK TIME: 335
INTERNAL EVENT - GLOBAL TIME: 1677988013.5203085 - LOGICAL CLOCK TIME: 336
SENT: Machine 0 has logical clock time 334 TO MACHINE #1 - GLOBAL TIME: 1677988013.5226045 - LOGICAL CLOCK TIME: 336
INTERNAL EVENT - GLOBAL TIME: 1677988013.5287058 - LOGICAL CLOCK TIME: 338
SENT: Machine 0 has logical clock time 335 TO MACHINE #1 - GLOBAL TIME: 1677988013.5287058 - LOGICAL CLOCK TIME: 338
RECEIVED: Machine 2 has logical clock time 325 - GLOBAL TIME: 1677988013.537197 - LOGICAL CLOCK TIME: 339 - MESSAGE QUEUE LEN: 0
SENT: Machine 0 has logical clock time 337 TO MACHINE #1 - GLOBAL TIME: 1677988013.5381973 - LOGICAL CLOCK TIME: 339
SENT: Machine 0 has logical clock time 335 TO MACHINE #2 - GLOBAL TIME: 1677988013.540198 - LOGICAL CLOCK TIME: 339
SENT: Machine 0 has logical clock time 337 TO MACHINE #2 - GLOBAL TIME: 1677988013.5452993 - LOGICAL CLOCK TIME: 339
INTERNAL EVENT - GLOBAL TIME: 1677988013.5482993 - LOGICAL CLOCK TIME: 340
RECEIVED: Machine 1 has logical clock time 249 - GLOBAL TIME: 1677988014.4855456 - LOGICAL CLOCK TIME: 341 - MESSAGE QUEUE LEN: 2
RECEIVED: Machine 2 has logical clock time 329 - GLOBAL TIME: 1677988014.4855456 - LOGICAL CLOCK TIME: 342 - MESSAGE QUEUE LEN: 1
RECEIVED: Machine 1 has logical clock time 252 - GLOBAL TIME: 1677988014.4938312 - LOGICAL CLOCK TIME: 343 - MESSAGE QUEUE LEN: 0
INTERNAL EVENT - GLOBAL TIME: 1677988014.4958327 - LOGICAL CLOCK TIME: 344
INTERNAL EVENT - GLOBAL TIME: 1677988014.4968295 - LOGICAL CLOCK TIME: 345
INTERNAL EVENT - GLOBAL TIME: 1677988014.500831 - LOGICAL CLOCK TIME: 346
INTERNAL EVENT - GLOBAL TIME: 1677988014.5090957 - LOGICAL CLOCK TIME: 348
INTERNAL EVENT - GLOBAL TIME: 1677988014.5111008 - LOGICAL CLOCK TIME: 349
SENT: Machine 0 has logical clock time 347 TO MACHINE #2 - GLOBAL TIME: 1677988014.5191052 - LOGICAL CLOCK TIME: 351
INTERNAL EVENT - GLOBAL TIME: 1677988014.5201013 - LOGICAL CLOCK TIME: 352
SENT: Machine 0 has logical clock time 351 TO MACHINE #1 - GLOBAL TIME: 1677988014.5231023 - LOGICAL CLOCK TIME: 354
INTERNAL EVENT - GLOBAL TIME: 1677988014.5231023 - LOGICAL CLOCK TIME: 355
SENT: Machine 0 has logical clock time 353 TO MACHINE #2 - GLOBAL TIME: 1677988014.5348656 - LOGICAL CLOCK TIME: 355
INTERNAL EVENT - GLOBAL TIME: 1677988014.5348656 - LOGICAL CLOCK TIME: 356
SENT: Machine 0 has logical clock time 354 TO MACHINE #1 - GLOBAL TIME: 1677988014.545865 - LOGICAL CLOCK TIME: 356
SENT: Machine 0 has logical clock time 350 TO MACHINE #1 - GLOBAL TIME: 1677988014.5468647 - LOGICAL CLOCK TIME: 356
SENT: Machine 0 has logical clock time 354 TO MACHINE #2 - GLOBAL TIME: 1677988014.5518646 - LOGICAL CLOCK TIME: 356
SENT: Machine 0 has logical clock time 350 TO MACHINE #2 - GLOBAL TIME: 1677988014.5588663 - LOGICAL CLOCK TIME: 356
RECEIVED: Machine 2 has logical clock time 350 - GLOBAL TIME: 1677988014.5632622 - LOGICAL CLOCK TIME: 357 - MESSAGE QUEUE LEN: 0
RECEIVED: Machine 1 has logical clock time 266 - GLOBAL TIME: 1677988014.5765605 - LOGICAL CLOCK TIME: 358 - MESSAGE QUEUE LEN: 0
INTERNAL EVENT - GLOBAL TIME: 1677988014.5865657 - LOGICAL CLOCK TIME: 359
INTERNAL EVENT - GLOBAL TIME: 1677988014.5865657 - LOGICAL CLOCK TIME: 360
INTERNAL EVENT - GLOBAL TIME: 1677988015.500608 - LOGICAL CLOCK TIME: 362
INTERNAL EVENT - GLOBAL TIME: 1677988015.500608 - LOGICAL CLOCK TIME: 363
INTERNAL EVENT - GLOBAL TIME: 1677988015.5036068 - LOGICAL CLOCK TIME: 364
SENT: Machine 0 has logical clock time 361 TO MACHINE #1 - GLOBAL TIME: 1677988015.5070052 - LOGICAL CLOCK TIME: 364
INTERNAL EVENT - GLOBAL TIME: 1677988015.5131462 - LOGICAL CLOCK TIME: 365
INTERNAL EVENT - GLOBAL TIME: 1677988015.5151458 - LOGICAL CLOCK TIME: 366
INTERNAL EVENT - GLOBAL TIME: 1677988015.5161476 - LOGICAL CLOCK TIME: 367
INTERNAL EVENT - GLOBAL TIME: 1677988015.5181472 - LOGICAL CLOCK TIME: 368
INTERNAL EVENT - GLOBAL TIME: 1677988015.522146 - LOGICAL CLOCK TIME: 369
RECEIVED: Machine 2 has logical clock time 368 - GLOBAL TIME: 1677988015.534153 - LOGICAL CLOCK TIME: 371 - MESSAGE QUEUE LEN: 0
SENT: Machine 0 has logical clock time 370 TO MACHINE #1 - GLOBAL TIME: 1677988015.535607 - LOGICAL CLOCK TIME: 371
INTERNAL EVENT - GLOBAL TIME: 1677988015.5369678 - LOGICAL CLOCK TIME: 372
RECEIVED: Machine 1 has logical clock time 280 - GLOBAL TIME: 1677988015.5389752 - LOGICAL CLOCK TIME: 373 - MESSAGE QUEUE LEN: 0
SENT: Machine 0 has logical clock time 375 TO MACHINE #1 - GLOBAL TIME: 1677988015.5599744 - LOGICAL CLOCK TIME: 375
RECEIVED: Machine 2 has logical clock time 372 - GLOBAL TIME: 1677988015.5639744 - LOGICAL CLOCK TIME: 376 - MESSAGE QUEUE LEN: 0
SENT: Machine 0 has logical clock time 374 TO MACHINE #1 - GLOBAL TIME: 1677988015.565974 - LOGICAL CLOCK TIME: 376
INTERNAL EVENT - GLOBAL TIME: 1677988015.5749717 - LOGICAL CLOCK TIME: 377
SENT: Machine 0 has logical clock time 375 TO MACHINE #2 - GLOBAL TIME: 1677988015.5860443 - LOGICAL CLOCK TIME: 377
SENT: Machine 0 has logical clock time 374 TO MACHINE #2 - GLOBAL TIME: 1677988015.6019258 - LOGICAL CLOCK TIME: 377
RECEIVED: Machine 1 has logical clock time 284 - GLOBAL TIME: 1677988015.606926 - LOGICAL CLOCK TIME: 378 - MESSAGE QUEUE LEN: 0
RECEIVED: Machine 1 has logical clock time 282 - GLOBAL TIME: 1677988015.620298 - LOGICAL CLOCK TIME: 379 - MESSAGE QUEUE LEN: 0
RECEIVED: Machine 2 has logical clock time 379 - GLOBAL TIME: 1677988015.6212993 - LOGICAL CLOCK TIME: 380 - MESSAGE QUEUE LEN: 0
INTERNAL EVENT - GLOBAL TIME: 1677988016.5033374 - LOGICAL CLOCK TIME: 381
INTERNAL EVENT - GLOBAL TIME: 1677988016.5033374 - LOGICAL CLOCK TIME: 382
INTERNAL EVENT - GLOBAL TIME: 1677988016.5033374 - LOGICAL CLOCK TIME: 383
INTERNAL EVENT - GLOBAL TIME: 1677988016.5033374 - LOGICAL CLOCK TIME: 384
INTERNAL EVENT - GLOBAL TIME: 1677988016.5047338 - LOGICAL CLOCK TIME: 385
INTERNAL EVENT - GLOBAL TIME: 1677988016.5047338 - LOGICAL CLOCK TIME: 387
INTERNAL EVENT - GLOBAL TIME: 1677988016.5047338 - LOGICAL CLOCK TIME: 388
INTERNAL EVENT - GLOBAL TIME: 1677988016.507846 - LOGICAL CLOCK TIME: 389
INTERNAL EVENT - GLOBAL TIME: 1677988016.5098455 - LOGICAL CLOCK TIME: 390
INTERNAL EVENT - GLOBAL TIME: 1677988016.5208364 - LOGICAL CLOCK TIME: 391
INTERNAL EVENT - GLOBAL TIME: 1677988016.5208364 - LOGICAL CLOCK TIME: 392
SENT: Machine 0 has logical clock time 386 TO MACHINE #1 - GLOBAL TIME: 1677988016.522843 - LOGICAL CLOCK TIME: 392
INTERNAL EVENT - GLOBAL TIME: 1677988016.522843 - LOGICAL CLOCK TIME: 393
INTERNAL EVENT - GLOBAL TIME: 1677988016.5350308 - LOGICAL CLOCK TIME: 395
SENT: Machine 0 has logical clock time 396 TO MACHINE #1 - GLOBAL TIME: 1677988016.5424325 - LOGICAL CLOCK TIME: 396
RECEIVED: Machine 1 has logical clock time 295 - GLOBAL TIME: 1677988016.5547268 - LOGICAL CLOCK TIME: 397 - MESSAGE QUEUE LEN: 0
SENT: Machine 0 has logical clock time 394 TO MACHINE #1 - GLOBAL TIME: 1677988016.5587318 - LOGICAL CLOCK TIME: 398
SENT: Machine 0 has logical clock time 394 TO MACHINE #2 - GLOBAL TIME: 1677988016.5702813 - LOGICAL CLOCK TIME: 398
SENT: Machine 0 has logical clock time 398 TO MACHINE #1 - GLOBAL TIME: 1677988016.5710435 - LOGICAL CLOCK TIME: 398
INTERNAL EVENT - GLOBAL TIME: 1677988016.5720406 - LOGICAL CLOCK TIME: 399
SENT: Machine 0 has logical clock time 400 TO MACHINE #1 - GLOBAL TIME: 1677988016.5795107 - LOGICAL CLOCK TIME: 400
RECEIVED: Machine 2 has logical clock time 392 - GLOBAL TIME: 1677988017.5172582 - LOGICAL CLOCK TIME: 401 - MESSAGE QUEUE LEN: 3
RECEIVED: Machine 1 has logical clock time 293 - GLOBAL TIME: 1677988017.519256 - LOGICAL CLOCK TIME: 402 - MESSAGE QUEUE LEN: 2
RECEIVED: Machine 2 has logical clock time 398 - GLOBAL TIME: 1677988017.519256 - LOGICAL CLOCK TIME: 403 - MESSAGE QUEUE LEN: 1
RECEIVED: Machine 2 has logical clock time 399 - GLOBAL TIME: 1677988017.5202556 - LOGICAL CLOCK TIME: 404 - MESSAGE QUEUE LEN: 0
INTERNAL EVENT - GLOBAL TIME: 1677988017.522298 - LOGICAL CLOCK TIME: 405
INTERNAL EVENT - GLOBAL TIME: 1677988017.529304 - LOGICAL CLOCK TIME: 406
INTERNAL EVENT - GLOBAL TIME: 1677988017.53161 - LOGICAL CLOCK TIME: 407
INTERNAL EVENT - GLOBAL TIME: 1677988017.5386105 - LOGICAL CLOCK TIME: 408
INTERNAL EVENT - GLOBAL TIME: 1677988017.5409582 - LOGICAL CLOCK TIME: 409
RECEIVED: Machine 2 has logical clock time 406 - GLOBAL TIME: 1677988017.5509715 - LOGICAL CLOCK TIME: 411 - MESSAGE QUEUE LEN: 0
INTERNAL EVENT - GLOBAL TIME: 1677988017.5786915 - LOGICAL CLOCK TIME: 414
SENT: Machine 0 has logical clock time 410 TO MACHINE #2 - GLOBAL TIME: 1677988017.55496 - LOGICAL CLOCK TIME: 412
SENT: Machine 0 has logical clock time 413 TO MACHINE #2 - GLOBAL TIME: 1677988017.5590994 - LOGICAL CLOCK TIME: 413
INTERNAL EVENT - GLOBAL TIME: 1677988017.552959 - LOGICAL CLOCK TIME: 412
INTERNAL EVENT - GLOBAL TIME: 1677988017.5864542 - LOGICAL CLOCK TIME: 416
RECEIVED: Machine 2 has logical clock time 405 - GLOBAL TIME: 1677988017.6055257 - LOGICAL CLOCK TIME: 418 - MESSAGE QUEUE LEN: 0
SENT: Machine 0 has logical clock time 415 TO MACHINE #1 - GLOBAL TIME: 1677988017.6065361 - LOGICAL CLOCK TIME: 418
INTERNAL EVENT - GLOBAL TIME: 1677988017.6065361 - LOGICAL CLOCK TIME: 419
SENT: Machine 0 has logical clock time 417 TO MACHINE #2 - GLOBAL TIME: 1677988017.6065361 - LOGICAL CLOCK TIME: 419
SENT: Machine 0 has logical clock time 420 TO MACHINE #1 - GLOBAL TIME: 1677988017.622077 - LOGICAL CLOCK TIME: 420
RECEIVED: Machine 1 has logical clock time 311 - GLOBAL TIME: 1677988018.5216267 - LOGICAL CLOCK TIME: 421 - MESSAGE QUEUE LEN: 2
RECEIVED: Machine 2 has logical clock time 416 - GLOBAL TIME: 1677988018.5236263 - LOGICAL CLOCK TIME: 422 - MESSAGE QUEUE LEN: 1
RECEIVED: Machine 2 has logical clock time 420 - GLOBAL TIME: 1677988018.5296261 - LOGICAL CLOCK TIME: 423 - MESSAGE QUEUE LEN: 0
INTERNAL EVENT - GLOBAL TIME: 1677988018.53963 - LOGICAL CLOCK TIME: 425
INTERNAL EVENT - GLOBAL TIME: 1677988018.5416284 - LOGICAL CLOCK TIME: 426
INTERNAL EVENT - GLOBAL TIME: 1677988018.5440204 - LOGICAL CLOCK TIME: 428
SENT: Machine 0 has logical clock time 424 TO MACHINE #1 - GLOBAL TIME: 1677988018.5521715 - LOGICAL CLOCK TIME: 430
SENT: Machine 0 has logical clock time 424 TO MACHINE #2 - GLOBAL TIME: 1677988018.5543082 - LOGICAL CLOCK TIME: 431
SENT: Machine 0 has logical clock time 429 TO MACHINE #2 - GLOBAL TIME: 1677988018.558314 - LOGICAL CLOCK TIME: 431
INTERNAL EVENT - GLOBAL TIME: 1677988018.5593143 - LOGICAL CLOCK TIME: 432
SENT: Machine 0 has logical clock time 430 TO MACHINE #2 - GLOBAL TIME: 1677988018.5593143 - LOGICAL CLOCK TIME: 432
INTERNAL EVENT - GLOBAL TIME: 1677988018.5593143 - LOGICAL CLOCK TIME: 433
SENT: Machine 0 has logical clock time 427 TO MACHINE #2 - GLOBAL TIME: 1677988018.563967 - LOGICAL CLOCK TIME: 433
RECEIVED: Machine 1 has logical clock time 323 - GLOBAL TIME: 1677988018.567053 - LOGICAL CLOCK TIME: 434 - MESSAGE QUEUE LEN: 0
SENT: Machine 0 has logical clock time 431 TO MACHINE #2 - GLOBAL TIME: 1677988018.569052 - LOGICAL CLOCK TIME: 434
INTERNAL EVENT - GLOBAL TIME: 1677988018.5710523 - LOGICAL CLOCK TIME: 435
RECEIVED: Machine 2 has logical clock time 429 - GLOBAL TIME: 1677988018.5860522 - LOGICAL CLOCK TIME: 436 - MESSAGE QUEUE LEN: 0
INTERNAL EVENT - GLOBAL TIME: 1677988018.5910509 - LOGICAL CLOCK TIME: 438
SENT: Machine 0 has logical clock time 437 TO MACHINE #2 - GLOBAL TIME: 1677988018.6033928 - LOGICAL CLOCK TIME: 438
SENT: Machine 0 has logical clock time 439 TO MACHINE #1 - GLOBAL TIME: 1677988018.6234672 - LOGICAL CLOCK TIME: 439
RECEIVED: Machine 2 has logical clock time 437 - GLOBAL TIME: 1677988018.6234672 - LOGICAL CLOCK TIME: 440 - MESSAGE QUEUE LEN: 0
RECEIVED: Machine 2 has logical clock time 438 - GLOBAL TIME: 1677988019.529565 - LOGICAL CLOCK TIME: 441 - MESSAGE QUEUE LEN: 1
RECEIVED: Machine 1 has logical clock time 333 - GLOBAL TIME: 1677988019.529565 - LOGICAL CLOCK TIME: 442 - MESSAGE QUEUE LEN: 0
INTERNAL EVENT - GLOBAL TIME: 1677988019.5318875 - LOGICAL CLOCK TIME: 443
INTERNAL EVENT - GLOBAL TIME: 1677988019.533899 - LOGICAL CLOCK TIME: 444
RECEIVED: Machine 1 has logical clock time 335 - GLOBAL TIME: 1677988019.543894 - LOGICAL CLOCK TIME: 445 - MESSAGE QUEUE LEN: 0
INTERNAL EVENT - GLOBAL TIME: 1677988019.5528963 - LOGICAL CLOCK TIME: 447
INTERNAL EVENT - GLOBAL TIME: 1677988019.5588953 - LOGICAL CLOCK TIME: 449
RECEIVED: Machine 2 has logical clock time 446 - GLOBAL TIME: 1677988019.5628939 - LOGICAL CLOCK TIME: 450 - MESSAGE QUEUE LEN: 0
INTERNAL EVENT - GLOBAL TIME: 1677988019.5628939 - LOGICAL CLOCK TIME: 451
SENT: Machine 0 has logical clock time 448 TO MACHINE #2 - GLOBAL TIME: 1677988019.5628939 - LOGICAL CLOCK TIME: 451
INTERNAL EVENT - GLOBAL TIME: 1677988019.5652993 - LOGICAL CLOCK TIME: 452
INTERNAL EVENT - GLOBAL TIME: 1677988019.5683892 - LOGICAL CLOCK TIME: 453
SENT: Machine 0 has logical clock time 446 TO MACHINE #1 - GLOBAL TIME: 1677988019.5693789 - LOGICAL CLOCK TIME: 453
INTERNAL EVENT - GLOBAL TIME: 1677988019.5745602 - LOGICAL CLOCK TIME: 454
INTERNAL EVENT - GLOBAL TIME: 1677988019.5915587 - LOGICAL CLOCK TIME: 457
INTERNAL EVENT - GLOBAL TIME: 1677988019.5935593 - LOGICAL CLOCK TIME: 458
RECEIVED: Machine 2 has logical clock time 450 - GLOBAL TIME: 1677988019.5982084 - LOGICAL CLOCK TIME: 459 - MESSAGE QUEUE LEN: 0
SENT: Machine 0 has logical clock time 456 TO MACHINE #1 - GLOBAL TIME: 1677988019.6012166 - LOGICAL CLOCK TIME: 459
SENT: Machine 0 has logical clock time 455 TO MACHINE #1 - GLOBAL TIME: 1677988019.6323028 - LOGICAL CLOCK TIME: 459
SENT: Machine 0 has logical clock time 455 TO MACHINE #2 - GLOBAL TIME: 1677988019.6353033 - LOGICAL CLOCK TIME: 459
RECEIVED: Machine 1 has logical clock time 339 - GLOBAL TIME: 1677988019.6353033 - LOGICAL CLOCK TIME: 460 - MESSAGE QUEUE LEN: 0
RECEIVED: Machine 1 has logical clock time 345 - GLOBAL TIME: 1677988020.5485005 - LOGICAL CLOCK TIME: 461 - MESSAGE QUEUE LEN: 1
RECEIVED: Machine 2 has logical clock time 459 - GLOBAL TIME: 1677988020.5485005 - LOGICAL CLOCK TIME: 462 - MESSAGE QUEUE LEN: 0
INTERNAL EVENT - GLOBAL TIME: 1677988020.562893 - LOGICAL CLOCK TIME: 465
INTERNAL EVENT - GLOBAL TIME: 1677988020.5639946 - LOGICAL CLOCK TIME: 466
RECEIVED: Machine 2 has logical clock time 464 - GLOBAL TIME: 1677988020.566001 - LOGICAL CLOCK TIME: 467 - MESSAGE QUEUE LEN: 0
INTERNAL EVENT - GLOBAL TIME: 1677988020.569002 - LOGICAL CLOCK TIME: 468
SENT: Machine 0 has logical clock time 463 TO MACHINE #2 - GLOBAL TIME: 1677988020.5710006 - LOGICAL CLOCK TIME: 468
INTERNAL EVENT - GLOBAL TIME: 1677988020.5710006 - LOGICAL CLOCK TIME: 469
INTERNAL EVENT - GLOBAL TIME: 1677988020.5783987 - LOGICAL CLOCK TIME: 470
INTERNAL EVENT - GLOBAL TIME: 1677988020.583411 - LOGICAL CLOCK TIME: 472
SENT: Machine 0 has logical clock time 471 TO MACHINE #1 - GLOBAL TIME: 1677988020.5864048 - LOGICAL CLOCK TIME: 472
INTERNAL EVENT - GLOBAL TIME: 1677988020.5914044 - LOGICAL CLOCK TIME: 473
INTERNAL EVENT - GLOBAL TIME: 1677988020.5964067 - LOGICAL CLOCK TIME: 474
INTERNAL EVENT - GLOBAL TIME: 1677988020.5986056 - LOGICAL CLOCK TIME: 475
SENT: Machine 0 has logical clock time 464 TO MACHINE #1 - GLOBAL TIME: 1677988020.603611 - LOGICAL CLOCK TIME: 475
SENT: Machine 0 has logical clock time 476 TO MACHINE #2 - GLOBAL TIME: 1677988020.619613 - LOGICAL CLOCK TIME: 476
SENT: Machine 0 has logical clock time 464 TO MACHINE #2 - GLOBAL TIME: 1677988020.6256142 - LOGICAL CLOCK TIME: 476
RECEIVED: Machine 2 has logical clock time 467 - GLOBAL TIME: 1677988020.6432714 - LOGICAL CLOCK TIME: 477 - MESSAGE QUEUE LEN: 0
SENT: Machine 0 has logical clock time 478 TO MACHINE #1 - GLOBAL TIME: 1677988020.6587138 - LOGICAL CLOCK TIME: 479
INTERNAL EVENT - GLOBAL TIME: 1677988020.6677139 - LOGICAL CLOCK TIME: 480
SENT: Machine 0 has logical clock time 479 TO MACHINE #1 - GLOBAL TIME: 1677988020.676714 - LOGICAL CLOCK TIME: 480
SENT: Machine 0 has logical clock time 479 TO MACHINE #2 - GLOBAL TIME: 1677988020.678713 - LOGICAL CLOCK TIME: 480
RECEIVED: Machine 1 has logical clock time 360 - GLOBAL TIME: 1677988021.5573134 - LOGICAL CLOCK TIME: 481 - MESSAGE QUEUE LEN: 1
RECEIVED: Machine 2 has logical clock time 471 - GLOBAL TIME: 1677988021.559313 - LOGICAL CLOCK TIME: 482 - MESSAGE QUEUE LEN: 0
INTERNAL EVENT - GLOBAL TIME: 1677988021.5613203 - LOGICAL CLOCK TIME: 483
INTERNAL EVENT - GLOBAL TIME: 1677988021.5623186 - LOGICAL CLOCK TIME: 484
INTERNAL EVENT - GLOBAL TIME: 1677988021.571318 - LOGICAL CLOCK TIME: 485
INTERNAL EVENT - GLOBAL TIME: 1677988021.5743184 - LOGICAL CLOCK TIME: 486
INTERNAL EVENT - GLOBAL TIME: 1677988021.5799396 - LOGICAL CLOCK TIME: 487
INTERNAL EVENT - GLOBAL TIME: 1677988021.5809402 - LOGICAL CLOCK TIME: 488
INTERNAL EVENT - GLOBAL TIME: 1677988021.589013 - LOGICAL CLOCK TIME: 490
INTERNAL EVENT - GLOBAL TIME: 1677988021.5930207 - LOGICAL CLOCK TIME: 491
INTERNAL EVENT - GLOBAL TIME: 1677988021.5930207 - LOGICAL CLOCK TIME: 492
SENT: Machine 0 has logical clock time 489 TO MACHINE #2 - GLOBAL TIME: 1677988021.615246 - LOGICAL CLOCK TIME: 492
RECEIVED: Machine 2 has logical clock time 487 - GLOBAL TIME: 1677988021.6176364 - LOGICAL CLOCK TIME: 493 - MESSAGE QUEUE LEN: 0
INTERNAL EVENT - GLOBAL TIME: 1677988021.6236207 - LOGICAL CLOCK TIME: 494
INTERNAL EVENT - GLOBAL TIME: 1677988021.62562 - LOGICAL CLOCK TIME: 495
RECEIVED: Machine 2 has logical clock time 490 - GLOBAL TIME: 1677988021.6446283 - LOGICAL CLOCK TIME: 496 - MESSAGE QUEUE LEN: 1
RECEIVED: Machine 2 has logical clock time 491 - GLOBAL TIME: 1677988021.6526332 - LOGICAL CLOCK TIME: 497 - MESSAGE QUEUE LEN: 0
INTERNAL EVENT - GLOBAL TIME: 1677988021.658629 - LOGICAL CLOCK TIME: 498
INTERNAL EVENT - GLOBAL TIME: 1677988021.6626263 - LOGICAL CLOCK TIME: 499
RECEIVED: Machine 2 has logical clock time 493 - GLOBAL TIME: 1677988021.6994066 - LOGICAL CLOCK TIME: 500 - MESSAGE QUEUE LEN: 0
RECEIVED: Machine 1 has logical clock time 374 - GLOBAL TIME: 1677988022.5647972 - LOGICAL CLOCK TIME: 501 - MESSAGE QUEUE LEN: 1
RECEIVED: Machine 2 has logical clock time 496 - GLOBAL TIME: 1677988022.5647972 - LOGICAL CLOCK TIME: 502 - MESSAGE QUEUE LEN: 0
SENT: Machine 0 has logical clock time 503 TO MACHINE #2 - GLOBAL TIME: 1677988022.5709033 - LOGICAL CLOCK TIME: 504
INTERNAL EVENT - GLOBAL TIME: 1677988022.5709033 - LOGICAL CLOCK TIME: 505
SENT: Machine 0 has logical clock time 504 TO MACHINE #1 - GLOBAL TIME: 1677988022.5934994 - LOGICAL CLOCK TIME: 506
SENT: Machine 0 has logical clock time 504 TO MACHINE #2 - GLOBAL TIME: 1677988022.5934994 - LOGICAL CLOCK TIME: 506
SENT: Machine 0 has logical clock time 506 TO MACHINE #1 - GLOBAL TIME: 1677988022.5948565 - LOGICAL CLOCK TIME: 506
INTERNAL EVENT - GLOBAL TIME: 1677988022.5968628 - LOGICAL CLOCK TIME: 507
INTERNAL EVENT - GLOBAL TIME: 1677988022.5978625 - LOGICAL CLOCK TIME: 508
SENT: Machine 0 has logical clock time 509 TO MACHINE #2 - GLOBAL TIME: 1677988022.601141 - LOGICAL CLOCK TIME: 509
SENT: Machine 0 has logical clock time 506 TO MACHINE #2 - GLOBAL TIME: 1677988022.6081333 - LOGICAL CLOCK TIME: 509
INTERNAL EVENT - GLOBAL TIME: 1677988022.621366 - LOGICAL CLOCK TIME: 510
INTERNAL EVENT - GLOBAL TIME: 1677988022.6309106 - LOGICAL CLOCK TIME: 512
INTERNAL EVENT - GLOBAL TIME: 1677988022.6422946 - LOGICAL CLOCK TIME: 513
INTERNAL EVENT - GLOBAL TIME: 1677988022.6515446 - LOGICAL CLOCK TIME: 514
SENT: Machine 0 has logical clock time 511 TO MACHINE #1 - GLOBAL TIME: 1677988022.6545424 - LOGICAL CLOCK TIME: 515
INTERNAL EVENT - GLOBAL TIME: 1677988022.6627882 - LOGICAL CLOCK TIME: 516
SENT: Machine 0 has logical clock time 515 TO MACHINE #1 - GLOBAL TIME: 1677988022.6647875 - LOGICAL CLOCK TIME: 516
SENT: Machine 0 has logical clock time 511 TO MACHINE #2 - GLOBAL TIME: 1677988022.6812563 - LOGICAL CLOCK TIME: 516
RECEIVED: Machine 2 has logical clock time 516 - GLOBAL TIME: 1677988022.6893756 - LOGICAL CLOCK TIME: 517 - MESSAGE QUEUE LEN: 0
RECEIVED: Machine 1 has logical clock time 390 - GLOBAL TIME: 1677988022.6993768 - LOGICAL CLOCK TIME: 518 - MESSAGE QUEUE LEN: 0
INTERNAL EVENT - GLOBAL TIME: 1677988022.70563 - LOGICAL CLOCK TIME: 519
INTERNAL EVENT - GLOBAL TIME: 1677988022.7296302 - LOGICAL CLOCK TIME: 520
RECEIVED: Machine 2 has logical clock time 519 - GLOBAL TIME: 1677988023.5740526 - LOGICAL CLOCK TIME: 521 - MESSAGE QUEUE LEN: 0
INTERNAL EVENT - GLOBAL TIME: 1677988023.5790517 - LOGICAL CLOCK TIME: 522
SENT: Machine 0 has logical clock time 523 TO MACHINE #2 - GLOBAL TIME: 1677988023.580051 - LOGICAL CLOCK TIME: 523
INTERNAL EVENT - GLOBAL TIME: 1677988023.5854034 - LOGICAL CLOCK TIME: 525
INTERNAL EVENT - GLOBAL TIME: 1677988023.5854034 - LOGICAL CLOCK TIME: 526
INTERNAL EVENT - GLOBAL TIME: 1677988023.5854034 - LOGICAL CLOCK TIME: 527
INTERNAL EVENT - GLOBAL TIME: 1677988023.5886064 - LOGICAL CLOCK TIME: 528
SENT: Machine 0 has logical clock time 524 TO MACHINE #1 - GLOBAL TIME: 1677988023.5936007 - LOGICAL CLOCK TIME: 529
INTERNAL EVENT - GLOBAL TIME: 1677988023.6028602 - LOGICAL CLOCK TIME: 530
INTERNAL EVENT - GLOBAL TIME: 1677988023.6058578 - LOGICAL CLOCK TIME: 531
INTERNAL EVENT - GLOBAL TIME: 1677988023.6098576 - LOGICAL CLOCK TIME: 532
SENT: Machine 0 has logical clock time 529 TO MACHINE #1 - GLOBAL TIME: 1677988023.616858 - LOGICAL CLOCK TIME: 532
INTERNAL EVENT - GLOBAL TIME: 1677988023.629441 - LOGICAL CLOCK TIME: 534
INTERNAL EVENT - GLOBAL TIME: 1677988023.6306386 - LOGICAL CLOCK TIME: 535
INTERNAL EVENT - GLOBAL TIME: 1677988023.6462536 - LOGICAL CLOCK TIME: 537
SENT: Machine 0 has logical clock time 538 TO MACHINE #1 - GLOBAL TIME: 1677988023.669363 - LOGICAL CLOCK TIME: 538
SENT: Machine 0 has logical clock time 533 TO MACHINE #1 - GLOBAL TIME: 1677988023.6725905 - LOGICAL CLOCK TIME: 538
SENT: Machine 0 has logical clock time 533 TO MACHINE #2 - GLOBAL TIME: 1677988023.6786458 - LOGICAL CLOCK TIME: 538
SENT: Machine 0 has logical clock time 536 TO MACHINE #1 - GLOBAL TIME: 1677988023.6819704 - LOGICAL CLOCK TIME: 538
SENT: Machine 0 has logical clock time 536 TO MACHINE #2 - GLOBAL TIME: 1677988023.6887038 - LOGICAL CLOCK TIME: 539
INTERNAL EVENT - GLOBAL TIME: 1677988023.6887038 - LOGICAL CLOCK TIME: 540
SENT: Machine 0 has logical clock time 539 TO MACHINE #2 - GLOBAL TIME: 1677988023.6959288 - LOGICAL CLOCK TIME: 540
RECEIVED: Machine 2 has logical clock time 527 - GLOBAL TIME: 1677988024.5852666 - LOGICAL CLOCK TIME: 541 - MESSAGE QUEUE LEN: 5
RECEIVED: Machine 2 has logical clock time 525 - GLOBAL TIME: 1677988024.5852666 - LOGICAL CLOCK TIME: 542 - MESSAGE QUEUE LEN: 4
RECEIVED: Machine 1 has logical clock time 397 - GLOBAL TIME: 1677988024.5922666 - LOGICAL CLOCK TIME: 543 - MESSAGE QUEUE LEN: 3
RECEIVED: Machine 1 has logical clock time 396 - GLOBAL TIME: 1677988024.5922666 - LOGICAL CLOCK TIME: 544 - MESSAGE QUEUE LEN: 2
RECEIVED: Machine 2 has logical clock time 532 - GLOBAL TIME: 1677988024.5992672 - LOGICAL CLOCK TIME: 545 - MESSAGE QUEUE LEN: 1
RECEIVED: Machine 1 has logical clock time 405 - GLOBAL TIME: 1677988024.6012678 - LOGICAL CLOCK TIME: 546 - MESSAGE QUEUE LEN: 0
INTERNAL EVENT - GLOBAL TIME: 1677988024.6012678 - LOGICAL CLOCK TIME: 547
INTERNAL EVENT - GLOBAL TIME: 1677988024.6032693 - LOGICAL CLOCK TIME: 548
INTERNAL EVENT - GLOBAL TIME: 1677988024.6052678 - LOGICAL CLOCK TIME: 549
INTERNAL EVENT - GLOBAL TIME: 1677988024.6152692 - LOGICAL CLOCK TIME: 550
INTERNAL EVENT - GLOBAL TIME: 1677988024.616267 - LOGICAL CLOCK TIME: 551
INTERNAL EVENT - GLOBAL TIME: 1677988024.6202676 - LOGICAL CLOCK TIME: 552
INTERNAL EVENT - GLOBAL TIME: 1677988024.632269 - LOGICAL CLOCK TIME: 553
INTERNAL EVENT - GLOBAL TIME: 1677988024.6422665 - LOGICAL CLOCK TIME: 554
INTERNAL EVENT - GLOBAL TIME: 1677988024.6442685 - LOGICAL CLOCK TIME: 555
INTERNAL EVENT - GLOBAL TIME: 1677988024.655678 - LOGICAL CLOCK TIME: 556
RECEIVED: Machine 1 has logical clock time 420 - GLOBAL TIME: 1677988024.659676 - LOGICAL CLOCK TIME: 557 - MESSAGE QUEUE LEN: 0
INTERNAL EVENT - GLOBAL TIME: 1677988024.6619518 - LOGICAL CLOCK TIME: 558
INTERNAL EVENT - GLOBAL TIME: 1677988024.67849 - LOGICAL CLOCK TIME: 560
INTERNAL EVENT - GLOBAL TIME: 1677988024.67449 - LOGICAL CLOCK TIME: 559
RECEIVED: Machine 2 has logical clock time 556 - GLOBAL TIME: 1677988025.5940475 - LOGICAL CLOCK TIME: 561 - MESSAGE QUEUE LEN: 2
RECEIVED: Machine 2 has logical clock time 557 - GLOBAL TIME: 1677988025.5940475 - LOGICAL CLOCK TIME: 562 - MESSAGE QUEUE LEN: 1
RECEIVED: Machine 2 has logical clock time 560 - GLOBAL TIME: 1677988025.5980492 - LOGICAL CLOCK TIME: 563 - MESSAGE QUEUE LEN: 0
INTERNAL EVENT - GLOBAL TIME: 1677988025.6000495 - LOGICAL CLOCK TIME: 564
INTERNAL EVENT - GLOBAL TIME: 1677988025.6120489 - LOGICAL CLOCK TIME: 566
INTERNAL EVENT - GLOBAL TIME: 1677988025.6150484 - LOGICAL CLOCK TIME: 567
INTERNAL EVENT - GLOBAL TIME: 1677988025.6180484 - LOGICAL CLOCK TIME: 568
INTERNAL EVENT - GLOBAL TIME: 1677988025.6200483 - LOGICAL CLOCK TIME: 569
SENT: Machine 0 has logical clock time 571 TO MACHINE #1 - GLOBAL TIME: 1677988025.6420813 - LOGICAL CLOCK TIME: 571
INTERNAL EVENT - GLOBAL TIME: 1677988025.6420813 - LOGICAL CLOCK TIME: 572
INTERNAL EVENT - GLOBAL TIME: 1677988025.6420813 - LOGICAL CLOCK TIME: 573
INTERNAL EVENT - GLOBAL TIME: 1677988025.6420813 - LOGICAL CLOCK TIME: 574
SENT: Machine 0 has logical clock time 570 TO MACHINE #2 - GLOBAL TIME: 1677988025.6440897 - LOGICAL CLOCK TIME: 574
SENT: Machine 0 has logical clock time 565 TO MACHINE #1 - GLOBAL TIME: 1677988025.6608791 - LOGICAL CLOCK TIME: 574
SENT: Machine 0 has logical clock time 565 TO MACHINE #2 - GLOBAL TIME: 1677988025.673661 - LOGICAL CLOCK TIME: 575
INTERNAL EVENT - GLOBAL TIME: 1677988025.6756592 - LOGICAL CLOCK TIME: 576
INTERNAL EVENT - GLOBAL TIME: 1677988025.6756592 - LOGICAL CLOCK TIME: 577
INTERNAL EVENT - GLOBAL TIME: 1677988025.6766565 - LOGICAL CLOCK TIME: 578
SENT: Machine 0 has logical clock time 575 TO MACHINE #1 - GLOBAL TIME: 1677988025.6766565 - LOGICAL CLOCK TIME: 578
SENT: Machine 0 has logical clock time 579 TO MACHINE #2 - GLOBAL TIME: 1677988025.692656 - LOGICAL CLOCK TIME: 579
INTERNAL EVENT - GLOBAL TIME: 1677988025.692656 - LOGICAL CLOCK TIME: 580
RECEIVED: Machine 2 has logical clock time 562 - GLOBAL TIME: 1677988026.6089947 - LOGICAL CLOCK TIME: 581 - MESSAGE QUEUE LEN: 6
RECEIVED: Machine 1 has logical clock time 427 - GLOBAL TIME: 1677988026.6089947 - LOGICAL CLOCK TIME: 582 - MESSAGE QUEUE LEN: 5
RECEIVED: Machine 2 has logical clock time 568 - GLOBAL TIME: 1677988026.6113677 - LOGICAL CLOCK TIME: 583 - MESSAGE QUEUE LEN: 4
RECEIVED: Machine 1 has logical clock time 431 - GLOBAL TIME: 1677988026.6193733 - LOGICAL CLOCK TIME: 584 - MESSAGE QUEUE LEN: 3
RECEIVED: Machine 2 has logical clock time 572 - GLOBAL TIME: 1677988026.6243725 - LOGICAL CLOCK TIME: 585 - MESSAGE QUEUE LEN: 2
RECEIVED: Machine 2 has logical clock time 576 - GLOBAL TIME: 1677988026.6337636 - LOGICAL CLOCK TIME: 586 - MESSAGE QUEUE LEN: 1
RECEIVED: Machine 2 has logical clock time 574 - GLOBAL TIME: 1677988026.6337636 - LOGICAL CLOCK TIME: 587 - MESSAGE QUEUE LEN: 0
INTERNAL EVENT - GLOBAL TIME: 1677988026.639763 - LOGICAL CLOCK TIME: 588
INTERNAL EVENT - GLOBAL TIME: 1677988026.6417632 - LOGICAL CLOCK TIME: 590
INTERNAL EVENT - GLOBAL TIME: 1677988026.649765 - LOGICAL CLOCK TIME: 592
INTERNAL EVENT - GLOBAL TIME: 1677988026.6517656 - LOGICAL CLOCK TIME: 593
SENT: Machine 0 has logical clock time 589 TO MACHINE #2 - GLOBAL TIME: 1677988026.6527631 - LOGICAL CLOCK TIME: 593
INTERNAL EVENT - GLOBAL TIME: 1677988026.668875 - LOGICAL CLOCK TIME: 594
SENT: Machine 0 has logical clock time 591 TO MACHINE #1 - GLOBAL TIME: 1677988026.6898735 - LOGICAL CLOCK TIME: 596
SENT: Machine 0 has logical clock time 591 TO MACHINE #2 - GLOBAL TIME: 1677988026.6973658 - LOGICAL CLOCK TIME: 596
SENT: Machine 0 has logical clock time 595 TO MACHINE #2 - GLOBAL TIME: 1677988026.6938734 - LOGICAL CLOCK TIME: 596
SENT: Machine 0 has logical clock time 597 TO MACHINE #2 - GLOBAL TIME: 1677988026.707068 - LOGICAL CLOCK TIME: 598
SENT: Machine 0 has logical clock time 596 TO MACHINE #1 - GLOBAL TIME: 1677988026.7114122 - LOGICAL CLOCK TIME: 598
SENT: Machine 0 has logical clock time 596 TO MACHINE #2 - GLOBAL TIME: 1677988026.716167 - LOGICAL CLOCK TIME: 598
SENT: Machine 0 has logical clock time 598 TO MACHINE #1 - GLOBAL TIME: 1677988026.717168 - LOGICAL CLOCK TIME: 598
SENT: Machine 0 has logical clock time 599 TO MACHINE #2 - GLOBAL TIME: 1677988026.7420876 - LOGICAL CLOCK TIME: 599
RECEIVED: Machine 2 has logical clock time 586 - GLOBAL TIME: 1677988026.7420876 - LOGICAL CLOCK TIME: 600 - MESSAGE QUEUE LEN: 1
RECEIVED: Machine 2 has logical clock time 587 - GLOBAL TIME: 1677988027.6163003 - LOGICAL CLOCK TIME: 601 - MESSAGE QUEUE LEN: 5
RECEIVED: Machine 1 has logical clock time 445 - GLOBAL TIME: 1677988027.6163003 - LOGICAL CLOCK TIME: 602 - MESSAGE QUEUE LEN: 4
RECEIVED: Machine 2 has logical clock time 591 - GLOBAL TIME: 1677988027.6182988 - LOGICAL CLOCK TIME: 603 - MESSAGE QUEUE LEN: 3
RECEIVED: Machine 2 has logical clock time 594 - GLOBAL TIME: 1677988027.6182988 - LOGICAL CLOCK TIME: 604 - MESSAGE QUEUE LEN: 2
RECEIVED: Machine 2 has logical clock time 595 - GLOBAL TIME: 1677988027.6341493 - LOGICAL CLOCK TIME: 605 - MESSAGE QUEUE LEN: 1
RECEIVED: Machine 1 has logical clock time 450 - GLOBAL TIME: 1677988027.6351507 - LOGICAL CLOCK TIME: 606 - MESSAGE QUEUE LEN: 0
INTERNAL EVENT - GLOBAL TIME: 1677988027.6391518 - LOGICAL CLOCK TIME: 607
INTERNAL EVENT - GLOBAL TIME: 1677988027.6391518 - LOGICAL CLOCK TIME: 608
INTERNAL EVENT - GLOBAL TIME: 1677988027.6431499 - LOGICAL CLOCK TIME: 609
INTERNAL EVENT - GLOBAL TIME: 1677988027.6431499 - LOGICAL CLOCK TIME: 610
INTERNAL EVENT - GLOBAL TIME: 1677988027.6481502 - LOGICAL CLOCK TIME: 611
INTERNAL EVENT - GLOBAL TIME: 1677988027.6511502 - LOGICAL CLOCK TIME: 612
INTERNAL EVENT - GLOBAL TIME: 1677988027.6531506 - LOGICAL CLOCK TIME: 613
INTERNAL EVENT - GLOBAL TIME: 1677988027.6592116 - LOGICAL CLOCK TIME: 614
RECEIVED: Machine 2 has logical clock time 606 - GLOBAL TIME: 1677988027.6760023 - LOGICAL CLOCK TIME: 615 - MESSAGE QUEUE LEN: 0
INTERNAL EVENT - GLOBAL TIME: 1677988027.6872842 - LOGICAL CLOCK TIME: 616
INTERNAL EVENT - GLOBAL TIME: 1677988027.7072835 - LOGICAL CLOCK TIME: 617
SENT: Machine 0 has logical clock time 619 TO MACHINE #1 - GLOBAL TIME: 1677988027.7482798 - LOGICAL CLOCK TIME: 619
SENT: Machine 0 has logical clock time 618 TO MACHINE #1 - GLOBAL TIME: 1677988027.756462 - LOGICAL CLOCK TIME: 619
SENT: Machine 0 has logical clock time 619 TO MACHINE #2 - GLOBAL TIME: 1677988027.7594612 - LOGICAL CLOCK TIME: 619
SENT: Machine 0 has logical clock time 618 TO MACHINE #2 - GLOBAL TIME: 1677988027.7614608 - LOGICAL CLOCK TIME: 619
RECEIVED: Machine 2 has logical clock time 607 - GLOBAL TIME: 1677988027.7858055 - LOGICAL CLOCK TIME: 620 - MESSAGE QUEUE LEN: 0
RECEIVED: Machine 2 has logical clock time 612 - GLOBAL TIME: 1677988028.6323595 - LOGICAL CLOCK TIME: 621 - MESSAGE QUEUE LEN: 3
RECEIVED: Machine 1 has logical clock time 461 - GLOBAL TIME: 1677988028.635358 - LOGICAL CLOCK TIME: 622 - MESSAGE QUEUE LEN: 2
RECEIVED: Machine 2 has logical clock time 613 - GLOBAL TIME: 1677988028.635358 - LOGICAL CLOCK TIME: 623 - MESSAGE QUEUE LEN: 1
RECEIVED: Machine 1 has logical clock time 464 - GLOBAL TIME: 1677988028.635358 - LOGICAL CLOCK TIME: 624 - MESSAGE QUEUE LEN: 0
SENT: Machine 0 has logical clock time 625 TO MACHINE #2 - GLOBAL TIME: 1677988028.6543937 - LOGICAL CLOCK TIME: 625
INTERNAL EVENT - GLOBAL TIME: 1677988028.6573937 - LOGICAL CLOCK TIME: 626
INTERNAL EVENT - GLOBAL TIME: 1677988028.6573937 - LOGICAL CLOCK TIME: 627
INTERNAL EVENT - GLOBAL TIME: 1677988028.6573937 - LOGICAL CLOCK TIME: 628
INTERNAL EVENT - GLOBAL TIME: 1677988028.660394 - LOGICAL CLOCK TIME: 629
INTERNAL EVENT - GLOBAL TIME: 1677988028.660394 - LOGICAL CLOCK TIME: 630
INTERNAL EVENT - GLOBAL TIME: 1677988028.6613941 - LOGICAL CLOCK TIME: 633
INTERNAL EVENT - GLOBAL TIME: 1677988028.6613941 - LOGICAL CLOCK TIME: 634
SENT: Machine 0 has logical clock time 631 TO MACHINE #2 - GLOBAL TIME: 1677988028.6695087 - LOGICAL CLOCK TIME: 635
SENT: Machine 0 has logical clock time 632 TO MACHINE #2 - GLOBAL TIME: 1677988028.676507 - LOGICAL CLOCK TIME: 635
INTERNAL EVENT - GLOBAL TIME: 1677988028.6775086 - LOGICAL CLOCK TIME: 636
INTERNAL EVENT - GLOBAL TIME: 1677988028.685607 - LOGICAL CLOCK TIME: 637
INTERNAL EVENT - GLOBAL TIME: 1677988028.7148798 - LOGICAL CLOCK TIME: 638
SENT: Machine 0 has logical clock time 635 TO MACHINE #1 - GLOBAL TIME: 1677988028.7076073 - LOGICAL CLOCK TIME: 637
INTERNAL EVENT - GLOBAL TIME: 1677988028.7148798 - LOGICAL CLOCK TIME: 639
RECEIVED: Machine 2 has logical clock time 625 - GLOBAL TIME: 1677988028.7429638 - LOGICAL CLOCK TIME: 640 - MESSAGE QUEUE LEN: 0
RECEIVED: Machine 2 has logical clock time 631 - GLOBAL TIME: 1677988029.6532001 - LOGICAL CLOCK TIME: 641 - MESSAGE QUEUE LEN: 3
RECEIVED: Machine 1 has logical clock time 473 - GLOBAL TIME: 1677988029.6532001 - LOGICAL CLOCK TIME: 642 - MESSAGE QUEUE LEN: 2
RECEIVED: Machine 1 has logical clock time 479 - GLOBAL TIME: 1677988029.6532001 - LOGICAL CLOCK TIME: 643 - MESSAGE QUEUE LEN: 1
RECEIVED: Machine 2 has logical clock time 634 - GLOBAL TIME: 1677988029.6532001 - LOGICAL CLOCK TIME: 644 - MESSAGE QUEUE LEN: 0
INTERNAL EVENT - GLOBAL TIME: 1677988029.6602006 - LOGICAL CLOCK TIME: 645
INTERNAL EVENT - GLOBAL TIME: 1677988029.665199 - LOGICAL CLOCK TIME: 646
INTERNAL EVENT - GLOBAL TIME: 1677988029.665199 - LOGICAL CLOCK TIME: 647
INTERNAL EVENT - GLOBAL TIME: 1677988029.6713078 - LOGICAL CLOCK TIME: 648
INTERNAL EVENT - GLOBAL TIME: 1677988029.6744 - LOGICAL CLOCK TIME: 649
INTERNAL EVENT - GLOBAL TIME: 1677988029.678401 - LOGICAL CLOCK TIME: 650
SENT: Machine 0 has logical clock time 651 TO MACHINE #2 - GLOBAL TIME: 1677988029.706907 - LOGICAL CLOCK TIME: 651
RECEIVED: Machine 1 has logical clock time 486 - GLOBAL TIME: 1677988029.7200885 - LOGICAL CLOCK TIME: 652 - MESSAGE QUEUE LEN: 0
INTERNAL EVENT - GLOBAL TIME: 1677988029.7360883 - LOGICAL CLOCK TIME: 653
INTERNAL EVENT - GLOBAL TIME: 1677988029.7430904 - LOGICAL CLOCK TIME: 654
INTERNAL EVENT - GLOBAL TIME: 1677988029.7480893 - LOGICAL CLOCK TIME: 655
INTERNAL EVENT - GLOBAL TIME: 1677988029.7545006 - LOGICAL CLOCK TIME: 656
RECEIVED: Machine 2 has logical clock time 644 - GLOBAL TIME: 1677988029.7594993 - LOGICAL CLOCK TIME: 657 - MESSAGE QUEUE LEN: 0
INTERNAL EVENT - GLOBAL TIME: 1677988029.7704182 - LOGICAL CLOCK TIME: 658
INTERNAL EVENT - GLOBAL TIME: 1677988029.784117 - LOGICAL CLOCK TIME: 659
RECEIVED: Machine 1 has logical clock time 488 - GLOBAL TIME: 1677988029.794118 - LOGICAL CLOCK TIME: 660 - MESSAGE QUEUE LEN: 0
RECEIVED: Machine 2 has logical clock time 647 - GLOBAL TIME: 1677988030.6597729 - LOGICAL CLOCK TIME: 661 - MESSAGE QUEUE LEN: 1
RECEIVED: Machine 2 has logical clock time 652 - GLOBAL TIME: 1677988030.6627715 - LOGICAL CLOCK TIME: 662 - MESSAGE QUEUE LEN: 0
INTERNAL EVENT - GLOBAL TIME: 1677988030.6677725 - LOGICAL CLOCK TIME: 663
INTERNAL EVENT - GLOBAL TIME: 1677988030.6677725 - LOGICAL CLOCK TIME: 664
INTERNAL EVENT - GLOBAL TIME: 1677988030.6762176 - LOGICAL CLOCK TIME: 665
RECEIVED: Machine 1 has logical clock time 500 - GLOBAL TIME: 1677988030.6792185 - LOGICAL CLOCK TIME: 666 - MESSAGE QUEUE LEN: 0
INTERNAL EVENT - GLOBAL TIME: 1677988030.6876476 - LOGICAL CLOCK TIME: 669
INTERNAL EVENT - GLOBAL TIME: 1677988030.6876476 - LOGICAL CLOCK TIME: 670
INTERNAL EVENT - GLOBAL TIME: 1677988030.6906476 - LOGICAL CLOCK TIME: 672
SENT: Machine 0 has logical clock time 668 TO MACHINE #1 - GLOBAL TIME: 1677988030.6986487 - LOGICAL CLOCK TIME: 672
INTERNAL EVENT - GLOBAL TIME: 1677988030.6996539 - LOGICAL CLOCK TIME: 673
SENT: Machine 0 has logical clock time 667 TO MACHINE #2 - GLOBAL TIME: 1677988030.7026486 - LOGICAL CLOCK TIME: 673
SENT: Machine 0 has logical clock time 671 TO MACHINE #1 - GLOBAL TIME: 1677988030.710648 - LOGICAL CLOCK TIME: 673
INTERNAL EVENT - GLOBAL TIME: 1677988030.727647 - LOGICAL CLOCK TIME: 675
SENT: Machine 0 has logical clock time 671 TO MACHINE #2 - GLOBAL TIME: 1677988030.7388644 - LOGICAL CLOCK TIME: 675
INTERNAL EVENT - GLOBAL TIME: 1677988030.7438643 - LOGICAL CLOCK TIME: 676
SENT: Machine 0 has logical clock time 674 TO MACHINE #2 - GLOBAL TIME: 1677988030.744866 - LOGICAL CLOCK TIME: 676
SENT: Machine 0 has logical clock time 677 TO MACHINE #1 - GLOBAL TIME: 1677988030.7638662 - LOGICAL CLOCK TIME: 677
INTERNAL EVENT - GLOBAL TIME: 1677988030.7658663 - LOGICAL CLOCK TIME: 678
RECEIVED: Machine 2 has logical clock time 663 - GLOBAL TIME: 1677988030.7887745 - LOGICAL CLOCK TIME: 679 - MESSAGE QUEUE LEN: 2
RECEIVED: Machine 2 has logical clock time 662 - GLOBAL TIME: 1677988030.8041246 - LOGICAL CLOCK TIME: 680 - MESSAGE QUEUE LEN: 1
RECEIVED: Machine 1 has logical clock time 503 - GLOBAL TIME: 1677988031.6636603 - LOGICAL CLOCK TIME: 681 - MESSAGE QUEUE LEN: 1
RECEIVED: Machine 2 has logical clock time 672 - GLOBAL TIME: 1677988031.6791246 - LOGICAL CLOCK TIME: 682 - MESSAGE QUEUE LEN: 0
INTERNAL EVENT - GLOBAL TIME: 1677988031.6825213 - LOGICAL CLOCK TIME: 683
INTERNAL EVENT - GLOBAL TIME: 1677988031.6950355 - LOGICAL CLOCK TIME: 684
INTERNAL EVENT - GLOBAL TIME: 1677988031.6970367 - LOGICAL CLOCK TIME: 685
INTERNAL EVENT - GLOBAL TIME: 1677988031.698037 - LOGICAL CLOCK TIME: 686
INTERNAL EVENT - GLOBAL TIME: 1677988031.698037 - LOGICAL CLOCK TIME: 687
INTERNAL EVENT - GLOBAL TIME: 1677988031.7081454 - LOGICAL CLOCK TIME: 691
INTERNAL EVENT - GLOBAL TIME: 1677988031.7141464 - LOGICAL CLOCK TIME: 692
SENT: Machine 0 has logical clock time 689 TO MACHINE #2 - GLOBAL TIME: 1677988031.7164326 - LOGICAL CLOCK TIME: 692
SENT: Machine 0 has logical clock time 690 TO MACHINE #2 - GLOBAL TIME: 1677988031.720439 - LOGICAL CLOCK TIME: 693
INTERNAL EVENT - GLOBAL TIME: 1677988031.7244403 - LOGICAL CLOCK TIME: 694
SENT: Machine 0 has logical clock time 688 TO MACHINE #2 - GLOBAL TIME: 1677988031.725439 - LOGICAL CLOCK TIME: 694
INTERNAL EVENT - GLOBAL TIME: 1677988031.7327282 - LOGICAL CLOCK TIME: 695
INTERNAL EVENT - GLOBAL TIME: 1677988031.75158 - LOGICAL CLOCK TIME: 696
SENT: Machine 0 has logical clock time 693 TO MACHINE #1 - GLOBAL TIME: 1677988031.7585804 - LOGICAL CLOCK TIME: 696
INTERNAL EVENT - GLOBAL TIME: 1677988031.7625778 - LOGICAL CLOCK TIME: 697
RECEIVED: Machine 2 has logical clock time 684 - GLOBAL TIME: 1677988031.7699258 - LOGICAL CLOCK TIME: 698 - MESSAGE QUEUE LEN: 0
SENT: Machine 0 has logical clock time 693 TO MACHINE #2 - GLOBAL TIME: 1677988031.7942598 - LOGICAL CLOCK TIME: 699
SENT: Machine 0 has logical clock time 699 TO MACHINE #1 - GLOBAL TIME: 1677988031.8070092 - LOGICAL CLOCK TIME: 699
RECEIVED: Machine 1 has logical clock time 517 - GLOBAL TIME: 1677988031.8120086 - LOGICAL CLOCK TIME: 700 - MESSAGE QUEUE LEN: 0
SENT: Machine 0 has logical clock time 699 TO MACHINE #2 - GLOBAL TIME: 1677988031.8264604 - LOGICAL CLOCK TIME: 700
RECEIVED: Machine 2 has logical clock time 687 - GLOBAL TIME: 1677988032.693506 - LOGICAL CLOCK TIME: 701 - MESSAGE QUEUE LEN: 3
