Machine 1 has clock cycle 3
----------------------- Machine 1 is starting its 1th run of 60 seconds -----------------------
SENT: Machine 1 has logical clock time 1 TO MACHINE #2 - GLOBAL TIME: 1677987997.3201861 - LOGICAL CLOCK TIME: 1
----------------------- Machine 1 is starting its 2th run of 60 seconds -----------------------
SENT: Machine 1 has logical clock time 3 TO MACHINE #2 - GLOBAL TIME: 1677987997.321289 - LOGICAL CLOCK TIME: 3
INTERNAL EVENT - GLOBAL TIME: 1677987997.3222957 - LOGICAL CLOCK TIME: 4
----------------------- Machine 1 is starting its 3th run of 60 seconds -----------------------
RECEIVED: Machine 2 has logical clock time 1 - GLOBAL TIME: 1677987997.3222957 - LOGICAL CLOCK TIME: 6 - MESSAGE QUEUE LEN: 0
SENT: Machine 1 has logical clock time 2 TO MACHINE #2 - GLOBAL TIME: 1677987997.3235683 - LOGICAL CLOCK TIME: 6
INTERNAL EVENT - GLOBAL TIME: 1677987997.3235683 - LOGICAL CLOCK TIME: 7
SENT: Machine 1 has logical clock time 2 TO MACHINE #0 - GLOBAL TIME: 1677987997.3247957 - LOGICAL CLOCK TIME: 7
----------------------- Machine 1 is starting its 4th run of 60 seconds -----------------------
SENT: Machine 1 has logical clock time 5 TO MACHINE #2 - GLOBAL TIME: 1677987997.3247957 - LOGICAL CLOCK TIME: 7
INTERNAL EVENT - GLOBAL TIME: 1677987997.3258042 - LOGICAL CLOCK TIME: 8
RECEIVED: Machine 0 has logical clock time 7 - GLOBAL TIME: 1677987997.3268034 - LOGICAL CLOCK TIME: 9 - MESSAGE QUEUE LEN: 0
INTERNAL EVENT - GLOBAL TIME: 1677987997.3291817 - LOGICAL CLOCK TIME: 10
INTERNAL EVENT - GLOBAL TIME: 1677987997.335385 - LOGICAL CLOCK TIME: 11
INTERNAL EVENT - GLOBAL TIME: 1677987997.335385 - LOGICAL CLOCK TIME: 12
SENT: Machine 1 has logical clock time 5 TO MACHINE #0 - GLOBAL TIME: 1677987997.3291817 - LOGICAL CLOCK TIME: 10
----------------------- Machine 1 is starting its 5th run of 60 seconds -----------------------
RECEIVED: Machine 2 has logical clock time 10 - GLOBAL TIME: 1677987997.3374884 - LOGICAL CLOCK TIME: 13 - MESSAGE QUEUE LEN: 0
INTERNAL EVENT - GLOBAL TIME: 1677987997.3374884 - LOGICAL CLOCK TIME: 14
SENT: Machine 1 has logical clock time 15 TO MACHINE #2 - GLOBAL TIME: 1677987997.3408144 - LOGICAL CLOCK TIME: 15
RECEIVED: Machine 0 has logical clock time 10 - GLOBAL TIME: 1677987998.3341458 - LOGICAL CLOCK TIME: 16 - MESSAGE QUEUE LEN: 5
RECEIVED: Machine 0 has logical clock time 11 - GLOBAL TIME: 1677987998.3341458 - LOGICAL CLOCK TIME: 17 - MESSAGE QUEUE LEN: 4
RECEIVED: Machine 0 has logical clock time 12 - GLOBAL TIME: 1677987998.3341458 - LOGICAL CLOCK TIME: 18 - MESSAGE QUEUE LEN: 3
RECEIVED: Machine 2 has logical clock time 11 - GLOBAL TIME: 1677987998.3351457 - LOGICAL CLOCK TIME: 19 - MESSAGE QUEUE LEN: 2
RECEIVED: Machine 2 has logical clock time 13 - GLOBAL TIME: 1677987998.3351457 - LOGICAL CLOCK TIME: 20 - MESSAGE QUEUE LEN: 1
RECEIVED: Machine 2 has logical clock time 15 - GLOBAL TIME: 1677987998.3351457 - LOGICAL CLOCK TIME: 21 - MESSAGE QUEUE LEN: 0
INTERNAL EVENT - GLOBAL TIME: 1677987998.3351457 - LOGICAL CLOCK TIME: 22
INTERNAL EVENT - GLOBAL TIME: 1677987998.3351457 - LOGICAL CLOCK TIME: 23
INTERNAL EVENT - GLOBAL TIME: 1677987998.3361454 - LOGICAL CLOCK TIME: 25
INTERNAL EVENT - GLOBAL TIME: 1677987998.338156 - LOGICAL CLOCK TIME: 26
INTERNAL EVENT - GLOBAL TIME: 1677987998.3391657 - LOGICAL CLOCK TIME: 27
SENT: Machine 1 has logical clock time 24 TO MACHINE #2 - GLOBAL TIME: 1677987998.340166 - LOGICAL CLOCK TIME: 27
SENT: Machine 1 has logical clock time 24 TO MACHINE #0 - GLOBAL TIME: 1677987998.3414392 - LOGICAL CLOCK TIME: 27
RECEIVED: Machine 0 has logical clock time 28 - GLOBAL TIME: 1677987998.3494458 - LOGICAL CLOCK TIME: 28 - MESSAGE QUEUE LEN: 1
RECEIVED: Machine 2 has logical clock time 29 - GLOBAL TIME: 1677987998.3504486 - LOGICAL CLOCK TIME: 29 - MESSAGE QUEUE LEN: 0
SENT: Machine 1 has logical clock time 30 TO MACHINE #2 - GLOBAL TIME: 1677987998.3534484 - LOGICAL CLOCK TIME: 30
SENT: Machine 1 has logical clock time 30 TO MACHINE #0 - GLOBAL TIME: 1677987998.3534484 - LOGICAL CLOCK TIME: 30
RECEIVED: Machine 0 has logical clock time 30 - GLOBAL TIME: 1677987999.3498523 - LOGICAL CLOCK TIME: 31 - MESSAGE QUEUE LEN: 4
RECEIVED: Machine 2 has logical clock time 28 - GLOBAL TIME: 1677987999.3508556 - LOGICAL CLOCK TIME: 32 - MESSAGE QUEUE LEN: 3
RECEIVED: Machine 0 has logical clock time 33 - GLOBAL TIME: 1677987999.3508556 - LOGICAL CLOCK TIME: 33 - MESSAGE QUEUE LEN: 2
RECEIVED: Machine 2 has logical clock time 33 - GLOBAL TIME: 1677987999.3508556 - LOGICAL CLOCK TIME: 34 - MESSAGE QUEUE LEN: 1
RECEIVED: Machine 0 has logical clock time 40 - GLOBAL TIME: 1677987999.3508556 - LOGICAL CLOCK TIME: 35 - MESSAGE QUEUE LEN: 0
INTERNAL EVENT - GLOBAL TIME: 1677987999.352857 - LOGICAL CLOCK TIME: 36
INTERNAL EVENT - GLOBAL TIME: 1677987999.3542645 - LOGICAL CLOCK TIME: 38
RECEIVED: Machine 0 has logical clock time 46 - GLOBAL TIME: 1677987999.3565376 - LOGICAL CLOCK TIME: 39 - MESSAGE QUEUE LEN: 0
INTERNAL EVENT - GLOBAL TIME: 1677987999.357565 - LOGICAL CLOCK TIME: 40
SENT: Machine 1 has logical clock time 41 TO MACHINE #2 - GLOBAL TIME: 1677987999.3601558 - LOGICAL CLOCK TIME: 41
SENT: Machine 1 has logical clock time 37 TO MACHINE #2 - GLOBAL TIME: 1677987999.3601558 - LOGICAL CLOCK TIME: 41
SENT: Machine 1 has logical clock time 37 TO MACHINE #0 - GLOBAL TIME: 1677987999.3639395 - LOGICAL CLOCK TIME: 41
RECEIVED: Machine 2 has logical clock time 45 - GLOBAL TIME: 1677987999.3649392 - LOGICAL CLOCK TIME: 42 - MESSAGE QUEUE LEN: 0
INTERNAL EVENT - GLOBAL TIME: 1677987999.3662093 - LOGICAL CLOCK TIME: 43
INTERNAL EVENT - GLOBAL TIME: 1677987999.3672168 - LOGICAL CLOCK TIME: 44
INTERNAL EVENT - GLOBAL TIME: 1677987999.3672168 - LOGICAL CLOCK TIME: 45
RECEIVED: Machine 2 has logical clock time 48 - GLOBAL TIME: 1677988000.3571017 - LOGICAL CLOCK TIME: 46 - MESSAGE QUEUE LEN: 2
RECEIVED: Machine 0 has logical clock time 52 - GLOBAL TIME: 1677988000.3571017 - LOGICAL CLOCK TIME: 47 - MESSAGE QUEUE LEN: 1
RECEIVED: Machine 2 has logical clock time 58 - GLOBAL TIME: 1677988000.3571017 - LOGICAL CLOCK TIME: 48 - MESSAGE QUEUE LEN: 0
INTERNAL EVENT - GLOBAL TIME: 1677988000.3571017 - LOGICAL CLOCK TIME: 49
INTERNAL EVENT - GLOBAL TIME: 1677988000.3591018 - LOGICAL CLOCK TIME: 51
RECEIVED: Machine 0 has logical clock time 62 - GLOBAL TIME: 1677988000.3641064 - LOGICAL CLOCK TIME: 53 - MESSAGE QUEUE LEN: 0
INTERNAL EVENT - GLOBAL TIME: 1677988000.365104 - LOGICAL CLOCK TIME: 54
SENT: Machine 1 has logical clock time 52 TO MACHINE #2 - GLOBAL TIME: 1677988000.365104 - LOGICAL CLOCK TIME: 54
INTERNAL EVENT - GLOBAL TIME: 1677988000.3671043 - LOGICAL CLOCK TIME: 55
SENT: Machine 1 has logical clock time 50 TO MACHINE #0 - GLOBAL TIME: 1677988000.3671043 - LOGICAL CLOCK TIME: 55
INTERNAL EVENT - GLOBAL TIME: 1677988000.3671043 - LOGICAL CLOCK TIME: 56
SENT: Machine 1 has logical clock time 57 TO MACHINE #0 - GLOBAL TIME: 1677988000.371101 - LOGICAL CLOCK TIME: 57
RECEIVED: Machine 0 has logical clock time 68 - GLOBAL TIME: 1677988000.372582 - LOGICAL CLOCK TIME: 58 - MESSAGE QUEUE LEN: 0
SENT: Machine 1 has logical clock time 59 TO MACHINE #2 - GLOBAL TIME: 1677988000.3782628 - LOGICAL CLOCK TIME: 59
SENT: Machine 1 has logical clock time 59 TO MACHINE #0 - GLOBAL TIME: 1677988000.3782628 - LOGICAL CLOCK TIME: 59
INTERNAL EVENT - GLOBAL TIME: 1677988000.3822691 - LOGICAL CLOCK TIME: 60
RECEIVED: Machine 0 has logical clock time 69 - GLOBAL TIME: 1677988001.3647811 - LOGICAL CLOCK TIME: 61 - MESSAGE QUEUE LEN: 5
RECEIVED: Machine 0 has logical clock time 72 - GLOBAL TIME: 1677988001.3647811 - LOGICAL CLOCK TIME: 62 - MESSAGE QUEUE LEN: 4
RECEIVED: Machine 2 has logical clock time 65 - GLOBAL TIME: 1677988001.3657806 - LOGICAL CLOCK TIME: 63 - MESSAGE QUEUE LEN: 3
RECEIVED: Machine 0 has logical clock time 73 - GLOBAL TIME: 1677988001.3657806 - LOGICAL CLOCK TIME: 64 - MESSAGE QUEUE LEN: 2
RECEIVED: Machine 0 has logical clock time 74 - GLOBAL TIME: 1677988001.366779 - LOGICAL CLOCK TIME: 65 - MESSAGE QUEUE LEN: 1
RECEIVED: Machine 2 has logical clock time 69 - GLOBAL TIME: 1677988001.3677785 - LOGICAL CLOCK TIME: 66 - MESSAGE QUEUE LEN: 0
INTERNAL EVENT - GLOBAL TIME: 1677988001.3687804 - LOGICAL CLOCK TIME: 67
INTERNAL EVENT - GLOBAL TIME: 1677988001.3697782 - LOGICAL CLOCK TIME: 68
INTERNAL EVENT - GLOBAL TIME: 1677988001.371779 - LOGICAL CLOCK TIME: 69
INTERNAL EVENT - GLOBAL TIME: 1677988001.3747811 - LOGICAL CLOCK TIME: 71
RECEIVED: Machine 0 has logical clock time 88 - GLOBAL TIME: 1677988001.379996 - LOGICAL CLOCK TIME: 72 - MESSAGE QUEUE LEN: 0
SENT: Machine 1 has logical clock time 73 TO MACHINE #0 - GLOBAL TIME: 1677988001.383997 - LOGICAL CLOCK TIME: 73
SENT: Machine 1 has logical clock time 70 TO MACHINE #2 - GLOBAL TIME: 1677988001.383997 - LOGICAL CLOCK TIME: 73
RECEIVED: Machine 2 has logical clock time 89 - GLOBAL TIME: 1677988001.3891318 - LOGICAL CLOCK TIME: 74 - MESSAGE QUEUE LEN: 0
SENT: Machine 1 has logical clock time 70 TO MACHINE #0 - GLOBAL TIME: 1677988001.3903015 - LOGICAL CLOCK TIME: 74
RECEIVED: Machine 2 has logical clock time 96 - GLOBAL TIME: 1677988001.3913078 - LOGICAL CLOCK TIME: 75 - MESSAGE QUEUE LEN: 0
RECEIVED: Machine 2 has logical clock time 93 - GLOBAL TIME: 1677988002.3730135 - LOGICAL CLOCK TIME: 76 - MESSAGE QUEUE LEN: 2
RECEIVED: Machine 0 has logical clock time 96 - GLOBAL TIME: 1677988002.3741293 - LOGICAL CLOCK TIME: 77 - MESSAGE QUEUE LEN: 1
RECEIVED: Machine 2 has logical clock time 99 - GLOBAL TIME: 1677988002.3741293 - LOGICAL CLOCK TIME: 78 - MESSAGE QUEUE LEN: 0
INTERNAL EVENT - GLOBAL TIME: 1677988002.3751357 - LOGICAL CLOCK TIME: 79
INTERNAL EVENT - GLOBAL TIME: 1677988002.3751357 - LOGICAL CLOCK TIME: 80
INTERNAL EVENT - GLOBAL TIME: 1677988002.3781347 - LOGICAL CLOCK TIME: 82
INTERNAL EVENT - GLOBAL TIME: 1677988002.3801355 - LOGICAL CLOCK TIME: 83
INTERNAL EVENT - GLOBAL TIME: 1677988002.3811357 - LOGICAL CLOCK TIME: 84
INTERNAL EVENT - GLOBAL TIME: 1677988002.3821378 - LOGICAL CLOCK TIME: 85
SENT: Machine 1 has logical clock time 81 TO MACHINE #2 - GLOBAL TIME: 1677988002.3831341 - LOGICAL CLOCK TIME: 85
RECEIVED: Machine 2 has logical clock time 104 - GLOBAL TIME: 1677988002.3851342 - LOGICAL CLOCK TIME: 86 - MESSAGE QUEUE LEN: 0
RECEIVED: Machine 2 has logical clock time 105 - GLOBAL TIME: 1677988002.3881347 - LOGICAL CLOCK TIME: 87 - MESSAGE QUEUE LEN: 0
SENT: Machine 1 has logical clock time 81 TO MACHINE #0 - GLOBAL TIME: 1677988002.392506 - LOGICAL CLOCK TIME: 87
RECEIVED: Machine 0 has logical clock time 106 - GLOBAL TIME: 1677988002.396856 - LOGICAL CLOCK TIME: 88 - MESSAGE QUEUE LEN: 0
INTERNAL EVENT - GLOBAL TIME: 1677988002.399869 - LOGICAL CLOCK TIME: 89
INTERNAL EVENT - GLOBAL TIME: 1677988002.4055307 - LOGICAL CLOCK TIME: 90
RECEIVED: Machine 0 has logical clock time 110 - GLOBAL TIME: 1677988003.3881667 - LOGICAL CLOCK TIME: 91 - MESSAGE QUEUE LEN: 3
RECEIVED: Machine 0 has logical clock time 112 - GLOBAL TIME: 1677988003.3891685 - LOGICAL CLOCK TIME: 92 - MESSAGE QUEUE LEN: 2
RECEIVED: Machine 2 has logical clock time 109 - GLOBAL TIME: 1677988003.3891685 - LOGICAL CLOCK TIME: 93 - MESSAGE QUEUE LEN: 1
RECEIVED: Machine 2 has logical clock time 113 - GLOBAL TIME: 1677988003.3891685 - LOGICAL CLOCK TIME: 94 - MESSAGE QUEUE LEN: 0
INTERNAL EVENT - GLOBAL TIME: 1677988003.3901668 - LOGICAL CLOCK TIME: 96
INTERNAL EVENT - GLOBAL TIME: 1677988003.3911674 - LOGICAL CLOCK TIME: 97
INTERNAL EVENT - GLOBAL TIME: 1677988003.393168 - LOGICAL CLOCK TIME: 98
INTERNAL EVENT - GLOBAL TIME: 1677988003.3951683 - LOGICAL CLOCK TIME: 99
SENT: Machine 1 has logical clock time 95 TO MACHINE #2 - GLOBAL TIME: 1677988003.3971682 - LOGICAL CLOCK TIME: 99
INTERNAL EVENT - GLOBAL TIME: 1677988003.4047272 - LOGICAL CLOCK TIME: 102
INTERNAL EVENT - GLOBAL TIME: 1677988003.4057338 - LOGICAL CLOCK TIME: 103
SENT: Machine 1 has logical clock time 100 TO MACHINE #2 - GLOBAL TIME: 1677988003.409694 - LOGICAL CLOCK TIME: 103
SENT: Machine 1 has logical clock time 100 TO MACHINE #0 - GLOBAL TIME: 1677988003.4107015 - LOGICAL CLOCK TIME: 103
SENT: Machine 1 has logical clock time 101 TO MACHINE #2 - GLOBAL TIME: 1677988003.421602 - LOGICAL CLOCK TIME: 103
SENT: Machine 1 has logical clock time 101 TO MACHINE #0 - GLOBAL TIME: 1677988003.421602 - LOGICAL CLOCK TIME: 103
RECEIVED: Machine 2 has logical clock time 122 - GLOBAL TIME: 1677988003.421602 - LOGICAL CLOCK TIME: 104 - MESSAGE QUEUE LEN: 1
RECEIVED: Machine 0 has logical clock time 132 - GLOBAL TIME: 1677988003.421602 - LOGICAL CLOCK TIME: 105 - MESSAGE QUEUE LEN: 0
RECEIVED: Machine 0 has logical clock time 134 - GLOBAL TIME: 1677988004.4038866 - LOGICAL CLOCK TIME: 106 - MESSAGE QUEUE LEN: 3
RECEIVED: Machine 2 has logical clock time 131 - GLOBAL TIME: 1677988004.4038866 - LOGICAL CLOCK TIME: 107 - MESSAGE QUEUE LEN: 2
RECEIVED: Machine 2 has logical clock time 137 - GLOBAL TIME: 1677988004.4038866 - LOGICAL CLOCK TIME: 108 - MESSAGE QUEUE LEN: 1
RECEIVED: Machine 2 has logical clock time 135 - GLOBAL TIME: 1677988004.4048865 - LOGICAL CLOCK TIME: 109 - MESSAGE QUEUE LEN: 0
INTERNAL EVENT - GLOBAL TIME: 1677988004.4048865 - LOGICAL CLOCK TIME: 110
INTERNAL EVENT - GLOBAL TIME: 1677988004.4078894 - LOGICAL CLOCK TIME: 111
INTERNAL EVENT - GLOBAL TIME: 1677988004.4088874 - LOGICAL CLOCK TIME: 112
INTERNAL EVENT - GLOBAL TIME: 1677988004.4109442 - LOGICAL CLOCK TIME: 114
SENT: Machine 1 has logical clock time 113 TO MACHINE #2 - GLOBAL TIME: 1677988004.4164453 - LOGICAL CLOCK TIME: 114
INTERNAL EVENT - GLOBAL TIME: 1677988004.418442 - LOGICAL CLOCK TIME: 115
INTERNAL EVENT - GLOBAL TIME: 1677988004.418442 - LOGICAL CLOCK TIME: 116
INTERNAL EVENT - GLOBAL TIME: 1677988004.4194422 - LOGICAL CLOCK TIME: 117
INTERNAL EVENT - GLOBAL TIME: 1677988004.4234405 - LOGICAL CLOCK TIME: 118
RECEIVED: Machine 2 has logical clock time 150 - GLOBAL TIME: 1677988004.4304452 - LOGICAL CLOCK TIME: 119 - MESSAGE QUEUE LEN: 0
SENT: Machine 1 has logical clock time 120 TO MACHINE #2 - GLOBAL TIME: 1677988004.4473221 - LOGICAL CLOCK TIME: 120
SENT: Machine 1 has logical clock time 120 TO MACHINE #0 - GLOBAL TIME: 1677988004.4483254 - LOGICAL CLOCK TIME: 120
RECEIVED: Machine 0 has logical clock time 152 - GLOBAL TIME: 1677988005.4132338 - LOGICAL CLOCK TIME: 121 - MESSAGE QUEUE LEN: 1
RECEIVED: Machine 2 has logical clock time 155 - GLOBAL TIME: 1677988005.4132338 - LOGICAL CLOCK TIME: 122 - MESSAGE QUEUE LEN: 0
INTERNAL EVENT - GLOBAL TIME: 1677988005.4132338 - LOGICAL CLOCK TIME: 123
INTERNAL EVENT - GLOBAL TIME: 1677988005.4152334 - LOGICAL CLOCK TIME: 124
RECEIVED: Machine 0 has logical clock time 163 - GLOBAL TIME: 1677988005.4197142 - LOGICAL CLOCK TIME: 127 - MESSAGE QUEUE LEN: 0
SENT: Machine 1 has logical clock time 125 TO MACHINE #0 - GLOBAL TIME: 1677988005.4207113 - LOGICAL CLOCK TIME: 127
INTERNAL EVENT - GLOBAL TIME: 1677988005.42171 - LOGICAL CLOCK TIME: 128
SENT: Machine 1 has logical clock time 126 TO MACHINE #2 - GLOBAL TIME: 1677988005.4237096 - LOGICAL CLOCK TIME: 128
INTERNAL EVENT - GLOBAL TIME: 1677988005.424712 - LOGICAL CLOCK TIME: 129
INTERNAL EVENT - GLOBAL TIME: 1677988005.424712 - LOGICAL CLOCK TIME: 130
INTERNAL EVENT - GLOBAL TIME: 1677988005.4257095 - LOGICAL CLOCK TIME: 131
SENT: Machine 1 has logical clock time 126 TO MACHINE #0 - GLOBAL TIME: 1677988005.4288023 - LOGICAL CLOCK TIME: 131
INTERNAL EVENT - GLOBAL TIME: 1677988005.433809 - LOGICAL CLOCK TIME: 132
RECEIVED: Machine 0 has logical clock time 166 - GLOBAL TIME: 1677988005.439808 - LOGICAL CLOCK TIME: 133 - MESSAGE QUEUE LEN: 0
SENT: Machine 1 has logical clock time 134 TO MACHINE #2 - GLOBAL TIME: 1677988005.4475212 - LOGICAL CLOCK TIME: 134
SENT: Machine 1 has logical clock time 134 TO MACHINE #0 - GLOBAL TIME: 1677988005.448519 - LOGICAL CLOCK TIME: 134
RECEIVED: Machine 0 has logical clock time 168 - GLOBAL TIME: 1677988005.448519 - LOGICAL CLOCK TIME: 135 - MESSAGE QUEUE LEN: 0
RECEIVED: Machine 2 has logical clock time 167 - GLOBAL TIME: 1677988006.425625 - LOGICAL CLOCK TIME: 136 - MESSAGE QUEUE LEN: 3
RECEIVED: Machine 2 has logical clock time 170 - GLOBAL TIME: 1677988006.426627 - LOGICAL CLOCK TIME: 137 - MESSAGE QUEUE LEN: 2
RECEIVED: Machine 0 has logical clock time 179 - GLOBAL TIME: 1677988006.426627 - LOGICAL CLOCK TIME: 138 - MESSAGE QUEUE LEN: 1
RECEIVED: Machine 2 has logical clock time 179 - GLOBAL TIME: 1677988006.426627 - LOGICAL CLOCK TIME: 139 - MESSAGE QUEUE LEN: 0
INTERNAL EVENT - GLOBAL TIME: 1677988006.4276237 - LOGICAL CLOCK TIME: 141
INTERNAL EVENT - GLOBAL TIME: 1677988006.4306269 - LOGICAL CLOCK TIME: 142
INTERNAL EVENT - GLOBAL TIME: 1677988006.432626 - LOGICAL CLOCK TIME: 143
SENT: Machine 1 has logical clock time 140 TO MACHINE #0 - GLOBAL TIME: 1677988006.4366283 - LOGICAL CLOCK TIME: 143
RECEIVED: Machine 0 has logical clock time 186 - GLOBAL TIME: 1677988006.4376276 - LOGICAL CLOCK TIME: 144 - MESSAGE QUEUE LEN: 0
INTERNAL EVENT - GLOBAL TIME: 1677988006.440627 - LOGICAL CLOCK TIME: 145
INTERNAL EVENT - GLOBAL TIME: 1677988006.4438298 - LOGICAL CLOCK TIME: 146
INTERNAL EVENT - GLOBAL TIME: 1677988006.445835 - LOGICAL CLOCK TIME: 147
SENT: Machine 1 has logical clock time 148 TO MACHINE #2 - GLOBAL TIME: 1677988006.4656274 - LOGICAL CLOCK TIME: 148
SENT: Machine 1 has logical clock time 148 TO MACHINE #0 - GLOBAL TIME: 1677988006.4656274 - LOGICAL CLOCK TIME: 148
SENT: Machine 1 has logical clock time 149 TO MACHINE #2 - GLOBAL TIME: 1677988006.4775202 - LOGICAL CLOCK TIME: 149
SENT: Machine 1 has logical clock time 149 TO MACHINE #0 - GLOBAL TIME: 1677988006.478762 - LOGICAL CLOCK TIME: 149
RECEIVED: Machine 2 has logical clock time 191 - GLOBAL TIME: 1677988006.478762 - LOGICAL CLOCK TIME: 150 - MESSAGE QUEUE LEN: 0
RECEIVED: Machine 0 has logical clock time 193 - GLOBAL TIME: 1677988007.4362595 - LOGICAL CLOCK TIME: 151 - MESSAGE QUEUE LEN: 1
RECEIVED: Machine 2 has logical clock time 192 - GLOBAL TIME: 1677988007.4362595 - LOGICAL CLOCK TIME: 152 - MESSAGE QUEUE LEN: 0
INTERNAL EVENT - GLOBAL TIME: 1677988007.4382596 - LOGICAL CLOCK TIME: 154
INTERNAL EVENT - GLOBAL TIME: 1677988007.4392588 - LOGICAL CLOCK TIME: 155
INTERNAL EVENT - GLOBAL TIME: 1677988007.4426422 - LOGICAL CLOCK TIME: 156
INTERNAL EVENT - GLOBAL TIME: 1677988007.4446433 - LOGICAL CLOCK TIME: 157
INTERNAL EVENT - GLOBAL TIME: 1677988007.4486415 - LOGICAL CLOCK TIME: 159
INTERNAL EVENT - GLOBAL TIME: 1677988007.450642 - LOGICAL CLOCK TIME: 160
SENT: Machine 1 has logical clock time 158 TO MACHINE #0 - GLOBAL TIME: 1677988007.4546442 - LOGICAL CLOCK TIME: 161
SENT: Machine 1 has logical clock time 153 TO MACHINE #2 - GLOBAL TIME: 1677988007.4556427 - LOGICAL CLOCK TIME: 161
SENT: Machine 1 has logical clock time 153 TO MACHINE #0 - GLOBAL TIME: 1677988007.457642 - LOGICAL CLOCK TIME: 161
RECEIVED: Machine 2 has logical clock time 204 - GLOBAL TIME: 1677988007.458825 - LOGICAL CLOCK TIME: 162 - MESSAGE QUEUE LEN: 0
INTERNAL EVENT - GLOBAL TIME: 1677988007.4608326 - LOGICAL CLOCK TIME: 163
SENT: Machine 1 has logical clock time 161 TO MACHINE #2 - GLOBAL TIME: 1677988007.4692419 - LOGICAL CLOCK TIME: 163
SENT: Machine 1 has logical clock time 161 TO MACHINE #0 - GLOBAL TIME: 1677988007.4702423 - LOGICAL CLOCK TIME: 163
INTERNAL EVENT - GLOBAL TIME: 1677988007.4712424 - LOGICAL CLOCK TIME: 164
INTERNAL EVENT - GLOBAL TIME: 1677988007.472241 - LOGICAL CLOCK TIME: 165
RECEIVED: Machine 0 has logical clock time 210 - GLOBAL TIME: 1677988008.4398508 - LOGICAL CLOCK TIME: 166 - MESSAGE QUEUE LEN: 3
RECEIVED: Machine 0 has logical clock time 211 - GLOBAL TIME: 1677988008.4398508 - LOGICAL CLOCK TIME: 167 - MESSAGE QUEUE LEN: 2
RECEIVED: Machine 2 has logical clock time 214 - GLOBAL TIME: 1677988008.44185 - LOGICAL CLOCK TIME: 168 - MESSAGE QUEUE LEN: 1
RECEIVED: Machine 0 has logical clock time 220 - GLOBAL TIME: 1677988008.4428499 - LOGICAL CLOCK TIME: 169 - MESSAGE QUEUE LEN: 0
INTERNAL EVENT - GLOBAL TIME: 1677988008.4488504 - LOGICAL CLOCK TIME: 171
INTERNAL EVENT - GLOBAL TIME: 1677988008.4522657 - LOGICAL CLOCK TIME: 172
RECEIVED: Machine 0 has logical clock time 226 - GLOBAL TIME: 1677988008.4552686 - LOGICAL CLOCK TIME: 173 - MESSAGE QUEUE LEN: 0
INTERNAL EVENT - GLOBAL TIME: 1677988008.4576058 - LOGICAL CLOCK TIME: 174
INTERNAL EVENT - GLOBAL TIME: 1677988008.4576058 - LOGICAL CLOCK TIME: 175
SENT: Machine 1 has logical clock time 170 TO MACHINE #2 - GLOBAL TIME: 1677988008.4626136 - LOGICAL CLOCK TIME: 175
RECEIVED: Machine 0 has logical clock time 225 - GLOBAL TIME: 1677988008.47272 - LOGICAL CLOCK TIME: 177 - MESSAGE QUEUE LEN: 0
INTERNAL EVENT - GLOBAL TIME: 1677988008.473719 - LOGICAL CLOCK TIME: 178
SENT: Machine 1 has logical clock time 176 TO MACHINE #0 - GLOBAL TIME: 1677988008.473719 - LOGICAL CLOCK TIME: 178
RECEIVED: Machine 2 has logical clock time 227 - GLOBAL TIME: 1677988008.4899027 - LOGICAL CLOCK TIME: 180 - MESSAGE QUEUE LEN: 0
SENT: Machine 1 has logical clock time 179 TO MACHINE #2 - GLOBAL TIME: 1677988008.4927342 - LOGICAL CLOCK TIME: 180
RECEIVED: Machine 2 has logical clock time 225 - GLOBAL TIME: 1677988009.4486332 - LOGICAL CLOCK TIME: 181 - MESSAGE QUEUE LEN: 3
RECEIVED: Machine 2 has logical clock time 229 - GLOBAL TIME: 1677988009.4486332 - LOGICAL CLOCK TIME: 182 - MESSAGE QUEUE LEN: 2
RECEIVED: Machine 0 has logical clock time 233 - GLOBAL TIME: 1677988009.4496353 - LOGICAL CLOCK TIME: 183 - MESSAGE QUEUE LEN: 1
RECEIVED: Machine 2 has logical clock time 234 - GLOBAL TIME: 1677988009.450634 - LOGICAL CLOCK TIME: 184 - MESSAGE QUEUE LEN: 0
INTERNAL EVENT - GLOBAL TIME: 1677988009.4546335 - LOGICAL CLOCK TIME: 185
INTERNAL EVENT - GLOBAL TIME: 1677988009.458635 - LOGICAL CLOCK TIME: 186
RECEIVED: Machine 2 has logical clock time 243 - GLOBAL TIME: 1677988009.4626377 - LOGICAL CLOCK TIME: 187 - MESSAGE QUEUE LEN: 0
INTERNAL EVENT - GLOBAL TIME: 1677988009.4636369 - LOGICAL CLOCK TIME: 188
INTERNAL EVENT - GLOBAL TIME: 1677988009.467813 - LOGICAL CLOCK TIME: 189
INTERNAL EVENT - GLOBAL TIME: 1677988009.4728138 - LOGICAL CLOCK TIME: 191
SENT: Machine 1 has logical clock time 190 TO MACHINE #0 - GLOBAL TIME: 1677988009.476176 - LOGICAL CLOCK TIME: 191
SENT: Machine 1 has logical clock time 192 TO MACHINE #2 - GLOBAL TIME: 1677988009.481284 - LOGICAL CLOCK TIME: 192
INTERNAL EVENT - GLOBAL TIME: 1677988009.4852865 - LOGICAL CLOCK TIME: 193
INTERNAL EVENT - GLOBAL TIME: 1677988009.486286 - LOGICAL CLOCK TIME: 194
SENT: Machine 1 has logical clock time 195 TO MACHINE #0 - GLOBAL TIME: 1677988009.5014174 - LOGICAL CLOCK TIME: 195
RECEIVED: Machine 2 has logical clock time 255 - GLOBAL TIME: 1677988010.4525776 - LOGICAL CLOCK TIME: 196 - MESSAGE QUEUE LEN: 1
RECEIVED: Machine 0 has logical clock time 255 - GLOBAL TIME: 1677988010.453578 - LOGICAL CLOCK TIME: 197 - MESSAGE QUEUE LEN: 0
INTERNAL EVENT - GLOBAL TIME: 1677988010.4545786 - LOGICAL CLOCK TIME: 198
INTERNAL EVENT - GLOBAL TIME: 1677988010.4605803 - LOGICAL CLOCK TIME: 200
INTERNAL EVENT - GLOBAL TIME: 1677988010.4665773 - LOGICAL CLOCK TIME: 201
INTERNAL EVENT - GLOBAL TIME: 1677988010.467608 - LOGICAL CLOCK TIME: 202
INTERNAL EVENT - GLOBAL TIME: 1677988010.467608 - LOGICAL CLOCK TIME: 203
SENT: Machine 1 has logical clock time 199 TO MACHINE #2 - GLOBAL TIME: 1677988010.4696133 - LOGICAL CLOCK TIME: 203
INTERNAL EVENT - GLOBAL TIME: 1677988010.4696133 - LOGICAL CLOCK TIME: 204
SENT: Machine 1 has logical clock time 205 TO MACHINE #0 - GLOBAL TIME: 1677988010.476613 - LOGICAL CLOCK TIME: 206
RECEIVED: Machine 2 has logical clock time 265 - GLOBAL TIME: 1677988010.4816139 - LOGICAL CLOCK TIME: 207 - MESSAGE QUEUE LEN: 0
SENT: Machine 1 has logical clock time 206 TO MACHINE #2 - GLOBAL TIME: 1677988010.4856193 - LOGICAL CLOCK TIME: 208
SENT: Machine 1 has logical clock time 208 TO MACHINE #0 - GLOBAL TIME: 1677988010.4876168 - LOGICAL CLOCK TIME: 208
INTERNAL EVENT - GLOBAL TIME: 1677988010.4886148 - LOGICAL CLOCK TIME: 210
SENT: Machine 1 has logical clock time 209 TO MACHINE #2 - GLOBAL TIME: 1677988010.4936187 - LOGICAL CLOCK TIME: 210
RECEIVED: Machine 0 has logical clock time 267 - GLOBAL TIME: 1677988011.455155 - LOGICAL CLOCK TIME: 211 - MESSAGE QUEUE LEN: 6
RECEIVED: Machine 2 has logical clock time 268 - GLOBAL TIME: 1677988011.4561553 - LOGICAL CLOCK TIME: 212 - MESSAGE QUEUE LEN: 5
RECEIVED: Machine 0 has logical clock time 270 - GLOBAL TIME: 1677988011.4561553 - LOGICAL CLOCK TIME: 213 - MESSAGE QUEUE LEN: 4
RECEIVED: Machine 0 has logical clock time 273 - GLOBAL TIME: 1677988011.469156 - LOGICAL CLOCK TIME: 214 - MESSAGE QUEUE LEN: 3
RECEIVED: Machine 2 has logical clock time 271 - GLOBAL TIME: 1677988011.469156 - LOGICAL CLOCK TIME: 215 - MESSAGE QUEUE LEN: 2
RECEIVED: Machine 0 has logical clock time 274 - GLOBAL TIME: 1677988011.4701574 - LOGICAL CLOCK TIME: 216 - MESSAGE QUEUE LEN: 1
RECEIVED: Machine 2 has logical clock time 280 - GLOBAL TIME: 1677988011.4771543 - LOGICAL CLOCK TIME: 217 - MESSAGE QUEUE LEN: 0
INTERNAL EVENT - GLOBAL TIME: 1677988011.4852293 - LOGICAL CLOCK TIME: 220
RECEIVED: Machine 2 has logical clock time 286 - GLOBAL TIME: 1677988011.489229 - LOGICAL CLOCK TIME: 221 - MESSAGE QUEUE LEN: 0
SENT: Machine 1 has logical clock time 219 TO MACHINE #2 - GLOBAL TIME: 1677988011.4912295 - LOGICAL CLOCK TIME: 221
SENT: Machine 1 has logical clock time 218 TO MACHINE #2 - GLOBAL TIME: 1677988011.4984674 - LOGICAL CLOCK TIME: 221
RECEIVED: Machine 0 has logical clock time 287 - GLOBAL TIME: 1677988011.5058856 - LOGICAL CLOCK TIME: 223 - MESSAGE QUEUE LEN: 0
INTERNAL EVENT - GLOBAL TIME: 1677988011.5068827 - LOGICAL CLOCK TIME: 224
SENT: Machine 1 has logical clock time 222 TO MACHINE #2 - GLOBAL TIME: 1677988011.5068827 - LOGICAL CLOCK TIME: 224
INTERNAL EVENT - GLOBAL TIME: 1677988011.5068827 - LOGICAL CLOCK TIME: 225
RECEIVED: Machine 0 has logical clock time 288 - GLOBAL TIME: 1677988012.4578826 - LOGICAL CLOCK TIME: 226 - MESSAGE QUEUE LEN: 4
RECEIVED: Machine 0 has logical clock time 289 - GLOBAL TIME: 1677988012.4592357 - LOGICAL CLOCK TIME: 227 - MESSAGE QUEUE LEN: 3
RECEIVED: Machine 0 has logical clock time 292 - GLOBAL TIME: 1677988012.4612436 - LOGICAL CLOCK TIME: 228 - MESSAGE QUEUE LEN: 2
RECEIVED: Machine 0 has logical clock time 296 - GLOBAL TIME: 1677988012.4732435 - LOGICAL CLOCK TIME: 229 - MESSAGE QUEUE LEN: 1
RECEIVED: Machine 2 has logical clock time 300 - GLOBAL TIME: 1677988012.4732435 - LOGICAL CLOCK TIME: 230 - MESSAGE QUEUE LEN: 0
INTERNAL EVENT - GLOBAL TIME: 1677988012.4742424 - LOGICAL CLOCK TIME: 232
SENT: Machine 1 has logical clock time 231 TO MACHINE #0 - GLOBAL TIME: 1677988012.4782434 - LOGICAL CLOCK TIME: 232
SENT: Machine 1 has logical clock time 233 TO MACHINE #2 - GLOBAL TIME: 1677988012.4856772 - LOGICAL CLOCK TIME: 233
INTERNAL EVENT - GLOBAL TIME: 1677988012.4856772 - LOGICAL CLOCK TIME: 234
INTERNAL EVENT - GLOBAL TIME: 1677988012.4898207 - LOGICAL CLOCK TIME: 235
INTERNAL EVENT - GLOBAL TIME: 1677988012.4908266 - LOGICAL CLOCK TIME: 237
INTERNAL EVENT - GLOBAL TIME: 1677988012.4918268 - LOGICAL CLOCK TIME: 238
SENT: Machine 1 has logical clock time 236 TO MACHINE #2 - GLOBAL TIME: 1677988012.5164433 - LOGICAL CLOCK TIME: 238
SENT: Machine 1 has logical clock time 236 TO MACHINE #0 - GLOBAL TIME: 1677988012.5164433 - LOGICAL CLOCK TIME: 238
RECEIVED: Machine 2 has logical clock time 310 - GLOBAL TIME: 1677988012.5164433 - LOGICAL CLOCK TIME: 239 - MESSAGE QUEUE LEN: 0
SENT: Machine 1 has logical clock time 240 TO MACHINE #2 - GLOBAL TIME: 1677988012.5382504 - LOGICAL CLOCK TIME: 240
SENT: Machine 1 has logical clock time 240 TO MACHINE #0 - GLOBAL TIME: 1677988012.5382504 - LOGICAL CLOCK TIME: 240
RECEIVED: Machine 0 has logical clock time 304 - GLOBAL TIME: 1677988013.461177 - LOGICAL CLOCK TIME: 241 - MESSAGE QUEUE LEN: 3
RECEIVED: Machine 2 has logical clock time 313 - GLOBAL TIME: 1677988013.461177 - LOGICAL CLOCK TIME: 242 - MESSAGE QUEUE LEN: 2
RECEIVED: Machine 0 has logical clock time 313 - GLOBAL TIME: 1677988013.461177 - LOGICAL CLOCK TIME: 243 - MESSAGE QUEUE LEN: 1
RECEIVED: Machine 0 has logical clock time 314 - GLOBAL TIME: 1677988013.4781768 - LOGICAL CLOCK TIME: 244 - MESSAGE QUEUE LEN: 0
INTERNAL EVENT - GLOBAL TIME: 1677988013.4811778 - LOGICAL CLOCK TIME: 245
INTERNAL EVENT - GLOBAL TIME: 1677988013.485178 - LOGICAL CLOCK TIME: 246
INTERNAL EVENT - GLOBAL TIME: 1677988013.506308 - LOGICAL CLOCK TIME: 248
SENT: Machine 1 has logical clock time 247 TO MACHINE #2 - GLOBAL TIME: 1677988013.5073075 - LOGICAL CLOCK TIME: 248
INTERNAL EVENT - GLOBAL TIME: 1677988013.508308 - LOGICAL CLOCK TIME: 250
INTERNAL EVENT - GLOBAL TIME: 1677988013.5093112 - LOGICAL CLOCK TIME: 251
INTERNAL EVENT - GLOBAL TIME: 1677988013.517312 - LOGICAL CLOCK TIME: 253
SENT: Machine 1 has logical clock time 252 TO MACHINE #0 - GLOBAL TIME: 1677988013.5236034 - LOGICAL CLOCK TIME: 253
SENT: Machine 1 has logical clock time 249 TO MACHINE #2 - GLOBAL TIME: 1677988013.5331995 - LOGICAL CLOCK TIME: 253
SENT: Machine 1 has logical clock time 249 TO MACHINE #0 - GLOBAL TIME: 1677988013.5331995 - LOGICAL CLOCK TIME: 253
INTERNAL EVENT - GLOBAL TIME: 1677988013.5351996 - LOGICAL CLOCK TIME: 254
INTERNAL EVENT - GLOBAL TIME: 1677988013.5361972 - LOGICAL CLOCK TIME: 255
RECEIVED: Machine 0 has logical clock time 334 - GLOBAL TIME: 1677988014.4655468 - LOGICAL CLOCK TIME: 256 - MESSAGE QUEUE LEN: 4
RECEIVED: Machine 0 has logical clock time 329 - GLOBAL TIME: 1677988014.4665458 - LOGICAL CLOCK TIME: 257 - MESSAGE QUEUE LEN: 3
RECEIVED: Machine 0 has logical clock time 335 - GLOBAL TIME: 1677988014.4775445 - LOGICAL CLOCK TIME: 258 - MESSAGE QUEUE LEN: 2
RECEIVED: Machine 0 has logical clock time 337 - GLOBAL TIME: 1677988014.4805462 - LOGICAL CLOCK TIME: 259 - MESSAGE QUEUE LEN: 1
RECEIVED: Machine 2 has logical clock time 339 - GLOBAL TIME: 1677988014.4805462 - LOGICAL CLOCK TIME: 260 - MESSAGE QUEUE LEN: 0
SENT: Machine 1 has logical clock time 261 TO MACHINE #2 - GLOBAL TIME: 1677988014.4898012 - LOGICAL CLOCK TIME: 261
INTERNAL EVENT - GLOBAL TIME: 1677988014.4968295 - LOGICAL CLOCK TIME: 262
INTERNAL EVENT - GLOBAL TIME: 1677988014.4968295 - LOGICAL CLOCK TIME: 263
INTERNAL EVENT - GLOBAL TIME: 1677988014.4968295 - LOGICAL CLOCK TIME: 264
INTERNAL EVENT - GLOBAL TIME: 1677988014.5121043 - LOGICAL CLOCK TIME: 265
SENT: Machine 1 has logical clock time 267 TO MACHINE #2 - GLOBAL TIME: 1677988014.5231023 - LOGICAL CLOCK TIME: 267
INTERNAL EVENT - GLOBAL TIME: 1677988014.5231023 - LOGICAL CLOCK TIME: 268
SENT: Machine 1 has logical clock time 266 TO MACHINE #2 - GLOBAL TIME: 1677988014.5358648 - LOGICAL CLOCK TIME: 268
SENT: Machine 1 has logical clock time 266 TO MACHINE #0 - GLOBAL TIME: 1677988014.536865 - LOGICAL CLOCK TIME: 268
RECEIVED: Machine 2 has logical clock time 348 - GLOBAL TIME: 1677988014.536865 - LOGICAL CLOCK TIME: 269 - MESSAGE QUEUE LEN: 0
SENT: Machine 1 has logical clock time 270 TO MACHINE #2 - GLOBAL TIME: 1677988014.5448658 - LOGICAL CLOCK TIME: 270
RECEIVED: Machine 2 has logical clock time 351 - GLOBAL TIME: 1677988015.467608 - LOGICAL CLOCK TIME: 271 - MESSAGE QUEUE LEN: 6
RECEIVED: Machine 0 has logical clock time 351 - GLOBAL TIME: 1677988015.4686074 - LOGICAL CLOCK TIME: 272 - MESSAGE QUEUE LEN: 5
RECEIVED: Machine 0 has logical clock time 350 - GLOBAL TIME: 1677988015.4716089 - LOGICAL CLOCK TIME: 273 - MESSAGE QUEUE LEN: 4
RECEIVED: Machine 2 has logical clock time 355 - GLOBAL TIME: 1677988015.4846096 - LOGICAL CLOCK TIME: 274 - MESSAGE QUEUE LEN: 3
RECEIVED: Machine 0 has logical clock time 354 - GLOBAL TIME: 1677988015.4896095 - LOGICAL CLOCK TIME: 275 - MESSAGE QUEUE LEN: 2
RECEIVED: Machine 2 has logical clock time 357 - GLOBAL TIME: 1677988015.4896095 - LOGICAL CLOCK TIME: 276 - MESSAGE QUEUE LEN: 1
RECEIVED: Machine 2 has logical clock time 360 - GLOBAL TIME: 1677988015.5046093 - LOGICAL CLOCK TIME: 277 - MESSAGE QUEUE LEN: 0
INTERNAL EVENT - GLOBAL TIME: 1677988015.5070052 - LOGICAL CLOCK TIME: 278
INTERNAL EVENT - GLOBAL TIME: 1677988015.5070052 - LOGICAL CLOCK TIME: 279
SENT: Machine 1 has logical clock time 280 TO MACHINE #0 - GLOBAL TIME: 1677988015.5241463 - LOGICAL CLOCK TIME: 280
RECEIVED: Machine 0 has logical clock time 361 - GLOBAL TIME: 1677988015.526147 - LOGICAL CLOCK TIME: 281 - MESSAGE QUEUE LEN: 0
INTERNAL EVENT - GLOBAL TIME: 1677988015.5321524 - LOGICAL CLOCK TIME: 283
SENT: Machine 1 has logical clock time 284 TO MACHINE #0 - GLOBAL TIME: 1677988015.5429738 - LOGICAL CLOCK TIME: 284
INTERNAL EVENT - GLOBAL TIME: 1677988015.5429738 - LOGICAL CLOCK TIME: 285
SENT: Machine 1 has logical clock time 282 TO MACHINE #0 - GLOBAL TIME: 1677988015.552974 - LOGICAL CLOCK TIME: 285
RECEIVED: Machine 0 has logical clock time 370 - GLOBAL TIME: 1677988016.4773366 - LOGICAL CLOCK TIME: 286 - MESSAGE QUEUE LEN: 4
RECEIVED: Machine 2 has logical clock time 374 - GLOBAL TIME: 1677988016.4783378 - LOGICAL CLOCK TIME: 287 - MESSAGE QUEUE LEN: 3
RECEIVED: Machine 0 has logical clock time 374 - GLOBAL TIME: 1677988016.480336 - LOGICAL CLOCK TIME: 288 - MESSAGE QUEUE LEN: 2
RECEIVED: Machine 0 has logical clock time 375 - GLOBAL TIME: 1677988016.487336 - LOGICAL CLOCK TIME: 289 - MESSAGE QUEUE LEN: 1
RECEIVED: Machine 2 has logical clock time 379 - GLOBAL TIME: 1677988016.487336 - LOGICAL CLOCK TIME: 290 - MESSAGE QUEUE LEN: 0
INTERNAL EVENT - GLOBAL TIME: 1677988016.487336 - LOGICAL CLOCK TIME: 291
RECEIVED: Machine 2 has logical clock time 384 - GLOBAL TIME: 1677988016.51936 - LOGICAL CLOCK TIME: 292 - MESSAGE QUEUE LEN: 0
RECEIVED: Machine 0 has logical clock time 386 - GLOBAL TIME: 1677988016.522843 - LOGICAL CLOCK TIME: 294 - MESSAGE QUEUE LEN: 0
SENT: Machine 1 has logical clock time 295 TO MACHINE #0 - GLOBAL TIME: 1677988016.5268428 - LOGICAL CLOCK TIME: 295
INTERNAL EVENT - GLOBAL TIME: 1677988016.5268428 - LOGICAL CLOCK TIME: 296
INTERNAL EVENT - GLOBAL TIME: 1677988016.537427 - LOGICAL CLOCK TIME: 297
INTERNAL EVENT - GLOBAL TIME: 1677988016.5404332 - LOGICAL CLOCK TIME: 298
SENT: Machine 1 has logical clock time 293 TO MACHINE #2 - GLOBAL TIME: 1677988016.5445645 - LOGICAL CLOCK TIME: 299
SENT: Machine 1 has logical clock time 293 TO MACHINE #0 - GLOBAL TIME: 1677988016.5465722 - LOGICAL CLOCK TIME: 299
SENT: Machine 1 has logical clock time 300 TO MACHINE #2 - GLOBAL TIME: 1677988016.5517209 - LOGICAL CLOCK TIME: 300
SENT: Machine 1 has logical clock time 299 TO MACHINE #2 - GLOBAL TIME: 1677988016.559731 - LOGICAL CLOCK TIME: 300
RECEIVED: Machine 2 has logical clock time 390 - GLOBAL TIME: 1677988017.5018063 - LOGICAL CLOCK TIME: 301 - MESSAGE QUEUE LEN: 7
RECEIVED: Machine 0 has logical clock time 394 - GLOBAL TIME: 1677988017.5018063 - LOGICAL CLOCK TIME: 302 - MESSAGE QUEUE LEN: 6
RECEIVED: Machine 2 has logical clock time 394 - GLOBAL TIME: 1677988017.5018063 - LOGICAL CLOCK TIME: 303 - MESSAGE QUEUE LEN: 5
RECEIVED: Machine 0 has logical clock time 396 - GLOBAL TIME: 1677988017.502806 - LOGICAL CLOCK TIME: 304 - MESSAGE QUEUE LEN: 4
RECEIVED: Machine 2 has logical clock time 392 - GLOBAL TIME: 1677988017.506256 - LOGICAL CLOCK TIME: 305 - MESSAGE QUEUE LEN: 3
RECEIVED: Machine 0 has logical clock time 398 - GLOBAL TIME: 1677988017.506256 - LOGICAL CLOCK TIME: 306 - MESSAGE QUEUE LEN: 2
RECEIVED: Machine 0 has logical clock time 400 - GLOBAL TIME: 1677988017.522298 - LOGICAL CLOCK TIME: 307 - MESSAGE QUEUE LEN: 1
RECEIVED: Machine 2 has logical clock time 398 - GLOBAL TIME: 1677988017.522298 - LOGICAL CLOCK TIME: 308 - MESSAGE QUEUE LEN: 0
SENT: Machine 1 has logical clock time 309 TO MACHINE #2 - GLOBAL TIME: 1677988017.5263033 - LOGICAL CLOCK TIME: 309
INTERNAL EVENT - GLOBAL TIME: 1677988017.5366116 - LOGICAL CLOCK TIME: 310
INTERNAL EVENT - GLOBAL TIME: 1677988017.552959 - LOGICAL CLOCK TIME: 312
SENT: Machine 1 has logical clock time 313 TO MACHINE #2 - GLOBAL TIME: 1677988017.5721004 - LOGICAL CLOCK TIME: 313
SENT: Machine 1 has logical clock time 311 TO MACHINE #2 - GLOBAL TIME: 1677988017.5741003 - LOGICAL CLOCK TIME: 313
INTERNAL EVENT - GLOBAL TIME: 1677988017.5798862 - LOGICAL CLOCK TIME: 314
SENT: Machine 1 has logical clock time 311 TO MACHINE #0 - GLOBAL TIME: 1677988017.5921192 - LOGICAL CLOCK TIME: 314
INTERNAL EVENT - GLOBAL TIME: 1677988017.6075342 - LOGICAL CLOCK TIME: 315
RECEIVED: Machine 2 has logical clock time 406 - GLOBAL TIME: 1677988018.505626 - LOGICAL CLOCK TIME: 316 - MESSAGE QUEUE LEN: 5
RECEIVED: Machine 2 has logical clock time 405 - GLOBAL TIME: 1677988018.507628 - LOGICAL CLOCK TIME: 317 - MESSAGE QUEUE LEN: 4
RECEIVED: Machine 2 has logical clock time 413 - GLOBAL TIME: 1677988018.5086255 - LOGICAL CLOCK TIME: 318 - MESSAGE QUEUE LEN: 3
RECEIVED: Machine 0 has logical clock time 415 - GLOBAL TIME: 1677988018.5116258 - LOGICAL CLOCK TIME: 319 - MESSAGE QUEUE LEN: 2
RECEIVED: Machine 0 has logical clock time 420 - GLOBAL TIME: 1677988018.5116258 - LOGICAL CLOCK TIME: 320 - MESSAGE QUEUE LEN: 1
RECEIVED: Machine 2 has logical clock time 420 - GLOBAL TIME: 1677988018.5116258 - LOGICAL CLOCK TIME: 321 - MESSAGE QUEUE LEN: 0
INTERNAL EVENT - GLOBAL TIME: 1677988018.5386274 - LOGICAL CLOCK TIME: 322
RECEIVED: Machine 0 has logical clock time 424 - GLOBAL TIME: 1677988018.5553138 - LOGICAL CLOCK TIME: 324 - MESSAGE QUEUE LEN: 0
SENT: Machine 1 has logical clock time 323 TO MACHINE #0 - GLOBAL TIME: 1677988018.5680513 - LOGICAL CLOCK TIME: 324
INTERNAL EVENT - GLOBAL TIME: 1677988018.5680513 - LOGICAL CLOCK TIME: 325
INTERNAL EVENT - GLOBAL TIME: 1677988018.570051 - LOGICAL CLOCK TIME: 326
SENT: Machine 1 has logical clock time 327 TO MACHINE #2 - GLOBAL TIME: 1677988018.578058 - LOGICAL CLOCK TIME: 327
INTERNAL EVENT - GLOBAL TIME: 1677988018.5820515 - LOGICAL CLOCK TIME: 328
INTERNAL EVENT - GLOBAL TIME: 1677988018.5870504 - LOGICAL CLOCK TIME: 329
RECEIVED: Machine 2 has logical clock time 434 - GLOBAL TIME: 1677988018.6053944 - LOGICAL CLOCK TIME: 330 - MESSAGE QUEUE LEN: 0
RECEIVED: Machine 0 has logical clock time 439 - GLOBAL TIME: 1677988019.5121622 - LOGICAL CLOCK TIME: 331 - MESSAGE QUEUE LEN: 1
RECEIVED: Machine 2 has logical clock time 437 - GLOBAL TIME: 1677988019.5121622 - LOGICAL CLOCK TIME: 332 - MESSAGE QUEUE LEN: 0
INTERNAL EVENT - GLOBAL TIME: 1677988019.513559 - LOGICAL CLOCK TIME: 334
SENT: Machine 1 has logical clock time 333 TO MACHINE #0 - GLOBAL TIME: 1677988019.5195668 - LOGICAL CLOCK TIME: 335
SENT: Machine 1 has logical clock time 335 TO MACHINE #0 - GLOBAL TIME: 1677988019.5318875 - LOGICAL CLOCK TIME: 335
INTERNAL EVENT - GLOBAL TIME: 1677988019.5318875 - LOGICAL CLOCK TIME: 336
INTERNAL EVENT - GLOBAL TIME: 1677988019.547894 - LOGICAL CLOCK TIME: 337
INTERNAL EVENT - GLOBAL TIME: 1677988019.547894 - LOGICAL CLOCK TIME: 338
RECEIVED: Machine 0 has logical clock time 446 - GLOBAL TIME: 1677988019.5745602 - LOGICAL CLOCK TIME: 341 - MESSAGE QUEUE LEN: 0
INTERNAL EVENT - GLOBAL TIME: 1677988019.5745602 - LOGICAL CLOCK TIME: 342
INTERNAL EVENT - GLOBAL TIME: 1677988019.5785594 - LOGICAL CLOCK TIME: 343
SENT: Machine 1 has logical clock time 340 TO MACHINE #2 - GLOBAL TIME: 1677988019.5959065 - LOGICAL CLOCK TIME: 343
INTERNAL EVENT - GLOBAL TIME: 1677988019.5959065 - LOGICAL CLOCK TIME: 344
SENT: Machine 1 has logical clock time 339 TO MACHINE #2 - GLOBAL TIME: 1677988019.6042173 - LOGICAL CLOCK TIME: 345
SENT: Machine 1 has logical clock time 339 TO MACHINE #0 - GLOBAL TIME: 1677988019.6042173 - LOGICAL CLOCK TIME: 345
SENT: Machine 1 has logical clock time 345 TO MACHINE #2 - GLOBAL TIME: 1677988019.6220593 - LOGICAL CLOCK TIME: 345
SENT: Machine 1 has logical clock time 345 TO MACHINE #0 - GLOBAL TIME: 1677988019.6220593 - LOGICAL CLOCK TIME: 345
RECEIVED: Machine 0 has logical clock time 455 - GLOBAL TIME: 1677988020.5135002 - LOGICAL CLOCK TIME: 346 - MESSAGE QUEUE LEN: 4
RECEIVED: Machine 0 has logical clock time 456 - GLOBAL TIME: 1677988020.5155003 - LOGICAL CLOCK TIME: 347 - MESSAGE QUEUE LEN: 3
RECEIVED: Machine 2 has logical clock time 458 - GLOBAL TIME: 1677988020.5185008 - LOGICAL CLOCK TIME: 348 - MESSAGE QUEUE LEN: 2
RECEIVED: Machine 2 has logical clock time 450 - GLOBAL TIME: 1677988020.5305011 - LOGICAL CLOCK TIME: 349 - MESSAGE QUEUE LEN: 1
RECEIVED: Machine 2 has logical clock time 459 - GLOBAL TIME: 1677988020.5345013 - LOGICAL CLOCK TIME: 350 - MESSAGE QUEUE LEN: 0
INTERNAL EVENT - GLOBAL TIME: 1677988020.5345013 - LOGICAL CLOCK TIME: 351
SENT: Machine 1 has logical clock time 352 TO MACHINE #2 - GLOBAL TIME: 1677988020.5680032 - LOGICAL CLOCK TIME: 352
INTERNAL EVENT - GLOBAL TIME: 1677988020.5700028 - LOGICAL CLOCK TIME: 353
RECEIVED: Machine 0 has logical clock time 464 - GLOBAL TIME: 1677988020.573 - LOGICAL CLOCK TIME: 354 - MESSAGE QUEUE LEN: 0
INTERNAL EVENT - GLOBAL TIME: 1677988020.5794072 - LOGICAL CLOCK TIME: 356
SENT: Machine 1 has logical clock time 355 TO MACHINE #2 - GLOBAL TIME: 1677988020.5874057 - LOGICAL CLOCK TIME: 356
INTERNAL EVENT - GLOBAL TIME: 1677988020.5944064 - LOGICAL CLOCK TIME: 358
INTERNAL EVENT - GLOBAL TIME: 1677988020.5944064 - LOGICAL CLOCK TIME: 359
SENT: Machine 1 has logical clock time 357 TO MACHINE #2 - GLOBAL TIME: 1677988020.6056128 - LOGICAL CLOCK TIME: 359
SENT: Machine 1 has logical clock time 360 TO MACHINE #2 - GLOBAL TIME: 1677988020.6309128 - LOGICAL CLOCK TIME: 360
SENT: Machine 1 has logical clock time 360 TO MACHINE #0 - GLOBAL TIME: 1677988020.632912 - LOGICAL CLOCK TIME: 360
RECEIVED: Machine 2 has logical clock time 464 - GLOBAL TIME: 1677988021.5343115 - LOGICAL CLOCK TIME: 361 - MESSAGE QUEUE LEN: 5
RECEIVED: Machine 0 has logical clock time 471 - GLOBAL TIME: 1677988021.5363111 - LOGICAL CLOCK TIME: 362 - MESSAGE QUEUE LEN: 4
RECEIVED: Machine 2 has logical clock time 465 - GLOBAL TIME: 1677988021.5383127 - LOGICAL CLOCK TIME: 363 - MESSAGE QUEUE LEN: 3
RECEIVED: Machine 2 has logical clock time 474 - GLOBAL TIME: 1677988021.540313 - LOGICAL CLOCK TIME: 364 - MESSAGE QUEUE LEN: 2
RECEIVED: Machine 0 has logical clock time 478 - GLOBAL TIME: 1677988021.540313 - LOGICAL CLOCK TIME: 365 - MESSAGE QUEUE LEN: 1
RECEIVED: Machine 0 has logical clock time 479 - GLOBAL TIME: 1677988021.5413125 - LOGICAL CLOCK TIME: 366 - MESSAGE QUEUE LEN: 0
INTERNAL EVENT - GLOBAL TIME: 1677988021.5743184 - LOGICAL CLOCK TIME: 367
INTERNAL EVENT - GLOBAL TIME: 1677988021.5743184 - LOGICAL CLOCK TIME: 368
INTERNAL EVENT - GLOBAL TIME: 1677988021.5779407 - LOGICAL CLOCK TIME: 369
INTERNAL EVENT - GLOBAL TIME: 1677988021.5875432 - LOGICAL CLOCK TIME: 370
INTERNAL EVENT - GLOBAL TIME: 1677988021.589013 - LOGICAL CLOCK TIME: 371
INTERNAL EVENT - GLOBAL TIME: 1677988021.5974581 - LOGICAL CLOCK TIME: 372
INTERNAL EVENT - GLOBAL TIME: 1677988021.6088781 - LOGICAL CLOCK TIME: 373
INTERNAL EVENT - GLOBAL TIME: 1677988021.6276212 - LOGICAL CLOCK TIME: 375
SENT: Machine 1 has logical clock time 374 TO MACHINE #0 - GLOBAL TIME: 1677988021.6406286 - LOGICAL CLOCK TIME: 375
RECEIVED: Machine 2 has logical clock time 490 - GLOBAL TIME: 1677988022.549531 - LOGICAL CLOCK TIME: 376 - MESSAGE QUEUE LEN: 3
RECEIVED: Machine 2 has logical clock time 491 - GLOBAL TIME: 1677988022.5535343 - LOGICAL CLOCK TIME: 377 - MESSAGE QUEUE LEN: 2
RECEIVED: Machine 2 has logical clock time 498 - GLOBAL TIME: 1677988022.554789 - LOGICAL CLOCK TIME: 378 - MESSAGE QUEUE LEN: 1
RECEIVED: Machine 2 has logical clock time 493 - GLOBAL TIME: 1677988022.5587933 - LOGICAL CLOCK TIME: 379 - MESSAGE QUEUE LEN: 0
INTERNAL EVENT - GLOBAL TIME: 1677988022.5617955 - LOGICAL CLOCK TIME: 380
INTERNAL EVENT - GLOBAL TIME: 1677988022.571903 - LOGICAL CLOCK TIME: 381
RECEIVED: Machine 0 has logical clock time 504 - GLOBAL TIME: 1677988022.5842736 - LOGICAL CLOCK TIME: 382 - MESSAGE QUEUE LEN: 0
INTERNAL EVENT - GLOBAL TIME: 1677988022.5882716 - LOGICAL CLOCK TIME: 383
INTERNAL EVENT - GLOBAL TIME: 1677988022.5882716 - LOGICAL CLOCK TIME: 384
INTERNAL EVENT - GLOBAL TIME: 1677988022.5978625 - LOGICAL CLOCK TIME: 385
INTERNAL EVENT - GLOBAL TIME: 1677988022.601141 - LOGICAL CLOCK TIME: 386
SENT: Machine 1 has logical clock time 388 TO MACHINE #2 - GLOBAL TIME: 1677988022.6143615 - LOGICAL CLOCK TIME: 388
SENT: Machine 1 has logical clock time 387 TO MACHINE #2 - GLOBAL TIME: 1677988022.6233659 - LOGICAL CLOCK TIME: 388
RECEIVED: Machine 0 has logical clock time 506 - GLOBAL TIME: 1677988022.625366 - LOGICAL CLOCK TIME: 389 - MESSAGE QUEUE LEN: 0
SENT: Machine 1 has logical clock time 390 TO MACHINE #0 - GLOBAL TIME: 1677988022.6435342 - LOGICAL CLOCK TIME: 390
RECEIVED: Machine 2 has logical clock time 507 - GLOBAL TIME: 1677988023.555053 - LOGICAL CLOCK TIME: 391 - MESSAGE QUEUE LEN: 4
RECEIVED: Machine 2 has logical clock time 511 - GLOBAL TIME: 1677988023.56605 - LOGICAL CLOCK TIME: 392 - MESSAGE QUEUE LEN: 3
RECEIVED: Machine 2 has logical clock time 515 - GLOBAL TIME: 1677988023.5670521 - LOGICAL CLOCK TIME: 393 - MESSAGE QUEUE LEN: 2
RECEIVED: Machine 0 has logical clock time 511 - GLOBAL TIME: 1677988023.5720496 - LOGICAL CLOCK TIME: 394 - MESSAGE QUEUE LEN: 1
RECEIVED: Machine 0 has logical clock time 515 - GLOBAL TIME: 1677988023.580051 - LOGICAL CLOCK TIME: 395 - MESSAGE QUEUE LEN: 0
SENT: Machine 1 has logical clock time 398 TO MACHINE #2 - GLOBAL TIME: 1677988023.6148577 - LOGICAL CLOCK TIME: 398
RECEIVED: Machine 0 has logical clock time 524 - GLOBAL TIME: 1677988023.616858 - LOGICAL CLOCK TIME: 400 - MESSAGE QUEUE LEN: 0
INTERNAL EVENT - GLOBAL TIME: 1677988023.616858 - LOGICAL CLOCK TIME: 401
INTERNAL EVENT - GLOBAL TIME: 1677988023.6178713 - LOGICAL CLOCK TIME: 402
SENT: Machine 1 has logical clock time 397 TO MACHINE #2 - GLOBAL TIME: 1677988023.6258576 - LOGICAL CLOCK TIME: 402
SENT: Machine 1 has logical clock time 397 TO MACHINE #0 - GLOBAL TIME: 1677988023.629441 - LOGICAL CLOCK TIME: 402
SENT: Machine 1 has logical clock time 396 TO MACHINE #2 - GLOBAL TIME: 1677988023.629441 - LOGICAL CLOCK TIME: 402
SENT: Machine 1 has logical clock time 396 TO MACHINE #0 - GLOBAL TIME: 1677988023.639291 - LOGICAL CLOCK TIME: 403
SENT: Machine 1 has logical clock time 399 TO MACHINE #2 - GLOBAL TIME: 1677988023.6366043 - LOGICAL CLOCK TIME: 403
INTERNAL EVENT - GLOBAL TIME: 1677988023.632138 - LOGICAL CLOCK TIME: 403
INTERNAL EVENT - GLOBAL TIME: 1677988023.654199 - LOGICAL CLOCK TIME: 404
SENT: Machine 1 has logical clock time 405 TO MACHINE #2 - GLOBAL TIME: 1677988023.7124867 - LOGICAL CLOCK TIME: 405
SENT: Machine 1 has logical clock time 405 TO MACHINE #0 - GLOBAL TIME: 1677988023.7207327 - LOGICAL CLOCK TIME: 405
RECEIVED: Machine 0 has logical clock time 529 - GLOBAL TIME: 1677988024.5668983 - LOGICAL CLOCK TIME: 406 - MESSAGE QUEUE LEN: 6
RECEIVED: Machine 2 has logical clock time 529 - GLOBAL TIME: 1677988024.5668983 - LOGICAL CLOCK TIME: 407 - MESSAGE QUEUE LEN: 5
RECEIVED: Machine 2 has logical clock time 527 - GLOBAL TIME: 1677988024.5732734 - LOGICAL CLOCK TIME: 408 - MESSAGE QUEUE LEN: 4
RECEIVED: Machine 2 has logical clock time 525 - GLOBAL TIME: 1677988024.5872755 - LOGICAL CLOCK TIME: 409 - MESSAGE QUEUE LEN: 3
RECEIVED: Machine 0 has logical clock time 533 - GLOBAL TIME: 1677988024.5882673 - LOGICAL CLOCK TIME: 410 - MESSAGE QUEUE LEN: 2
RECEIVED: Machine 0 has logical clock time 536 - GLOBAL TIME: 1677988024.5962672 - LOGICAL CLOCK TIME: 411 - MESSAGE QUEUE LEN: 1
RECEIVED: Machine 0 has logical clock time 538 - GLOBAL TIME: 1677988024.616267 - LOGICAL CLOCK TIME: 412 - MESSAGE QUEUE LEN: 0
INTERNAL EVENT - GLOBAL TIME: 1677988024.616267 - LOGICAL CLOCK TIME: 413
INTERNAL EVENT - GLOBAL TIME: 1677988024.626268 - LOGICAL CLOCK TIME: 415
INTERNAL EVENT - GLOBAL TIME: 1677988024.626268 - LOGICAL CLOCK TIME: 416
SENT: Machine 1 has logical clock time 414 TO MACHINE #2 - GLOBAL TIME: 1677988024.628267 - LOGICAL CLOCK TIME: 416
INTERNAL EVENT - GLOBAL TIME: 1677988024.6332672 - LOGICAL CLOCK TIME: 417
INTERNAL EVENT - GLOBAL TIME: 1677988024.6382685 - LOGICAL CLOCK TIME: 418
INTERNAL EVENT - GLOBAL TIME: 1677988024.6382685 - LOGICAL CLOCK TIME: 419
SENT: Machine 1 has logical clock time 420 TO MACHINE #0 - GLOBAL TIME: 1677988024.6536763 - LOGICAL CLOCK TIME: 420
RECEIVED: Machine 2 has logical clock time 556 - GLOBAL TIME: 1677988025.585953 - LOGICAL CLOCK TIME: 421 - MESSAGE QUEUE LEN: 1
RECEIVED: Machine 2 has logical clock time 557 - GLOBAL TIME: 1677988025.5900505 - LOGICAL CLOCK TIME: 422 - MESSAGE QUEUE LEN: 0
INTERNAL EVENT - GLOBAL TIME: 1677988025.5920482 - LOGICAL CLOCK TIME: 423
INTERNAL EVENT - GLOBAL TIME: 1677988025.6050487 - LOGICAL CLOCK TIME: 424
INTERNAL EVENT - GLOBAL TIME: 1677988025.6250482 - LOGICAL CLOCK TIME: 426
SENT: Machine 1 has logical clock time 425 TO MACHINE #2 - GLOBAL TIME: 1677988025.6250482 - LOGICAL CLOCK TIME: 427
INTERNAL EVENT - GLOBAL TIME: 1677988025.6250482 - LOGICAL CLOCK TIME: 428
INTERNAL EVENT - GLOBAL TIME: 1677988025.6270483 - LOGICAL CLOCK TIME: 429
SENT: Machine 1 has logical clock time 427 TO MACHINE #0 - GLOBAL TIME: 1677988025.6454098 - LOGICAL CLOCK TIME: 431
INTERNAL EVENT - GLOBAL TIME: 1677988025.6474164 - LOGICAL CLOCK TIME: 432
SENT: Machine 1 has logical clock time 430 TO MACHINE #2 - GLOBAL TIME: 1677988025.6504157 - LOGICAL CLOCK TIME: 432
SENT: Machine 1 has logical clock time 431 TO MACHINE #0 - GLOBAL TIME: 1677988025.6577785 - LOGICAL CLOCK TIME: 432
INTERNAL EVENT - GLOBAL TIME: 1677988025.6622639 - LOGICAL CLOCK TIME: 433
INTERNAL EVENT - GLOBAL TIME: 1677988025.6672707 - LOGICAL CLOCK TIME: 434
RECEIVED: Machine 2 has logical clock time 565 - GLOBAL TIME: 1677988025.6856582 - LOGICAL CLOCK TIME: 435 - MESSAGE QUEUE LEN: 0
RECEIVED: Machine 0 has logical clock time 571 - GLOBAL TIME: 1677988026.5979981 - LOGICAL CLOCK TIME: 436 - MESSAGE QUEUE LEN: 7
RECEIVED: Machine 2 has logical clock time 562 - GLOBAL TIME: 1677988026.5979981 - LOGICAL CLOCK TIME: 437 - MESSAGE QUEUE LEN: 6
RECEIVED: Machine 0 has logical clock time 565 - GLOBAL TIME: 1677988026.6019988 - LOGICAL CLOCK TIME: 438 - MESSAGE QUEUE LEN: 5
RECEIVED: Machine 2 has logical clock time 567 - GLOBAL TIME: 1677988026.6099966 - LOGICAL CLOCK TIME: 439 - MESSAGE QUEUE LEN: 4
RECEIVED: Machine 2 has logical clock time 571 - GLOBAL TIME: 1677988026.6173744 - LOGICAL CLOCK TIME: 440 - MESSAGE QUEUE LEN: 3
RECEIVED: Machine 2 has logical clock time 568 - GLOBAL TIME: 1677988026.6203728 - LOGICAL CLOCK TIME: 441 - MESSAGE QUEUE LEN: 2
RECEIVED: Machine 0 has logical clock time 575 - GLOBAL TIME: 1677988026.639763 - LOGICAL CLOCK TIME: 442 - MESSAGE QUEUE LEN: 1
RECEIVED: Machine 2 has logical clock time 576 - GLOBAL TIME: 1677988026.639763 - LOGICAL CLOCK TIME: 443 - MESSAGE QUEUE LEN: 0
INTERNAL EVENT - GLOBAL TIME: 1677988026.6417632 - LOGICAL CLOCK TIME: 444
INTERNAL EVENT - GLOBAL TIME: 1677988026.6628652 - LOGICAL CLOCK TIME: 446
INTERNAL EVENT - GLOBAL TIME: 1677988026.6648722 - LOGICAL CLOCK TIME: 447
SENT: Machine 1 has logical clock time 445 TO MACHINE #0 - GLOBAL TIME: 1677988026.6678722 - LOGICAL CLOCK TIME: 447
INTERNAL EVENT - GLOBAL TIME: 1677988026.6758728 - LOGICAL CLOCK TIME: 448
RECEIVED: Machine 0 has logical clock time 591 - GLOBAL TIME: 1677988026.683873 - LOGICAL CLOCK TIME: 449 - MESSAGE QUEUE LEN: 0
SENT: Machine 1 has logical clock time 450 TO MACHINE #2 - GLOBAL TIME: 1677988026.7218955 - LOGICAL CLOCK TIME: 450
SENT: Machine 1 has logical clock time 450 TO MACHINE #0 - GLOBAL TIME: 1677988026.7218955 - LOGICAL CLOCK TIME: 450
RECEIVED: Machine 0 has logical clock time 596 - GLOBAL TIME: 1677988027.6118875 - LOGICAL CLOCK TIME: 451 - MESSAGE QUEUE LEN: 2
RECEIVED: Machine 0 has logical clock time 598 - GLOBAL TIME: 1677988027.6118875 - LOGICAL CLOCK TIME: 452 - MESSAGE QUEUE LEN: 1
RECEIVED: Machine 2 has logical clock time 595 - GLOBAL TIME: 1677988027.615299 - LOGICAL CLOCK TIME: 453 - MESSAGE QUEUE LEN: 0
INTERNAL EVENT - GLOBAL TIME: 1677988027.6202996 - LOGICAL CLOCK TIME: 454
INTERNAL EVENT - GLOBAL TIME: 1677988027.6272988 - LOGICAL CLOCK TIME: 455
INTERNAL EVENT - GLOBAL TIME: 1677988027.6272988 - LOGICAL CLOCK TIME: 456
INTERNAL EVENT - GLOBAL TIME: 1677988027.6481502 - LOGICAL CLOCK TIME: 457
INTERNAL EVENT - GLOBAL TIME: 1677988027.6511502 - LOGICAL CLOCK TIME: 458
RECEIVED: Machine 2 has logical clock time 605 - GLOBAL TIME: 1677988027.6592116 - LOGICAL CLOCK TIME: 459 - MESSAGE QUEUE LEN: 0
INTERNAL EVENT - GLOBAL TIME: 1677988027.6749964 - LOGICAL CLOCK TIME: 460
RECEIVED: Machine 2 has logical clock time 610 - GLOBAL TIME: 1677988027.6902812 - LOGICAL CLOCK TIME: 462 - MESSAGE QUEUE LEN: 0
SENT: Machine 1 has logical clock time 463 TO MACHINE #2 - GLOBAL TIME: 1677988027.710284 - LOGICAL CLOCK TIME: 463
SENT: Machine 1 has logical clock time 461 TO MACHINE #2 - GLOBAL TIME: 1677988027.7112837 - LOGICAL CLOCK TIME: 463
SENT: Machine 1 has logical clock time 461 TO MACHINE #0 - GLOBAL TIME: 1677988027.7156706 - LOGICAL CLOCK TIME: 464
INTERNAL EVENT - GLOBAL TIME: 1677988027.722314 - LOGICAL CLOCK TIME: 465
SENT: Machine 1 has logical clock time 464 TO MACHINE #0 - GLOBAL TIME: 1677988027.7253213 - LOGICAL CLOCK TIME: 465
RECEIVED: Machine 2 has logical clock time 606 - GLOBAL TIME: 1677988028.6123602 - LOGICAL CLOCK TIME: 466 - MESSAGE QUEUE LEN: 5
RECEIVED: Machine 2 has logical clock time 607 - GLOBAL TIME: 1677988028.6143577 - LOGICAL CLOCK TIME: 467 - MESSAGE QUEUE LEN: 4
RECEIVED: Machine 2 has logical clock time 613 - GLOBAL TIME: 1677988028.6143577 - LOGICAL CLOCK TIME: 468 - MESSAGE QUEUE LEN: 3
RECEIVED: Machine 0 has logical clock time 618 - GLOBAL TIME: 1677988028.6293585 - LOGICAL CLOCK TIME: 469 - MESSAGE QUEUE LEN: 2
RECEIVED: Machine 2 has logical clock time 612 - GLOBAL TIME: 1677988028.6343594 - LOGICAL CLOCK TIME: 470 - MESSAGE QUEUE LEN: 1
RECEIVED: Machine 0 has logical clock time 619 - GLOBAL TIME: 1677988028.6343594 - LOGICAL CLOCK TIME: 471 - MESSAGE QUEUE LEN: 0
INTERNAL EVENT - GLOBAL TIME: 1677988028.6583962 - LOGICAL CLOCK TIME: 472
INTERNAL EVENT - GLOBAL TIME: 1677988028.6695087 - LOGICAL CLOCK TIME: 474
INTERNAL EVENT - GLOBAL TIME: 1677988028.6906037 - LOGICAL CLOCK TIME: 476
INTERNAL EVENT - GLOBAL TIME: 1677988028.6906037 - LOGICAL CLOCK TIME: 477
INTERNAL EVENT - GLOBAL TIME: 1677988028.6906037 - LOGICAL CLOCK TIME: 478
SENT: Machine 1 has logical clock time 475 TO MACHINE #2 - GLOBAL TIME: 1677988028.6946054 - LOGICAL CLOCK TIME: 478
SENT: Machine 1 has logical clock time 473 TO MACHINE #0 - GLOBAL TIME: 1677988028.6956046 - LOGICAL CLOCK TIME: 478
INTERNAL EVENT - GLOBAL TIME: 1677988028.7016058 - LOGICAL CLOCK TIME: 480
SENT: Machine 1 has logical clock time 479 TO MACHINE #0 - GLOBAL TIME: 1677988028.7096057 - LOGICAL CLOCK TIME: 480
RECEIVED: Machine 0 has logical clock time 635 - GLOBAL TIME: 1677988029.623675 - LOGICAL CLOCK TIME: 481 - MESSAGE QUEUE LEN: 2
RECEIVED: Machine 2 has logical clock time 635 - GLOBAL TIME: 1677988029.6256733 - LOGICAL CLOCK TIME: 482 - MESSAGE QUEUE LEN: 1
RECEIVED: Machine 2 has logical clock time 634 - GLOBAL TIME: 1677988029.6256733 - LOGICAL CLOCK TIME: 483 - MESSAGE QUEUE LEN: 0
INTERNAL EVENT - GLOBAL TIME: 1677988029.6452017 - LOGICAL CLOCK TIME: 484
INTERNAL EVENT - GLOBAL TIME: 1677988029.6472018 - LOGICAL CLOCK TIME: 485
INTERNAL EVENT - GLOBAL TIME: 1677988029.6682177 - LOGICAL CLOCK TIME: 487
SENT: Machine 1 has logical clock time 486 TO MACHINE #2 - GLOBAL TIME: 1677988029.6723533 - LOGICAL CLOCK TIME: 487
SENT: Machine 1 has logical clock time 486 TO MACHINE #0 - GLOBAL TIME: 1677988029.6794026 - LOGICAL CLOCK TIME: 488
INTERNAL EVENT - GLOBAL TIME: 1677988029.682907 - LOGICAL CLOCK TIME: 489
INTERNAL EVENT - GLOBAL TIME: 1677988029.689905 - LOGICAL CLOCK TIME: 490
INTERNAL EVENT - GLOBAL TIME: 1677988029.6979086 - LOGICAL CLOCK TIME: 491
SENT: Machine 1 has logical clock time 488 TO MACHINE #0 - GLOBAL TIME: 1677988029.703905 - LOGICAL CLOCK TIME: 491
INTERNAL EVENT - GLOBAL TIME: 1677988029.704907 - LOGICAL CLOCK TIME: 492
INTERNAL EVENT - GLOBAL TIME: 1677988029.7089067 - LOGICAL CLOCK TIME: 493
RECEIVED: Machine 2 has logical clock time 644 - GLOBAL TIME: 1677988029.713905 - LOGICAL CLOCK TIME: 494 - MESSAGE QUEUE LEN: 0
INTERNAL EVENT - GLOBAL TIME: 1677988029.7320955 - LOGICAL CLOCK TIME: 495
RECEIVED: Machine 2 has logical clock time 649 - GLOBAL TIME: 1677988030.6267715 - LOGICAL CLOCK TIME: 496 - MESSAGE QUEUE LEN: 2
RECEIVED: Machine 2 has logical clock time 651 - GLOBAL TIME: 1677988030.6387727 - LOGICAL CLOCK TIME: 497 - MESSAGE QUEUE LEN: 1
RECEIVED: Machine 2 has logical clock time 652 - GLOBAL TIME: 1677988030.640773 - LOGICAL CLOCK TIME: 498 - MESSAGE QUEUE LEN: 0
INTERNAL EVENT - GLOBAL TIME: 1677988030.6627715 - LOGICAL CLOCK TIME: 499
SENT: Machine 1 has logical clock time 500 TO MACHINE #0 - GLOBAL TIME: 1677988030.6742089 - LOGICAL CLOCK TIME: 500
INTERNAL EVENT - GLOBAL TIME: 1677988030.6772172 - LOGICAL CLOCK TIME: 501
INTERNAL EVENT - GLOBAL TIME: 1677988030.6792185 - LOGICAL CLOCK TIME: 502
SENT: Machine 1 has logical clock time 504 TO MACHINE #2 - GLOBAL TIME: 1677988030.727647 - LOGICAL CLOCK TIME: 504
SENT: Machine 1 has logical clock time 503 TO MACHINE #2 - GLOBAL TIME: 1677988030.727647 - LOGICAL CLOCK TIME: 504
RECEIVED: Machine 0 has logical clock time 668 - GLOBAL TIME: 1677988030.7366488 - LOGICAL CLOCK TIME: 506 - MESSAGE QUEUE LEN: 0
SENT: Machine 1 has logical clock time 505 TO MACHINE #2 - GLOBAL TIME: 1677988030.7428646 - LOGICAL CLOCK TIME: 506
SENT: Machine 1 has logical clock time 503 TO MACHINE #0 - GLOBAL TIME: 1677988030.747864 - LOGICAL CLOCK TIME: 506
INTERNAL EVENT - GLOBAL TIME: 1677988030.7538643 - LOGICAL CLOCK TIME: 507
INTERNAL EVENT - GLOBAL TIME: 1677988030.7638662 - LOGICAL CLOCK TIME: 508
INTERNAL EVENT - GLOBAL TIME: 1677988030.7701423 - LOGICAL CLOCK TIME: 509
INTERNAL EVENT - GLOBAL TIME: 1677988030.7785902 - LOGICAL CLOCK TIME: 510
RECEIVED: Machine 0 has logical clock time 671 - GLOBAL TIME: 1677988031.6452594 - LOGICAL CLOCK TIME: 511 - MESSAGE QUEUE LEN: 3
RECEIVED: Machine 2 has logical clock time 663 - GLOBAL TIME: 1677988031.6476538 - LOGICAL CLOCK TIME: 512 - MESSAGE QUEUE LEN: 2
RECEIVED: Machine 0 has logical clock time 677 - GLOBAL TIME: 1677988031.651661 - LOGICAL CLOCK TIME: 513 - MESSAGE QUEUE LEN: 1
RECEIVED: Machine 2 has logical clock time 672 - GLOBAL TIME: 1677988031.6940353 - LOGICAL CLOCK TIME: 514 - MESSAGE QUEUE LEN: 0
INTERNAL EVENT - GLOBAL TIME: 1677988031.6940353 - LOGICAL CLOCK TIME: 515
INTERNAL EVENT - GLOBAL TIME: 1677988031.7081454 - LOGICAL CLOCK TIME: 518
INTERNAL EVENT - GLOBAL TIME: 1677988031.7141464 - LOGICAL CLOCK TIME: 519
INTERNAL EVENT - GLOBAL TIME: 1677988031.7141464 - LOGICAL CLOCK TIME: 520
SENT: Machine 1 has logical clock time 517 TO MACHINE #0 - GLOBAL TIME: 1677988031.7327282 - LOGICAL CLOCK TIME: 520
SENT: Machine 1 has logical clock time 516 TO MACHINE #2 - GLOBAL TIME: 1677988031.7347403 - LOGICAL CLOCK TIME: 520
INTERNAL EVENT - GLOBAL TIME: 1677988031.7417371 - LOGICAL CLOCK TIME: 521
SENT: Machine 1 has logical clock time 516 TO MACHINE #0 - GLOBAL TIME: 1677988031.7430737 - LOGICAL CLOCK TIME: 521
INTERNAL EVENT - GLOBAL TIME: 1677988031.7460794 - LOGICAL CLOCK TIME: 522
INTERNAL EVENT - GLOBAL TIME: 1677988031.7555776 - LOGICAL CLOCK TIME: 523
INTERNAL EVENT - GLOBAL TIME: 1677988031.7699258 - LOGICAL CLOCK TIME: 524
INTERNAL EVENT - GLOBAL TIME: 1677988031.772925 - LOGICAL CLOCK TIME: 525
RECEIVED: Machine 0 has logical clock time 693 - GLOBAL TIME: 1677988032.650131 - LOGICAL CLOCK TIME: 526 - MESSAGE QUEUE LEN: 6
RECEIVED: Machine 2 has logical clock time 684 - GLOBAL TIME: 1677988032.6531305 - LOGICAL CLOCK TIME: 527 - MESSAGE QUEUE LEN: 5
RECEIVED: Machine 2 has logical clock time 693 - GLOBAL TIME: 1677988032.6581304 - LOGICAL CLOCK TIME: 528 - MESSAGE QUEUE LEN: 4
