Machine 0 has clock cycle 6
----------------------- Machine 0 is starting its 1th run of 20 seconds -----------------------
SENT(rand=2): 'Machine 0 has logical clock time 1' TO MACHINE #2 - GLOBAL TIME: 0 - LOGICAL CLOCK TIME: 1
INTERNAL EVENT - GLOBAL TIME: 0 - LOGICAL CLOCK TIME: 2
SENT(rand=2): 'Machine 0 has logical clock time 3' TO MACHINE #2 - GLOBAL TIME: 0 - LOGICAL CLOCK TIME: 3
RECEIVED: 'Machine 2 has logical clock time 3' - GLOBAL TIME: 0 - LOGICAL CLOCK TIME: 4 - MESSAGE QUEUE LEN: 0
INTERNAL EVENT - GLOBAL TIME: 0 - LOGICAL CLOCK TIME: 5
INTERNAL EVENT - GLOBAL TIME: 0 - LOGICAL CLOCK TIME: 6
RECEIVED: 'Machine 2 has logical clock time 6' - GLOBAL TIME: 1 - LOGICAL CLOCK TIME: 7 - MESSAGE QUEUE LEN: 0
RECEIVED: 'Machine 2 has logical clock time 8' - GLOBAL TIME: 1 - LOGICAL CLOCK TIME: 9 - MESSAGE QUEUE LEN: 0
INTERNAL EVENT - GLOBAL TIME: 1 - LOGICAL CLOCK TIME: 10
INTERNAL EVENT - GLOBAL TIME: 1 - LOGICAL CLOCK TIME: 11
INTERNAL EVENT - GLOBAL TIME: 1 - LOGICAL CLOCK TIME: 12
INTERNAL EVENT - GLOBAL TIME: 1 - LOGICAL CLOCK TIME: 13
RECEIVED: 'Machine 2 has logical clock time 12' - GLOBAL TIME: 2 - LOGICAL CLOCK TIME: 14 - MESSAGE QUEUE LEN: 0
INTERNAL EVENT - GLOBAL TIME: 2 - LOGICAL CLOCK TIME: 15
RECEIVED: 'Machine 2 has logical clock time 14' - GLOBAL TIME: 2 - LOGICAL CLOCK TIME: 16 - MESSAGE QUEUE LEN: 0
INTERNAL EVENT - GLOBAL TIME: 2 - LOGICAL CLOCK TIME: 17
INTERNAL EVENT - GLOBAL TIME: 2 - LOGICAL CLOCK TIME: 18
INTERNAL EVENT - GLOBAL TIME: 2 - LOGICAL CLOCK TIME: 19
RECEIVED: 'Machine 2 has logical clock time 17' - GLOBAL TIME: 3 - LOGICAL CLOCK TIME: 20 - MESSAGE QUEUE LEN: 0
INTERNAL EVENT - GLOBAL TIME: 3 - LOGICAL CLOCK TIME: 21
INTERNAL EVENT - GLOBAL TIME: 3 - LOGICAL CLOCK TIME: 22
SENT(rand=1): 'Machine 0 has logical clock time 23' TO MACHINE #1 - GLOBAL TIME: 3 - LOGICAL CLOCK TIME: 23
RECEIVED: 'Machine 2 has logical clock time 22' - GLOBAL TIME: 3 - LOGICAL CLOCK TIME: 24 - MESSAGE QUEUE LEN: 0
INTERNAL EVENT - GLOBAL TIME: 3 - LOGICAL CLOCK TIME: 25
SENT(rand=2): 'Machine 0 has logical clock time 26' TO MACHINE #2 - GLOBAL TIME: 4 - LOGICAL CLOCK TIME: 26
INTERNAL EVENT - GLOBAL TIME: 4 - LOGICAL CLOCK TIME: 27
INTERNAL EVENT - GLOBAL TIME: 4 - LOGICAL CLOCK TIME: 28
INTERNAL EVENT - GLOBAL TIME: 4 - LOGICAL CLOCK TIME: 29
RECEIVED: 'Machine 2 has logical clock time 26' - GLOBAL TIME: 4 - LOGICAL CLOCK TIME: 30 - MESSAGE QUEUE LEN: 0
SENT(rand=1): 'Machine 0 has logical clock time 31' TO MACHINE #1 - GLOBAL TIME: 4 - LOGICAL CLOCK TIME: 31
SENT(rand=1): 'Machine 0 has logical clock time 32' TO MACHINE #1 - GLOBAL TIME: 5 - LOGICAL CLOCK TIME: 32
RECEIVED: 'Machine 2 has logical clock time 31' - GLOBAL TIME: 5 - LOGICAL CLOCK TIME: 33 - MESSAGE QUEUE LEN: 0
INTERNAL EVENT - GLOBAL TIME: 5 - LOGICAL CLOCK TIME: 34
SENT(rand=1): 'Machine 0 has logical clock time 35' TO MACHINE #1 - GLOBAL TIME: 5 - LOGICAL CLOCK TIME: 35
RECEIVED: 'Machine 2 has logical clock time 36' - GLOBAL TIME: 5 - LOGICAL CLOCK TIME: 37 - MESSAGE QUEUE LEN: 0
INTERNAL EVENT - GLOBAL TIME: 5 - LOGICAL CLOCK TIME: 38
SENT(rand=3): 'Machine 0 has logical clock time 39' TO MACHINE #1 and #2 - GLOBAL TIME: 6 - LOGICAL CLOCK TIME: 39
RECEIVED: 'Machine 2 has logical clock time 38' - GLOBAL TIME: 6 - LOGICAL CLOCK TIME: 40 - MESSAGE QUEUE LEN: 0
SENT(rand=3): 'Machine 0 has logical clock time 41' TO MACHINE #1 and #2 - GLOBAL TIME: 6 - LOGICAL CLOCK TIME: 41
INTERNAL EVENT - GLOBAL TIME: 6 - LOGICAL CLOCK TIME: 42
SENT(rand=2): 'Machine 0 has logical clock time 43' TO MACHINE #2 - GLOBAL TIME: 6 - LOGICAL CLOCK TIME: 43
INTERNAL EVENT - GLOBAL TIME: 6 - LOGICAL CLOCK TIME: 44
INTERNAL EVENT - GLOBAL TIME: 7 - LOGICAL CLOCK TIME: 45
SENT(rand=3): 'Machine 0 has logical clock time 46' TO MACHINE #1 and #2 - GLOBAL TIME: 7 - LOGICAL CLOCK TIME: 46
INTERNAL EVENT - GLOBAL TIME: 7 - LOGICAL CLOCK TIME: 47
INTERNAL EVENT - GLOBAL TIME: 7 - LOGICAL CLOCK TIME: 48
INTERNAL EVENT - GLOBAL TIME: 7 - LOGICAL CLOCK TIME: 49
INTERNAL EVENT - GLOBAL TIME: 7 - LOGICAL CLOCK TIME: 50
SENT(rand=1): 'Machine 0 has logical clock time 51' TO MACHINE #1 - GLOBAL TIME: 8 - LOGICAL CLOCK TIME: 51
RECEIVED: 'Machine 2 has logical clock time 53' - GLOBAL TIME: 8 - LOGICAL CLOCK TIME: 54 - MESSAGE QUEUE LEN: 0
INTERNAL EVENT - GLOBAL TIME: 8 - LOGICAL CLOCK TIME: 55
INTERNAL EVENT - GLOBAL TIME: 8 - LOGICAL CLOCK TIME: 56
INTERNAL EVENT - GLOBAL TIME: 8 - LOGICAL CLOCK TIME: 57
INTERNAL EVENT - GLOBAL TIME: 8 - LOGICAL CLOCK TIME: 58
INTERNAL EVENT - GLOBAL TIME: 9 - LOGICAL CLOCK TIME: 59
INTERNAL EVENT - GLOBAL TIME: 9 - LOGICAL CLOCK TIME: 60
INTERNAL EVENT - GLOBAL TIME: 9 - LOGICAL CLOCK TIME: 61
INTERNAL EVENT - GLOBAL TIME: 9 - LOGICAL CLOCK TIME: 62
INTERNAL EVENT - GLOBAL TIME: 9 - LOGICAL CLOCK TIME: 63
INTERNAL EVENT - GLOBAL TIME: 9 - LOGICAL CLOCK TIME: 64
RECEIVED: 'Machine 2 has logical clock time 58' - GLOBAL TIME: 10 - LOGICAL CLOCK TIME: 65 - MESSAGE QUEUE LEN: 0
SENT(rand=1): 'Machine 0 has logical clock time 66' TO MACHINE #1 - GLOBAL TIME: 10 - LOGICAL CLOCK TIME: 66
INTERNAL EVENT - GLOBAL TIME: 10 - LOGICAL CLOCK TIME: 67
INTERNAL EVENT - GLOBAL TIME: 10 - LOGICAL CLOCK TIME: 68
SENT(rand=2): 'Machine 0 has logical clock time 69' TO MACHINE #2 - GLOBAL TIME: 10 - LOGICAL CLOCK TIME: 69
RECEIVED: 'Machine 2 has logical clock time 63' - GLOBAL TIME: 10 - LOGICAL CLOCK TIME: 70 - MESSAGE QUEUE LEN: 1
RECEIVED: 'Machine 2 has logical clock time 64' - GLOBAL TIME: 11 - LOGICAL CLOCK TIME: 71 - MESSAGE QUEUE LEN: 1
RECEIVED: 'Machine 2 has logical clock time 73' - GLOBAL TIME: 11 - LOGICAL CLOCK TIME: 74 - MESSAGE QUEUE LEN: 0
RECEIVED: 'Machine 2 has logical clock time 79' - GLOBAL TIME: 11 - LOGICAL CLOCK TIME: 80 - MESSAGE QUEUE LEN: 0
INTERNAL EVENT - GLOBAL TIME: 11 - LOGICAL CLOCK TIME: 81
INTERNAL EVENT - GLOBAL TIME: 11 - LOGICAL CLOCK TIME: 82
INTERNAL EVENT - GLOBAL TIME: 11 - LOGICAL CLOCK TIME: 83
SENT(rand=3): 'Machine 0 has logical clock time 84' TO MACHINE #1 and #2 - GLOBAL TIME: 12 - LOGICAL CLOCK TIME: 84
INTERNAL EVENT - GLOBAL TIME: 12 - LOGICAL CLOCK TIME: 85
SENT(rand=3): 'Machine 0 has logical clock time 86' TO MACHINE #1 and #2 - GLOBAL TIME: 12 - LOGICAL CLOCK TIME: 86
RECEIVED: 'Machine 2 has logical clock time 86' - GLOBAL TIME: 12 - LOGICAL CLOCK TIME: 87 - MESSAGE QUEUE LEN: 0
SENT(rand=1): 'Machine 0 has logical clock time 88' TO MACHINE #1 - GLOBAL TIME: 12 - LOGICAL CLOCK TIME: 88
SENT(rand=2): 'Machine 0 has logical clock time 89' TO MACHINE #2 - GLOBAL TIME: 12 - LOGICAL CLOCK TIME: 89
INTERNAL EVENT - GLOBAL TIME: 13 - LOGICAL CLOCK TIME: 90
INTERNAL EVENT - GLOBAL TIME: 13 - LOGICAL CLOCK TIME: 91
INTERNAL EVENT - GLOBAL TIME: 13 - LOGICAL CLOCK TIME: 92
INTERNAL EVENT - GLOBAL TIME: 13 - LOGICAL CLOCK TIME: 93
SENT(rand=1): 'Machine 0 has logical clock time 94' TO MACHINE #1 - GLOBAL TIME: 13 - LOGICAL CLOCK TIME: 94
RECEIVED: 'Machine 2 has logical clock time 95' - GLOBAL TIME: 13 - LOGICAL CLOCK TIME: 96 - MESSAGE QUEUE LEN: 0
SENT(rand=3): 'Machine 0 has logical clock time 97' TO MACHINE #1 and #2 - GLOBAL TIME: 14 - LOGICAL CLOCK TIME: 97
RECEIVED: 'Machine 2 has logical clock time 98' - GLOBAL TIME: 14 - LOGICAL CLOCK TIME: 99 - MESSAGE QUEUE LEN: 0
INTERNAL EVENT - GLOBAL TIME: 14 - LOGICAL CLOCK TIME: 100
INTERNAL EVENT - GLOBAL TIME: 14 - LOGICAL CLOCK TIME: 101
SENT(rand=1): 'Machine 0 has logical clock time 102' TO MACHINE #1 - GLOBAL TIME: 14 - LOGICAL CLOCK TIME: 102
INTERNAL EVENT - GLOBAL TIME: 14 - LOGICAL CLOCK TIME: 103
INTERNAL EVENT - GLOBAL TIME: 15 - LOGICAL CLOCK TIME: 104
INTERNAL EVENT - GLOBAL TIME: 15 - LOGICAL CLOCK TIME: 105
INTERNAL EVENT - GLOBAL TIME: 15 - LOGICAL CLOCK TIME: 106
SENT(rand=1): 'Machine 0 has logical clock time 107' TO MACHINE #1 - GLOBAL TIME: 15 - LOGICAL CLOCK TIME: 107
INTERNAL EVENT - GLOBAL TIME: 15 - LOGICAL CLOCK TIME: 108
INTERNAL EVENT - GLOBAL TIME: 15 - LOGICAL CLOCK TIME: 109
RECEIVED: 'Machine 2 has logical clock time 106' - GLOBAL TIME: 16 - LOGICAL CLOCK TIME: 110 - MESSAGE QUEUE LEN: 0
INTERNAL EVENT - GLOBAL TIME: 16 - LOGICAL CLOCK TIME: 111
INTERNAL EVENT - GLOBAL TIME: 16 - LOGICAL CLOCK TIME: 112
INTERNAL EVENT - GLOBAL TIME: 16 - LOGICAL CLOCK TIME: 113
INTERNAL EVENT - GLOBAL TIME: 16 - LOGICAL CLOCK TIME: 114
INTERNAL EVENT - GLOBAL TIME: 16 - LOGICAL CLOCK TIME: 115
RECEIVED: 'Machine 2 has logical clock time 109' - GLOBAL TIME: 17 - LOGICAL CLOCK TIME: 116 - MESSAGE QUEUE LEN: 0
INTERNAL EVENT - GLOBAL TIME: 17 - LOGICAL CLOCK TIME: 117
INTERNAL EVENT - GLOBAL TIME: 17 - LOGICAL CLOCK TIME: 118
INTERNAL EVENT - GLOBAL TIME: 17 - LOGICAL CLOCK TIME: 119
INTERNAL EVENT - GLOBAL TIME: 17 - LOGICAL CLOCK TIME: 120
INTERNAL EVENT - GLOBAL TIME: 17 - LOGICAL CLOCK TIME: 121
RECEIVED: 'Machine 2 has logical clock time 115' - GLOBAL TIME: 18 - LOGICAL CLOCK TIME: 122 - MESSAGE QUEUE LEN: 1
RECEIVED: 'Machine 2 has logical clock time 119' - GLOBAL TIME: 18 - LOGICAL CLOCK TIME: 123 - MESSAGE QUEUE LEN: 0
INTERNAL EVENT - GLOBAL TIME: 18 - LOGICAL CLOCK TIME: 124
INTERNAL EVENT - GLOBAL TIME: 18 - LOGICAL CLOCK TIME: 125
SENT(rand=3): 'Machine 0 has logical clock time 126' TO MACHINE #1 and #2 - GLOBAL TIME: 18 - LOGICAL CLOCK TIME: 126
INTERNAL EVENT - GLOBAL TIME: 18 - LOGICAL CLOCK TIME: 127
RECEIVED: 'Machine 2 has logical clock time 129' - GLOBAL TIME: 19 - LOGICAL CLOCK TIME: 130 - MESSAGE QUEUE LEN: 0
SENT(rand=3): 'Machine 0 has logical clock time 131' TO MACHINE #1 and #2 - GLOBAL TIME: 19 - LOGICAL CLOCK TIME: 131
RECEIVED: 'Machine 2 has logical clock time 131' - GLOBAL TIME: 19 - LOGICAL CLOCK TIME: 132 - MESSAGE QUEUE LEN: 0
INTERNAL EVENT - GLOBAL TIME: 19 - LOGICAL CLOCK TIME: 133
SENT(rand=2): 'Machine 0 has logical clock time 134' TO MACHINE #2 - GLOBAL TIME: 19 - LOGICAL CLOCK TIME: 134
INTERNAL EVENT - GLOBAL TIME: 19 - LOGICAL CLOCK TIME: 135
