Machine 2 has clock cycle 6
----------------------- Machine 2 is starting its 1th run of 20 seconds -----------------------
SENT(rand=2): 'Machine 2 has logical clock time 1' TO MACHINE #1 - GLOBAL TIME: 0 - LOGICAL CLOCK TIME: 1
RECEIVED: 'Machine 0 has logical clock time 1' - GLOBAL TIME: 0 - LOGICAL CLOCK TIME: 2 - MESSAGE QUEUE LEN: 0
SENT(rand=3): 'Machine 2 has logical clock time 3' TO MACHINE #0 and #1 - GLOBAL TIME: 0 - LOGICAL CLOCK TIME: 3
RECEIVED: 'Machine 0 has logical clock time 3' - GLOBAL TIME: 0 - LOGICAL CLOCK TIME: 4 - MESSAGE QUEUE LEN: 0
INTERNAL EVENT - GLOBAL TIME: 0 - LOGICAL CLOCK TIME: 5
SENT(rand=3): 'Machine 2 has logical clock time 6' TO MACHINE #0 and #1 - GLOBAL TIME: 0 - LOGICAL CLOCK TIME: 6
INTERNAL EVENT - GLOBAL TIME: 1 - LOGICAL CLOCK TIME: 7
SENT(rand=3): 'Machine 2 has logical clock time 8' TO MACHINE #0 and #1 - GLOBAL TIME: 1 - LOGICAL CLOCK TIME: 8
INTERNAL EVENT - GLOBAL TIME: 1 - LOGICAL CLOCK TIME: 9
INTERNAL EVENT - GLOBAL TIME: 1 - LOGICAL CLOCK TIME: 10
INTERNAL EVENT - GLOBAL TIME: 1 - LOGICAL CLOCK TIME: 11
SENT(rand=1): 'Machine 2 has logical clock time 12' TO MACHINE #0 - GLOBAL TIME: 1 - LOGICAL CLOCK TIME: 12
INTERNAL EVENT - GLOBAL TIME: 2 - LOGICAL CLOCK TIME: 13
SENT(rand=3): 'Machine 2 has logical clock time 14' TO MACHINE #0 and #1 - GLOBAL TIME: 2 - LOGICAL CLOCK TIME: 14
INTERNAL EVENT - GLOBAL TIME: 2 - LOGICAL CLOCK TIME: 15
INTERNAL EVENT - GLOBAL TIME: 2 - LOGICAL CLOCK TIME: 16
SENT(rand=3): 'Machine 2 has logical clock time 17' TO MACHINE #0 and #1 - GLOBAL TIME: 2 - LOGICAL CLOCK TIME: 17
SENT(rand=2): 'Machine 2 has logical clock time 18' TO MACHINE #1 - GLOBAL TIME: 2 - LOGICAL CLOCK TIME: 18
INTERNAL EVENT - GLOBAL TIME: 3 - LOGICAL CLOCK TIME: 19
INTERNAL EVENT - GLOBAL TIME: 3 - LOGICAL CLOCK TIME: 20
INTERNAL EVENT - GLOBAL TIME: 3 - LOGICAL CLOCK TIME: 21
SENT(rand=1): 'Machine 2 has logical clock time 22' TO MACHINE #0 - GLOBAL TIME: 3 - LOGICAL CLOCK TIME: 22
INTERNAL EVENT - GLOBAL TIME: 3 - LOGICAL CLOCK TIME: 23
INTERNAL EVENT - GLOBAL TIME: 3 - LOGICAL CLOCK TIME: 24
INTERNAL EVENT - GLOBAL TIME: 4 - LOGICAL CLOCK TIME: 25
SENT(rand=3): 'Machine 2 has logical clock time 26' TO MACHINE #0 and #1 - GLOBAL TIME: 4 - LOGICAL CLOCK TIME: 26
RECEIVED: 'Machine 0 has logical clock time 26' - GLOBAL TIME: 4 - LOGICAL CLOCK TIME: 27 - MESSAGE QUEUE LEN: 0
SENT(rand=2): 'Machine 2 has logical clock time 28' TO MACHINE #1 - GLOBAL TIME: 4 - LOGICAL CLOCK TIME: 28
INTERNAL EVENT - GLOBAL TIME: 4 - LOGICAL CLOCK TIME: 29
SENT(rand=2): 'Machine 2 has logical clock time 30' TO MACHINE #1 - GLOBAL TIME: 4 - LOGICAL CLOCK TIME: 30
SENT(rand=3): 'Machine 2 has logical clock time 31' TO MACHINE #0 and #1 - GLOBAL TIME: 5 - LOGICAL CLOCK TIME: 31
INTERNAL EVENT - GLOBAL TIME: 5 - LOGICAL CLOCK TIME: 32
INTERNAL EVENT - GLOBAL TIME: 5 - LOGICAL CLOCK TIME: 33
INTERNAL EVENT - GLOBAL TIME: 5 - LOGICAL CLOCK TIME: 34
INTERNAL EVENT - GLOBAL TIME: 5 - LOGICAL CLOCK TIME: 35
SENT(rand=1): 'Machine 2 has logical clock time 36' TO MACHINE #0 - GLOBAL TIME: 5 - LOGICAL CLOCK TIME: 36
INTERNAL EVENT - GLOBAL TIME: 6 - LOGICAL CLOCK TIME: 37
SENT(rand=3): 'Machine 2 has logical clock time 38' TO MACHINE #0 and #1 - GLOBAL TIME: 6 - LOGICAL CLOCK TIME: 38
RECEIVED: 'Machine 0 has logical clock time 39' - GLOBAL TIME: 6 - LOGICAL CLOCK TIME: 40 - MESSAGE QUEUE LEN: 0
SENT(rand=2): 'Machine 2 has logical clock time 41' TO MACHINE #1 - GLOBAL TIME: 6 - LOGICAL CLOCK TIME: 41
RECEIVED: 'Machine 0 has logical clock time 41' - GLOBAL TIME: 6 - LOGICAL CLOCK TIME: 42 - MESSAGE QUEUE LEN: 1
RECEIVED: 'Machine 0 has logical clock time 43' - GLOBAL TIME: 6 - LOGICAL CLOCK TIME: 44 - MESSAGE QUEUE LEN: 0
INTERNAL EVENT - GLOBAL TIME: 7 - LOGICAL CLOCK TIME: 45
INTERNAL EVENT - GLOBAL TIME: 7 - LOGICAL CLOCK TIME: 46
INTERNAL EVENT - GLOBAL TIME: 7 - LOGICAL CLOCK TIME: 47
INTERNAL EVENT - GLOBAL TIME: 7 - LOGICAL CLOCK TIME: 48
INTERNAL EVENT - GLOBAL TIME: 7 - LOGICAL CLOCK TIME: 49
INTERNAL EVENT - GLOBAL TIME: 7 - LOGICAL CLOCK TIME: 50
RECEIVED: 'Machine 0 has logical clock time 46' - GLOBAL TIME: 8 - LOGICAL CLOCK TIME: 51 - MESSAGE QUEUE LEN: 0
INTERNAL EVENT - GLOBAL TIME: 8 - LOGICAL CLOCK TIME: 52
SENT(rand=1): 'Machine 2 has logical clock time 53' TO MACHINE #0 - GLOBAL TIME: 8 - LOGICAL CLOCK TIME: 53
INTERNAL EVENT - GLOBAL TIME: 8 - LOGICAL CLOCK TIME: 54
INTERNAL EVENT - GLOBAL TIME: 8 - LOGICAL CLOCK TIME: 55
INTERNAL EVENT - GLOBAL TIME: 8 - LOGICAL CLOCK TIME: 56
INTERNAL EVENT - GLOBAL TIME: 9 - LOGICAL CLOCK TIME: 57
SENT(rand=3): 'Machine 2 has logical clock time 58' TO MACHINE #0 and #1 - GLOBAL TIME: 9 - LOGICAL CLOCK TIME: 58
SENT(rand=2): 'Machine 2 has logical clock time 59' TO MACHINE #1 - GLOBAL TIME: 9 - LOGICAL CLOCK TIME: 59
SENT(rand=2): 'Machine 2 has logical clock time 60' TO MACHINE #1 - GLOBAL TIME: 9 - LOGICAL CLOCK TIME: 60
INTERNAL EVENT - GLOBAL TIME: 9 - LOGICAL CLOCK TIME: 61
INTERNAL EVENT - GLOBAL TIME: 9 - LOGICAL CLOCK TIME: 62
SENT(rand=1): 'Machine 2 has logical clock time 63' TO MACHINE #0 - GLOBAL TIME: 10 - LOGICAL CLOCK TIME: 63
SENT(rand=1): 'Machine 2 has logical clock time 64' TO MACHINE #0 - GLOBAL TIME: 10 - LOGICAL CLOCK TIME: 64
RECEIVED: 'Machine 0 has logical clock time 69' - GLOBAL TIME: 10 - LOGICAL CLOCK TIME: 70 - MESSAGE QUEUE LEN: 0
SENT(rand=2): 'Machine 2 has logical clock time 71' TO MACHINE #1 - GLOBAL TIME: 10 - LOGICAL CLOCK TIME: 71
SENT(rand=2): 'Machine 2 has logical clock time 72' TO MACHINE #1 - GLOBAL TIME: 10 - LOGICAL CLOCK TIME: 72
SENT(rand=1): 'Machine 2 has logical clock time 73' TO MACHINE #0 - GLOBAL TIME: 10 - LOGICAL CLOCK TIME: 73
INTERNAL EVENT - GLOBAL TIME: 11 - LOGICAL CLOCK TIME: 74
INTERNAL EVENT - GLOBAL TIME: 11 - LOGICAL CLOCK TIME: 75
INTERNAL EVENT - GLOBAL TIME: 11 - LOGICAL CLOCK TIME: 76
INTERNAL EVENT - GLOBAL TIME: 11 - LOGICAL CLOCK TIME: 77
INTERNAL EVENT - GLOBAL TIME: 11 - LOGICAL CLOCK TIME: 78
SENT(rand=1): 'Machine 2 has logical clock time 79' TO MACHINE #0 - GLOBAL TIME: 11 - LOGICAL CLOCK TIME: 79
INTERNAL EVENT - GLOBAL TIME: 12 - LOGICAL CLOCK TIME: 80
SENT(rand=2): 'Machine 2 has logical clock time 81' TO MACHINE #1 - GLOBAL TIME: 12 - LOGICAL CLOCK TIME: 81
RECEIVED: 'Machine 0 has logical clock time 84' - GLOBAL TIME: 12 - LOGICAL CLOCK TIME: 85 - MESSAGE QUEUE LEN: 0
SENT(rand=1): 'Machine 2 has logical clock time 86' TO MACHINE #0 - GLOBAL TIME: 12 - LOGICAL CLOCK TIME: 86
RECEIVED: 'Machine 0 has logical clock time 86' - GLOBAL TIME: 12 - LOGICAL CLOCK TIME: 87 - MESSAGE QUEUE LEN: 0
INTERNAL EVENT - GLOBAL TIME: 12 - LOGICAL CLOCK TIME: 88
RECEIVED: 'Machine 0 has logical clock time 89' - GLOBAL TIME: 13 - LOGICAL CLOCK TIME: 90 - MESSAGE QUEUE LEN: 0
INTERNAL EVENT - GLOBAL TIME: 13 - LOGICAL CLOCK TIME: 91
INTERNAL EVENT - GLOBAL TIME: 13 - LOGICAL CLOCK TIME: 92
INTERNAL EVENT - GLOBAL TIME: 13 - LOGICAL CLOCK TIME: 93
INTERNAL EVENT - GLOBAL TIME: 13 - LOGICAL CLOCK TIME: 94
SENT(rand=1): 'Machine 2 has logical clock time 95' TO MACHINE #0 - GLOBAL TIME: 13 - LOGICAL CLOCK TIME: 95
INTERNAL EVENT - GLOBAL TIME: 14 - LOGICAL CLOCK TIME: 96
INTERNAL EVENT - GLOBAL TIME: 14 - LOGICAL CLOCK TIME: 97
SENT(rand=3): 'Machine 2 has logical clock time 98' TO MACHINE #0 and #1 - GLOBAL TIME: 14 - LOGICAL CLOCK TIME: 98
RECEIVED: 'Machine 0 has logical clock time 97' - GLOBAL TIME: 14 - LOGICAL CLOCK TIME: 99 - MESSAGE QUEUE LEN: 0
INTERNAL EVENT - GLOBAL TIME: 14 - LOGICAL CLOCK TIME: 100
INTERNAL EVENT - GLOBAL TIME: 14 - LOGICAL CLOCK TIME: 101
INTERNAL EVENT - GLOBAL TIME: 15 - LOGICAL CLOCK TIME: 102
INTERNAL EVENT - GLOBAL TIME: 15 - LOGICAL CLOCK TIME: 103
INTERNAL EVENT - GLOBAL TIME: 15 - LOGICAL CLOCK TIME: 104
INTERNAL EVENT - GLOBAL TIME: 15 - LOGICAL CLOCK TIME: 105
SENT(rand=1): 'Machine 2 has logical clock time 106' TO MACHINE #0 - GLOBAL TIME: 15 - LOGICAL CLOCK TIME: 106
SENT(rand=2): 'Machine 2 has logical clock time 107' TO MACHINE #1 - GLOBAL TIME: 15 - LOGICAL CLOCK TIME: 107
INTERNAL EVENT - GLOBAL TIME: 16 - LOGICAL CLOCK TIME: 108
SENT(rand=3): 'Machine 2 has logical clock time 109' TO MACHINE #0 and #1 - GLOBAL TIME: 16 - LOGICAL CLOCK TIME: 109
INTERNAL EVENT - GLOBAL TIME: 16 - LOGICAL CLOCK TIME: 110
INTERNAL EVENT - GLOBAL TIME: 16 - LOGICAL CLOCK TIME: 111
SENT(rand=2): 'Machine 2 has logical clock time 112' TO MACHINE #1 - GLOBAL TIME: 16 - LOGICAL CLOCK TIME: 112
INTERNAL EVENT - GLOBAL TIME: 16 - LOGICAL CLOCK TIME: 113
INTERNAL EVENT - GLOBAL TIME: 17 - LOGICAL CLOCK TIME: 114
SENT(rand=3): 'Machine 2 has logical clock time 115' TO MACHINE #0 and #1 - GLOBAL TIME: 17 - LOGICAL CLOCK TIME: 115
INTERNAL EVENT - GLOBAL TIME: 17 - LOGICAL CLOCK TIME: 116
INTERNAL EVENT - GLOBAL TIME: 17 - LOGICAL CLOCK TIME: 117
INTERNAL EVENT - GLOBAL TIME: 17 - LOGICAL CLOCK TIME: 118
SENT(rand=3): 'Machine 2 has logical clock time 119' TO MACHINE #0 and #1 - GLOBAL TIME: 17 - LOGICAL CLOCK TIME: 119
INTERNAL EVENT - GLOBAL TIME: 18 - LOGICAL CLOCK TIME: 120
SENT(rand=2): 'Machine 2 has logical clock time 121' TO MACHINE #1 - GLOBAL TIME: 18 - LOGICAL CLOCK TIME: 121
RECEIVED: 'Machine 0 has logical clock time 126' - GLOBAL TIME: 18 - LOGICAL CLOCK TIME: 127 - MESSAGE QUEUE LEN: 0
SENT(rand=2): 'Machine 2 has logical clock time 128' TO MACHINE #1 - GLOBAL TIME: 18 - LOGICAL CLOCK TIME: 128
SENT(rand=3): 'Machine 2 has logical clock time 129' TO MACHINE #0 and #1 - GLOBAL TIME: 18 - LOGICAL CLOCK TIME: 129
INTERNAL EVENT - GLOBAL TIME: 18 - LOGICAL CLOCK TIME: 130
SENT(rand=1): 'Machine 2 has logical clock time 131' TO MACHINE #0 - GLOBAL TIME: 19 - LOGICAL CLOCK TIME: 131
RECEIVED: 'Machine 0 has logical clock time 131' - GLOBAL TIME: 19 - LOGICAL CLOCK TIME: 132 - MESSAGE QUEUE LEN: 0
INTERNAL EVENT - GLOBAL TIME: 19 - LOGICAL CLOCK TIME: 133
INTERNAL EVENT - GLOBAL TIME: 19 - LOGICAL CLOCK TIME: 134
SENT(rand=1): 'Machine 2 has logical clock time 135' TO MACHINE #0 - GLOBAL TIME: 19 - LOGICAL CLOCK TIME: 135
RECEIVED: 'Machine 0 has logical clock time 134' - GLOBAL TIME: 19 - LOGICAL CLOCK TIME: 136 - MESSAGE QUEUE LEN: 0
