Machine 2 has clock cycle 4
----------------------- Machine 2 is starting its 1th run of 60 seconds -----------------------
SENT: Machine 2 has logical clock time 1 TO MACHINE #1 - GLOBAL TIME: 1677987997.3201861 - LOGICAL CLOCK TIME: 1
INTERNAL EVENT - GLOBAL TIME: 1677987997.321289 - LOGICAL CLOCK TIME: 2
INTERNAL EVENT - GLOBAL TIME: 1677987997.321289 - LOGICAL CLOCK TIME: 3
INTERNAL EVENT - GLOBAL TIME: 1677987997.321289 - LOGICAL CLOCK TIME: 4
----------------------- Machine 2 is starting its 2th run of 60 seconds -----------------------
RECEIVED: Machine 1 has logical clock time 1 - GLOBAL TIME: 1677987997.3222957 - LOGICAL CLOCK TIME: 5 - MESSAGE QUEUE LEN: 0
SENT: Machine 2 has logical clock time 6 TO MACHINE #0 - GLOBAL TIME: 1677987997.3222957 - LOGICAL CLOCK TIME: 6
----------------------- Machine 2 is starting its 3th run of 60 seconds -----------------------
RECEIVED: Machine 1 has logical clock time 2 - GLOBAL TIME: 1677987997.3235683 - LOGICAL CLOCK TIME: 7 - MESSAGE QUEUE LEN: 0
INTERNAL EVENT - GLOBAL TIME: 1677987997.3247957 - LOGICAL CLOCK TIME: 8
INTERNAL EVENT - GLOBAL TIME: 1677987997.3258042 - LOGICAL CLOCK TIME: 9
----------------------- Machine 2 is starting its 4th run of 60 seconds -----------------------
SENT: Machine 2 has logical clock time 10 TO MACHINE #0 - GLOBAL TIME: 1677987997.3281727 - LOGICAL CLOCK TIME: 11
SENT: Machine 2 has logical clock time 10 TO MACHINE #1 - GLOBAL TIME: 1677987997.3281727 - LOGICAL CLOCK TIME: 11
RECEIVED: Machine 1 has logical clock time 3 - GLOBAL TIME: 1677987997.3291817 - LOGICAL CLOCK TIME: 12 - MESSAGE QUEUE LEN: 0
----------------------- Machine 2 is starting its 5th run of 60 seconds -----------------------
SENT: Machine 2 has logical clock time 11 TO MACHINE #0 - GLOBAL TIME: 1677987997.3331816 - LOGICAL CLOCK TIME: 13
RECEIVED: Machine 0 has logical clock time 7 - GLOBAL TIME: 1677987997.3331816 - LOGICAL CLOCK TIME: 14 - MESSAGE QUEUE LEN: 0
SENT: Machine 2 has logical clock time 11 TO MACHINE #1 - GLOBAL TIME: 1677987997.3341818 - LOGICAL CLOCK TIME: 14
INTERNAL EVENT - GLOBAL TIME: 1677987997.3341818 - LOGICAL CLOCK TIME: 16
INTERNAL EVENT - GLOBAL TIME: 1677987997.3341818 - LOGICAL CLOCK TIME: 17
SENT: Machine 2 has logical clock time 15 TO MACHINE #1 - GLOBAL TIME: 1677987997.335385 - LOGICAL CLOCK TIME: 17
SENT: Machine 2 has logical clock time 13 TO MACHINE #0 - GLOBAL TIME: 1677987997.335385 - LOGICAL CLOCK TIME: 17
SENT: Machine 2 has logical clock time 13 TO MACHINE #1 - GLOBAL TIME: 1677987997.3374884 - LOGICAL CLOCK TIME: 19
INTERNAL EVENT - GLOBAL TIME: 1677987997.336395 - LOGICAL CLOCK TIME: 19
INTERNAL EVENT - GLOBAL TIME: 1677987997.3408144 - LOGICAL CLOCK TIME: 20
INTERNAL EVENT - GLOBAL TIME: 1677987997.335385 - LOGICAL CLOCK TIME: 18
RECEIVED: Machine 1 has logical clock time 5 - GLOBAL TIME: 1677987998.3341458 - LOGICAL CLOCK TIME: 21 - MESSAGE QUEUE LEN: 5
RECEIVED: Machine 0 has logical clock time 8 - GLOBAL TIME: 1677987998.3341458 - LOGICAL CLOCK TIME: 22 - MESSAGE QUEUE LEN: 4
RECEIVED: Machine 0 has logical clock time 11 - GLOBAL TIME: 1677987998.3341458 - LOGICAL CLOCK TIME: 23 - MESSAGE QUEUE LEN: 3
RECEIVED: Machine 0 has logical clock time 13 - GLOBAL TIME: 1677987998.3341458 - LOGICAL CLOCK TIME: 24 - MESSAGE QUEUE LEN: 2
RECEIVED: Machine 0 has logical clock time 12 - GLOBAL TIME: 1677987998.3351457 - LOGICAL CLOCK TIME: 25 - MESSAGE QUEUE LEN: 1
RECEIVED: Machine 1 has logical clock time 15 - GLOBAL TIME: 1677987998.3351457 - LOGICAL CLOCK TIME: 26 - MESSAGE QUEUE LEN: 0
INTERNAL EVENT - GLOBAL TIME: 1677987998.3371456 - LOGICAL CLOCK TIME: 30
INTERNAL EVENT - GLOBAL TIME: 1677987998.3371456 - LOGICAL CLOCK TIME: 31
SENT: Machine 2 has logical clock time 27 TO MACHINE #0 - GLOBAL TIME: 1677987998.3391657 - LOGICAL CLOCK TIME: 31
RECEIVED: Machine 1 has logical clock time 24 - GLOBAL TIME: 1677987998.3391657 - LOGICAL CLOCK TIME: 32 - MESSAGE QUEUE LEN: 0
SENT: Machine 2 has logical clock time 29 TO MACHINE #0 - GLOBAL TIME: 1677987998.3391657 - LOGICAL CLOCK TIME: 33
SENT: Machine 2 has logical clock time 29 TO MACHINE #1 - GLOBAL TIME: 1677987998.340166 - LOGICAL CLOCK TIME: 33
INTERNAL EVENT - GLOBAL TIME: 1677987998.340166 - LOGICAL CLOCK TIME: 34
SENT: Machine 2 has logical clock time 28 TO MACHINE #0 - GLOBAL TIME: 1677987998.3414392 - LOGICAL CLOCK TIME: 34
SENT: Machine 2 has logical clock time 28 TO MACHINE #1 - GLOBAL TIME: 1677987998.3414392 - LOGICAL CLOCK TIME: 34
INTERNAL EVENT - GLOBAL TIME: 1677987998.3414392 - LOGICAL CLOCK TIME: 35
INTERNAL EVENT - GLOBAL TIME: 1677987998.3424466 - LOGICAL CLOCK TIME: 36
SENT: Machine 2 has logical clock time 33 TO MACHINE #0 - GLOBAL TIME: 1677987998.3454456 - LOGICAL CLOCK TIME: 36
SENT: Machine 2 has logical clock time 33 TO MACHINE #1 - GLOBAL TIME: 1677987998.3464456 - LOGICAL CLOCK TIME: 36
RECEIVED: Machine 0 has logical clock time 31 - GLOBAL TIME: 1677987998.3494458 - LOGICAL CLOCK TIME: 37 - MESSAGE QUEUE LEN: 1
RECEIVED: Machine 0 has logical clock time 30 - GLOBAL TIME: 1677987998.3494458 - LOGICAL CLOCK TIME: 38 - MESSAGE QUEUE LEN: 0
INTERNAL EVENT - GLOBAL TIME: 1677987998.3494458 - LOGICAL CLOCK TIME: 39
INTERNAL EVENT - GLOBAL TIME: 1677987998.3494458 - LOGICAL CLOCK TIME: 40
RECEIVED: Machine 1 has logical clock time 30 - GLOBAL TIME: 1677987999.3498523 - LOGICAL CLOCK TIME: 41 - MESSAGE QUEUE LEN: 0
INTERNAL EVENT - GLOBAL TIME: 1677987999.3498523 - LOGICAL CLOCK TIME: 43
INTERNAL EVENT - GLOBAL TIME: 1677987999.3498523 - LOGICAL CLOCK TIME: 44
INTERNAL EVENT - GLOBAL TIME: 1677987999.3508556 - LOGICAL CLOCK TIME: 46
INTERNAL EVENT - GLOBAL TIME: 1677987999.3518555 - LOGICAL CLOCK TIME: 47
INTERNAL EVENT - GLOBAL TIME: 1677987999.352857 - LOGICAL CLOCK TIME: 49
SENT: Machine 2 has logical clock time 42 TO MACHINE #0 - GLOBAL TIME: 1677987999.3542645 - LOGICAL CLOCK TIME: 49
INTERNAL EVENT - GLOBAL TIME: 1677987999.3553858 - LOGICAL CLOCK TIME: 50
SENT: Machine 2 has logical clock time 45 TO MACHINE #0 - GLOBAL TIME: 1677987999.3553858 - LOGICAL CLOCK TIME: 50
INTERNAL EVENT - GLOBAL TIME: 1677987999.3565376 - LOGICAL CLOCK TIME: 51
SENT: Machine 2 has logical clock time 45 TO MACHINE #1 - GLOBAL TIME: 1677987999.357565 - LOGICAL CLOCK TIME: 51
INTERNAL EVENT - GLOBAL TIME: 1677987999.3614182 - LOGICAL CLOCK TIME: 52
INTERNAL EVENT - GLOBAL TIME: 1677987999.3629417 - LOGICAL CLOCK TIME: 53
INTERNAL EVENT - GLOBAL TIME: 1677987999.3629417 - LOGICAL CLOCK TIME: 54
SENT: Machine 2 has logical clock time 48 TO MACHINE #0 - GLOBAL TIME: 1677987999.3649392 - LOGICAL CLOCK TIME: 54
INTERNAL EVENT - GLOBAL TIME: 1677987999.3649392 - LOGICAL CLOCK TIME: 55
SENT: Machine 2 has logical clock time 48 TO MACHINE #1 - GLOBAL TIME: 1677987999.3662093 - LOGICAL CLOCK TIME: 55
RECEIVED: Machine 1 has logical clock time 37 - GLOBAL TIME: 1677987999.3672168 - LOGICAL CLOCK TIME: 56 - MESSAGE QUEUE LEN: 0
INTERNAL EVENT - GLOBAL TIME: 1677987999.3672168 - LOGICAL CLOCK TIME: 57
INTERNAL EVENT - GLOBAL TIME: 1677987999.3697014 - LOGICAL CLOCK TIME: 59
SENT: Machine 2 has logical clock time 58 TO MACHINE #0 - GLOBAL TIME: 1677987999.3733919 - LOGICAL CLOCK TIME: 59
SENT: Machine 2 has logical clock time 58 TO MACHINE #1 - GLOBAL TIME: 1677987999.3733919 - LOGICAL CLOCK TIME: 59
RECEIVED: Machine 1 has logical clock time 41 - GLOBAL TIME: 1677987999.3733919 - LOGICAL CLOCK TIME: 60 - MESSAGE QUEUE LEN: 0
RECEIVED: Machine 0 has logical clock time 52 - GLOBAL TIME: 1677988000.3561013 - LOGICAL CLOCK TIME: 61 - MESSAGE QUEUE LEN: 2
RECEIVED: Machine 0 has logical clock time 57 - GLOBAL TIME: 1677988000.3561013 - LOGICAL CLOCK TIME: 62 - MESSAGE QUEUE LEN: 1
RECEIVED: Machine 0 has logical clock time 59 - GLOBAL TIME: 1677988000.3561013 - LOGICAL CLOCK TIME: 63 - MESSAGE QUEUE LEN: 0
INTERNAL EVENT - GLOBAL TIME: 1677988000.3571017 - LOGICAL CLOCK TIME: 64
INTERNAL EVENT - GLOBAL TIME: 1677988000.3581023 - LOGICAL CLOCK TIME: 67
SENT: Machine 2 has logical clock time 65 TO MACHINE #0 - GLOBAL TIME: 1677988000.3621027 - LOGICAL CLOCK TIME: 69
SENT: Machine 2 has logical clock time 68 TO MACHINE #0 - GLOBAL TIME: 1677988000.3641064 - LOGICAL CLOCK TIME: 69
SENT: Machine 2 has logical clock time 65 TO MACHINE #1 - GLOBAL TIME: 1677988000.3641064 - LOGICAL CLOCK TIME: 69
SENT: Machine 2 has logical clock time 69 TO MACHINE #0 - GLOBAL TIME: 1677988000.365104 - LOGICAL CLOCK TIME: 69
INTERNAL EVENT - GLOBAL TIME: 1677988000.365104 - LOGICAL CLOCK TIME: 70
SENT: Machine 2 has logical clock time 66 TO MACHINE #0 - GLOBAL TIME: 1677988000.3661044 - LOGICAL CLOCK TIME: 70
INTERNAL EVENT - GLOBAL TIME: 1677988000.3661044 - LOGICAL CLOCK TIME: 71
SENT: Machine 2 has logical clock time 69 TO MACHINE #1 - GLOBAL TIME: 1677988000.3671043 - LOGICAL CLOCK TIME: 71
INTERNAL EVENT - GLOBAL TIME: 1677988000.3681018 - LOGICAL CLOCK TIME: 72
INTERNAL EVENT - GLOBAL TIME: 1677988000.3691018 - LOGICAL CLOCK TIME: 73
INTERNAL EVENT - GLOBAL TIME: 1677988000.3691018 - LOGICAL CLOCK TIME: 74
INTERNAL EVENT - GLOBAL TIME: 1677988000.371101 - LOGICAL CLOCK TIME: 75
INTERNAL EVENT - GLOBAL TIME: 1677988000.372582 - LOGICAL CLOCK TIME: 76
INTERNAL EVENT - GLOBAL TIME: 1677988000.3760743 - LOGICAL CLOCK TIME: 77
RECEIVED: Machine 0 has logical clock time 63 - GLOBAL TIME: 1677988000.3782628 - LOGICAL CLOCK TIME: 78 - MESSAGE QUEUE LEN: 0
INTERNAL EVENT - GLOBAL TIME: 1677988000.3822691 - LOGICAL CLOCK TIME: 79
INTERNAL EVENT - GLOBAL TIME: 1677988000.3822691 - LOGICAL CLOCK TIME: 80
RECEIVED: Machine 1 has logical clock time 52 - GLOBAL TIME: 1677988001.3647811 - LOGICAL CLOCK TIME: 81 - MESSAGE QUEUE LEN: 4
RECEIVED: Machine 0 has logical clock time 72 - GLOBAL TIME: 1677988001.3647811 - LOGICAL CLOCK TIME: 82 - MESSAGE QUEUE LEN: 3
RECEIVED: Machine 0 has logical clock time 78 - GLOBAL TIME: 1677988001.3647811 - LOGICAL CLOCK TIME: 83 - MESSAGE QUEUE LEN: 2
RECEIVED: Machine 0 has logical clock time 69 - GLOBAL TIME: 1677988001.3657806 - LOGICAL CLOCK TIME: 84 - MESSAGE QUEUE LEN: 1
RECEIVED: Machine 1 has logical clock time 59 - GLOBAL TIME: 1677988001.3657806 - LOGICAL CLOCK TIME: 85 - MESSAGE QUEUE LEN: 0
INTERNAL EVENT - GLOBAL TIME: 1677988001.366779 - LOGICAL CLOCK TIME: 86
INTERNAL EVENT - GLOBAL TIME: 1677988001.366779 - LOGICAL CLOCK TIME: 87
INTERNAL EVENT - GLOBAL TIME: 1677988001.3687804 - LOGICAL CLOCK TIME: 88
INTERNAL EVENT - GLOBAL TIME: 1677988001.371779 - LOGICAL CLOCK TIME: 90
INTERNAL EVENT - GLOBAL TIME: 1677988001.3747811 - LOGICAL CLOCK TIME: 91
INTERNAL EVENT - GLOBAL TIME: 1677988001.3779979 - LOGICAL CLOCK TIME: 92
RECEIVED: Machine 0 has logical clock time 88 - GLOBAL TIME: 1677988001.3790016 - LOGICAL CLOCK TIME: 94 - MESSAGE QUEUE LEN: 0
INTERNAL EVENT - GLOBAL TIME: 1677988001.379996 - LOGICAL CLOCK TIME: 95
SENT: Machine 2 has logical clock time 89 TO MACHINE #0 - GLOBAL TIME: 1677988001.379996 - LOGICAL CLOCK TIME: 95
SENT: Machine 2 has logical clock time 93 TO MACHINE #0 - GLOBAL TIME: 1677988001.3829966 - LOGICAL CLOCK TIME: 96
SENT: Machine 2 has logical clock time 96 TO MACHINE #1 - GLOBAL TIME: 1677988001.3829966 - LOGICAL CLOCK TIME: 96
SENT: Machine 2 has logical clock time 89 TO MACHINE #1 - GLOBAL TIME: 1677988001.3891318 - LOGICAL CLOCK TIME: 96
SENT: Machine 2 has logical clock time 93 TO MACHINE #1 - GLOBAL TIME: 1677988001.3903015 - LOGICAL CLOCK TIME: 96
RECEIVED: Machine 1 has logical clock time 70 - GLOBAL TIME: 1677988001.3913078 - LOGICAL CLOCK TIME: 97 - MESSAGE QUEUE LEN: 0
INTERNAL EVENT - GLOBAL TIME: 1677988001.3923075 - LOGICAL CLOCK TIME: 98
SENT: Machine 2 has logical clock time 99 TO MACHINE #1 - GLOBAL TIME: 1677988001.3980308 - LOGICAL CLOCK TIME: 99
RECEIVED: Machine 0 has logical clock time 96 - GLOBAL TIME: 1677988001.399043 - LOGICAL CLOCK TIME: 100 - MESSAGE QUEUE LEN: 0
INTERNAL EVENT - GLOBAL TIME: 1677988002.3730135 - LOGICAL CLOCK TIME: 103
SENT: Machine 2 has logical clock time 101 TO MACHINE #0 - GLOBAL TIME: 1677988002.3781347 - LOGICAL CLOCK TIME: 105
SENT: Machine 2 has logical clock time 105 TO MACHINE #1 - GLOBAL TIME: 1677988002.3781347 - LOGICAL CLOCK TIME: 105
INTERNAL EVENT - GLOBAL TIME: 1677988002.3781347 - LOGICAL CLOCK TIME: 106
SENT: Machine 2 has logical clock time 102 TO MACHINE #0 - GLOBAL TIME: 1677988002.3791351 - LOGICAL CLOCK TIME: 106
INTERNAL EVENT - GLOBAL TIME: 1677988002.3801355 - LOGICAL CLOCK TIME: 107
SENT: Machine 2 has logical clock time 104 TO MACHINE #1 - GLOBAL TIME: 1677988002.3801355 - LOGICAL CLOCK TIME: 107
INTERNAL EVENT - GLOBAL TIME: 1677988002.3811357 - LOGICAL CLOCK TIME: 108
INTERNAL EVENT - GLOBAL TIME: 1677988002.3851342 - LOGICAL CLOCK TIME: 110
INTERNAL EVENT - GLOBAL TIME: 1677988002.386137 - LOGICAL CLOCK TIME: 111
INTERNAL EVENT - GLOBAL TIME: 1677988002.3871343 - LOGICAL CLOCK TIME: 112
INTERNAL EVENT - GLOBAL TIME: 1677988002.3915079 - LOGICAL CLOCK TIME: 114
SENT: Machine 2 has logical clock time 113 TO MACHINE #1 - GLOBAL TIME: 1677988002.3935063 - LOGICAL CLOCK TIME: 114
INTERNAL EVENT - GLOBAL TIME: 1677988002.3935063 - LOGICAL CLOCK TIME: 115
INTERNAL EVENT - GLOBAL TIME: 1677988002.3945065 - LOGICAL CLOCK TIME: 116
SENT: Machine 2 has logical clock time 109 TO MACHINE #0 - GLOBAL TIME: 1677988002.3955085 - LOGICAL CLOCK TIME: 116
INTERNAL EVENT - GLOBAL TIME: 1677988002.396856 - LOGICAL CLOCK TIME: 117
SENT: Machine 2 has logical clock time 109 TO MACHINE #1 - GLOBAL TIME: 1677988002.4008665 - LOGICAL CLOCK TIME: 117
RECEIVED: Machine 0 has logical clock time 106 - GLOBAL TIME: 1677988002.4018679 - LOGICAL CLOCK TIME: 118 - MESSAGE QUEUE LEN: 1
RECEIVED: Machine 1 has logical clock time 81 - GLOBAL TIME: 1677988002.4148111 - LOGICAL CLOCK TIME: 119 - MESSAGE QUEUE LEN: 2
RECEIVED: Machine 0 has logical clock time 110 - GLOBAL TIME: 1677988002.418805 - LOGICAL CLOCK TIME: 120 - MESSAGE QUEUE LEN: 1
RECEIVED: Machine 0 has logical clock time 112 - GLOBAL TIME: 1677988003.3881667 - LOGICAL CLOCK TIME: 121 - MESSAGE QUEUE LEN: 0
INTERNAL EVENT - GLOBAL TIME: 1677988003.3891685 - LOGICAL CLOCK TIME: 123
INTERNAL EVENT - GLOBAL TIME: 1677988003.3891685 - LOGICAL CLOCK TIME: 124
INTERNAL EVENT - GLOBAL TIME: 1677988003.3901668 - LOGICAL CLOCK TIME: 125
INTERNAL EVENT - GLOBAL TIME: 1677988003.3901668 - LOGICAL CLOCK TIME: 126
INTERNAL EVENT - GLOBAL TIME: 1677988003.3911674 - LOGICAL CLOCK TIME: 127
INTERNAL EVENT - GLOBAL TIME: 1677988003.3941677 - LOGICAL CLOCK TIME: 128
SENT: Machine 2 has logical clock time 122 TO MACHINE #0 - GLOBAL TIME: 1677988003.396169 - LOGICAL CLOCK TIME: 128
RECEIVED: Machine 1 has logical clock time 95 - GLOBAL TIME: 1677988003.4025447 - LOGICAL CLOCK TIME: 130 - MESSAGE QUEUE LEN: 0
INTERNAL EVENT - GLOBAL TIME: 1677988003.4067333 - LOGICAL CLOCK TIME: 132
SENT: Machine 2 has logical clock time 122 TO MACHINE #1 - GLOBAL TIME: 1677988003.4081962 - LOGICAL CLOCK TIME: 132
SENT: Machine 2 has logical clock time 129 TO MACHINE #0 - GLOBAL TIME: 1677988003.4081962 - LOGICAL CLOCK TIME: 132
SENT: Machine 2 has logical clock time 131 TO MACHINE #1 - GLOBAL TIME: 1677988003.4107015 - LOGICAL CLOCK TIME: 133
INTERNAL EVENT - GLOBAL TIME: 1677988003.4107015 - LOGICAL CLOCK TIME: 134
INTERNAL EVENT - GLOBAL TIME: 1677988003.4119859 - LOGICAL CLOCK TIME: 136
SENT: Machine 2 has logical clock time 135 TO MACHINE #0 - GLOBAL TIME: 1677988003.4182966 - LOGICAL CLOCK TIME: 137
SENT: Machine 2 has logical clock time 135 TO MACHINE #1 - GLOBAL TIME: 1677988003.4195938 - LOGICAL CLOCK TIME: 137
RECEIVED: Machine 0 has logical clock time 129 - GLOBAL TIME: 1677988003.4195938 - LOGICAL CLOCK TIME: 138 - MESSAGE QUEUE LEN: 0
SENT: Machine 2 has logical clock time 133 TO MACHINE #0 - GLOBAL TIME: 1677988003.4205995 - LOGICAL CLOCK TIME: 138
SENT: Machine 2 has logical clock time 137 TO MACHINE #1 - GLOBAL TIME: 1677988003.4235985 - LOGICAL CLOCK TIME: 138
INTERNAL EVENT - GLOBAL TIME: 1677988003.4235985 - LOGICAL CLOCK TIME: 139
INTERNAL EVENT - GLOBAL TIME: 1677988003.4235985 - LOGICAL CLOCK TIME: 140
RECEIVED: Machine 0 has logical clock time 132 - GLOBAL TIME: 1677988004.4028864 - LOGICAL CLOCK TIME: 141 - MESSAGE QUEUE LEN: 4
RECEIVED: Machine 1 has logical clock time 100 - GLOBAL TIME: 1677988004.4028864 - LOGICAL CLOCK TIME: 142 - MESSAGE QUEUE LEN: 3
RECEIVED: Machine 0 has logical clock time 137 - GLOBAL TIME: 1677988004.4028864 - LOGICAL CLOCK TIME: 143 - MESSAGE QUEUE LEN: 2
RECEIVED: Machine 0 has logical clock time 134 - GLOBAL TIME: 1677988004.4028864 - LOGICAL CLOCK TIME: 144 - MESSAGE QUEUE LEN: 1
RECEIVED: Machine 1 has logical clock time 101 - GLOBAL TIME: 1677988004.4038866 - LOGICAL CLOCK TIME: 145 - MESSAGE QUEUE LEN: 0
INTERNAL EVENT - GLOBAL TIME: 1677988004.4038866 - LOGICAL CLOCK TIME: 147
INTERNAL EVENT - GLOBAL TIME: 1677988004.4038866 - LOGICAL CLOCK TIME: 148
INTERNAL EVENT - GLOBAL TIME: 1677988004.4048865 - LOGICAL CLOCK TIME: 149
INTERNAL EVENT - GLOBAL TIME: 1677988004.4068866 - LOGICAL CLOCK TIME: 151
INTERNAL EVENT - GLOBAL TIME: 1677988004.4068866 - LOGICAL CLOCK TIME: 152
SENT: Machine 2 has logical clock time 146 TO MACHINE #0 - GLOBAL TIME: 1677988004.4109442 - LOGICAL CLOCK TIME: 152
INTERNAL EVENT - GLOBAL TIME: 1677988004.4119415 - LOGICAL CLOCK TIME: 153
INTERNAL EVENT - GLOBAL TIME: 1677988004.4119415 - LOGICAL CLOCK TIME: 154
SENT: Machine 2 has logical clock time 150 TO MACHINE #0 - GLOBAL TIME: 1677988004.4164453 - LOGICAL CLOCK TIME: 154
SENT: Machine 2 has logical clock time 150 TO MACHINE #1 - GLOBAL TIME: 1677988004.4174423 - LOGICAL CLOCK TIME: 154
INTERNAL EVENT - GLOBAL TIME: 1677988004.418442 - LOGICAL CLOCK TIME: 156
INTERNAL EVENT - GLOBAL TIME: 1677988004.418442 - LOGICAL CLOCK TIME: 157
RECEIVED: Machine 0 has logical clock time 147 - GLOBAL TIME: 1677988004.4244425 - LOGICAL CLOCK TIME: 158 - MESSAGE QUEUE LEN: 0
SENT: Machine 2 has logical clock time 159 TO MACHINE #0 - GLOBAL TIME: 1677988004.4274442 - LOGICAL CLOCK TIME: 159
SENT: Machine 2 has logical clock time 155 TO MACHINE #0 - GLOBAL TIME: 1677988004.4314437 - LOGICAL CLOCK TIME: 159
SENT: Machine 2 has logical clock time 155 TO MACHINE #1 - GLOBAL TIME: 1677988004.4328659 - LOGICAL CLOCK TIME: 159
INTERNAL EVENT - GLOBAL TIME: 1677988004.4328659 - LOGICAL CLOCK TIME: 160
RECEIVED: Machine 1 has logical clock time 113 - GLOBAL TIME: 1677988005.4132338 - LOGICAL CLOCK TIME: 161 - MESSAGE QUEUE LEN: 2
RECEIVED: Machine 0 has logical clock time 152 - GLOBAL TIME: 1677988005.414233 - LOGICAL CLOCK TIME: 162 - MESSAGE QUEUE LEN: 1
RECEIVED: Machine 1 has logical clock time 120 - GLOBAL TIME: 1677988005.414233 - LOGICAL CLOCK TIME: 163 - MESSAGE QUEUE LEN: 0
INTERNAL EVENT - GLOBAL TIME: 1677988005.4152334 - LOGICAL CLOCK TIME: 165
INTERNAL EVENT - GLOBAL TIME: 1677988005.4162395 - LOGICAL CLOCK TIME: 166
SENT: Machine 2 has logical clock time 164 TO MACHINE #0 - GLOBAL TIME: 1677988005.4207113 - LOGICAL CLOCK TIME: 166
INTERNAL EVENT - GLOBAL TIME: 1677988005.4237096 - LOGICAL CLOCK TIME: 168
SENT: Machine 2 has logical clock time 167 TO MACHINE #0 - GLOBAL TIME: 1677988005.4288023 - LOGICAL CLOCK TIME: 168
INTERNAL EVENT - GLOBAL TIME: 1677988005.4298117 - LOGICAL CLOCK TIME: 169
SENT: Machine 2 has logical clock time 170 TO MACHINE #1 - GLOBAL TIME: 1677988005.433809 - LOGICAL CLOCK TIME: 170
RECEIVED: Machine 1 has logical clock time 126 - GLOBAL TIME: 1677988005.441809 - LOGICAL CLOCK TIME: 172 - MESSAGE QUEUE LEN: 1
SENT: Machine 2 has logical clock time 171 TO MACHINE #0 - GLOBAL TIME: 1677988005.442808 - LOGICAL CLOCK TIME: 172
SENT: Machine 2 has logical clock time 167 TO MACHINE #1 - GLOBAL TIME: 1677988005.451519 - LOGICAL CLOCK TIME: 172
RECEIVED: Machine 0 has logical clock time 163 - GLOBAL TIME: 1677988005.451519 - LOGICAL CLOCK TIME: 173 - MESSAGE QUEUE LEN: 0
INTERNAL EVENT - GLOBAL TIME: 1677988005.4587173 - LOGICAL CLOCK TIME: 175
SENT: Machine 2 has logical clock time 174 TO MACHINE #0 - GLOBAL TIME: 1677988005.4587173 - LOGICAL CLOCK TIME: 175
INTERNAL EVENT - GLOBAL TIME: 1677988005.4607182 - LOGICAL CLOCK TIME: 176
INTERNAL EVENT - GLOBAL TIME: 1677988005.464222 - LOGICAL CLOCK TIME: 177
RECEIVED: Machine 1 has logical clock time 134 - GLOBAL TIME: 1677988005.4682329 - LOGICAL CLOCK TIME: 178 - MESSAGE QUEUE LEN: 0
INTERNAL EVENT - GLOBAL TIME: 1677988005.4754202 - LOGICAL CLOCK TIME: 180
SENT: Machine 2 has logical clock time 179 TO MACHINE #0 - GLOBAL TIME: 1677988005.4834204 - LOGICAL CLOCK TIME: 180
SENT: Machine 2 has logical clock time 179 TO MACHINE #1 - GLOBAL TIME: 1677988005.4834204 - LOGICAL CLOCK TIME: 180
INTERNAL EVENT - GLOBAL TIME: 1677988006.426627 - LOGICAL CLOCK TIME: 181
INTERNAL EVENT - GLOBAL TIME: 1677988006.426627 - LOGICAL CLOCK TIME: 182
INTERNAL EVENT - GLOBAL TIME: 1677988006.426627 - LOGICAL CLOCK TIME: 183
INTERNAL EVENT - GLOBAL TIME: 1677988006.428625 - LOGICAL CLOCK TIME: 185
SENT: Machine 2 has logical clock time 184 TO MACHINE #0 - GLOBAL TIME: 1677988006.429624 - LOGICAL CLOCK TIME: 185
INTERNAL EVENT - GLOBAL TIME: 1677988006.4376276 - LOGICAL CLOCK TIME: 187
SENT: Machine 2 has logical clock time 186 TO MACHINE #0 - GLOBAL TIME: 1677988006.4396255 - LOGICAL CLOCK TIME: 187
INTERNAL EVENT - GLOBAL TIME: 1677988006.4416285 - LOGICAL CLOCK TIME: 188
INTERNAL EVENT - GLOBAL TIME: 1677988006.4416285 - LOGICAL CLOCK TIME: 189
SENT: Machine 2 has logical clock time 190 TO MACHINE #0 - GLOBAL TIME: 1677988006.442625 - LOGICAL CLOCK TIME: 190
SENT: Machine 2 has logical clock time 191 TO MACHINE #1 - GLOBAL TIME: 1677988006.448839 - LOGICAL CLOCK TIME: 191
INTERNAL EVENT - GLOBAL TIME: 1677988006.4528375 - LOGICAL CLOCK TIME: 193
RECEIVED: Machine 0 has logical clock time 186 - GLOBAL TIME: 1677988006.4538379 - LOGICAL CLOCK TIME: 194 - MESSAGE QUEUE LEN: 0
INTERNAL EVENT - GLOBAL TIME: 1677988006.454838 - LOGICAL CLOCK TIME: 195
SENT: Machine 2 has logical clock time 192 TO MACHINE #1 - GLOBAL TIME: 1677988006.454838 - LOGICAL CLOCK TIME: 195
INTERNAL EVENT - GLOBAL TIME: 1677988006.456836 - LOGICAL CLOCK TIME: 196
INTERNAL EVENT - GLOBAL TIME: 1677988006.4578366 - LOGICAL CLOCK TIME: 197
INTERNAL EVENT - GLOBAL TIME: 1677988006.4578366 - LOGICAL CLOCK TIME: 198
INTERNAL EVENT - GLOBAL TIME: 1677988006.4612148 - LOGICAL CLOCK TIME: 199
INTERNAL EVENT - GLOBAL TIME: 1677988006.4706259 - LOGICAL CLOCK TIME: 200
RECEIVED: Machine 0 has logical clock time 197 - GLOBAL TIME: 1677988007.435261 - LOGICAL CLOCK TIME: 201 - MESSAGE QUEUE LEN: 2
RECEIVED: Machine 1 has logical clock time 148 - GLOBAL TIME: 1677988007.4362595 - LOGICAL CLOCK TIME: 202 - MESSAGE QUEUE LEN: 1
RECEIVED: Machine 1 has logical clock time 149 - GLOBAL TIME: 1677988007.4362595 - LOGICAL CLOCK TIME: 203 - MESSAGE QUEUE LEN: 0
INTERNAL EVENT - GLOBAL TIME: 1677988007.4372613 - LOGICAL CLOCK TIME: 205
INTERNAL EVENT - GLOBAL TIME: 1677988007.4372613 - LOGICAL CLOCK TIME: 206
INTERNAL EVENT - GLOBAL TIME: 1677988007.4426422 - LOGICAL CLOCK TIME: 207
INTERNAL EVENT - GLOBAL TIME: 1677988007.445645 - LOGICAL CLOCK TIME: 208
SENT: Machine 2 has logical clock time 204 TO MACHINE #0 - GLOBAL TIME: 1677988007.4466443 - LOGICAL CLOCK TIME: 208
INTERNAL EVENT - GLOBAL TIME: 1677988007.4496412 - LOGICAL CLOCK TIME: 209
INTERNAL EVENT - GLOBAL TIME: 1677988007.450642 - LOGICAL CLOCK TIME: 210
SENT: Machine 2 has logical clock time 211 TO MACHINE #0 - GLOBAL TIME: 1677988007.4536426 - LOGICAL CLOCK TIME: 211
SENT: Machine 2 has logical clock time 204 TO MACHINE #1 - GLOBAL TIME: 1677988007.4556427 - LOGICAL CLOCK TIME: 211
SENT: Machine 2 has logical clock time 212 TO MACHINE #0 - GLOBAL TIME: 1677988007.4672413 - LOGICAL CLOCK TIME: 212
RECEIVED: Machine 1 has logical clock time 153 - GLOBAL TIME: 1677988007.4702423 - LOGICAL CLOCK TIME: 213 - MESSAGE QUEUE LEN: 0
SENT: Machine 2 has logical clock time 214 TO MACHINE #0 - GLOBAL TIME: 1677988007.4812827 - LOGICAL CLOCK TIME: 215
SENT: Machine 2 has logical clock time 215 TO MACHINE #0 - GLOBAL TIME: 1677988007.4822798 - LOGICAL CLOCK TIME: 215
RECEIVED: Machine 1 has logical clock time 161 - GLOBAL TIME: 1677988007.4836023 - LOGICAL CLOCK TIME: 216 - MESSAGE QUEUE LEN: 0
SENT: Machine 2 has logical clock time 214 TO MACHINE #1 - GLOBAL TIME: 1677988007.48761 - LOGICAL CLOCK TIME: 216
INTERNAL EVENT - GLOBAL TIME: 1677988007.4886093 - LOGICAL CLOCK TIME: 217
INTERNAL EVENT - GLOBAL TIME: 1677988007.492611 - LOGICAL CLOCK TIME: 218
INTERNAL EVENT - GLOBAL TIME: 1677988007.4946086 - LOGICAL CLOCK TIME: 219
RECEIVED: Machine 0 has logical clock time 210 - GLOBAL TIME: 1677988007.4968352 - LOGICAL CLOCK TIME: 220 - MESSAGE QUEUE LEN: 0
RECEIVED: Machine 0 has logical clock time 211 - GLOBAL TIME: 1677988008.4398508 - LOGICAL CLOCK TIME: 221 - MESSAGE QUEUE LEN: 0
INTERNAL EVENT - GLOBAL TIME: 1677988008.4398508 - LOGICAL CLOCK TIME: 222
INTERNAL EVENT - GLOBAL TIME: 1677988008.4398508 - LOGICAL CLOCK TIME: 223
INTERNAL EVENT - GLOBAL TIME: 1677988008.44185 - LOGICAL CLOCK TIME: 224
INTERNAL EVENT - GLOBAL TIME: 1677988008.4428499 - LOGICAL CLOCK TIME: 226
INTERNAL EVENT - GLOBAL TIME: 1677988008.4478528 - LOGICAL CLOCK TIME: 228
SENT: Machine 2 has logical clock time 227 TO MACHINE #1 - GLOBAL TIME: 1677988008.4478528 - LOGICAL CLOCK TIME: 228
SENT: Machine 2 has logical clock time 225 TO MACHINE #0 - GLOBAL TIME: 1677988008.44985 - LOGICAL CLOCK TIME: 228
INTERNAL EVENT - GLOBAL TIME: 1677988008.4532654 - LOGICAL CLOCK TIME: 230
SENT: Machine 2 has logical clock time 229 TO MACHINE #0 - GLOBAL TIME: 1677988008.4542665 - LOGICAL CLOCK TIME: 230
SENT: Machine 2 has logical clock time 225 TO MACHINE #1 - GLOBAL TIME: 1677988008.456269 - LOGICAL CLOCK TIME: 231
INTERNAL EVENT - GLOBAL TIME: 1677988008.459614 - LOGICAL CLOCK TIME: 232
SENT: Machine 2 has logical clock time 229 TO MACHINE #1 - GLOBAL TIME: 1677988008.4606152 - LOGICAL CLOCK TIME: 232
INTERNAL EVENT - GLOBAL TIME: 1677988008.4616122 - LOGICAL CLOCK TIME: 233
SENT: Machine 2 has logical clock time 231 TO MACHINE #0 - GLOBAL TIME: 1677988008.4616122 - LOGICAL CLOCK TIME: 233
INTERNAL EVENT - GLOBAL TIME: 1677988008.4687204 - LOGICAL CLOCK TIME: 235
INTERNAL EVENT - GLOBAL TIME: 1677988008.473719 - LOGICAL CLOCK TIME: 236
RECEIVED: Machine 1 has logical clock time 170 - GLOBAL TIME: 1677988008.4757204 - LOGICAL CLOCK TIME: 237 - MESSAGE QUEUE LEN: 0
SENT: Machine 2 has logical clock time 234 TO MACHINE #0 - GLOBAL TIME: 1677988008.4807186 - LOGICAL CLOCK TIME: 237
INTERNAL EVENT - GLOBAL TIME: 1677988008.4807186 - LOGICAL CLOCK TIME: 238
SENT: Machine 2 has logical clock time 234 TO MACHINE #1 - GLOBAL TIME: 1677988008.4913788 - LOGICAL CLOCK TIME: 238
RECEIVED: Machine 0 has logical clock time 225 - GLOBAL TIME: 1677988008.497746 - LOGICAL CLOCK TIME: 239 - MESSAGE QUEUE LEN: 0
INTERNAL EVENT - GLOBAL TIME: 1677988008.497746 - LOGICAL CLOCK TIME: 240
RECEIVED: Machine 1 has logical clock time 179 - GLOBAL TIME: 1677988009.447635 - LOGICAL CLOCK TIME: 241 - MESSAGE QUEUE LEN: 1
RECEIVED: Machine 0 has logical clock time 236 - GLOBAL TIME: 1677988009.4486332 - LOGICAL CLOCK TIME: 242 - MESSAGE QUEUE LEN: 0
INTERNAL EVENT - GLOBAL TIME: 1677988009.4496353 - LOGICAL CLOCK TIME: 244
INTERNAL EVENT - GLOBAL TIME: 1677988009.4496353 - LOGICAL CLOCK TIME: 245
INTERNAL EVENT - GLOBAL TIME: 1677988009.4536371 - LOGICAL CLOCK TIME: 248
SENT: Machine 2 has logical clock time 246 TO MACHINE #0 - GLOBAL TIME: 1677988009.4546335 - LOGICAL CLOCK TIME: 248
SENT: Machine 2 has logical clock time 247 TO MACHINE #0 - GLOBAL TIME: 1677988009.4566338 - LOGICAL CLOCK TIME: 249
INTERNAL EVENT - GLOBAL TIME: 1677988009.459636 - LOGICAL CLOCK TIME: 251
INTERNAL EVENT - GLOBAL TIME: 1677988009.459636 - LOGICAL CLOCK TIME: 252
INTERNAL EVENT - GLOBAL TIME: 1677988009.4668157 - LOGICAL CLOCK TIME: 253
SENT: Machine 2 has logical clock time 243 TO MACHINE #1 - GLOBAL TIME: 1677988009.4668157 - LOGICAL CLOCK TIME: 253
SENT: Machine 2 has logical clock time 249 TO MACHINE #0 - GLOBAL TIME: 1677988009.4668157 - LOGICAL CLOCK TIME: 253
SENT: Machine 2 has logical clock time 250 TO MACHINE #0 - GLOBAL TIME: 1677988009.4688141 - LOGICAL CLOCK TIME: 253
INTERNAL EVENT - GLOBAL TIME: 1677988009.4708135 - LOGICAL CLOCK TIME: 254
SENT: Machine 2 has logical clock time 255 TO MACHINE #1 - GLOBAL TIME: 1677988009.479173 - LOGICAL CLOCK TIME: 255
INTERNAL EVENT - GLOBAL TIME: 1677988009.486286 - LOGICAL CLOCK TIME: 256
INTERNAL EVENT - GLOBAL TIME: 1677988009.4892843 - LOGICAL CLOCK TIME: 257
RECEIVED: Machine 1 has logical clock time 192 - GLOBAL TIME: 1677988009.49176 - LOGICAL CLOCK TIME: 258 - MESSAGE QUEUE LEN: 0
INTERNAL EVENT - GLOBAL TIME: 1677988009.495823 - LOGICAL CLOCK TIME: 259
INTERNAL EVENT - GLOBAL TIME: 1677988009.4984102 - LOGICAL CLOCK TIME: 260
RECEIVED: Machine 0 has logical clock time 255 - GLOBAL TIME: 1677988010.4525776 - LOGICAL CLOCK TIME: 261 - MESSAGE QUEUE LEN: 0
INTERNAL EVENT - GLOBAL TIME: 1677988010.4525776 - LOGICAL CLOCK TIME: 263
INTERNAL EVENT - GLOBAL TIME: 1677988010.453578 - LOGICAL CLOCK TIME: 264
SENT: Machine 2 has logical clock time 262 TO MACHINE #0 - GLOBAL TIME: 1677988010.4555774 - LOGICAL CLOCK TIME: 265
INTERNAL EVENT - GLOBAL TIME: 1677988010.4605803 - LOGICAL CLOCK TIME: 266
INTERNAL EVENT - GLOBAL TIME: 1677988010.4625778 - LOGICAL CLOCK TIME: 267
SENT: Machine 2 has logical clock time 265 TO MACHINE #1 - GLOBAL TIME: 1677988010.4635782 - LOGICAL CLOCK TIME: 268
INTERNAL EVENT - GLOBAL TIME: 1677988010.4645784 - LOGICAL CLOCK TIME: 269
SENT: Machine 2 has logical clock time 268 TO MACHINE #1 - GLOBAL TIME: 1677988010.4686158 - LOGICAL CLOCK TIME: 269
INTERNAL EVENT - GLOBAL TIME: 1677988010.4706128 - LOGICAL CLOCK TIME: 270
INTERNAL EVENT - GLOBAL TIME: 1677988010.4776149 - LOGICAL CLOCK TIME: 272
INTERNAL EVENT - GLOBAL TIME: 1677988010.4806154 - LOGICAL CLOCK TIME: 273
RECEIVED: Machine 0 has logical clock time 265 - GLOBAL TIME: 1677988010.4866164 - LOGICAL CLOCK TIME: 275 - MESSAGE QUEUE LEN: 1
SENT: Machine 2 has logical clock time 271 TO MACHINE #0 - GLOBAL TIME: 1677988010.4916153 - LOGICAL CLOCK TIME: 275
SENT: Machine 2 has logical clock time 274 TO MACHINE #0 - GLOBAL TIME: 1677988010.4936187 - LOGICAL CLOCK TIME: 275
RECEIVED: Machine 0 has logical clock time 262 - GLOBAL TIME: 1677988010.5016146 - LOGICAL CLOCK TIME: 276 - MESSAGE QUEUE LEN: 0
SENT: Machine 2 has logical clock time 271 TO MACHINE #1 - GLOBAL TIME: 1677988010.5036147 - LOGICAL CLOCK TIME: 276
RECEIVED: Machine 1 has logical clock time 199 - GLOBAL TIME: 1677988010.5066147 - LOGICAL CLOCK TIME: 277 - MESSAGE QUEUE LEN: 0
INTERNAL EVENT - GLOBAL TIME: 1677988010.5120125 - LOGICAL CLOCK TIME: 278
INTERNAL EVENT - GLOBAL TIME: 1677988010.517157 - LOGICAL CLOCK TIME: 279
SENT: Machine 2 has logical clock time 280 TO MACHINE #0 - GLOBAL TIME: 1677988010.536641 - LOGICAL CLOCK TIME: 280
SENT: Machine 2 has logical clock time 280 TO MACHINE #1 - GLOBAL TIME: 1677988010.537641 - LOGICAL CLOCK TIME: 280
RECEIVED: Machine 0 has logical clock time 270 - GLOBAL TIME: 1677988011.4531548 - LOGICAL CLOCK TIME: 281 - MESSAGE QUEUE LEN: 3
RECEIVED: Machine 1 has logical clock time 206 - GLOBAL TIME: 1677988011.455155 - LOGICAL CLOCK TIME: 282 - MESSAGE QUEUE LEN: 2
RECEIVED: Machine 0 has logical clock time 274 - GLOBAL TIME: 1677988011.4571545 - LOGICAL CLOCK TIME: 283 - MESSAGE QUEUE LEN: 1
RECEIVED: Machine 1 has logical clock time 209 - GLOBAL TIME: 1677988011.4651566 - LOGICAL CLOCK TIME: 284 - MESSAGE QUEUE LEN: 0
INTERNAL EVENT - GLOBAL TIME: 1677988011.468154 - LOGICAL CLOCK TIME: 285
INTERNAL EVENT - GLOBAL TIME: 1677988011.469156 - LOGICAL CLOCK TIME: 287
INTERNAL EVENT - GLOBAL TIME: 1677988011.469156 - LOGICAL CLOCK TIME: 288
INTERNAL EVENT - GLOBAL TIME: 1677988011.4701574 - LOGICAL CLOCK TIME: 289
INTERNAL EVENT - GLOBAL TIME: 1677988011.474159 - LOGICAL CLOCK TIME: 290
INTERNAL EVENT - GLOBAL TIME: 1677988011.4791594 - LOGICAL CLOCK TIME: 291
INTERNAL EVENT - GLOBAL TIME: 1677988011.4821546 - LOGICAL CLOCK TIME: 292
INTERNAL EVENT - GLOBAL TIME: 1677988011.4842215 - LOGICAL CLOCK TIME: 293
INTERNAL EVENT - GLOBAL TIME: 1677988011.4842215 - LOGICAL CLOCK TIME: 294
SENT: Machine 2 has logical clock time 286 TO MACHINE #0 - GLOBAL TIME: 1677988011.4842215 - LOGICAL CLOCK TIME: 294
SENT: Machine 2 has logical clock time 286 TO MACHINE #1 - GLOBAL TIME: 1677988011.496467 - LOGICAL CLOCK TIME: 295
INTERNAL EVENT - GLOBAL TIME: 1677988011.4974725 - LOGICAL CLOCK TIME: 296
INTERNAL EVENT - GLOBAL TIME: 1677988011.4974725 - LOGICAL CLOCK TIME: 297
SENT: Machine 2 has logical clock time 298 TO MACHINE #0 - GLOBAL TIME: 1677988011.4998775 - LOGICAL CLOCK TIME: 298
SENT: Machine 2 has logical clock time 295 TO MACHINE #0 - GLOBAL TIME: 1677988011.5078852 - LOGICAL CLOCK TIME: 298
RECEIVED: Machine 1 has logical clock time 219 - GLOBAL TIME: 1677988011.5148935 - LOGICAL CLOCK TIME: 299 - MESSAGE QUEUE LEN: 0
SENT: Machine 2 has logical clock time 300 TO MACHINE #0 - GLOBAL TIME: 1677988011.5268834 - LOGICAL CLOCK TIME: 300
SENT: Machine 2 has logical clock time 300 TO MACHINE #1 - GLOBAL TIME: 1677988011.529886 - LOGICAL CLOCK TIME: 300
RECEIVED: Machine 1 has logical clock time 218 - GLOBAL TIME: 1677988012.4602432 - LOGICAL CLOCK TIME: 301 - MESSAGE QUEUE LEN: 3
RECEIVED: Machine 1 has logical clock time 222 - GLOBAL TIME: 1677988012.4602432 - LOGICAL CLOCK TIME: 302 - MESSAGE QUEUE LEN: 2
RECEIVED: Machine 0 has logical clock time 288 - GLOBAL TIME: 1677988012.4602432 - LOGICAL CLOCK TIME: 303 - MESSAGE QUEUE LEN: 1
RECEIVED: Machine 0 has logical clock time 292 - GLOBAL TIME: 1677988012.4612436 - LOGICAL CLOCK TIME: 304 - MESSAGE QUEUE LEN: 0
INTERNAL EVENT - GLOBAL TIME: 1677988012.4742424 - LOGICAL CLOCK TIME: 305
INTERNAL EVENT - GLOBAL TIME: 1677988012.4742424 - LOGICAL CLOCK TIME: 306
INTERNAL EVENT - GLOBAL TIME: 1677988012.476244 - LOGICAL CLOCK TIME: 307
INTERNAL EVENT - GLOBAL TIME: 1677988012.4782434 - LOGICAL CLOCK TIME: 309
RECEIVED: Machine 1 has logical clock time 233 - GLOBAL TIME: 1677988012.4856772 - LOGICAL CLOCK TIME: 311 - MESSAGE QUEUE LEN: 0
INTERNAL EVENT - GLOBAL TIME: 1677988012.4866753 - LOGICAL CLOCK TIME: 312
SENT: Machine 2 has logical clock time 310 TO MACHINE #1 - GLOBAL TIME: 1677988012.4886773 - LOGICAL CLOCK TIME: 312
SENT: Machine 2 has logical clock time 308 TO MACHINE #0 - GLOBAL TIME: 1677988012.495033 - LOGICAL CLOCK TIME: 313
INTERNAL EVENT - GLOBAL TIME: 1677988012.4980352 - LOGICAL CLOCK TIME: 314
INTERNAL EVENT - GLOBAL TIME: 1677988012.5031376 - LOGICAL CLOCK TIME: 315
SENT: Machine 2 has logical clock time 313 TO MACHINE #0 - GLOBAL TIME: 1677988012.5061376 - LOGICAL CLOCK TIME: 315
INTERNAL EVENT - GLOBAL TIME: 1677988012.5061376 - LOGICAL CLOCK TIME: 316
INTERNAL EVENT - GLOBAL TIME: 1677988012.507137 - LOGICAL CLOCK TIME: 317
SENT: Machine 2 has logical clock time 313 TO MACHINE #1 - GLOBAL TIME: 1677988012.5144408 - LOGICAL CLOCK TIME: 317
RECEIVED: Machine 1 has logical clock time 236 - GLOBAL TIME: 1677988012.5412498 - LOGICAL CLOCK TIME: 318 - MESSAGE QUEUE LEN: 2
RECEIVED: Machine 0 has logical clock time 304 - GLOBAL TIME: 1677988012.5472507 - LOGICAL CLOCK TIME: 319 - MESSAGE QUEUE LEN: 1
RECEIVED: Machine 1 has logical clock time 240 - GLOBAL TIME: 1677988012.5482514 - LOGICAL CLOCK TIME: 320 - MESSAGE QUEUE LEN: 0
RECEIVED: Machine 0 has logical clock time 313 - GLOBAL TIME: 1677988013.4751759 - LOGICAL CLOCK TIME: 321 - MESSAGE QUEUE LEN: 0
INTERNAL EVENT - GLOBAL TIME: 1677988013.4761775 - LOGICAL CLOCK TIME: 322
INTERNAL EVENT - GLOBAL TIME: 1677988013.4781768 - LOGICAL CLOCK TIME: 323
INTERNAL EVENT - GLOBAL TIME: 1677988013.4781768 - LOGICAL CLOCK TIME: 324
SENT: Machine 2 has logical clock time 325 TO MACHINE #0 - GLOBAL TIME: 1677988013.4841778 - LOGICAL CLOCK TIME: 325
INTERNAL EVENT - GLOBAL TIME: 1677988013.485178 - LOGICAL CLOCK TIME: 326
INTERNAL EVENT - GLOBAL TIME: 1677988013.4901829 - LOGICAL CLOCK TIME: 327
INTERNAL EVENT - GLOBAL TIME: 1677988013.4911778 - LOGICAL CLOCK TIME: 328
SENT: Machine 2 has logical clock time 329 TO MACHINE #0 - GLOBAL TIME: 1677988013.4963112 - LOGICAL CLOCK TIME: 329
INTERNAL EVENT - GLOBAL TIME: 1677988013.4993076 - LOGICAL CLOCK TIME: 330
INTERNAL EVENT - GLOBAL TIME: 1677988013.5043094 - LOGICAL CLOCK TIME: 331
INTERNAL EVENT - GLOBAL TIME: 1677988013.506308 - LOGICAL CLOCK TIME: 332
RECEIVED: Machine 0 has logical clock time 322 - GLOBAL TIME: 1677988013.5073075 - LOGICAL CLOCK TIME: 333 - MESSAGE QUEUE LEN: 0
INTERNAL EVENT - GLOBAL TIME: 1677988013.5123098 - LOGICAL CLOCK TIME: 334
INTERNAL EVENT - GLOBAL TIME: 1677988013.5163107 - LOGICAL CLOCK TIME: 335
INTERNAL EVENT - GLOBAL TIME: 1677988013.524604 - LOGICAL CLOCK TIME: 336
INTERNAL EVENT - GLOBAL TIME: 1677988013.5361972 - LOGICAL CLOCK TIME: 337
RECEIVED: Machine 0 has logical clock time 330 - GLOBAL TIME: 1677988013.540198 - LOGICAL CLOCK TIME: 338 - MESSAGE QUEUE LEN: 0
SENT: Machine 2 has logical clock time 339 TO MACHINE #1 - GLOBAL TIME: 1677988013.5442994 - LOGICAL CLOCK TIME: 339
INTERNAL EVENT - GLOBAL TIME: 1677988013.5562973 - LOGICAL CLOCK TIME: 340
RECEIVED: Machine 1 has logical clock time 247 - GLOBAL TIME: 1677988014.4815457 - LOGICAL CLOCK TIME: 341 - MESSAGE QUEUE LEN: 3
RECEIVED: Machine 1 has logical clock time 249 - GLOBAL TIME: 1677988014.4815457 - LOGICAL CLOCK TIME: 342 - MESSAGE QUEUE LEN: 2
RECEIVED: Machine 0 has logical clock time 335 - GLOBAL TIME: 1677988014.483545 - LOGICAL CLOCK TIME: 343 - MESSAGE QUEUE LEN: 1
RECEIVED: Machine 0 has logical clock time 337 - GLOBAL TIME: 1677988014.4855456 - LOGICAL CLOCK TIME: 344 - MESSAGE QUEUE LEN: 0
RECEIVED: Machine 1 has logical clock time 261 - GLOBAL TIME: 1677988014.4918067 - LOGICAL CLOCK TIME: 345 - MESSAGE QUEUE LEN: 0
INTERNAL EVENT - GLOBAL TIME: 1677988014.4938312 - LOGICAL CLOCK TIME: 346
INTERNAL EVENT - GLOBAL TIME: 1677988014.4958327 - LOGICAL CLOCK TIME: 347
INTERNAL EVENT - GLOBAL TIME: 1677988014.5028322 - LOGICAL CLOCK TIME: 349
SENT: Machine 2 has logical clock time 348 TO MACHINE #1 - GLOBAL TIME: 1677988014.506829 - LOGICAL CLOCK TIME: 350
INTERNAL EVENT - GLOBAL TIME: 1677988014.5121043 - LOGICAL CLOCK TIME: 352
INTERNAL EVENT - GLOBAL TIME: 1677988014.514102 - LOGICAL CLOCK TIME: 353
INTERNAL EVENT - GLOBAL TIME: 1677988014.514102 - LOGICAL CLOCK TIME: 354
SENT: Machine 2 has logical clock time 355 TO MACHINE #1 - GLOBAL TIME: 1677988014.5264492 - LOGICAL CLOCK TIME: 355
SENT: Machine 2 has logical clock time 350 TO MACHINE #0 - GLOBAL TIME: 1677988014.527649 - LOGICAL CLOCK TIME: 355
RECEIVED: Machine 0 has logical clock time 347 - GLOBAL TIME: 1677988014.527649 - LOGICAL CLOCK TIME: 356 - MESSAGE QUEUE LEN: 0
SENT: Machine 2 has logical clock time 351 TO MACHINE #1 - GLOBAL TIME: 1677988014.529659 - LOGICAL CLOCK TIME: 357
INTERNAL EVENT - GLOBAL TIME: 1677988014.529659 - LOGICAL CLOCK TIME: 358
INTERNAL EVENT - GLOBAL TIME: 1677988014.5318594 - LOGICAL CLOCK TIME: 359
SENT: Machine 2 has logical clock time 357 TO MACHINE #1 - GLOBAL TIME: 1677988014.5348656 - LOGICAL CLOCK TIME: 359
SENT: Machine 2 has logical clock time 360 TO MACHINE #1 - GLOBAL TIME: 1677988014.5398643 - LOGICAL CLOCK TIME: 360
RECEIVED: Machine 1 has logical clock time 266 - GLOBAL TIME: 1677988015.4856095 - LOGICAL CLOCK TIME: 361 - MESSAGE QUEUE LEN: 5
RECEIVED: Machine 1 has logical clock time 267 - GLOBAL TIME: 1677988015.4886098 - LOGICAL CLOCK TIME: 362 - MESSAGE QUEUE LEN: 4
RECEIVED: Machine 0 has logical clock time 353 - GLOBAL TIME: 1677988015.4886098 - LOGICAL CLOCK TIME: 363 - MESSAGE QUEUE LEN: 3
RECEIVED: Machine 1 has logical clock time 270 - GLOBAL TIME: 1677988015.4886098 - LOGICAL CLOCK TIME: 364 - MESSAGE QUEUE LEN: 2
RECEIVED: Machine 0 has logical clock time 354 - GLOBAL TIME: 1677988015.500608 - LOGICAL CLOCK TIME: 365 - MESSAGE QUEUE LEN: 1
RECEIVED: Machine 0 has logical clock time 350 - GLOBAL TIME: 1677988015.5036068 - LOGICAL CLOCK TIME: 366 - MESSAGE QUEUE LEN: 0
INTERNAL EVENT - GLOBAL TIME: 1677988015.5046093 - LOGICAL CLOCK TIME: 367
SENT: Machine 2 has logical clock time 368 TO MACHINE #0 - GLOBAL TIME: 1677988015.5091405 - LOGICAL CLOCK TIME: 368
INTERNAL EVENT - GLOBAL TIME: 1677988015.5151458 - LOGICAL CLOCK TIME: 369
INTERNAL EVENT - GLOBAL TIME: 1677988015.5161476 - LOGICAL CLOCK TIME: 370
INTERNAL EVENT - GLOBAL TIME: 1677988015.5181472 - LOGICAL CLOCK TIME: 371
INTERNAL EVENT - GLOBAL TIME: 1677988015.527147 - LOGICAL CLOCK TIME: 373
SENT: Machine 2 has logical clock time 372 TO MACHINE #0 - GLOBAL TIME: 1677988015.535607 - LOGICAL CLOCK TIME: 374
INTERNAL EVENT - GLOBAL TIME: 1677988015.5389752 - LOGICAL CLOCK TIME: 375
SENT: Machine 2 has logical clock time 374 TO MACHINE #1 - GLOBAL TIME: 1677988015.5439882 - LOGICAL CLOCK TIME: 375
INTERNAL EVENT - GLOBAL TIME: 1677988015.547974 - LOGICAL CLOCK TIME: 376
INTERNAL EVENT - GLOBAL TIME: 1677988015.5509746 - LOGICAL CLOCK TIME: 377
INTERNAL EVENT - GLOBAL TIME: 1677988015.554972 - LOGICAL CLOCK TIME: 378
INTERNAL EVENT - GLOBAL TIME: 1677988015.5689733 - LOGICAL CLOCK TIME: 380
SENT: Machine 2 has logical clock time 379 TO MACHINE #0 - GLOBAL TIME: 1677988015.579978 - LOGICAL CLOCK TIME: 380
SENT: Machine 2 has logical clock time 379 TO MACHINE #1 - GLOBAL TIME: 1677988015.580974 - LOGICAL CLOCK TIME: 380
RECEIVED: Machine 0 has logical clock time 374 - GLOBAL TIME: 1677988016.4943383 - LOGICAL CLOCK TIME: 381 - MESSAGE QUEUE LEN: 1
RECEIVED: Machine 0 has logical clock time 375 - GLOBAL TIME: 1677988016.4993374 - LOGICAL CLOCK TIME: 382 - MESSAGE QUEUE LEN: 0
INTERNAL EVENT - GLOBAL TIME: 1677988016.4993374 - LOGICAL CLOCK TIME: 383
INTERNAL EVENT - GLOBAL TIME: 1677988016.5047338 - LOGICAL CLOCK TIME: 385
INTERNAL EVENT - GLOBAL TIME: 1677988016.5047338 - LOGICAL CLOCK TIME: 386
INTERNAL EVENT - GLOBAL TIME: 1677988016.5068405 - LOGICAL CLOCK TIME: 387
INTERNAL EVENT - GLOBAL TIME: 1677988016.5068405 - LOGICAL CLOCK TIME: 388
SENT: Machine 2 has logical clock time 384 TO MACHINE #1 - GLOBAL TIME: 1677988016.5168467 - LOGICAL CLOCK TIME: 388
INTERNAL EVENT - GLOBAL TIME: 1677988016.5208364 - LOGICAL CLOCK TIME: 389
INTERNAL EVENT - GLOBAL TIME: 1677988016.522843 - LOGICAL CLOCK TIME: 391
SENT: Machine 2 has logical clock time 390 TO MACHINE #1 - GLOBAL TIME: 1677988016.5320225 - LOGICAL CLOCK TIME: 392
INTERNAL EVENT - GLOBAL TIME: 1677988016.5330381 - LOGICAL CLOCK TIME: 393
RECEIVED: Machine 1 has logical clock time 293 - GLOBAL TIME: 1677988016.5384328 - LOGICAL CLOCK TIME: 395 - MESSAGE QUEUE LEN: 0
INTERNAL EVENT - GLOBAL TIME: 1677988016.5384328 - LOGICAL CLOCK TIME: 396
SENT: Machine 2 has logical clock time 394 TO MACHINE #1 - GLOBAL TIME: 1677988016.5414326 - LOGICAL CLOCK TIME: 396
INTERNAL EVENT - GLOBAL TIME: 1677988016.5527294 - LOGICAL CLOCK TIME: 397
SENT: Machine 2 has logical clock time 392 TO MACHINE #0 - GLOBAL TIME: 1677988016.5547268 - LOGICAL CLOCK TIME: 398
SENT: Machine 2 has logical clock time 392 TO MACHINE #1 - GLOBAL TIME: 1677988016.5587318 - LOGICAL CLOCK TIME: 399
INTERNAL EVENT - GLOBAL TIME: 1677988016.5607326 - LOGICAL CLOCK TIME: 400
SENT: Machine 2 has logical clock time 399 TO MACHINE #0 - GLOBAL TIME: 1677988016.5685284 - LOGICAL CLOCK TIME: 400
SENT: Machine 2 has logical clock time 398 TO MACHINE #0 - GLOBAL TIME: 1677988016.5912244 - LOGICAL CLOCK TIME: 400
SENT: Machine 2 has logical clock time 398 TO MACHINE #1 - GLOBAL TIME: 1677988016.596454 - LOGICAL CLOCK TIME: 400
RECEIVED: Machine 1 has logical clock time 299 - GLOBAL TIME: 1677988017.5202556 - LOGICAL CLOCK TIME: 401 - MESSAGE QUEUE LEN: 2
RECEIVED: Machine 0 has logical clock time 394 - GLOBAL TIME: 1677988017.5202556 - LOGICAL CLOCK TIME: 402 - MESSAGE QUEUE LEN: 1
RECEIVED: Machine 1 has logical clock time 300 - GLOBAL TIME: 1677988017.521255 - LOGICAL CLOCK TIME: 403 - MESSAGE QUEUE LEN: 0
INTERNAL EVENT - GLOBAL TIME: 1677988017.5233028 - LOGICAL CLOCK TIME: 404
INTERNAL EVENT - GLOBAL TIME: 1677988017.5386105 - LOGICAL CLOCK TIME: 407
INTERNAL EVENT - GLOBAL TIME: 1677988017.5386105 - LOGICAL CLOCK TIME: 408
INTERNAL EVENT - GLOBAL TIME: 1677988017.5429585 - LOGICAL CLOCK TIME: 409
RECEIVED: Machine 1 has logical clock time 309 - GLOBAL TIME: 1677988017.5449576 - LOGICAL CLOCK TIME: 410 - MESSAGE QUEUE LEN: 0
INTERNAL EVENT - GLOBAL TIME: 1677988017.552959 - LOGICAL CLOCK TIME: 411
SENT: Machine 2 has logical clock time 405 TO MACHINE #0 - GLOBAL TIME: 1677988017.556959 - LOGICAL CLOCK TIME: 411
SENT: Machine 2 has logical clock time 405 TO MACHINE #1 - GLOBAL TIME: 1677988017.5651016 - LOGICAL CLOCK TIME: 414
INTERNAL EVENT - GLOBAL TIME: 1677988017.556959 - LOGICAL CLOCK TIME: 412
INTERNAL EVENT - GLOBAL TIME: 1677988017.5711002 - LOGICAL CLOCK TIME: 415
SENT: Machine 2 has logical clock time 406 TO MACHINE #0 - GLOBAL TIME: 1677988017.5580935 - LOGICAL CLOCK TIME: 413
SENT: Machine 2 has logical clock time 406 TO MACHINE #1 - GLOBAL TIME: 1677988017.5711002 - LOGICAL CLOCK TIME: 415
INTERNAL EVENT - GLOBAL TIME: 1677988017.5611007 - LOGICAL CLOCK TIME: 414
SENT: Machine 2 has logical clock time 413 TO MACHINE #1 - GLOBAL TIME: 1677988017.5721004 - LOGICAL CLOCK TIME: 415
INTERNAL EVENT - GLOBAL TIME: 1677988017.5840855 - LOGICAL CLOCK TIME: 417
SENT: Machine 2 has logical clock time 416 TO MACHINE #0 - GLOBAL TIME: 1677988017.5864542 - LOGICAL CLOCK TIME: 417
INTERNAL EVENT - GLOBAL TIME: 1677988017.5886898 - LOGICAL CLOCK TIME: 418
INTERNAL EVENT - GLOBAL TIME: 1677988017.5921192 - LOGICAL CLOCK TIME: 419
SENT: Machine 2 has logical clock time 420 TO MACHINE #0 - GLOBAL TIME: 1677988017.6260767 - LOGICAL CLOCK TIME: 420
SENT: Machine 2 has logical clock time 420 TO MACHINE #1 - GLOBAL TIME: 1677988017.6260767 - LOGICAL CLOCK TIME: 420
RECEIVED: Machine 1 has logical clock time 311 - GLOBAL TIME: 1677988018.5366297 - LOGICAL CLOCK TIME: 421 - MESSAGE QUEUE LEN: 4
RECEIVED: Machine 0 has logical clock time 410 - GLOBAL TIME: 1677988018.5366297 - LOGICAL CLOCK TIME: 422 - MESSAGE QUEUE LEN: 3
RECEIVED: Machine 1 has logical clock time 313 - GLOBAL TIME: 1677988018.5366297 - LOGICAL CLOCK TIME: 423 - MESSAGE QUEUE LEN: 2
RECEIVED: Machine 0 has logical clock time 413 - GLOBAL TIME: 1677988018.5386274 - LOGICAL CLOCK TIME: 424 - MESSAGE QUEUE LEN: 1
RECEIVED: Machine 0 has logical clock time 417 - GLOBAL TIME: 1677988018.53963 - LOGICAL CLOCK TIME: 425 - MESSAGE QUEUE LEN: 0
INTERNAL EVENT - GLOBAL TIME: 1677988018.54603 - LOGICAL CLOCK TIME: 426
INTERNAL EVENT - GLOBAL TIME: 1677988018.5521715 - LOGICAL CLOCK TIME: 427
RECEIVED: Machine 0 has logical clock time 424 - GLOBAL TIME: 1677988018.553171 - LOGICAL CLOCK TIME: 428 - MESSAGE QUEUE LEN: 0
RECEIVED: Machine 0 has logical clock time 429 - GLOBAL TIME: 1677988018.5730507 - LOGICAL CLOCK TIME: 430 - MESSAGE QUEUE LEN: 0
INTERNAL EVENT - GLOBAL TIME: 1677988018.5750506 - LOGICAL CLOCK TIME: 431
INTERNAL EVENT - GLOBAL TIME: 1677988018.5760512 - LOGICAL CLOCK TIME: 432
SENT: Machine 2 has logical clock time 429 TO MACHINE #0 - GLOBAL TIME: 1677988018.5770516 - LOGICAL CLOCK TIME: 432
INTERNAL EVENT - GLOBAL TIME: 1677988018.5790539 - LOGICAL CLOCK TIME: 433
RECEIVED: Machine 0 has logical clock time 427 - GLOBAL TIME: 1677988018.5880504 - LOGICAL CLOCK TIME: 435 - MESSAGE QUEUE LEN: 0
RECEIVED: Machine 0 has logical clock time 430 - GLOBAL TIME: 1677988018.5960548 - LOGICAL CLOCK TIME: 436 - MESSAGE QUEUE LEN: 0
SENT: Machine 2 has logical clock time 434 TO MACHINE #1 - GLOBAL TIME: 1677988018.6103938 - LOGICAL CLOCK TIME: 438
RECEIVED: Machine 0 has logical clock time 431 - GLOBAL TIME: 1677988018.6153963 - LOGICAL CLOCK TIME: 439 - MESSAGE QUEUE LEN: 0
SENT: Machine 2 has logical clock time 438 TO MACHINE #0 - GLOBAL TIME: 1677988018.6164598 - LOGICAL CLOCK TIME: 439
SENT: Machine 2 has logical clock time 437 TO MACHINE #0 - GLOBAL TIME: 1677988018.6164598 - LOGICAL CLOCK TIME: 439
SENT: Machine 2 has logical clock time 437 TO MACHINE #1 - GLOBAL TIME: 1677988018.624465 - LOGICAL CLOCK TIME: 439
INTERNAL EVENT - GLOBAL TIME: 1677988018.624465 - LOGICAL CLOCK TIME: 440
RECEIVED: Machine 1 has logical clock time 327 - GLOBAL TIME: 1677988019.5428953 - LOGICAL CLOCK TIME: 441 - MESSAGE QUEUE LEN: 1
RECEIVED: Machine 0 has logical clock time 437 - GLOBAL TIME: 1677988019.5458932 - LOGICAL CLOCK TIME: 442 - MESSAGE QUEUE LEN: 0
INTERNAL EVENT - GLOBAL TIME: 1677988019.546896 - LOGICAL CLOCK TIME: 443
INTERNAL EVENT - GLOBAL TIME: 1677988019.5498936 - LOGICAL CLOCK TIME: 444
INTERNAL EVENT - GLOBAL TIME: 1677988019.5498936 - LOGICAL CLOCK TIME: 445
INTERNAL EVENT - GLOBAL TIME: 1677988019.5609078 - LOGICAL CLOCK TIME: 447
INTERNAL EVENT - GLOBAL TIME: 1677988019.5609078 - LOGICAL CLOCK TIME: 448
INTERNAL EVENT - GLOBAL TIME: 1677988019.567395 - LOGICAL CLOCK TIME: 449
SENT: Machine 2 has logical clock time 446 TO MACHINE #0 - GLOBAL TIME: 1677988019.5693789 - LOGICAL CLOCK TIME: 449
RECEIVED: Machine 1 has logical clock time 339 - GLOBAL TIME: 1677988019.5805614 - LOGICAL CLOCK TIME: 451 - MESSAGE QUEUE LEN: 0
INTERNAL EVENT - GLOBAL TIME: 1677988019.5895603 - LOGICAL CLOCK TIME: 452
INTERNAL EVENT - GLOBAL TIME: 1677988019.5915587 - LOGICAL CLOCK TIME: 453
SENT: Machine 2 has logical clock time 450 TO MACHINE #0 - GLOBAL TIME: 1677988019.6062155 - LOGICAL CLOCK TIME: 453
INTERNAL EVENT - GLOBAL TIME: 1677988019.6072166 - LOGICAL CLOCK TIME: 454
INTERNAL EVENT - GLOBAL TIME: 1677988019.6132147 - LOGICAL CLOCK TIME: 455
RECEIVED: Machine 0 has logical clock time 448 - GLOBAL TIME: 1677988019.626211 - LOGICAL CLOCK TIME: 456 - MESSAGE QUEUE LEN: 1
SENT: Machine 2 has logical clock time 450 TO MACHINE #1 - GLOBAL TIME: 1677988019.630304 - LOGICAL CLOCK TIME: 456
RECEIVED: Machine 1 has logical clock time 340 - GLOBAL TIME: 1677988019.634304 - LOGICAL CLOCK TIME: 457 - MESSAGE QUEUE LEN: 0
SENT: Machine 2 has logical clock time 458 TO MACHINE #1 - GLOBAL TIME: 1677988019.646303 - LOGICAL CLOCK TIME: 458
INTERNAL EVENT - GLOBAL TIME: 1677988019.6513028 - LOGICAL CLOCK TIME: 460
SENT: Machine 2 has logical clock time 459 TO MACHINE #0 - GLOBAL TIME: 1677988019.6594455 - LOGICAL CLOCK TIME: 460
SENT: Machine 2 has logical clock time 459 TO MACHINE #1 - GLOBAL TIME: 1677988019.6680062 - LOGICAL CLOCK TIME: 460
RECEIVED: Machine 0 has logical clock time 455 - GLOBAL TIME: 1677988020.545503 - LOGICAL CLOCK TIME: 461 - MESSAGE QUEUE LEN: 1
RECEIVED: Machine 1 has logical clock time 345 - GLOBAL TIME: 1677988020.545503 - LOGICAL CLOCK TIME: 462 - MESSAGE QUEUE LEN: 0
INTERNAL EVENT - GLOBAL TIME: 1677988020.547502 - LOGICAL CLOCK TIME: 463
SENT: Machine 2 has logical clock time 464 TO MACHINE #0 - GLOBAL TIME: 1677988020.569002 - LOGICAL CLOCK TIME: 465
SENT: Machine 2 has logical clock time 464 TO MACHINE #1 - GLOBAL TIME: 1677988020.5710006 - LOGICAL CLOCK TIME: 465
INTERNAL EVENT - GLOBAL TIME: 1677988020.5770016 - LOGICAL CLOCK TIME: 466
INTERNAL EVENT - GLOBAL TIME: 1677988020.5894046 - LOGICAL CLOCK TIME: 468
SENT: Machine 2 has logical clock time 465 TO MACHINE #1 - GLOBAL TIME: 1677988020.5914044 - LOGICAL CLOCK TIME: 468
SENT: Machine 2 has logical clock time 467 TO MACHINE #0 - GLOBAL TIME: 1677988020.5964067 - LOGICAL CLOCK TIME: 468
INTERNAL EVENT - GLOBAL TIME: 1677988020.5964067 - LOGICAL CLOCK TIME: 469
RECEIVED: Machine 0 has logical clock time 463 - GLOBAL TIME: 1677988020.5996125 - LOGICAL CLOCK TIME: 470 - MESSAGE QUEUE LEN: 0
SENT: Machine 2 has logical clock time 471 TO MACHINE #0 - GLOBAL TIME: 1677988020.621612 - LOGICAL CLOCK TIME: 471
RECEIVED: Machine 0 has logical clock time 464 - GLOBAL TIME: 1677988020.631914 - LOGICAL CLOCK TIME: 472 - MESSAGE QUEUE LEN: 1
RECEIVED: Machine 1 has logical clock time 352 - GLOBAL TIME: 1677988020.640264 - LOGICAL CLOCK TIME: 473 - MESSAGE QUEUE LEN: 0
INTERNAL EVENT - GLOBAL TIME: 1677988020.6507187 - LOGICAL CLOCK TIME: 475
RECEIVED: Machine 1 has logical clock time 355 - GLOBAL TIME: 1677988020.6647127 - LOGICAL CLOCK TIME: 476 - MESSAGE QUEUE LEN: 0
SENT: Machine 2 has logical clock time 474 TO MACHINE #1 - GLOBAL TIME: 1677988020.6717153 - LOGICAL CLOCK TIME: 476
INTERNAL EVENT - GLOBAL TIME: 1677988020.678713 - LOGICAL CLOCK TIME: 477
INTERNAL EVENT - GLOBAL TIME: 1677988020.681713 - LOGICAL CLOCK TIME: 478
RECEIVED: Machine 1 has logical clock time 357 - GLOBAL TIME: 1677988020.6930852 - LOGICAL CLOCK TIME: 479 - MESSAGE QUEUE LEN: 0
INTERNAL EVENT - GLOBAL TIME: 1677988020.7172506 - LOGICAL CLOCK TIME: 480
RECEIVED: Machine 0 has logical clock time 476 - GLOBAL TIME: 1677988021.559313 - LOGICAL CLOCK TIME: 481 - MESSAGE QUEUE LEN: 2
RECEIVED: Machine 1 has logical clock time 360 - GLOBAL TIME: 1677988021.559313 - LOGICAL CLOCK TIME: 482 - MESSAGE QUEUE LEN: 1
RECEIVED: Machine 0 has logical clock time 479 - GLOBAL TIME: 1677988021.5643177 - LOGICAL CLOCK TIME: 483 - MESSAGE QUEUE LEN: 0
INTERNAL EVENT - GLOBAL TIME: 1677988021.5643177 - LOGICAL CLOCK TIME: 484
INTERNAL EVENT - GLOBAL TIME: 1677988021.5723183 - LOGICAL CLOCK TIME: 485
INTERNAL EVENT - GLOBAL TIME: 1677988021.578939 - LOGICAL CLOCK TIME: 486
SENT: Machine 2 has logical clock time 487 TO MACHINE #0 - GLOBAL TIME: 1677988021.5900183 - LOGICAL CLOCK TIME: 487
INTERNAL EVENT - GLOBAL TIME: 1677988021.591019 - LOGICAL CLOCK TIME: 488
INTERNAL EVENT - GLOBAL TIME: 1677988021.5920188 - LOGICAL CLOCK TIME: 489
INTERNAL EVENT - GLOBAL TIME: 1677988021.6098745 - LOGICAL CLOCK TIME: 492
SENT: Machine 2 has logical clock time 490 TO MACHINE #0 - GLOBAL TIME: 1677988021.6354532 - LOGICAL CLOCK TIME: 493
SENT: Machine 2 has logical clock time 490 TO MACHINE #1 - GLOBAL TIME: 1677988021.6354532 - LOGICAL CLOCK TIME: 493
RECEIVED: Machine 0 has logical clock time 489 - GLOBAL TIME: 1677988021.6354532 - LOGICAL CLOCK TIME: 494 - MESSAGE QUEUE LEN: 0
INTERNAL EVENT - GLOBAL TIME: 1677988021.6354532 - LOGICAL CLOCK TIME: 495
SENT: Machine 2 has logical clock time 491 TO MACHINE #0 - GLOBAL TIME: 1677988021.6375518 - LOGICAL CLOCK TIME: 496
SENT: Machine 2 has logical clock time 491 TO MACHINE #1 - GLOBAL TIME: 1677988021.6396263 - LOGICAL CLOCK TIME: 496
INTERNAL EVENT - GLOBAL TIME: 1677988021.6396263 - LOGICAL CLOCK TIME: 497
SENT: Machine 2 has logical clock time 496 TO MACHINE #0 - GLOBAL TIME: 1677988021.6446283 - LOGICAL CLOCK TIME: 497
SENT: Machine 2 has logical clock time 493 TO MACHINE #0 - GLOBAL TIME: 1677988021.659628 - LOGICAL CLOCK TIME: 498
SENT: Machine 2 has logical clock time 493 TO MACHINE #1 - GLOBAL TIME: 1677988021.659628 - LOGICAL CLOCK TIME: 498
SENT: Machine 2 has logical clock time 498 TO MACHINE #1 - GLOBAL TIME: 1677988021.6626263 - LOGICAL CLOCK TIME: 498
INTERNAL EVENT - GLOBAL TIME: 1677988021.6750839 - LOGICAL CLOCK TIME: 499
INTERNAL EVENT - GLOBAL TIME: 1677988021.6884067 - LOGICAL CLOCK TIME: 500
INTERNAL EVENT - GLOBAL TIME: 1677988022.5669026 - LOGICAL CLOCK TIME: 501
INTERNAL EVENT - GLOBAL TIME: 1677988022.567903 - LOGICAL CLOCK TIME: 502
INTERNAL EVENT - GLOBAL TIME: 1677988022.567903 - LOGICAL CLOCK TIME: 503
INTERNAL EVENT - GLOBAL TIME: 1677988022.569904 - LOGICAL CLOCK TIME: 504
RECEIVED: Machine 0 has logical clock time 503 - GLOBAL TIME: 1677988022.5822752 - LOGICAL CLOCK TIME: 505 - MESSAGE QUEUE LEN: 0
INTERNAL EVENT - GLOBAL TIME: 1677988022.5842736 - LOGICAL CLOCK TIME: 506
SENT: Machine 2 has logical clock time 507 TO MACHINE #1 - GLOBAL TIME: 1677988022.59135 - LOGICAL CLOCK TIME: 507
INTERNAL EVENT - GLOBAL TIME: 1677988022.5934994 - LOGICAL CLOCK TIME: 508
INTERNAL EVENT - GLOBAL TIME: 1677988022.595865 - LOGICAL CLOCK TIME: 509
INTERNAL EVENT - GLOBAL TIME: 1677988022.595865 - LOGICAL CLOCK TIME: 510
RECEIVED: Machine 0 has logical clock time 504 - GLOBAL TIME: 1677988022.6111348 - LOGICAL CLOCK TIME: 512 - MESSAGE QUEUE LEN: 0
INTERNAL EVENT - GLOBAL TIME: 1677988022.6111348 - LOGICAL CLOCK TIME: 513
INTERNAL EVENT - GLOBAL TIME: 1677988022.6111348 - LOGICAL CLOCK TIME: 514
SENT: Machine 2 has logical clock time 515 TO MACHINE #1 - GLOBAL TIME: 1677988022.62784 - LOGICAL CLOCK TIME: 516
SENT: Machine 2 has logical clock time 511 TO MACHINE #1 - GLOBAL TIME: 1677988022.628901 - LOGICAL CLOCK TIME: 516
INTERNAL EVENT - GLOBAL TIME: 1677988022.6319084 - LOGICAL CLOCK TIME: 517
RECEIVED: Machine 0 has logical clock time 506 - GLOBAL TIME: 1677988022.6412938 - LOGICAL CLOCK TIME: 518 - MESSAGE QUEUE LEN: 0
SENT: Machine 2 has logical clock time 516 TO MACHINE #0 - GLOBAL TIME: 1677988022.6435342 - LOGICAL CLOCK TIME: 518
SENT: Machine 2 has logical clock time 519 TO MACHINE #0 - GLOBAL TIME: 1677988022.6672566 - LOGICAL CLOCK TIME: 519
INTERNAL EVENT - GLOBAL TIME: 1677988022.674256 - LOGICAL CLOCK TIME: 520
RECEIVED: Machine 1 has logical clock time 388 - GLOBAL TIME: 1677988023.5906007 - LOGICAL CLOCK TIME: 521 - MESSAGE QUEUE LEN: 3
RECEIVED: Machine 1 has logical clock time 387 - GLOBAL TIME: 1677988023.5916014 - LOGICAL CLOCK TIME: 522 - MESSAGE QUEUE LEN: 2
RECEIVED: Machine 0 has logical clock time 509 - GLOBAL TIME: 1677988023.5916014 - LOGICAL CLOCK TIME: 523 - MESSAGE QUEUE LEN: 1
RECEIVED: Machine 0 has logical clock time 511 - GLOBAL TIME: 1677988023.5936007 - LOGICAL CLOCK TIME: 524 - MESSAGE QUEUE LEN: 0
RECEIVED: Machine 0 has logical clock time 523 - GLOBAL TIME: 1677988023.6048617 - LOGICAL CLOCK TIME: 526 - MESSAGE QUEUE LEN: 0
INTERNAL EVENT - GLOBAL TIME: 1677988023.6118605 - LOGICAL CLOCK TIME: 528
INTERNAL EVENT - GLOBAL TIME: 1677988023.6228595 - LOGICAL CLOCK TIME: 530
SENT: Machine 2 has logical clock time 527 TO MACHINE #0 - GLOBAL TIME: 1677988023.6228595 - LOGICAL CLOCK TIME: 530
INTERNAL EVENT - GLOBAL TIME: 1677988023.6228595 - LOGICAL CLOCK TIME: 531
SENT: Machine 2 has logical clock time 529 TO MACHINE #1 - GLOBAL TIME: 1677988023.6268575 - LOGICAL CLOCK TIME: 531
SENT: Machine 2 has logical clock time 527 TO MACHINE #1 - GLOBAL TIME: 1677988023.6403005 - LOGICAL CLOCK TIME: 532
INTERNAL EVENT - GLOBAL TIME: 1677988023.6775982 - LOGICAL CLOCK TIME: 535
SENT: Machine 2 has logical clock time 525 TO MACHINE #0 - GLOBAL TIME: 1677988023.6503146 - LOGICAL CLOCK TIME: 532
RECEIVED: Machine 1 has logical clock time 396 - GLOBAL TIME: 1677988023.660452 - LOGICAL CLOCK TIME: 533 - MESSAGE QUEUE LEN: 0
INTERNAL EVENT - GLOBAL TIME: 1677988023.669363 - LOGICAL CLOCK TIME: 534
SENT: Machine 2 has logical clock time 532 TO MACHINE #0 - GLOBAL TIME: 1677988023.6452448 - LOGICAL CLOCK TIME: 532
SENT: Machine 2 has logical clock time 525 TO MACHINE #1 - GLOBAL TIME: 1677988023.680964 - LOGICAL CLOCK TIME: 535
INTERNAL EVENT - GLOBAL TIME: 1677988023.6876967 - LOGICAL CLOCK TIME: 536
RECEIVED: Machine 1 has logical clock time 398 - GLOBAL TIME: 1677988023.6949172 - LOGICAL CLOCK TIME: 537 - MESSAGE QUEUE LEN: 0
INTERNAL EVENT - GLOBAL TIME: 1677988023.6980352 - LOGICAL CLOCK TIME: 538
INTERNAL EVENT - GLOBAL TIME: 1677988023.7124867 - LOGICAL CLOCK TIME: 539
RECEIVED: Machine 1 has logical clock time 397 - GLOBAL TIME: 1677988023.7445164 - LOGICAL CLOCK TIME: 540 - MESSAGE QUEUE LEN: 0
RECEIVED: Machine 1 has logical clock time 399 - GLOBAL TIME: 1677988024.598267 - LOGICAL CLOCK TIME: 541 - MESSAGE QUEUE LEN: 4
RECEIVED: Machine 0 has logical clock time 536 - GLOBAL TIME: 1677988024.6052678 - LOGICAL CLOCK TIME: 542 - MESSAGE QUEUE LEN: 3
RECEIVED: Machine 0 has logical clock time 533 - GLOBAL TIME: 1677988024.6092696 - LOGICAL CLOCK TIME: 543 - MESSAGE QUEUE LEN: 2
RECEIVED: Machine 1 has logical clock time 405 - GLOBAL TIME: 1677988024.6142678 - LOGICAL CLOCK TIME: 544 - MESSAGE QUEUE LEN: 1
RECEIVED: Machine 0 has logical clock time 539 - GLOBAL TIME: 1677988024.6152692 - LOGICAL CLOCK TIME: 545 - MESSAGE QUEUE LEN: 0
INTERNAL EVENT - GLOBAL TIME: 1677988024.6192677 - LOGICAL CLOCK TIME: 546
RECEIVED: Machine 1 has logical clock time 414 - GLOBAL TIME: 1677988024.6292667 - LOGICAL CLOCK TIME: 547 - MESSAGE QUEUE LEN: 0
INTERNAL EVENT - GLOBAL TIME: 1677988024.6302667 - LOGICAL CLOCK TIME: 548
INTERNAL EVENT - GLOBAL TIME: 1677988024.631268 - LOGICAL CLOCK TIME: 549
INTERNAL EVENT - GLOBAL TIME: 1677988024.6342773 - LOGICAL CLOCK TIME: 550
INTERNAL EVENT - GLOBAL TIME: 1677988024.6372697 - LOGICAL CLOCK TIME: 551
INTERNAL EVENT - GLOBAL TIME: 1677988024.6382685 - LOGICAL CLOCK TIME: 552
INTERNAL EVENT - GLOBAL TIME: 1677988024.6526756 - LOGICAL CLOCK TIME: 553
INTERNAL EVENT - GLOBAL TIME: 1677988024.6684892 - LOGICAL CLOCK TIME: 554
INTERNAL EVENT - GLOBAL TIME: 1677988024.702253 - LOGICAL CLOCK TIME: 555
SENT: Machine 2 has logical clock time 556 TO MACHINE #0 - GLOBAL TIME: 1677988024.7475786 - LOGICAL CLOCK TIME: 557
SENT: Machine 2 has logical clock time 556 TO MACHINE #1 - GLOBAL TIME: 1677988024.7475786 - LOGICAL CLOCK TIME: 557
INTERNAL EVENT - GLOBAL TIME: 1677988024.7475786 - LOGICAL CLOCK TIME: 558
INTERNAL EVENT - GLOBAL TIME: 1677988024.7475786 - LOGICAL CLOCK TIME: 559
SENT: Machine 2 has logical clock time 557 TO MACHINE #0 - GLOBAL TIME: 1677988024.7505734 - LOGICAL CLOCK TIME: 559
SENT: Machine 2 has logical clock time 557 TO MACHINE #1 - GLOBAL TIME: 1677988024.7535715 - LOGICAL CLOCK TIME: 559
SENT: Machine 2 has logical clock time 560 TO MACHINE #0 - GLOBAL TIME: 1677988024.7620635 - LOGICAL CLOCK TIME: 560
INTERNAL EVENT - GLOBAL TIME: 1677988025.6100483 - LOGICAL CLOCK TIME: 561
INTERNAL EVENT - GLOBAL TIME: 1677988025.617049 - LOGICAL CLOCK TIME: 563
INTERNAL EVENT - GLOBAL TIME: 1677988025.617049 - LOGICAL CLOCK TIME: 564
SENT: Machine 2 has logical clock time 565 TO MACHINE #1 - GLOBAL TIME: 1677988025.6240504 - LOGICAL CLOCK TIME: 565
RECEIVED: Machine 1 has logical clock time 425 - GLOBAL TIME: 1677988025.6240504 - LOGICAL CLOCK TIME: 566 - MESSAGE QUEUE LEN: 0
SENT: Machine 2 has logical clock time 562 TO MACHINE #0 - GLOBAL TIME: 1677988025.6378176 - LOGICAL CLOCK TIME: 567
SENT: Machine 2 has logical clock time 562 TO MACHINE #1 - GLOBAL TIME: 1677988025.6378176 - LOGICAL CLOCK TIME: 567
INTERNAL EVENT - GLOBAL TIME: 1677988025.639814 - LOGICAL CLOCK TIME: 569
INTERNAL EVENT - GLOBAL TIME: 1677988025.639814 - LOGICAL CLOCK TIME: 570
SENT: Machine 2 has logical clock time 571 TO MACHINE #1 - GLOBAL TIME: 1677988025.6588717 - LOGICAL CLOCK TIME: 572
INTERNAL EVENT - GLOBAL TIME: 1677988025.6588717 - LOGICAL CLOCK TIME: 573
SENT: Machine 2 has logical clock time 567 TO MACHINE #1 - GLOBAL TIME: 1677988025.6588717 - LOGICAL CLOCK TIME: 573
SENT: Machine 2 has logical clock time 568 TO MACHINE #0 - GLOBAL TIME: 1677988025.6652703 - LOGICAL CLOCK TIME: 574
SENT: Machine 2 has logical clock time 568 TO MACHINE #1 - GLOBAL TIME: 1677988025.6682727 - LOGICAL CLOCK TIME: 574
INTERNAL EVENT - GLOBAL TIME: 1677988025.6682727 - LOGICAL CLOCK TIME: 575
SENT: Machine 2 has logical clock time 574 TO MACHINE #0 - GLOBAL TIME: 1677988025.6706614 - LOGICAL CLOCK TIME: 575
SENT: Machine 2 has logical clock time 572 TO MACHINE #0 - GLOBAL TIME: 1677988025.6959114 - LOGICAL CLOCK TIME: 576
INTERNAL EVENT - GLOBAL TIME: 1677988025.6959114 - LOGICAL CLOCK TIME: 577
INTERNAL EVENT - GLOBAL TIME: 1677988025.6979175 - LOGICAL CLOCK TIME: 578
INTERNAL EVENT - GLOBAL TIME: 1677988025.6999176 - LOGICAL CLOCK TIME: 579
SENT: Machine 2 has logical clock time 576 TO MACHINE #0 - GLOBAL TIME: 1677988025.72375 - LOGICAL CLOCK TIME: 579
SENT: Machine 2 has logical clock time 576 TO MACHINE #1 - GLOBAL TIME: 1677988025.72375 - LOGICAL CLOCK TIME: 579
RECEIVED: Machine 0 has logical clock time 570 - GLOBAL TIME: 1677988025.72375 - LOGICAL CLOCK TIME: 580 - MESSAGE QUEUE LEN: 1
RECEIVED: Machine 1 has logical clock time 430 - GLOBAL TIME: 1677988026.6286 - LOGICAL CLOCK TIME: 581 - MESSAGE QUEUE LEN: 2
RECEIVED: Machine 0 has logical clock time 565 - GLOBAL TIME: 1677988026.6286 - LOGICAL CLOCK TIME: 582 - MESSAGE QUEUE LEN: 1
RECEIVED: Machine 0 has logical clock time 579 - GLOBAL TIME: 1677988026.6305995 - LOGICAL CLOCK TIME: 583 - MESSAGE QUEUE LEN: 0
INTERNAL EVENT - GLOBAL TIME: 1677988026.6327636 - LOGICAL CLOCK TIME: 584
INTERNAL EVENT - GLOBAL TIME: 1677988026.635763 - LOGICAL CLOCK TIME: 585
SENT: Machine 2 has logical clock time 586 TO MACHINE #0 - GLOBAL TIME: 1677988026.6447704 - LOGICAL CLOCK TIME: 587
INTERNAL EVENT - GLOBAL TIME: 1677988026.6447704 - LOGICAL CLOCK TIME: 588
INTERNAL EVENT - GLOBAL TIME: 1677988026.6447704 - LOGICAL CLOCK TIME: 589
SENT: Machine 2 has logical clock time 587 TO MACHINE #0 - GLOBAL TIME: 1677988026.654763 - LOGICAL CLOCK TIME: 589
INTERNAL EVENT - GLOBAL TIME: 1677988026.654763 - LOGICAL CLOCK TIME: 590
INTERNAL EVENT - GLOBAL TIME: 1677988026.6577845 - LOGICAL CLOCK TIME: 592
INTERNAL EVENT - GLOBAL TIME: 1677988026.6577845 - LOGICAL CLOCK TIME: 593
SENT: Machine 2 has logical clock time 591 TO MACHINE #0 - GLOBAL TIME: 1677988026.6788726 - LOGICAL CLOCK TIME: 594
SENT: Machine 2 has logical clock time 594 TO MACHINE #0 - GLOBAL TIME: 1677988026.710412 - LOGICAL CLOCK TIME: 595
SENT: Machine 2 has logical clock time 595 TO MACHINE #0 - GLOBAL TIME: 1677988026.7228966 - LOGICAL CLOCK TIME: 595
RECEIVED: Machine 0 has logical clock time 589 - GLOBAL TIME: 1677988026.7337615 - LOGICAL CLOCK TIME: 596 - MESSAGE QUEUE LEN: 1
SENT: Machine 2 has logical clock time 595 TO MACHINE #1 - GLOBAL TIME: 1677988026.7430854 - LOGICAL CLOCK TIME: 596
RECEIVED: Machine 0 has logical clock time 591 - GLOBAL TIME: 1677988026.745091 - LOGICAL CLOCK TIME: 597 - MESSAGE QUEUE LEN: 0
RECEIVED: Machine 0 has logical clock time 595 - GLOBAL TIME: 1677988026.7743733 - LOGICAL CLOCK TIME: 598 - MESSAGE QUEUE LEN: 0
INTERNAL EVENT - GLOBAL TIME: 1677988026.797185 - LOGICAL CLOCK TIME: 600
INTERNAL EVENT - GLOBAL TIME: 1677988026.787192 - LOGICAL CLOCK TIME: 599
RECEIVED: Machine 0 has logical clock time 596 - GLOBAL TIME: 1677988027.64515 - LOGICAL CLOCK TIME: 601 - MESSAGE QUEUE LEN: 3
RECEIVED: Machine 0 has logical clock time 597 - GLOBAL TIME: 1677988027.64515 - LOGICAL CLOCK TIME: 602 - MESSAGE QUEUE LEN: 2
RECEIVED: Machine 1 has logical clock time 450 - GLOBAL TIME: 1677988027.64515 - LOGICAL CLOCK TIME: 603 - MESSAGE QUEUE LEN: 1
RECEIVED: Machine 0 has logical clock time 599 - GLOBAL TIME: 1677988027.6461504 - LOGICAL CLOCK TIME: 604 - MESSAGE QUEUE LEN: 0
SENT: Machine 2 has logical clock time 605 TO MACHINE #1 - GLOBAL TIME: 1677988027.6542053 - LOGICAL CLOCK TIME: 605
INTERNAL EVENT - GLOBAL TIME: 1677988027.6592116 - LOGICAL CLOCK TIME: 608
INTERNAL EVENT - GLOBAL TIME: 1677988027.6592116 - LOGICAL CLOCK TIME: 609
INTERNAL EVENT - GLOBAL TIME: 1677988027.6770015 - LOGICAL CLOCK TIME: 611
SENT: Machine 2 has logical clock time 610 TO MACHINE #1 - GLOBAL TIME: 1677988027.6882813 - LOGICAL CLOCK TIME: 612
SENT: Machine 2 has logical clock time 606 TO MACHINE #0 - GLOBAL TIME: 1677988027.689281 - LOGICAL CLOCK TIME: 613
SENT: Machine 2 has logical clock time 606 TO MACHINE #1 - GLOBAL TIME: 1677988027.689281 - LOGICAL CLOCK TIME: 613
INTERNAL EVENT - GLOBAL TIME: 1677988027.689281 - LOGICAL CLOCK TIME: 614
INTERNAL EVENT - GLOBAL TIME: 1677988027.6922822 - LOGICAL CLOCK TIME: 615
SENT: Machine 2 has logical clock time 607 TO MACHINE #0 - GLOBAL TIME: 1677988027.698283 - LOGICAL CLOCK TIME: 615
SENT: Machine 2 has logical clock time 607 TO MACHINE #1 - GLOBAL TIME: 1677988027.7002826 - LOGICAL CLOCK TIME: 615
INTERNAL EVENT - GLOBAL TIME: 1677988027.7012844 - LOGICAL CLOCK TIME: 616
INTERNAL EVENT - GLOBAL TIME: 1677988027.7082813 - LOGICAL CLOCK TIME: 617
INTERNAL EVENT - GLOBAL TIME: 1677988027.7082813 - LOGICAL CLOCK TIME: 618
SENT: Machine 2 has logical clock time 613 TO MACHINE #0 - GLOBAL TIME: 1677988027.7442799 - LOGICAL CLOCK TIME: 618
SENT: Machine 2 has logical clock time 613 TO MACHINE #1 - GLOBAL TIME: 1677988027.7442799 - LOGICAL CLOCK TIME: 618
SENT: Machine 2 has logical clock time 612 TO MACHINE #0 - GLOBAL TIME: 1677988027.763461 - LOGICAL CLOCK TIME: 618
SENT: Machine 2 has logical clock time 612 TO MACHINE #1 - GLOBAL TIME: 1677988027.765461 - LOGICAL CLOCK TIME: 618
RECEIVED: Machine 1 has logical clock time 461 - GLOBAL TIME: 1677988027.7748053 - LOGICAL CLOCK TIME: 619 - MESSAGE QUEUE LEN: 0
INTERNAL EVENT - GLOBAL TIME: 1677988027.7748053 - LOGICAL CLOCK TIME: 620
RECEIVED: Machine 1 has logical clock time 463 - GLOBAL TIME: 1677988028.6613941 - LOGICAL CLOCK TIME: 621 - MESSAGE QUEUE LEN: 3
RECEIVED: Machine 0 has logical clock time 619 - GLOBAL TIME: 1677988028.6633928 - LOGICAL CLOCK TIME: 622 - MESSAGE QUEUE LEN: 2
RECEIVED: Machine 0 has logical clock time 618 - GLOBAL TIME: 1677988028.6633928 - LOGICAL CLOCK TIME: 623 - MESSAGE QUEUE LEN: 1
RECEIVED: Machine 0 has logical clock time 625 - GLOBAL TIME: 1677988028.6633928 - LOGICAL CLOCK TIME: 624 - MESSAGE QUEUE LEN: 0
INTERNAL EVENT - GLOBAL TIME: 1677988028.6745079 - LOGICAL CLOCK TIME: 626
INTERNAL EVENT - GLOBAL TIME: 1677988028.676507 - LOGICAL CLOCK TIME: 627
INTERNAL EVENT - GLOBAL TIME: 1677988028.676507 - LOGICAL CLOCK TIME: 628
INTERNAL EVENT - GLOBAL TIME: 1677988028.6906037 - LOGICAL CLOCK TIME: 629
SENT: Machine 2 has logical clock time 625 TO MACHINE #0 - GLOBAL TIME: 1677988028.6936064 - LOGICAL CLOCK TIME: 629
INTERNAL EVENT - GLOBAL TIME: 1677988028.6956046 - LOGICAL CLOCK TIME: 630
INTERNAL EVENT - GLOBAL TIME: 1677988028.6996098 - LOGICAL CLOCK TIME: 632
RECEIVED: Machine 0 has logical clock time 632 - GLOBAL TIME: 1677988028.705605 - LOGICAL CLOCK TIME: 633 - MESSAGE QUEUE LEN: 0
SENT: Machine 2 has logical clock time 631 TO MACHINE #0 - GLOBAL TIME: 1677988028.705605 - LOGICAL CLOCK TIME: 633
INTERNAL EVENT - GLOBAL TIME: 1677988028.718879 - LOGICAL CLOCK TIME: 636
INTERNAL EVENT - GLOBAL TIME: 1677988028.7248778 - LOGICAL CLOCK TIME: 637
SENT: Machine 2 has logical clock time 635 TO MACHINE #1 - GLOBAL TIME: 1677988028.7268784 - LOGICAL CLOCK TIME: 637
INTERNAL EVENT - GLOBAL TIME: 1677988028.7368817 - LOGICAL CLOCK TIME: 638
SENT: Machine 2 has logical clock time 634 TO MACHINE #0 - GLOBAL TIME: 1677988028.746965 - LOGICAL CLOCK TIME: 638
SENT: Machine 2 has logical clock time 634 TO MACHINE #1 - GLOBAL TIME: 1677988028.7619646 - LOGICAL CLOCK TIME: 638
RECEIVED: Machine 0 has logical clock time 631 - GLOBAL TIME: 1677988028.7652726 - LOGICAL CLOCK TIME: 639 - MESSAGE QUEUE LEN: 0
INTERNAL EVENT - GLOBAL TIME: 1677988028.7652726 - LOGICAL CLOCK TIME: 640
RECEIVED: Machine 1 has logical clock time 475 - GLOBAL TIME: 1677988029.664512 - LOGICAL CLOCK TIME: 641 - MESSAGE QUEUE LEN: 0
INTERNAL EVENT - GLOBAL TIME: 1677988029.664512 - LOGICAL CLOCK TIME: 642
INTERNAL EVENT - GLOBAL TIME: 1677988029.6713078 - LOGICAL CLOCK TIME: 643
RECEIVED: Machine 1 has logical clock time 486 - GLOBAL TIME: 1677988029.6804006 - LOGICAL CLOCK TIME: 645 - MESSAGE QUEUE LEN: 0
INTERNAL EVENT - GLOBAL TIME: 1677988029.6804006 - LOGICAL CLOCK TIME: 646
INTERNAL EVENT - GLOBAL TIME: 1677988029.682907 - LOGICAL CLOCK TIME: 648
SENT: Machine 2 has logical clock time 644 TO MACHINE #0 - GLOBAL TIME: 1677988029.6859074 - LOGICAL CLOCK TIME: 649
INTERNAL EVENT - GLOBAL TIME: 1677988029.6929042 - LOGICAL CLOCK TIME: 650
SENT: Machine 2 has logical clock time 649 TO MACHINE #1 - GLOBAL TIME: 1677988029.6929042 - LOGICAL CLOCK TIME: 650
SENT: Machine 2 has logical clock time 644 TO MACHINE #1 - GLOBAL TIME: 1677988029.6979086 - LOGICAL CLOCK TIME: 650
INTERNAL EVENT - GLOBAL TIME: 1677988029.7119052 - LOGICAL CLOCK TIME: 653
INTERNAL EVENT - GLOBAL TIME: 1677988029.726088 - LOGICAL CLOCK TIME: 654
INTERNAL EVENT - GLOBAL TIME: 1677988029.7370899 - LOGICAL CLOCK TIME: 655
SENT: Machine 2 has logical clock time 651 TO MACHINE #1 - GLOBAL TIME: 1677988029.7310898 - LOGICAL CLOCK TIME: 654
SENT: Machine 2 has logical clock time 652 TO MACHINE #0 - GLOBAL TIME: 1677988029.7320955 - LOGICAL CLOCK TIME: 654
SENT: Machine 2 has logical clock time 647 TO MACHINE #0 - GLOBAL TIME: 1677988029.728089 - LOGICAL CLOCK TIME: 654
RECEIVED: Machine 0 has logical clock time 651 - GLOBAL TIME: 1677988029.7430904 - LOGICAL CLOCK TIME: 656 - MESSAGE QUEUE LEN: 0
INTERNAL EVENT - GLOBAL TIME: 1677988029.7545006 - LOGICAL CLOCK TIME: 657
SENT: Machine 2 has logical clock time 652 TO MACHINE #1 - GLOBAL TIME: 1677988029.7755802 - LOGICAL CLOCK TIME: 657
INTERNAL EVENT - GLOBAL TIME: 1677988029.7971148 - LOGICAL CLOCK TIME: 658
INTERNAL EVENT - GLOBAL TIME: 1677988029.8273458 - LOGICAL CLOCK TIME: 659
INTERNAL EVENT - GLOBAL TIME: 1677988029.8273458 - LOGICAL CLOCK TIME: 660
INTERNAL EVENT - GLOBAL TIME: 1677988030.6727726 - LOGICAL CLOCK TIME: 661
SENT: Machine 2 has logical clock time 662 TO MACHINE #0 - GLOBAL TIME: 1677988030.6792185 - LOGICAL CLOCK TIME: 662
INTERNAL EVENT - GLOBAL TIME: 1677988030.6906476 - LOGICAL CLOCK TIME: 664
INTERNAL EVENT - GLOBAL TIME: 1677988030.6906476 - LOGICAL CLOCK TIME: 665
INTERNAL EVENT - GLOBAL TIME: 1677988030.6936502 - LOGICAL CLOCK TIME: 666
INTERNAL EVENT - GLOBAL TIME: 1677988030.6936502 - LOGICAL CLOCK TIME: 667
INTERNAL EVENT - GLOBAL TIME: 1677988030.6936502 - LOGICAL CLOCK TIME: 668
RECEIVED: Machine 0 has logical clock time 667 - GLOBAL TIME: 1677988030.7086484 - LOGICAL CLOCK TIME: 669 - MESSAGE QUEUE LEN: 0
INTERNAL EVENT - GLOBAL TIME: 1677988030.720648 - LOGICAL CLOCK TIME: 670
RECEIVED: Machine 1 has logical clock time 503 - GLOBAL TIME: 1677988030.7256477 - LOGICAL CLOCK TIME: 671 - MESSAGE QUEUE LEN: 0
SENT: Machine 2 has logical clock time 663 TO MACHINE #0 - GLOBAL TIME: 1677988030.7306507 - LOGICAL CLOCK TIME: 672
INTERNAL EVENT - GLOBAL TIME: 1677988030.7346613 - LOGICAL CLOCK TIME: 673
INTERNAL EVENT - GLOBAL TIME: 1677988030.7518668 - LOGICAL CLOCK TIME: 674
INTERNAL EVENT - GLOBAL TIME: 1677988030.7638662 - LOGICAL CLOCK TIME: 675
SENT: Machine 2 has logical clock time 672 TO MACHINE #0 - GLOBAL TIME: 1677988030.77759 - LOGICAL CLOCK TIME: 675
SENT: Machine 2 has logical clock time 663 TO MACHINE #1 - GLOBAL TIME: 1677988030.7785902 - LOGICAL CLOCK TIME: 675
RECEIVED: Machine 1 has logical clock time 504 - GLOBAL TIME: 1677988030.7926507 - LOGICAL CLOCK TIME: 676 - MESSAGE QUEUE LEN: 0
INTERNAL EVENT - GLOBAL TIME: 1677988030.8021238 - LOGICAL CLOCK TIME: 677
INTERNAL EVENT - GLOBAL TIME: 1677988030.8101256 - LOGICAL CLOCK TIME: 678
SENT: Machine 2 has logical clock time 672 TO MACHINE #1 - GLOBAL TIME: 1677988030.8151238 - LOGICAL CLOCK TIME: 678
RECEIVED: Machine 0 has logical clock time 671 - GLOBAL TIME: 1677988030.8206854 - LOGICAL CLOCK TIME: 679 - MESSAGE QUEUE LEN: 0
RECEIVED: Machine 0 has logical clock time 674 - GLOBAL TIME: 1677988030.8416831 - LOGICAL CLOCK TIME: 680 - MESSAGE QUEUE LEN: 0
RECEIVED: Machine 1 has logical clock time 505 - GLOBAL TIME: 1677988031.6880374 - LOGICAL CLOCK TIME: 681 - MESSAGE QUEUE LEN: 0
INTERNAL EVENT - GLOBAL TIME: 1677988031.6930358 - LOGICAL CLOCK TIME: 682
INTERNAL EVENT - GLOBAL TIME: 1677988031.6950355 - LOGICAL CLOCK TIME: 683
INTERNAL EVENT - GLOBAL TIME: 1677988031.7040362 - LOGICAL CLOCK TIME: 685
INTERNAL EVENT - GLOBAL TIME: 1677988031.729484 - LOGICAL CLOCK TIME: 689
INTERNAL EVENT - GLOBAL TIME: 1677988031.7060354 - LOGICAL CLOCK TIME: 686
INTERNAL EVENT - GLOBAL TIME: 1677988031.729484 - LOGICAL CLOCK TIME: 691
RECEIVED: Machine 1 has logical clock time 516 - GLOBAL TIME: 1677988031.726445 - LOGICAL CLOCK TIME: 688 - MESSAGE QUEUE LEN: 0
SENT: Machine 2 has logical clock time 687 TO MACHINE #0 - GLOBAL TIME: 1677988031.7317073 - LOGICAL CLOCK TIME: 692
INTERNAL EVENT - GLOBAL TIME: 1677988031.7397366 - LOGICAL CLOCK TIME: 694
SENT: Machine 2 has logical clock time 690 TO MACHINE #1 - GLOBAL TIME: 1677988031.75158 - LOGICAL CLOCK TIME: 695
RECEIVED: Machine 0 has logical clock time 689 - GLOBAL TIME: 1677988031.7545798 - LOGICAL CLOCK TIME: 696 - MESSAGE QUEUE LEN: 0
SENT: Machine 2 has logical clock time 693 TO MACHINE #1 - GLOBAL TIME: 1677988031.7555776 - LOGICAL CLOCK TIME: 696
INTERNAL EVENT - GLOBAL TIME: 1677988031.7832606 - LOGICAL CLOCK TIME: 697
SENT: Machine 2 has logical clock time 692 TO MACHINE #0 - GLOBAL TIME: 1677988031.7709253 - LOGICAL CLOCK TIME: 696
SENT: Machine 2 has logical clock time 695 TO MACHINE #0 - GLOBAL TIME: 1677988031.772925 - LOGICAL CLOCK TIME: 696
SENT: Machine 2 has logical clock time 684 TO MACHINE #0 - GLOBAL TIME: 1677988031.761577 - LOGICAL CLOCK TIME: 696
INTERNAL EVENT - GLOBAL TIME: 1677988031.7912624 - LOGICAL CLOCK TIME: 698
SENT: Machine 2 has logical clock time 692 TO MACHINE #1 - GLOBAL TIME: 1677988031.7942598 - LOGICAL CLOCK TIME: 698
SENT: Machine 2 has logical clock time 695 TO MACHINE #1 - GLOBAL TIME: 1677988031.8110087 - LOGICAL CLOCK TIME: 698
SENT: Machine 2 has logical clock time 684 TO MACHINE #1 - GLOBAL TIME: 1677988031.8204541 - LOGICAL CLOCK TIME: 698
RECEIVED: Machine 0 has logical clock time 690 - GLOBAL TIME: 1677988031.8557382 - LOGICAL CLOCK TIME: 699 - MESSAGE QUEUE LEN: 0
INTERNAL EVENT - GLOBAL TIME: 1677988031.8812351 - LOGICAL CLOCK TIME: 700
