Machine 0 has clock cycle 6
----------------------- Machine 0 is starting its 1th run of 12 seconds -----------------------
Machine 0 has clock cycle 6
INTERNAL EVENT - GLOBAL TIME: 0 - LOGICAL CLOCK TIME: 1
SENT(rand=3): 'Machine 0 has logical clock time 2' TO MACHINE #1 and #2 - GLOBAL TIME: 0 - LOGICAL CLOCK TIME: 2
INTERNAL EVENT - GLOBAL TIME: 0 - LOGICAL CLOCK TIME: 3
INTERNAL EVENT - GLOBAL TIME: 0 - LOGICAL CLOCK TIME: 4
INTERNAL EVENT - GLOBAL TIME: 0 - LOGICAL CLOCK TIME: 5
SENT(rand=2): 'Machine 0 has logical clock time 6' TO MACHINE #2 - GLOBAL TIME: 0 - LOGICAL CLOCK TIME: 6
INTERNAL EVENT - GLOBAL TIME: 1 - LOGICAL CLOCK TIME: 7
INTERNAL EVENT - GLOBAL TIME: 1 - LOGICAL CLOCK TIME: 8
INTERNAL EVENT - GLOBAL TIME: 1 - LOGICAL CLOCK TIME: 9
INTERNAL EVENT - GLOBAL TIME: 1 - LOGICAL CLOCK TIME: 10
INTERNAL EVENT - GLOBAL TIME: 1 - LOGICAL CLOCK TIME: 11
SENT(rand=3): 'Machine 0 has logical clock time 12' TO MACHINE #1 and #2 - GLOBAL TIME: 1 - LOGICAL CLOCK TIME: 12
INTERNAL EVENT - GLOBAL TIME: 2 - LOGICAL CLOCK TIME: 13
SENT(rand=1): 'Machine 0 has logical clock time 14' TO MACHINE #1 - GLOBAL TIME: 2 - LOGICAL CLOCK TIME: 14
RECEIVED: 'Machine 1 has logical clock time 16' - GLOBAL TIME: 2 - LOGICAL CLOCK TIME: 17 - MESSAGE QUEUE LEN: 0
INTERNAL EVENT - GLOBAL TIME: 2 - LOGICAL CLOCK TIME: 18
INTERNAL EVENT - GLOBAL TIME: 2 - LOGICAL CLOCK TIME: 19
INTERNAL EVENT - GLOBAL TIME: 2 - LOGICAL CLOCK TIME: 20
INTERNAL EVENT - GLOBAL TIME: 3 - LOGICAL CLOCK TIME: 21
INTERNAL EVENT - GLOBAL TIME: 3 - LOGICAL CLOCK TIME: 22
INTERNAL EVENT - GLOBAL TIME: 3 - LOGICAL CLOCK TIME: 23
INTERNAL EVENT - GLOBAL TIME: 3 - LOGICAL CLOCK TIME: 24
SENT(rand=3): 'Machine 0 has logical clock time 25' TO MACHINE #1 and #2 - GLOBAL TIME: 3 - LOGICAL CLOCK TIME: 25
INTERNAL EVENT - GLOBAL TIME: 3 - LOGICAL CLOCK TIME: 26
INTERNAL EVENT - GLOBAL TIME: 4 - LOGICAL CLOCK TIME: 27
INTERNAL EVENT - GLOBAL TIME: 4 - LOGICAL CLOCK TIME: 28
SENT(rand=1): 'Machine 0 has logical clock time 29' TO MACHINE #1 - GLOBAL TIME: 4 - LOGICAL CLOCK TIME: 29
INTERNAL EVENT - GLOBAL TIME: 4 - LOGICAL CLOCK TIME: 30
INTERNAL EVENT - GLOBAL TIME: 4 - LOGICAL CLOCK TIME: 31
SENT(rand=2): 'Machine 0 has logical clock time 32' TO MACHINE #2 - GLOBAL TIME: 4 - LOGICAL CLOCK TIME: 32
RECEIVED: 'Machine 1 has logical clock time 36' - GLOBAL TIME: 5 - LOGICAL CLOCK TIME: 37 - MESSAGE QUEUE LEN: 0
INTERNAL EVENT - GLOBAL TIME: 5 - LOGICAL CLOCK TIME: 38
INTERNAL EVENT - GLOBAL TIME: 5 - LOGICAL CLOCK TIME: 39
INTERNAL EVENT - GLOBAL TIME: 5 - LOGICAL CLOCK TIME: 40
INTERNAL EVENT - GLOBAL TIME: 5 - LOGICAL CLOCK TIME: 41
SENT(rand=1): 'Machine 0 has logical clock time 42' TO MACHINE #1 - GLOBAL TIME: 5 - LOGICAL CLOCK TIME: 42
SENT(rand=1): 'Machine 0 has logical clock time 43' TO MACHINE #1 - GLOBAL TIME: 6 - LOGICAL CLOCK TIME: 43
RECEIVED: 'Machine 1 has logical clock time 45' - GLOBAL TIME: 6 - LOGICAL CLOCK TIME: 46 - MESSAGE QUEUE LEN: 0
INTERNAL EVENT - GLOBAL TIME: 6 - LOGICAL CLOCK TIME: 47
INTERNAL EVENT - GLOBAL TIME: 6 - LOGICAL CLOCK TIME: 48
INTERNAL EVENT - GLOBAL TIME: 6 - LOGICAL CLOCK TIME: 49
INTERNAL EVENT - GLOBAL TIME: 6 - LOGICAL CLOCK TIME: 50
INTERNAL EVENT - GLOBAL TIME: 7 - LOGICAL CLOCK TIME: 51
SENT(rand=1): 'Machine 0 has logical clock time 52' TO MACHINE #1 - GLOBAL TIME: 7 - LOGICAL CLOCK TIME: 52
INTERNAL EVENT - GLOBAL TIME: 7 - LOGICAL CLOCK TIME: 53
INTERNAL EVENT - GLOBAL TIME: 7 - LOGICAL CLOCK TIME: 54
INTERNAL EVENT - GLOBAL TIME: 7 - LOGICAL CLOCK TIME: 55
SENT(rand=1): 'Machine 0 has logical clock time 56' TO MACHINE #1 - GLOBAL TIME: 7 - LOGICAL CLOCK TIME: 56
RECEIVED: 'Machine 1 has logical clock time 53' - GLOBAL TIME: 8 - LOGICAL CLOCK TIME: 57 - MESSAGE QUEUE LEN: 0
INTERNAL EVENT - GLOBAL TIME: 8 - LOGICAL CLOCK TIME: 58
INTERNAL EVENT - GLOBAL TIME: 8 - LOGICAL CLOCK TIME: 59
INTERNAL EVENT - GLOBAL TIME: 8 - LOGICAL CLOCK TIME: 60
SENT(rand=2): 'Machine 0 has logical clock time 61' TO MACHINE #2 - GLOBAL TIME: 8 - LOGICAL CLOCK TIME: 61
INTERNAL EVENT - GLOBAL TIME: 8 - LOGICAL CLOCK TIME: 62
RECEIVED: 'Machine 1 has logical clock time 58' - GLOBAL TIME: 9 - LOGICAL CLOCK TIME: 63 - MESSAGE QUEUE LEN: 1
RECEIVED: 'Machine 1 has logical clock time 62' - GLOBAL TIME: 9 - LOGICAL CLOCK TIME: 64 - MESSAGE QUEUE LEN: 0
INTERNAL EVENT - GLOBAL TIME: 9 - LOGICAL CLOCK TIME: 65
INTERNAL EVENT - GLOBAL TIME: 9 - LOGICAL CLOCK TIME: 66
INTERNAL EVENT - GLOBAL TIME: 9 - LOGICAL CLOCK TIME: 67
INTERNAL EVENT - GLOBAL TIME: 9 - LOGICAL CLOCK TIME: 68
RECEIVED: 'Machine 1 has logical clock time 65' - GLOBAL TIME: 10 - LOGICAL CLOCK TIME: 69 - MESSAGE QUEUE LEN: 1
RECEIVED: 'Machine 1 has logical clock time 68' - GLOBAL TIME: 10 - LOGICAL CLOCK TIME: 70 - MESSAGE QUEUE LEN: 0
INTERNAL EVENT - GLOBAL TIME: 10 - LOGICAL CLOCK TIME: 71
INTERNAL EVENT - GLOBAL TIME: 10 - LOGICAL CLOCK TIME: 72
INTERNAL EVENT - GLOBAL TIME: 10 - LOGICAL CLOCK TIME: 73
INTERNAL EVENT - GLOBAL TIME: 10 - LOGICAL CLOCK TIME: 74
SENT(rand=1): 'Machine 0 has logical clock time 75' TO MACHINE #1 - GLOBAL TIME: 11 - LOGICAL CLOCK TIME: 75
INTERNAL EVENT - GLOBAL TIME: 11 - LOGICAL CLOCK TIME: 76
SENT(rand=2): 'Machine 0 has logical clock time 77' TO MACHINE #2 - GLOBAL TIME: 11 - LOGICAL CLOCK TIME: 77
RECEIVED: 'Machine 1 has logical clock time 78' - GLOBAL TIME: 11 - LOGICAL CLOCK TIME: 79 - MESSAGE QUEUE LEN: 0
INTERNAL EVENT - GLOBAL TIME: 11 - LOGICAL CLOCK TIME: 80
INTERNAL EVENT - GLOBAL TIME: 11 - LOGICAL CLOCK TIME: 81
