Machine 1 has clock cycle 6
----------------------- Machine 1 is starting its 1th run of 12 seconds -----------------------
Machine 1 has clock cycle 6
INTERNAL EVENT - GLOBAL TIME: 0 - LOGICAL CLOCK TIME: 1
INTERNAL EVENT - GLOBAL TIME: 0 - LOGICAL CLOCK TIME: 2
SENT(rand=1): 'Machine 1 has logical clock time 3' TO MACHINE #2 - GLOBAL TIME: 0 - LOGICAL CLOCK TIME: 3
RECEIVED: 'Machine 0 has logical clock time 2' - GLOBAL TIME: 0 - LOGICAL CLOCK TIME: 4 - MESSAGE QUEUE LEN: 0
INTERNAL EVENT - GLOBAL TIME: 0 - LOGICAL CLOCK TIME: 5
INTERNAL EVENT - GLOBAL TIME: 0 - LOGICAL CLOCK TIME: 6
INTERNAL EVENT - GLOBAL TIME: 1 - LOGICAL CLOCK TIME: 7
INTERNAL EVENT - GLOBAL TIME: 1 - LOGICAL CLOCK TIME: 8
INTERNAL EVENT - GLOBAL TIME: 1 - LOGICAL CLOCK TIME: 9
INTERNAL EVENT - GLOBAL TIME: 1 - LOGICAL CLOCK TIME: 10
INTERNAL EVENT - GLOBAL TIME: 1 - LOGICAL CLOCK TIME: 11
INTERNAL EVENT - GLOBAL TIME: 1 - LOGICAL CLOCK TIME: 12
RECEIVED: 'Machine 0 has logical clock time 12' - GLOBAL TIME: 2 - LOGICAL CLOCK TIME: 13 - MESSAGE QUEUE LEN: 0
INTERNAL EVENT - GLOBAL TIME: 2 - LOGICAL CLOCK TIME: 14
INTERNAL EVENT - GLOBAL TIME: 2 - LOGICAL CLOCK TIME: 15
SENT(rand=2): 'Machine 1 has logical clock time 16' TO MACHINE #0 - GLOBAL TIME: 2 - LOGICAL CLOCK TIME: 16
RECEIVED: 'Machine 0 has logical clock time 14' - GLOBAL TIME: 2 - LOGICAL CLOCK TIME: 17 - MESSAGE QUEUE LEN: 0
INTERNAL EVENT - GLOBAL TIME: 2 - LOGICAL CLOCK TIME: 18
RECEIVED: 'Machine 2 has logical clock time 14' - GLOBAL TIME: 3 - LOGICAL CLOCK TIME: 19 - MESSAGE QUEUE LEN: 0
INTERNAL EVENT - GLOBAL TIME: 3 - LOGICAL CLOCK TIME: 20
INTERNAL EVENT - GLOBAL TIME: 3 - LOGICAL CLOCK TIME: 21
INTERNAL EVENT - GLOBAL TIME: 3 - LOGICAL CLOCK TIME: 22
INTERNAL EVENT - GLOBAL TIME: 3 - LOGICAL CLOCK TIME: 23
INTERNAL EVENT - GLOBAL TIME: 3 - LOGICAL CLOCK TIME: 24
RECEIVED: 'Machine 0 has logical clock time 25' - GLOBAL TIME: 4 - LOGICAL CLOCK TIME: 26 - MESSAGE QUEUE LEN: 0
INTERNAL EVENT - GLOBAL TIME: 4 - LOGICAL CLOCK TIME: 27
INTERNAL EVENT - GLOBAL TIME: 4 - LOGICAL CLOCK TIME: 28
INTERNAL EVENT - GLOBAL TIME: 4 - LOGICAL CLOCK TIME: 29
INTERNAL EVENT - GLOBAL TIME: 4 - LOGICAL CLOCK TIME: 30
INTERNAL EVENT - GLOBAL TIME: 4 - LOGICAL CLOCK TIME: 31
RECEIVED: 'Machine 0 has logical clock time 29' - GLOBAL TIME: 5 - LOGICAL CLOCK TIME: 32 - MESSAGE QUEUE LEN: 1
RECEIVED: 'Machine 2 has logical clock time 27' - GLOBAL TIME: 5 - LOGICAL CLOCK TIME: 33 - MESSAGE QUEUE LEN: 0
INTERNAL EVENT - GLOBAL TIME: 5 - LOGICAL CLOCK TIME: 34
INTERNAL EVENT - GLOBAL TIME: 5 - LOGICAL CLOCK TIME: 35
SENT(rand=2): 'Machine 1 has logical clock time 36' TO MACHINE #0 - GLOBAL TIME: 5 - LOGICAL CLOCK TIME: 36
INTERNAL EVENT - GLOBAL TIME: 5 - LOGICAL CLOCK TIME: 37
RECEIVED: 'Machine 0 has logical clock time 42' - GLOBAL TIME: 6 - LOGICAL CLOCK TIME: 43 - MESSAGE QUEUE LEN: 1
RECEIVED: 'Machine 2 has logical clock time 34' - GLOBAL TIME: 6 - LOGICAL CLOCK TIME: 44 - MESSAGE QUEUE LEN: 0
SENT(rand=2): 'Machine 1 has logical clock time 45' TO MACHINE #0 - GLOBAL TIME: 6 - LOGICAL CLOCK TIME: 45
INTERNAL EVENT - GLOBAL TIME: 6 - LOGICAL CLOCK TIME: 46
INTERNAL EVENT - GLOBAL TIME: 6 - LOGICAL CLOCK TIME: 47
RECEIVED: 'Machine 0 has logical clock time 43' - GLOBAL TIME: 6 - LOGICAL CLOCK TIME: 48 - MESSAGE QUEUE LEN: 0
RECEIVED: 'Machine 2 has logical clock time 35' - GLOBAL TIME: 7 - LOGICAL CLOCK TIME: 49 - MESSAGE QUEUE LEN: 1
RECEIVED: 'Machine 2 has logical clock time 36' - GLOBAL TIME: 7 - LOGICAL CLOCK TIME: 50 - MESSAGE QUEUE LEN: 0
RECEIVED: 'Machine 2 has logical clock time 38' - GLOBAL TIME: 7 - LOGICAL CLOCK TIME: 51 - MESSAGE QUEUE LEN: 0
INTERNAL EVENT - GLOBAL TIME: 7 - LOGICAL CLOCK TIME: 52
SENT(rand=3): 'Machine 1 has logical clock time 53' TO MACHINE #2 and #0 - GLOBAL TIME: 7 - LOGICAL CLOCK TIME: 53
RECEIVED: 'Machine 0 has logical clock time 52' - GLOBAL TIME: 7 - LOGICAL CLOCK TIME: 54 - MESSAGE QUEUE LEN: 1
RECEIVED: 'Machine 0 has logical clock time 56' - GLOBAL TIME: 8 - LOGICAL CLOCK TIME: 57 - MESSAGE QUEUE LEN: 0
SENT(rand=2): 'Machine 1 has logical clock time 58' TO MACHINE #0 - GLOBAL TIME: 8 - LOGICAL CLOCK TIME: 58
INTERNAL EVENT - GLOBAL TIME: 8 - LOGICAL CLOCK TIME: 59
INTERNAL EVENT - GLOBAL TIME: 8 - LOGICAL CLOCK TIME: 60
SENT(rand=1): 'Machine 1 has logical clock time 61' TO MACHINE #2 - GLOBAL TIME: 8 - LOGICAL CLOCK TIME: 61
SENT(rand=3): 'Machine 1 has logical clock time 62' TO MACHINE #2 and #0 - GLOBAL TIME: 8 - LOGICAL CLOCK TIME: 62
INTERNAL EVENT - GLOBAL TIME: 9 - LOGICAL CLOCK TIME: 63
INTERNAL EVENT - GLOBAL TIME: 9 - LOGICAL CLOCK TIME: 64
SENT(rand=2): 'Machine 1 has logical clock time 65' TO MACHINE #0 - GLOBAL TIME: 9 - LOGICAL CLOCK TIME: 65
INTERNAL EVENT - GLOBAL TIME: 9 - LOGICAL CLOCK TIME: 66
INTERNAL EVENT - GLOBAL TIME: 9 - LOGICAL CLOCK TIME: 67
SENT(rand=3): 'Machine 1 has logical clock time 68' TO MACHINE #2 and #0 - GLOBAL TIME: 9 - LOGICAL CLOCK TIME: 68
SENT(rand=1): 'Machine 1 has logical clock time 69' TO MACHINE #2 - GLOBAL TIME: 10 - LOGICAL CLOCK TIME: 69
INTERNAL EVENT - GLOBAL TIME: 10 - LOGICAL CLOCK TIME: 70
SENT(rand=1): 'Machine 1 has logical clock time 71' TO MACHINE #2 - GLOBAL TIME: 10 - LOGICAL CLOCK TIME: 71
INTERNAL EVENT - GLOBAL TIME: 10 - LOGICAL CLOCK TIME: 72
INTERNAL EVENT - GLOBAL TIME: 10 - LOGICAL CLOCK TIME: 73
INTERNAL EVENT - GLOBAL TIME: 10 - LOGICAL CLOCK TIME: 74
INTERNAL EVENT - GLOBAL TIME: 11 - LOGICAL CLOCK TIME: 75
INTERNAL EVENT - GLOBAL TIME: 11 - LOGICAL CLOCK TIME: 76
SENT(rand=1): 'Machine 1 has logical clock time 77' TO MACHINE #2 - GLOBAL TIME: 11 - LOGICAL CLOCK TIME: 77
SENT(rand=3): 'Machine 1 has logical clock time 78' TO MACHINE #2 and #0 - GLOBAL TIME: 11 - LOGICAL CLOCK TIME: 78
RECEIVED: 'Machine 0 has logical clock time 75' - GLOBAL TIME: 11 - LOGICAL CLOCK TIME: 79 - MESSAGE QUEUE LEN: 0
INTERNAL EVENT - GLOBAL TIME: 11 - LOGICAL CLOCK TIME: 80
