Machine 3 has clock cycle 4
----------------------- Machine 3 is starting its 2th run of 12 seconds -----------------------
Machine 3 has clock cycle 4
SENT(rand=1): 'Machine 3 has logical clock time 1' TO MACHINE #1 - GLOBAL TIME: 0 - LOGICAL CLOCK TIME: 1
INTERNAL EVENT - GLOBAL TIME: 0 - LOGICAL CLOCK TIME: 2
INTERNAL EVENT - GLOBAL TIME: 0 - LOGICAL CLOCK TIME: 3
RECEIVED: 'Machine 4 has logical clock time 4' - GLOBAL TIME: 0 - LOGICAL CLOCK TIME: 5 - MESSAGE QUEUE LEN: 0
SENT(rand=2): 'Machine 3 has logical clock time 6' TO MACHINE #2 - GLOBAL TIME: 1 - LOGICAL CLOCK TIME: 6
INTERNAL EVENT - GLOBAL TIME: 1 - LOGICAL CLOCK TIME: 7
INTERNAL EVENT - GLOBAL TIME: 1 - LOGICAL CLOCK TIME: 8
INTERNAL EVENT - GLOBAL TIME: 1 - LOGICAL CLOCK TIME: 9
RECEIVED: 'Machine 4 has logical clock time 7' - GLOBAL TIME: 2 - LOGICAL CLOCK TIME: 10 - MESSAGE QUEUE LEN: 0
INTERNAL EVENT - GLOBAL TIME: 2 - LOGICAL CLOCK TIME: 11
INTERNAL EVENT - GLOBAL TIME: 2 - LOGICAL CLOCK TIME: 12
SENT(rand=3): 'Machine 3 has logical clock time 13' TO MACHINE #1 and #2 - GLOBAL TIME: 2 - LOGICAL CLOCK TIME: 13
INTERNAL EVENT - GLOBAL TIME: 3 - LOGICAL CLOCK TIME: 14
INTERNAL EVENT - GLOBAL TIME: 3 - LOGICAL CLOCK TIME: 15
SENT(rand=1): 'Machine 3 has logical clock time 16' TO MACHINE #1 - GLOBAL TIME: 3 - LOGICAL CLOCK TIME: 16
SENT(rand=1): 'Machine 3 has logical clock time 17' TO MACHINE #1 - GLOBAL TIME: 3 - LOGICAL CLOCK TIME: 17
RECEIVED: 'Machine 4 has logical clock time 19' - GLOBAL TIME: 4 - LOGICAL CLOCK TIME: 20 - MESSAGE QUEUE LEN: 0
INTERNAL EVENT - GLOBAL TIME: 4 - LOGICAL CLOCK TIME: 21
INTERNAL EVENT - GLOBAL TIME: 4 - LOGICAL CLOCK TIME: 22
INTERNAL EVENT - GLOBAL TIME: 4 - LOGICAL CLOCK TIME: 23
RECEIVED: 'Machine 4 has logical clock time 24' - GLOBAL TIME: 5 - LOGICAL CLOCK TIME: 25 - MESSAGE QUEUE LEN: 2
RECEIVED: 'Machine 4 has logical clock time 25' - GLOBAL TIME: 5 - LOGICAL CLOCK TIME: 26 - MESSAGE QUEUE LEN: 1
RECEIVED: 'Machine 4 has logical clock time 26' - GLOBAL TIME: 5 - LOGICAL CLOCK TIME: 27 - MESSAGE QUEUE LEN: 0
INTERNAL EVENT - GLOBAL TIME: 5 - LOGICAL CLOCK TIME: 28
SENT(rand=2): 'Machine 3 has logical clock time 29' TO MACHINE #2 - GLOBAL TIME: 6 - LOGICAL CLOCK TIME: 29
INTERNAL EVENT - GLOBAL TIME: 6 - LOGICAL CLOCK TIME: 30
INTERNAL EVENT - GLOBAL TIME: 6 - LOGICAL CLOCK TIME: 31
INTERNAL EVENT - GLOBAL TIME: 6 - LOGICAL CLOCK TIME: 32
INTERNAL EVENT - GLOBAL TIME: 7 - LOGICAL CLOCK TIME: 33
SENT(rand=1): 'Machine 3 has logical clock time 34' TO MACHINE #1 - GLOBAL TIME: 7 - LOGICAL CLOCK TIME: 34
SENT(rand=3): 'Machine 3 has logical clock time 35' TO MACHINE #1 and #2 - GLOBAL TIME: 7 - LOGICAL CLOCK TIME: 35
RECEIVED: 'Machine 4 has logical clock time 40' - GLOBAL TIME: 7 - LOGICAL CLOCK TIME: 41 - MESSAGE QUEUE LEN: 0
SENT(rand=1): 'Machine 3 has logical clock time 42' TO MACHINE #1 - GLOBAL TIME: 8 - LOGICAL CLOCK TIME: 42
INTERNAL EVENT - GLOBAL TIME: 8 - LOGICAL CLOCK TIME: 43
INTERNAL EVENT - GLOBAL TIME: 8 - LOGICAL CLOCK TIME: 44
INTERNAL EVENT - GLOBAL TIME: 8 - LOGICAL CLOCK TIME: 45
RECEIVED: 'Machine 4 has logical clock time 51' - GLOBAL TIME: 9 - LOGICAL CLOCK TIME: 52 - MESSAGE QUEUE LEN: 0
INTERNAL EVENT - GLOBAL TIME: 9 - LOGICAL CLOCK TIME: 53
SENT(rand=3): 'Machine 3 has logical clock time 54' TO MACHINE #1 and #2 - GLOBAL TIME: 9 - LOGICAL CLOCK TIME: 54
INTERNAL EVENT - GLOBAL TIME: 9 - LOGICAL CLOCK TIME: 55
INTERNAL EVENT - GLOBAL TIME: 10 - LOGICAL CLOCK TIME: 56
INTERNAL EVENT - GLOBAL TIME: 10 - LOGICAL CLOCK TIME: 57
INTERNAL EVENT - GLOBAL TIME: 10 - LOGICAL CLOCK TIME: 58
INTERNAL EVENT - GLOBAL TIME: 10 - LOGICAL CLOCK TIME: 59
RECEIVED: 'Machine 4 has logical clock time 58' - GLOBAL TIME: 11 - LOGICAL CLOCK TIME: 60 - MESSAGE QUEUE LEN: 2
RECEIVED: 'Machine 4 has logical clock time 59' - GLOBAL TIME: 11 - LOGICAL CLOCK TIME: 61 - MESSAGE QUEUE LEN: 1
RECEIVED: 'Machine 4 has logical clock time 60' - GLOBAL TIME: 11 - LOGICAL CLOCK TIME: 62 - MESSAGE QUEUE LEN: 0
INTERNAL EVENT - GLOBAL TIME: 11 - LOGICAL CLOCK TIME: 63
