Machine 4 has clock cycle 5
----------------------- Machine 4 is starting its 2th run of 12 seconds -----------------------
Machine 4 has clock cycle 5
INTERNAL EVENT - GLOBAL TIME: 0 - LOGICAL CLOCK TIME: 1
INTERNAL EVENT - GLOBAL TIME: 0 - LOGICAL CLOCK TIME: 2
INTERNAL EVENT - GLOBAL TIME: 0 - LOGICAL CLOCK TIME: 3
SENT(rand=3): 'Machine 4 has logical clock time 4' TO MACHINE #2 and #0 - GLOBAL TIME: 0 - LOGICAL CLOCK TIME: 4
RECEIVED: 'Machine 3 has logical clock time 1' - GLOBAL TIME: 0 - LOGICAL CLOCK TIME: 5 - MESSAGE QUEUE LEN: 0
INTERNAL EVENT - GLOBAL TIME: 1 - LOGICAL CLOCK TIME: 6
SENT(rand=3): 'Machine 4 has logical clock time 7' TO MACHINE #2 and #0 - GLOBAL TIME: 1 - LOGICAL CLOCK TIME: 7
SENT(rand=1): 'Machine 4 has logical clock time 8' TO MACHINE #2 - GLOBAL TIME: 1 - LOGICAL CLOCK TIME: 8
INTERNAL EVENT - GLOBAL TIME: 1 - LOGICAL CLOCK TIME: 9
INTERNAL EVENT - GLOBAL TIME: 1 - LOGICAL CLOCK TIME: 10
INTERNAL EVENT - GLOBAL TIME: 2 - LOGICAL CLOCK TIME: 11
RECEIVED: 'Machine 3 has logical clock time 13' - GLOBAL TIME: 2 - LOGICAL CLOCK TIME: 14 - MESSAGE QUEUE LEN: 0
SENT(rand=1): 'Machine 4 has logical clock time 15' TO MACHINE #2 - GLOBAL TIME: 2 - LOGICAL CLOCK TIME: 15
INTERNAL EVENT - GLOBAL TIME: 2 - LOGICAL CLOCK TIME: 16
INTERNAL EVENT - GLOBAL TIME: 2 - LOGICAL CLOCK TIME: 17
INTERNAL EVENT - GLOBAL TIME: 3 - LOGICAL CLOCK TIME: 18
SENT(rand=3): 'Machine 4 has logical clock time 19' TO MACHINE #2 and #0 - GLOBAL TIME: 3 - LOGICAL CLOCK TIME: 19
RECEIVED: 'Machine 3 has logical clock time 16' - GLOBAL TIME: 3 - LOGICAL CLOCK TIME: 20 - MESSAGE QUEUE LEN: 0
RECEIVED: 'Machine 3 has logical clock time 17' - GLOBAL TIME: 3 - LOGICAL CLOCK TIME: 21 - MESSAGE QUEUE LEN: 0
INTERNAL EVENT - GLOBAL TIME: 3 - LOGICAL CLOCK TIME: 22
INTERNAL EVENT - GLOBAL TIME: 4 - LOGICAL CLOCK TIME: 23
SENT(rand=3): 'Machine 4 has logical clock time 24' TO MACHINE #2 and #0 - GLOBAL TIME: 4 - LOGICAL CLOCK TIME: 24
SENT(rand=2): 'Machine 4 has logical clock time 25' TO MACHINE #0 - GLOBAL TIME: 4 - LOGICAL CLOCK TIME: 25
SENT(rand=3): 'Machine 4 has logical clock time 26' TO MACHINE #2 and #0 - GLOBAL TIME: 4 - LOGICAL CLOCK TIME: 26
INTERNAL EVENT - GLOBAL TIME: 4 - LOGICAL CLOCK TIME: 27
INTERNAL EVENT - GLOBAL TIME: 5 - LOGICAL CLOCK TIME: 28
INTERNAL EVENT - GLOBAL TIME: 5 - LOGICAL CLOCK TIME: 29
INTERNAL EVENT - GLOBAL TIME: 5 - LOGICAL CLOCK TIME: 30
INTERNAL EVENT - GLOBAL TIME: 5 - LOGICAL CLOCK TIME: 31
INTERNAL EVENT - GLOBAL TIME: 5 - LOGICAL CLOCK TIME: 32
SENT(rand=1): 'Machine 4 has logical clock time 33' TO MACHINE #2 - GLOBAL TIME: 6 - LOGICAL CLOCK TIME: 33
INTERNAL EVENT - GLOBAL TIME: 6 - LOGICAL CLOCK TIME: 34
INTERNAL EVENT - GLOBAL TIME: 6 - LOGICAL CLOCK TIME: 35
INTERNAL EVENT - GLOBAL TIME: 6 - LOGICAL CLOCK TIME: 36
INTERNAL EVENT - GLOBAL TIME: 6 - LOGICAL CLOCK TIME: 37
INTERNAL EVENT - GLOBAL TIME: 7 - LOGICAL CLOCK TIME: 38
SENT(rand=1): 'Machine 4 has logical clock time 39' TO MACHINE #2 - GLOBAL TIME: 7 - LOGICAL CLOCK TIME: 39
SENT(rand=3): 'Machine 4 has logical clock time 40' TO MACHINE #2 and #0 - GLOBAL TIME: 7 - LOGICAL CLOCK TIME: 40
RECEIVED: 'Machine 3 has logical clock time 34' - GLOBAL TIME: 7 - LOGICAL CLOCK TIME: 41 - MESSAGE QUEUE LEN: 0
INTERNAL EVENT - GLOBAL TIME: 7 - LOGICAL CLOCK TIME: 42
RECEIVED: 'Machine 3 has logical clock time 35' - GLOBAL TIME: 8 - LOGICAL CLOCK TIME: 43 - MESSAGE QUEUE LEN: 0
INTERNAL EVENT - GLOBAL TIME: 8 - LOGICAL CLOCK TIME: 44
INTERNAL EVENT - GLOBAL TIME: 8 - LOGICAL CLOCK TIME: 45
INTERNAL EVENT - GLOBAL TIME: 8 - LOGICAL CLOCK TIME: 46
INTERNAL EVENT - GLOBAL TIME: 8 - LOGICAL CLOCK TIME: 47
RECEIVED: 'Machine 3 has logical clock time 42' - GLOBAL TIME: 9 - LOGICAL CLOCK TIME: 48 - MESSAGE QUEUE LEN: 0
INTERNAL EVENT - GLOBAL TIME: 9 - LOGICAL CLOCK TIME: 49
SENT(rand=1): 'Machine 4 has logical clock time 50' TO MACHINE #2 - GLOBAL TIME: 9 - LOGICAL CLOCK TIME: 50
SENT(rand=3): 'Machine 4 has logical clock time 51' TO MACHINE #2 and #0 - GLOBAL TIME: 9 - LOGICAL CLOCK TIME: 51
SENT(rand=1): 'Machine 4 has logical clock time 52' TO MACHINE #2 - GLOBAL TIME: 9 - LOGICAL CLOCK TIME: 52
RECEIVED: 'Machine 3 has logical clock time 54' - GLOBAL TIME: 10 - LOGICAL CLOCK TIME: 55 - MESSAGE QUEUE LEN: 0
INTERNAL EVENT - GLOBAL TIME: 10 - LOGICAL CLOCK TIME: 56
SENT(rand=1): 'Machine 4 has logical clock time 57' TO MACHINE #2 - GLOBAL TIME: 10 - LOGICAL CLOCK TIME: 57
SENT(rand=2): 'Machine 4 has logical clock time 58' TO MACHINE #0 - GLOBAL TIME: 10 - LOGICAL CLOCK TIME: 58
SENT(rand=2): 'Machine 4 has logical clock time 59' TO MACHINE #0 - GLOBAL TIME: 10 - LOGICAL CLOCK TIME: 59
SENT(rand=3): 'Machine 4 has logical clock time 60' TO MACHINE #2 and #0 - GLOBAL TIME: 11 - LOGICAL CLOCK TIME: 60
INTERNAL EVENT - GLOBAL TIME: 11 - LOGICAL CLOCK TIME: 61
INTERNAL EVENT - GLOBAL TIME: 11 - LOGICAL CLOCK TIME: 62
SENT(rand=3): 'Machine 4 has logical clock time 63' TO MACHINE #2 and #0 - GLOBAL TIME: 11 - LOGICAL CLOCK TIME: 63
INTERNAL EVENT - GLOBAL TIME: 11 - LOGICAL CLOCK TIME: 64
