Machine 6 has clock cycle 2
----------------------- Machine 6 is starting its 3th run of 12 seconds -----------------------
Machine 6 has clock cycle 2
SENT(rand=1): 'Machine 6 has logical clock time 1' TO MACHINE #1 - GLOBAL TIME: 0 - LOGICAL CLOCK TIME: 1
INTERNAL EVENT - GLOBAL TIME: 0 - LOGICAL CLOCK TIME: 2
SENT(rand=3): 'Machine 6 has logical clock time 3' TO MACHINE #1 and #2 - GLOBAL TIME: 1 - LOGICAL CLOCK TIME: 3
RECEIVED: 'Machine 8 has logical clock time 10' - GLOBAL TIME: 1 - LOGICAL CLOCK TIME: 11 - MESSAGE QUEUE LEN: 0
INTERNAL EVENT - GLOBAL TIME: 2 - LOGICAL CLOCK TIME: 12
INTERNAL EVENT - GLOBAL TIME: 2 - LOGICAL CLOCK TIME: 13
RECEIVED: 'Machine 8 has logical clock time 12' - GLOBAL TIME: 3 - LOGICAL CLOCK TIME: 14 - MESSAGE QUEUE LEN: 1
RECEIVED: 'Machine 8 has logical clock time 17' - GLOBAL TIME: 3 - LOGICAL CLOCK TIME: 18 - MESSAGE QUEUE LEN: 0
RECEIVED: 'Machine 8 has logical clock time 23' - GLOBAL TIME: 4 - LOGICAL CLOCK TIME: 24 - MESSAGE QUEUE LEN: 0
SENT(rand=1): 'Machine 6 has logical clock time 25' TO MACHINE #1 - GLOBAL TIME: 4 - LOGICAL CLOCK TIME: 25
INTERNAL EVENT - GLOBAL TIME: 5 - LOGICAL CLOCK TIME: 26
INTERNAL EVENT - GLOBAL TIME: 5 - LOGICAL CLOCK TIME: 27
SENT(rand=1): 'Machine 6 has logical clock time 28' TO MACHINE #1 - GLOBAL TIME: 6 - LOGICAL CLOCK TIME: 28
SENT(rand=1): 'Machine 6 has logical clock time 29' TO MACHINE #1 - GLOBAL TIME: 6 - LOGICAL CLOCK TIME: 29
RECEIVED: 'Machine 8 has logical clock time 36' - GLOBAL TIME: 7 - LOGICAL CLOCK TIME: 37 - MESSAGE QUEUE LEN: 0
INTERNAL EVENT - GLOBAL TIME: 7 - LOGICAL CLOCK TIME: 38
RECEIVED: 'Machine 8 has logical clock time 41' - GLOBAL TIME: 8 - LOGICAL CLOCK TIME: 42 - MESSAGE QUEUE LEN: 2
RECEIVED: 'Machine 8 has logical clock time 44' - GLOBAL TIME: 8 - LOGICAL CLOCK TIME: 45 - MESSAGE QUEUE LEN: 1
RECEIVED: 'Machine 8 has logical clock time 45' - GLOBAL TIME: 9 - LOGICAL CLOCK TIME: 46 - MESSAGE QUEUE LEN: 2
RECEIVED: 'Machine 8 has logical clock time 46' - GLOBAL TIME: 9 - LOGICAL CLOCK TIME: 47 - MESSAGE QUEUE LEN: 1
RECEIVED: 'Machine 8 has logical clock time 48' - GLOBAL TIME: 10 - LOGICAL CLOCK TIME: 49 - MESSAGE QUEUE LEN: 2
RECEIVED: 'Machine 7 has logical clock time 50' - GLOBAL TIME: 10 - LOGICAL CLOCK TIME: 51 - MESSAGE QUEUE LEN: 1
RECEIVED: 'Machine 8 has logical clock time 52' - GLOBAL TIME: 11 - LOGICAL CLOCK TIME: 53 - MESSAGE QUEUE LEN: 0
INTERNAL EVENT - GLOBAL TIME: 11 - LOGICAL CLOCK TIME: 54
