Machine 8 has clock cycle 5
----------------------- Machine 8 is starting its 3th run of 12 seconds -----------------------
Machine 8 has clock cycle 5
INTERNAL EVENT - GLOBAL TIME: 0 - LOGICAL CLOCK TIME: 1
INTERNAL EVENT - GLOBAL TIME: 0 - LOGICAL CLOCK TIME: 2
INTERNAL EVENT - GLOBAL TIME: 0 - LOGICAL CLOCK TIME: 3
SENT(rand=2): 'Machine 8 has logical clock time 4' TO MACHINE #1 - GLOBAL TIME: 0 - LOGICAL CLOCK TIME: 4
SENT(rand=2): 'Machine 8 has logical clock time 5' TO MACHINE #1 - GLOBAL TIME: 0 - LOGICAL CLOCK TIME: 5
INTERNAL EVENT - GLOBAL TIME: 1 - LOGICAL CLOCK TIME: 6
INTERNAL EVENT - GLOBAL TIME: 1 - LOGICAL CLOCK TIME: 7
INTERNAL EVENT - GLOBAL TIME: 1 - LOGICAL CLOCK TIME: 8
INTERNAL EVENT - GLOBAL TIME: 1 - LOGICAL CLOCK TIME: 9
SENT(rand=3): 'Machine 8 has logical clock time 10' TO MACHINE #0 and #1 - GLOBAL TIME: 1 - LOGICAL CLOCK TIME: 10
RECEIVED: 'Machine 6 has logical clock time 3' - GLOBAL TIME: 2 - LOGICAL CLOCK TIME: 11 - MESSAGE QUEUE LEN: 0
SENT(rand=3): 'Machine 8 has logical clock time 12' TO MACHINE #0 and #1 - GLOBAL TIME: 2 - LOGICAL CLOCK TIME: 12
INTERNAL EVENT - GLOBAL TIME: 2 - LOGICAL CLOCK TIME: 13
SENT(rand=2): 'Machine 8 has logical clock time 14' TO MACHINE #1 - GLOBAL TIME: 2 - LOGICAL CLOCK TIME: 14
INTERNAL EVENT - GLOBAL TIME: 2 - LOGICAL CLOCK TIME: 15
INTERNAL EVENT - GLOBAL TIME: 3 - LOGICAL CLOCK TIME: 16
SENT(rand=3): 'Machine 8 has logical clock time 17' TO MACHINE #0 and #1 - GLOBAL TIME: 3 - LOGICAL CLOCK TIME: 17
INTERNAL EVENT - GLOBAL TIME: 3 - LOGICAL CLOCK TIME: 18
INTERNAL EVENT - GLOBAL TIME: 3 - LOGICAL CLOCK TIME: 19
INTERNAL EVENT - GLOBAL TIME: 3 - LOGICAL CLOCK TIME: 20
SENT(rand=2): 'Machine 8 has logical clock time 21' TO MACHINE #1 - GLOBAL TIME: 4 - LOGICAL CLOCK TIME: 21
SENT(rand=2): 'Machine 8 has logical clock time 22' TO MACHINE #1 - GLOBAL TIME: 4 - LOGICAL CLOCK TIME: 22
SENT(rand=3): 'Machine 8 has logical clock time 23' TO MACHINE #0 and #1 - GLOBAL TIME: 4 - LOGICAL CLOCK TIME: 23
INTERNAL EVENT - GLOBAL TIME: 4 - LOGICAL CLOCK TIME: 24
INTERNAL EVENT - GLOBAL TIME: 4 - LOGICAL CLOCK TIME: 25
INTERNAL EVENT - GLOBAL TIME: 5 - LOGICAL CLOCK TIME: 26
INTERNAL EVENT - GLOBAL TIME: 5 - LOGICAL CLOCK TIME: 27
INTERNAL EVENT - GLOBAL TIME: 5 - LOGICAL CLOCK TIME: 28
INTERNAL EVENT - GLOBAL TIME: 5 - LOGICAL CLOCK TIME: 29
INTERNAL EVENT - GLOBAL TIME: 5 - LOGICAL CLOCK TIME: 30
INTERNAL EVENT - GLOBAL TIME: 6 - LOGICAL CLOCK TIME: 31
INTERNAL EVENT - GLOBAL TIME: 6 - LOGICAL CLOCK TIME: 32
SENT(rand=2): 'Machine 8 has logical clock time 33' TO MACHINE #1 - GLOBAL TIME: 6 - LOGICAL CLOCK TIME: 33
INTERNAL EVENT - GLOBAL TIME: 6 - LOGICAL CLOCK TIME: 34
INTERNAL EVENT - GLOBAL TIME: 6 - LOGICAL CLOCK TIME: 35
SENT(rand=3): 'Machine 8 has logical clock time 36' TO MACHINE #0 and #1 - GLOBAL TIME: 7 - LOGICAL CLOCK TIME: 36
INTERNAL EVENT - GLOBAL TIME: 7 - LOGICAL CLOCK TIME: 37
INTERNAL EVENT - GLOBAL TIME: 7 - LOGICAL CLOCK TIME: 38
INTERNAL EVENT - GLOBAL TIME: 7 - LOGICAL CLOCK TIME: 39
INTERNAL EVENT - GLOBAL TIME: 7 - LOGICAL CLOCK TIME: 40
SENT(rand=1): 'Machine 8 has logical clock time 41' TO MACHINE #0 - GLOBAL TIME: 8 - LOGICAL CLOCK TIME: 41
INTERNAL EVENT - GLOBAL TIME: 8 - LOGICAL CLOCK TIME: 42
INTERNAL EVENT - GLOBAL TIME: 8 - LOGICAL CLOCK TIME: 43
SENT(rand=1): 'Machine 8 has logical clock time 44' TO MACHINE #0 - GLOBAL TIME: 8 - LOGICAL CLOCK TIME: 44
SENT(rand=1): 'Machine 8 has logical clock time 45' TO MACHINE #0 - GLOBAL TIME: 8 - LOGICAL CLOCK TIME: 45
SENT(rand=1): 'Machine 8 has logical clock time 46' TO MACHINE #0 - GLOBAL TIME: 9 - LOGICAL CLOCK TIME: 46
INTERNAL EVENT - GLOBAL TIME: 9 - LOGICAL CLOCK TIME: 47
SENT(rand=3): 'Machine 8 has logical clock time 48' TO MACHINE #0 and #1 - GLOBAL TIME: 9 - LOGICAL CLOCK TIME: 48
INTERNAL EVENT - GLOBAL TIME: 9 - LOGICAL CLOCK TIME: 49
INTERNAL EVENT - GLOBAL TIME: 9 - LOGICAL CLOCK TIME: 50
INTERNAL EVENT - GLOBAL TIME: 10 - LOGICAL CLOCK TIME: 51
SENT(rand=3): 'Machine 8 has logical clock time 52' TO MACHINE #0 and #1 - GLOBAL TIME: 10 - LOGICAL CLOCK TIME: 52
INTERNAL EVENT - GLOBAL TIME: 10 - LOGICAL CLOCK TIME: 53
INTERNAL EVENT - GLOBAL TIME: 10 - LOGICAL CLOCK TIME: 54
INTERNAL EVENT - GLOBAL TIME: 10 - LOGICAL CLOCK TIME: 55
INTERNAL EVENT - GLOBAL TIME: 11 - LOGICAL CLOCK TIME: 56
INTERNAL EVENT - GLOBAL TIME: 11 - LOGICAL CLOCK TIME: 57
SENT(rand=2): 'Machine 8 has logical clock time 58' TO MACHINE #1 - GLOBAL TIME: 11 - LOGICAL CLOCK TIME: 58
INTERNAL EVENT - GLOBAL TIME: 11 - LOGICAL CLOCK TIME: 59
INTERNAL EVENT - GLOBAL TIME: 11 - LOGICAL CLOCK TIME: 60
