Machine 9 has clock cycle 5
----------------------- Machine 9 is starting its 4th run of 12 seconds -----------------------
Machine 9 has clock cycle 5
INTERNAL EVENT - GLOBAL TIME: 0 - LOGICAL CLOCK TIME: 1
INTERNAL EVENT - GLOBAL TIME: 0 - LOGICAL CLOCK TIME: 2
INTERNAL EVENT - GLOBAL TIME: 0 - LOGICAL CLOCK TIME: 3
INTERNAL EVENT - GLOBAL TIME: 0 - LOGICAL CLOCK TIME: 4
INTERNAL EVENT - GLOBAL TIME: 0 - LOGICAL CLOCK TIME: 5
RECEIVED: 'Machine 10 has logical clock time 1' - GLOBAL TIME: 1 - LOGICAL CLOCK TIME: 6 - MESSAGE QUEUE LEN: 2
RECEIVED: 'Machine 11 has logical clock time 3' - GLOBAL TIME: 1 - LOGICAL CLOCK TIME: 7 - MESSAGE QUEUE LEN: 1
RECEIVED: 'Machine 10 has logical clock time 3' - GLOBAL TIME: 1 - LOGICAL CLOCK TIME: 8 - MESSAGE QUEUE LEN: 0
SENT(rand=2): 'Machine 9 has logical clock time 9' TO MACHINE #2 - GLOBAL TIME: 1 - LOGICAL CLOCK TIME: 9
SENT(rand=3): 'Machine 9 has logical clock time 10' TO MACHINE #1 and #2 - GLOBAL TIME: 1 - LOGICAL CLOCK TIME: 10
SENT(rand=3): 'Machine 9 has logical clock time 11' TO MACHINE #1 and #2 - GLOBAL TIME: 2 - LOGICAL CLOCK TIME: 11
RECEIVED: 'Machine 10 has logical clock time 12' - GLOBAL TIME: 2 - LOGICAL CLOCK TIME: 13 - MESSAGE QUEUE LEN: 0
INTERNAL EVENT - GLOBAL TIME: 2 - LOGICAL CLOCK TIME: 14
SENT(rand=2): 'Machine 9 has logical clock time 15' TO MACHINE #2 - GLOBAL TIME: 2 - LOGICAL CLOCK TIME: 15
INTERNAL EVENT - GLOBAL TIME: 2 - LOGICAL CLOCK TIME: 16
INTERNAL EVENT - GLOBAL TIME: 3 - LOGICAL CLOCK TIME: 17
INTERNAL EVENT - GLOBAL TIME: 3 - LOGICAL CLOCK TIME: 18
SENT(rand=1): 'Machine 9 has logical clock time 19' TO MACHINE #1 - GLOBAL TIME: 3 - LOGICAL CLOCK TIME: 19
INTERNAL EVENT - GLOBAL TIME: 3 - LOGICAL CLOCK TIME: 20
INTERNAL EVENT - GLOBAL TIME: 3 - LOGICAL CLOCK TIME: 21
RECEIVED: 'Machine 10 has logical clock time 15' - GLOBAL TIME: 4 - LOGICAL CLOCK TIME: 22 - MESSAGE QUEUE LEN: 1
RECEIVED: 'Machine 11 has logical clock time 19' - GLOBAL TIME: 4 - LOGICAL CLOCK TIME: 23 - MESSAGE QUEUE LEN: 0
INTERNAL EVENT - GLOBAL TIME: 4 - LOGICAL CLOCK TIME: 24
INTERNAL EVENT - GLOBAL TIME: 4 - LOGICAL CLOCK TIME: 25
INTERNAL EVENT - GLOBAL TIME: 4 - LOGICAL CLOCK TIME: 26
RECEIVED: 'Machine 10 has logical clock time 21' - GLOBAL TIME: 5 - LOGICAL CLOCK TIME: 27 - MESSAGE QUEUE LEN: 0
SENT(rand=1): 'Machine 9 has logical clock time 28' TO MACHINE #1 - GLOBAL TIME: 5 - LOGICAL CLOCK TIME: 28
INTERNAL EVENT - GLOBAL TIME: 5 - LOGICAL CLOCK TIME: 29
SENT(rand=3): 'Machine 9 has logical clock time 30' TO MACHINE #1 and #2 - GLOBAL TIME: 5 - LOGICAL CLOCK TIME: 30
INTERNAL EVENT - GLOBAL TIME: 5 - LOGICAL CLOCK TIME: 31
INTERNAL EVENT - GLOBAL TIME: 6 - LOGICAL CLOCK TIME: 32
INTERNAL EVENT - GLOBAL TIME: 6 - LOGICAL CLOCK TIME: 33
INTERNAL EVENT - GLOBAL TIME: 6 - LOGICAL CLOCK TIME: 34
SENT(rand=3): 'Machine 9 has logical clock time 35' TO MACHINE #1 and #2 - GLOBAL TIME: 6 - LOGICAL CLOCK TIME: 35
SENT(rand=3): 'Machine 9 has logical clock time 36' TO MACHINE #1 and #2 - GLOBAL TIME: 6 - LOGICAL CLOCK TIME: 36
RECEIVED: 'Machine 10 has logical clock time 38' - GLOBAL TIME: 7 - LOGICAL CLOCK TIME: 39 - MESSAGE QUEUE LEN: 0
SENT(rand=3): 'Machine 9 has logical clock time 40' TO MACHINE #1 and #2 - GLOBAL TIME: 7 - LOGICAL CLOCK TIME: 40
SENT(rand=2): 'Machine 9 has logical clock time 41' TO MACHINE #2 - GLOBAL TIME: 7 - LOGICAL CLOCK TIME: 41
SENT(rand=3): 'Machine 9 has logical clock time 42' TO MACHINE #1 and #2 - GLOBAL TIME: 7 - LOGICAL CLOCK TIME: 42
INTERNAL EVENT - GLOBAL TIME: 7 - LOGICAL CLOCK TIME: 43
SENT(rand=2): 'Machine 9 has logical clock time 44' TO MACHINE #2 - GLOBAL TIME: 8 - LOGICAL CLOCK TIME: 44
INTERNAL EVENT - GLOBAL TIME: 8 - LOGICAL CLOCK TIME: 45
SENT(rand=1): 'Machine 9 has logical clock time 46' TO MACHINE #1 - GLOBAL TIME: 8 - LOGICAL CLOCK TIME: 46
INTERNAL EVENT - GLOBAL TIME: 8 - LOGICAL CLOCK TIME: 47
INTERNAL EVENT - GLOBAL TIME: 8 - LOGICAL CLOCK TIME: 48
INTERNAL EVENT - GLOBAL TIME: 9 - LOGICAL CLOCK TIME: 49
INTERNAL EVENT - GLOBAL TIME: 9 - LOGICAL CLOCK TIME: 50
SENT(rand=3): 'Machine 9 has logical clock time 51' TO MACHINE #1 and #2 - GLOBAL TIME: 9 - LOGICAL CLOCK TIME: 51
INTERNAL EVENT - GLOBAL TIME: 9 - LOGICAL CLOCK TIME: 52
INTERNAL EVENT - GLOBAL TIME: 9 - LOGICAL CLOCK TIME: 53
SENT(rand=2): 'Machine 9 has logical clock time 54' TO MACHINE #2 - GLOBAL TIME: 10 - LOGICAL CLOCK TIME: 54
SENT(rand=1): 'Machine 9 has logical clock time 55' TO MACHINE #1 - GLOBAL TIME: 10 - LOGICAL CLOCK TIME: 55
INTERNAL EVENT - GLOBAL TIME: 10 - LOGICAL CLOCK TIME: 56
INTERNAL EVENT - GLOBAL TIME: 10 - LOGICAL CLOCK TIME: 57
SENT(rand=2): 'Machine 9 has logical clock time 58' TO MACHINE #2 - GLOBAL TIME: 10 - LOGICAL CLOCK TIME: 58
INTERNAL EVENT - GLOBAL TIME: 11 - LOGICAL CLOCK TIME: 59
SENT(rand=2): 'Machine 9 has logical clock time 60' TO MACHINE #2 - GLOBAL TIME: 11 - LOGICAL CLOCK TIME: 60
INTERNAL EVENT - GLOBAL TIME: 11 - LOGICAL CLOCK TIME: 61
INTERNAL EVENT - GLOBAL TIME: 11 - LOGICAL CLOCK TIME: 62
INTERNAL EVENT - GLOBAL TIME: 11 - LOGICAL CLOCK TIME: 63
