Machine 11 has clock cycle 3
----------------------- Machine 11 is starting its 4th run of 12 seconds -----------------------
Machine 11 has clock cycle 3
INTERNAL EVENT - GLOBAL TIME: 0 - LOGICAL CLOCK TIME: 1
INTERNAL EVENT - GLOBAL TIME: 0 - LOGICAL CLOCK TIME: 2
SENT(rand=1): 'Machine 11 has logical clock time 3' TO MACHINE #0 - GLOBAL TIME: 0 - LOGICAL CLOCK TIME: 3
RECEIVED: 'Machine 10 has logical clock time 5' - GLOBAL TIME: 1 - LOGICAL CLOCK TIME: 6 - MESSAGE QUEUE LEN: 2
RECEIVED: 'Machine 9 has logical clock time 9' - GLOBAL TIME: 1 - LOGICAL CLOCK TIME: 10 - MESSAGE QUEUE LEN: 1
RECEIVED: 'Machine 9 has logical clock time 10' - GLOBAL TIME: 1 - LOGICAL CLOCK TIME: 11 - MESSAGE QUEUE LEN: 0
RECEIVED: 'Machine 9 has logical clock time 11' - GLOBAL TIME: 2 - LOGICAL CLOCK TIME: 12 - MESSAGE QUEUE LEN: 1
RECEIVED: 'Machine 9 has logical clock time 15' - GLOBAL TIME: 2 - LOGICAL CLOCK TIME: 16 - MESSAGE QUEUE LEN: 0
INTERNAL EVENT - GLOBAL TIME: 2 - LOGICAL CLOCK TIME: 17
INTERNAL EVENT - GLOBAL TIME: 3 - LOGICAL CLOCK TIME: 18
SENT(rand=1): 'Machine 11 has logical clock time 19' TO MACHINE #0 - GLOBAL TIME: 3 - LOGICAL CLOCK TIME: 19
INTERNAL EVENT - GLOBAL TIME: 3 - LOGICAL CLOCK TIME: 20
RECEIVED: 'Machine 10 has logical clock time 21' - GLOBAL TIME: 4 - LOGICAL CLOCK TIME: 22 - MESSAGE QUEUE LEN: 0
INTERNAL EVENT - GLOBAL TIME: 4 - LOGICAL CLOCK TIME: 23
INTERNAL EVENT - GLOBAL TIME: 4 - LOGICAL CLOCK TIME: 24
RECEIVED: 'Machine 9 has logical clock time 30' - GLOBAL TIME: 5 - LOGICAL CLOCK TIME: 31 - MESSAGE QUEUE LEN: 0
INTERNAL EVENT - GLOBAL TIME: 5 - LOGICAL CLOCK TIME: 32
INTERNAL EVENT - GLOBAL TIME: 5 - LOGICAL CLOCK TIME: 33
RECEIVED: 'Machine 9 has logical clock time 35' - GLOBAL TIME: 6 - LOGICAL CLOCK TIME: 36 - MESSAGE QUEUE LEN: 2
RECEIVED: 'Machine 9 has logical clock time 36' - GLOBAL TIME: 6 - LOGICAL CLOCK TIME: 37 - MESSAGE QUEUE LEN: 1
RECEIVED: 'Machine 10 has logical clock time 38' - GLOBAL TIME: 6 - LOGICAL CLOCK TIME: 39 - MESSAGE QUEUE LEN: 0
RECEIVED: 'Machine 9 has logical clock time 40' - GLOBAL TIME: 7 - LOGICAL CLOCK TIME: 41 - MESSAGE QUEUE LEN: 2
RECEIVED: 'Machine 9 has logical clock time 41' - GLOBAL TIME: 7 - LOGICAL CLOCK TIME: 42 - MESSAGE QUEUE LEN: 1
RECEIVED: 'Machine 9 has logical clock time 42' - GLOBAL TIME: 7 - LOGICAL CLOCK TIME: 43 - MESSAGE QUEUE LEN: 0
RECEIVED: 'Machine 9 has logical clock time 44' - GLOBAL TIME: 8 - LOGICAL CLOCK TIME: 45 - MESSAGE QUEUE LEN: 1
RECEIVED: 'Machine 10 has logical clock time 49' - GLOBAL TIME: 8 - LOGICAL CLOCK TIME: 50 - MESSAGE QUEUE LEN: 0
INTERNAL EVENT - GLOBAL TIME: 8 - LOGICAL CLOCK TIME: 51
RECEIVED: 'Machine 9 has logical clock time 51' - GLOBAL TIME: 9 - LOGICAL CLOCK TIME: 52 - MESSAGE QUEUE LEN: 1
RECEIVED: 'Machine 10 has logical clock time 53' - GLOBAL TIME: 9 - LOGICAL CLOCK TIME: 54 - MESSAGE QUEUE LEN: 0
INTERNAL EVENT - GLOBAL TIME: 9 - LOGICAL CLOCK TIME: 55
RECEIVED: 'Machine 9 has logical clock time 54' - GLOBAL TIME: 10 - LOGICAL CLOCK TIME: 56 - MESSAGE QUEUE LEN: 2
RECEIVED: 'Machine 9 has logical clock time 58' - GLOBAL TIME: 10 - LOGICAL CLOCK TIME: 59 - MESSAGE QUEUE LEN: 1
RECEIVED: 'Machine 10 has logical clock time 57' - GLOBAL TIME: 10 - LOGICAL CLOCK TIME: 60 - MESSAGE QUEUE LEN: 0
RECEIVED: 'Machine 9 has logical clock time 60' - GLOBAL TIME: 11 - LOGICAL CLOCK TIME: 61 - MESSAGE QUEUE LEN: 2
RECEIVED: 'Machine 10 has logical clock time 59' - GLOBAL TIME: 11 - LOGICAL CLOCK TIME: 62 - MESSAGE QUEUE LEN: 1
RECEIVED: 'Machine 10 has logical clock time 61' - GLOBAL TIME: 11 - LOGICAL CLOCK TIME: 63 - MESSAGE QUEUE LEN: 0
