Machine 14 has clock cycle 5
----------------------- Machine 14 is starting its 5th run of 12 seconds -----------------------
Machine 14 has clock cycle 5
SENT(rand=2): 'Machine 14 has logical clock time 1' TO MACHINE #1 - GLOBAL TIME: 0 - LOGICAL CLOCK TIME: 1
RECEIVED: 'Machine 13 has logical clock time 1' - GLOBAL TIME: 0 - LOGICAL CLOCK TIME: 2 - MESSAGE QUEUE LEN: 0
INTERNAL EVENT - GLOBAL TIME: 0 - LOGICAL CLOCK TIME: 3
INTERNAL EVENT - GLOBAL TIME: 0 - LOGICAL CLOCK TIME: 4
INTERNAL EVENT - GLOBAL TIME: 0 - LOGICAL CLOCK TIME: 5
INTERNAL EVENT - GLOBAL TIME: 1 - LOGICAL CLOCK TIME: 6
INTERNAL EVENT - GLOBAL TIME: 1 - LOGICAL CLOCK TIME: 7
INTERNAL EVENT - GLOBAL TIME: 1 - LOGICAL CLOCK TIME: 8
INTERNAL EVENT - GLOBAL TIME: 1 - LOGICAL CLOCK TIME: 9
INTERNAL EVENT - GLOBAL TIME: 1 - LOGICAL CLOCK TIME: 10
INTERNAL EVENT - GLOBAL TIME: 2 - LOGICAL CLOCK TIME: 11
INTERNAL EVENT - GLOBAL TIME: 2 - LOGICAL CLOCK TIME: 12
SENT(rand=3): 'Machine 14 has logical clock time 13' TO MACHINE #0 and #1 - GLOBAL TIME: 2 - LOGICAL CLOCK TIME: 13
INTERNAL EVENT - GLOBAL TIME: 2 - LOGICAL CLOCK TIME: 14
SENT(rand=2): 'Machine 14 has logical clock time 15' TO MACHINE #1 - GLOBAL TIME: 2 - LOGICAL CLOCK TIME: 15
INTERNAL EVENT - GLOBAL TIME: 3 - LOGICAL CLOCK TIME: 16
INTERNAL EVENT - GLOBAL TIME: 3 - LOGICAL CLOCK TIME: 17
INTERNAL EVENT - GLOBAL TIME: 3 - LOGICAL CLOCK TIME: 18
INTERNAL EVENT - GLOBAL TIME: 3 - LOGICAL CLOCK TIME: 19
INTERNAL EVENT - GLOBAL TIME: 3 - LOGICAL CLOCK TIME: 20
RECEIVED: 'Machine 12 has logical clock time 15' - GLOBAL TIME: 4 - LOGICAL CLOCK TIME: 21 - MESSAGE QUEUE LEN: 0
INTERNAL EVENT - GLOBAL TIME: 4 - LOGICAL CLOCK TIME: 22
SENT(rand=2): 'Machine 14 has logical clock time 23' TO MACHINE #1 - GLOBAL TIME: 4 - LOGICAL CLOCK TIME: 23
INTERNAL EVENT - GLOBAL TIME: 4 - LOGICAL CLOCK TIME: 24
SENT(rand=1): 'Machine 14 has logical clock time 25' TO MACHINE #0 - GLOBAL TIME: 4 - LOGICAL CLOCK TIME: 25
SENT(rand=3): 'Machine 14 has logical clock time 26' TO MACHINE #0 and #1 - GLOBAL TIME: 5 - LOGICAL CLOCK TIME: 26
SENT(rand=2): 'Machine 14 has logical clock time 27' TO MACHINE #1 - GLOBAL TIME: 5 - LOGICAL CLOCK TIME: 27
SENT(rand=2): 'Machine 14 has logical clock time 28' TO MACHINE #1 - GLOBAL TIME: 5 - LOGICAL CLOCK TIME: 28
INTERNAL EVENT - GLOBAL TIME: 5 - LOGICAL CLOCK TIME: 29
INTERNAL EVENT - GLOBAL TIME: 5 - LOGICAL CLOCK TIME: 30
INTERNAL EVENT - GLOBAL TIME: 6 - LOGICAL CLOCK TIME: 31
INTERNAL EVENT - GLOBAL TIME: 6 - LOGICAL CLOCK TIME: 32
SENT(rand=2): 'Machine 14 has logical clock time 33' TO MACHINE #1 - GLOBAL TIME: 6 - LOGICAL CLOCK TIME: 33
SENT(rand=3): 'Machine 14 has logical clock time 34' TO MACHINE #0 and #1 - GLOBAL TIME: 6 - LOGICAL CLOCK TIME: 34
SENT(rand=3): 'Machine 14 has logical clock time 35' TO MACHINE #0 and #1 - GLOBAL TIME: 6 - LOGICAL CLOCK TIME: 35
INTERNAL EVENT - GLOBAL TIME: 7 - LOGICAL CLOCK TIME: 36
INTERNAL EVENT - GLOBAL TIME: 7 - LOGICAL CLOCK TIME: 37
INTERNAL EVENT - GLOBAL TIME: 7 - LOGICAL CLOCK TIME: 38
INTERNAL EVENT - GLOBAL TIME: 7 - LOGICAL CLOCK TIME: 39
INTERNAL EVENT - GLOBAL TIME: 7 - LOGICAL CLOCK TIME: 40
INTERNAL EVENT - GLOBAL TIME: 8 - LOGICAL CLOCK TIME: 41
SENT(rand=3): 'Machine 14 has logical clock time 42' TO MACHINE #0 and #1 - GLOBAL TIME: 8 - LOGICAL CLOCK TIME: 42
SENT(rand=2): 'Machine 14 has logical clock time 43' TO MACHINE #1 - GLOBAL TIME: 8 - LOGICAL CLOCK TIME: 43
INTERNAL EVENT - GLOBAL TIME: 8 - LOGICAL CLOCK TIME: 44
INTERNAL EVENT - GLOBAL TIME: 8 - LOGICAL CLOCK TIME: 45
SENT(rand=1): 'Machine 14 has logical clock time 46' TO MACHINE #0 - GLOBAL TIME: 9 - LOGICAL CLOCK TIME: 46
INTERNAL EVENT - GLOBAL TIME: 9 - LOGICAL CLOCK TIME: 47
INTERNAL EVENT - GLOBAL TIME: 9 - LOGICAL CLOCK TIME: 48
INTERNAL EVENT - GLOBAL TIME: 9 - LOGICAL CLOCK TIME: 49
SENT(rand=1): 'Machine 14 has logical clock time 50' TO MACHINE #0 - GLOBAL TIME: 9 - LOGICAL CLOCK TIME: 50
INTERNAL EVENT - GLOBAL TIME: 10 - LOGICAL CLOCK TIME: 51
SENT(rand=1): 'Machine 14 has logical clock time 52' TO MACHINE #0 - GLOBAL TIME: 10 - LOGICAL CLOCK TIME: 52
INTERNAL EVENT - GLOBAL TIME: 10 - LOGICAL CLOCK TIME: 53
INTERNAL EVENT - GLOBAL TIME: 10 - LOGICAL CLOCK TIME: 54
SENT(rand=2): 'Machine 14 has logical clock time 55' TO MACHINE #1 - GLOBAL TIME: 10 - LOGICAL CLOCK TIME: 55
INTERNAL EVENT - GLOBAL TIME: 11 - LOGICAL CLOCK TIME: 56
INTERNAL EVENT - GLOBAL TIME: 11 - LOGICAL CLOCK TIME: 57
INTERNAL EVENT - GLOBAL TIME: 11 - LOGICAL CLOCK TIME: 58
SENT(rand=2): 'Machine 14 has logical clock time 59' TO MACHINE #1 - GLOBAL TIME: 11 - LOGICAL CLOCK TIME: 59
SENT(rand=3): 'Machine 14 has logical clock time 60' TO MACHINE #0 and #1 - GLOBAL TIME: 11 - LOGICAL CLOCK TIME: 60
